2023-03-13T13:27:25.162756+02:00 |  client ip  | maileva.INFO:  ======================= []
2023-03-13T13:27:25.164083+02:00 |  client ip  | maileva.INFO:  parameters :  []
2023-03-13T13:27:25.164323+02:00 |  client ip  | maileva.INFO:  {"name":"R\u00e9siliation d'un abonnement t\u00e9l\u00e9phonique","custom_id":"01GVDBK2TXQ0A1KGTX8ZX3NVG7","custom_data":"{}","acknowledgement_of_receipt":true,"acknowledgement_of_receipt_scanning":false,"color_printing":true,"duplex_printing":false,"optional_address_sheet":false,"notification_email":"do_not_reply@maileva.com","sender_address_line_1":"fano fanomezana","sender_address_line_2":"fano fanomezana","sender_address_line_3":null,"sender_address_line_4":"10 avenue Charles de Gaulle","sender_address_line_5":"","sender_address_line_6":"75018 paris 18","sender_country_code":"FR","archiving_duration":3} []
2023-03-13T13:27:25.173084+02:00 |  client ip  | maileva.INFO:  ======================= []
2023-03-13T13:27:25.173177+02:00 |  client ip  | maileva.INFO:  connet to MailevaApi ...  :  []
2023-03-13T13:27:25.173232+02:00 |  client ip  | maileva.INFO:  ... []
2023-03-13T13:27:25.173276+02:00 |  client ip  | maileva.INFO:  ======================= []
2023-03-13T13:27:25.173302+02:00 |  client ip  | maileva.INFO:  user infos :  []
2023-03-13T13:27:25.173344+02:00 |  client ip  | maileva.INFO:  annonymous []
2023-03-13T13:27:27.506809+02:00 |  client ip  | maileva.INFO:  ======================= []
2023-03-13T13:27:27.506986+02:00 |  client ip  | maileva.INFO:  response postSending :  []
2023-03-13T13:27:27.507067+02:00 |  client ip  | maileva.INFO:  {"id":"cdb8616f-f246-48cc-9757-71d1cafdb69e","name":"R\u00e9siliation d'un abonnement t\u00e9l\u00e9phonique","status":"DRAFT","acknowledgement_of_receipt":true,"acknowledgement_of_receipt_scanning":false,"creation_date":"2023-03-13T11:27:27.091Z","documents_count":0,"custom_data":"{}","color_printing":true,"duplex_printing":false,"optional_address_sheet":false,"system_address_sheet":true,"notification_email":"do_not_reply@maileva.com","sender_country_code":"FR","archiving_duration":3,"recipients_counts":{"draft":0,"pending":0,"processed":0,"rejected":0,"total":0},"custom_id":"01GVDBK2TXQ0A1KGTX8ZX3NVG7","sender_address_line_1":"fano fanomezana","sender_address_line_2":"fano fanomezana","sender_address_line_4":"10 avenue Charles de Gaulle","sender_address_line_5":"","sender_address_line_6":"75018 paris 18"} []
2023-03-13T13:27:27.507139+02:00 |  client ip  | maileva.NOTICE:  ======================= []
2023-03-13T13:27:27.507200+02:00 |  client ip  | maileva.NOTICE:  ======================= []
2023-03-13T13:27:31.100888+02:00 |  client ip  | maileva.INFO:  ======================= []
2023-03-13T13:27:31.101126+02:00 |  client ip  | maileva.INFO:  parameters envoi :  []
2023-03-13T13:27:31.101235+02:00 |  client ip  | maileva.INFO:  {} []
2023-03-13T13:27:31.101340+02:00 |  client ip  | maileva.INFO:  ======================= []
2023-03-13T13:27:31.101423+02:00 |  client ip  | maileva.INFO:  connet to MailevaApi ...  :  []
2023-03-13T13:27:31.101501+02:00 |  client ip  | maileva.INFO:  ... []
2023-03-13T13:27:31.101579+02:00 |  client ip  | maileva.INFO:  ======================= []
2023-03-13T13:27:31.101652+02:00 |  client ip  | maileva.INFO:  user infos :  []
2023-03-13T13:27:31.101726+02:00 |  client ip  | maileva.INFO:  annonymous []
2023-03-13T13:32:09.808883+02:00 |  client ip  | maileva.INFO:  ======================= []
2023-03-13T13:32:09.809228+02:00 |  client ip  | maileva.INFO:  parameters :  []
2023-03-13T13:32:09.809341+02:00 |  client ip  | maileva.INFO:  {"name":"R\u00e9siliation d'un abonnement t\u00e9l\u00e9phonique","custom_id":"01GVDBK2TXQ0A1KGTX8ZX3NVG7","custom_data":"{}","acknowledgement_of_receipt":true,"acknowledgement_of_receipt_scanning":false,"color_printing":true,"duplex_printing":false,"optional_address_sheet":false,"notification_email":"do_not_reply@maileva.com","sender_address_line_1":"fano fanomezana","sender_address_line_2":"fano fanomezana","sender_address_line_3":null,"sender_address_line_4":"10 avenue Charles de Gaulle","sender_address_line_5":"","sender_address_line_6":"75018 paris 18","sender_country_code":"FR","archiving_duration":3} []
2023-03-13T13:32:09.809578+02:00 |  client ip  | maileva.INFO:  ======================= []
2023-03-13T13:32:09.809687+02:00 |  client ip  | maileva.INFO:  connet to MailevaApi ...  :  []
2023-03-13T13:32:09.809772+02:00 |  client ip  | maileva.INFO:  ... []
2023-03-13T13:32:09.809861+02:00 |  client ip  | maileva.INFO:  ======================= []
2023-03-13T13:32:09.809943+02:00 |  client ip  | maileva.INFO:  user infos :  []
2023-03-13T13:32:09.810024+02:00 |  client ip  | maileva.INFO:  annonymous []
2023-03-13T13:32:10.589297+02:00 |  client ip  | maileva.INFO:  ======================= []
2023-03-13T13:32:10.589494+02:00 |  client ip  | maileva.INFO:  response postSending :  []
2023-03-13T13:32:10.589595+02:00 |  client ip  | maileva.INFO:  {"id":"8b15162a-ab67-48fc-b58c-dee6a76b441b","name":"R\u00e9siliation d'un abonnement t\u00e9l\u00e9phonique","status":"DRAFT","acknowledgement_of_receipt":true,"acknowledgement_of_receipt_scanning":false,"creation_date":"2023-03-13T11:32:10.494Z","documents_count":0,"custom_data":"{}","color_printing":true,"duplex_printing":false,"optional_address_sheet":false,"system_address_sheet":true,"notification_email":"do_not_reply@maileva.com","sender_country_code":"FR","archiving_duration":3,"recipients_counts":{"draft":0,"pending":0,"processed":0,"rejected":0,"total":0},"custom_id":"01GVDBK2TXQ0A1KGTX8ZX3NVG7","sender_address_line_1":"fano fanomezana","sender_address_line_2":"fano fanomezana","sender_address_line_4":"10 avenue Charles de Gaulle","sender_address_line_5":"","sender_address_line_6":"75018 paris 18"} []
2023-03-13T13:32:10.589696+02:00 |  client ip  | maileva.NOTICE:  ======================= []
2023-03-13T13:32:10.589779+02:00 |  client ip  | maileva.NOTICE:  ======================= []
2023-03-13T13:32:12.232486+02:00 |  client ip  | maileva.INFO:  ======================= []
2023-03-13T13:32:12.232663+02:00 |  client ip  | maileva.INFO:  parameters envoi :  []
2023-03-13T13:32:12.232732+02:00 |  client ip  | maileva.INFO:  {} []
2023-03-13T13:32:12.232795+02:00 |  client ip  | maileva.INFO:  ======================= []
2023-03-13T13:32:12.232849+02:00 |  client ip  | maileva.INFO:  connet to MailevaApi ...  :  []
2023-03-13T13:32:12.232898+02:00 |  client ip  | maileva.INFO:  ... []
2023-03-13T13:32:12.232949+02:00 |  client ip  | maileva.INFO:  ======================= []
2023-03-13T13:32:12.232996+02:00 |  client ip  | maileva.INFO:  user infos :  []
2023-03-13T13:32:12.233048+02:00 |  client ip  | maileva.INFO:  annonymous []
2023-03-13T13:33:03.921768+02:00 |  client ip  | maileva.INFO:  ======================= []
2023-03-13T13:33:03.922742+02:00 |  client ip  | maileva.INFO:  parameters :  []
2023-03-13T13:33:03.922870+02:00 |  client ip  | maileva.INFO:  {"name":"R\u00e9siliation d'un abonnement t\u00e9l\u00e9phonique","custom_id":"01GVDBK2TXQ0A1KGTX8ZX3NVG7","custom_data":"{}","acknowledgement_of_receipt":true,"acknowledgement_of_receipt_scanning":false,"color_printing":true,"duplex_printing":false,"optional_address_sheet":false,"notification_email":"do_not_reply@maileva.com","sender_address_line_1":"fano fanomezana","sender_address_line_2":"fano fanomezana","sender_address_line_3":null,"sender_address_line_4":"10 avenue Charles de Gaulle","sender_address_line_5":"","sender_address_line_6":"75018 paris 18","sender_country_code":"FR","archiving_duration":3} []
2023-03-13T13:33:03.923070+02:00 |  client ip  | maileva.INFO:  ======================= []
2023-03-13T13:33:03.923179+02:00 |  client ip  | maileva.INFO:  connet to MailevaApi ...  :  []
2023-03-13T13:33:03.923265+02:00 |  client ip  | maileva.INFO:  ... []
2023-03-13T13:33:03.923351+02:00 |  client ip  | maileva.INFO:  ======================= []
2023-03-13T13:33:03.923432+02:00 |  client ip  | maileva.INFO:  user infos :  []
2023-03-13T13:33:03.923512+02:00 |  client ip  | maileva.INFO:  annonymous []
2023-03-13T13:33:04.571827+02:00 |  client ip  | maileva.INFO:  ======================= []
2023-03-13T13:33:04.571977+02:00 |  client ip  | maileva.INFO:  response postSending :  []
2023-03-13T13:33:04.572035+02:00 |  client ip  | maileva.INFO:  {"id":"7a2bc024-cd7c-4a4c-962b-86cb90526812","name":"R\u00e9siliation d'un abonnement t\u00e9l\u00e9phonique","status":"DRAFT","acknowledgement_of_receipt":true,"acknowledgement_of_receipt_scanning":false,"creation_date":"2023-03-13T11:33:04.475Z","documents_count":0,"custom_data":"{}","color_printing":true,"duplex_printing":false,"optional_address_sheet":false,"system_address_sheet":true,"notification_email":"do_not_reply@maileva.com","sender_country_code":"FR","archiving_duration":3,"recipients_counts":{"draft":0,"pending":0,"processed":0,"rejected":0,"total":0},"custom_id":"01GVDBK2TXQ0A1KGTX8ZX3NVG7","sender_address_line_1":"fano fanomezana","sender_address_line_2":"fano fanomezana","sender_address_line_4":"10 avenue Charles de Gaulle","sender_address_line_5":"","sender_address_line_6":"75018 paris 18"} []
2023-03-13T13:33:04.572091+02:00 |  client ip  | maileva.NOTICE:  ======================= []
2023-03-13T13:33:04.572135+02:00 |  client ip  | maileva.NOTICE:  ======================= []
2023-03-13T13:33:06.711133+02:00 |  client ip  | maileva.INFO:  ======================= []
2023-03-13T13:33:06.711259+02:00 |  client ip  | maileva.INFO:  parameters envoi :  []
2023-03-13T13:33:06.711316+02:00 |  client ip  | maileva.INFO:  {} []
2023-03-13T13:33:06.711365+02:00 |  client ip  | maileva.INFO:  ======================= []
2023-03-13T13:33:06.711396+02:00 |  client ip  | maileva.INFO:  connet to MailevaApi ...  :  []
2023-03-13T13:33:06.711451+02:00 |  client ip  | maileva.INFO:  ... []
2023-03-13T13:33:06.711494+02:00 |  client ip  | maileva.INFO:  ======================= []
2023-03-13T13:33:06.711519+02:00 |  client ip  | maileva.INFO:  user infos :  []
2023-03-13T13:33:06.711545+02:00 |  client ip  | maileva.INFO:  annonymous []
2023-03-13T13:33:07.355998+02:00 |  client ip  | maileva.INFO:  ======================= []
2023-03-13T13:33:07.356151+02:00 |  client ip  | maileva.INFO:  response addDocSending :  []
2023-03-13T13:33:07.356210+02:00 |  client ip  | maileva.INFO:  {"errors":[{"code":"MISSING_FILE","message":"There are no file to upload."}]} []
2023-03-13T13:33:07.356253+02:00 |  client ip  | maileva.NOTICE:  ======================= []
2023-03-13T13:33:07.356291+02:00 |  client ip  | maileva.NOTICE:  ======================= []
2023-03-13T13:52:15.949971+02:00 |  client ip  | maileva.INFO:  ======================= []
2023-03-13T13:52:15.958697+02:00 |  client ip  | maileva.INFO:  parameters :  []
2023-03-13T13:52:15.958778+02:00 |  client ip  | maileva.INFO:  {"name":"R\u00e9siliation d'un abonnement t\u00e9l\u00e9phonique","custom_id":"01GVDD0MGRD7A2QTNMYERGE9R6","custom_data":"{}","acknowledgement_of_receipt":true,"acknowledgement_of_receipt_scanning":false,"color_printing":true,"duplex_printing":false,"optional_address_sheet":false,"notification_email":"do_not_reply@maileva.com","sender_address_line_1":"test test","sender_address_line_2":"test test","sender_address_line_3":null,"sender_address_line_4":"40 avenue de Clichy","sender_address_line_5":"","sender_address_line_6":"94673 Charenton-Le-Pont","sender_country_code":"FR","archiving_duration":3} []
2023-03-13T13:52:15.958895+02:00 |  client ip  | maileva.INFO:  ======================= []
2023-03-13T13:52:15.958946+02:00 |  client ip  | maileva.INFO:  connet to MailevaApi ...  :  []
2023-03-13T13:52:15.958989+02:00 |  client ip  | maileva.INFO:  ... []
2023-03-13T13:52:15.959028+02:00 |  client ip  | maileva.INFO:  ======================= []
2023-03-13T13:52:15.959065+02:00 |  client ip  | maileva.INFO:  user infos :  []
2023-03-13T13:52:15.959113+02:00 |  client ip  | maileva.INFO:  annonymous []
2023-03-13T13:52:16.735633+02:00 |  client ip  | maileva.INFO:  ======================= []
2023-03-13T13:52:16.735874+02:00 |  client ip  | maileva.INFO:  response postSending :  []
2023-03-13T13:52:16.735999+02:00 |  client ip  | maileva.INFO:  {"id":"81b62682-368a-432b-87b9-29885cf2537a","name":"R\u00e9siliation d'un abonnement t\u00e9l\u00e9phonique","status":"DRAFT","acknowledgement_of_receipt":true,"acknowledgement_of_receipt_scanning":false,"creation_date":"2023-03-13T11:52:16.638Z","documents_count":0,"custom_data":"{}","color_printing":true,"duplex_printing":false,"optional_address_sheet":false,"system_address_sheet":true,"notification_email":"do_not_reply@maileva.com","sender_country_code":"FR","archiving_duration":3,"recipients_counts":{"draft":0,"pending":0,"processed":0,"rejected":0,"total":0},"custom_id":"01GVDD0MGRD7A2QTNMYERGE9R6","sender_address_line_1":"test test","sender_address_line_2":"test test","sender_address_line_4":"40 avenue de Clichy","sender_address_line_5":"","sender_address_line_6":"94673 Charenton-Le-Pont"} []
2023-03-13T13:52:16.736145+02:00 |  client ip  | maileva.NOTICE:  ======================= []
2023-03-13T13:52:16.736246+02:00 |  client ip  | maileva.NOTICE:  ======================= []
2023-03-13T13:52:19.077252+02:00 |  client ip  | maileva.INFO:  ======================= []
2023-03-13T13:52:19.077511+02:00 |  client ip  | maileva.INFO:  parameters envoi :  []
2023-03-13T13:52:19.077635+02:00 |  client ip  | maileva.INFO:  {} []
2023-03-13T13:52:19.077753+02:00 |  client ip  | maileva.INFO:  ======================= []
2023-03-13T13:52:19.077850+02:00 |  client ip  | maileva.INFO:  connet to MailevaApi ...  :  []
2023-03-13T13:52:19.077943+02:00 |  client ip  | maileva.INFO:  ... []
2023-03-13T13:52:19.078035+02:00 |  client ip  | maileva.INFO:  ======================= []
2023-03-13T13:52:19.078118+02:00 |  client ip  | maileva.INFO:  user infos :  []
2023-03-13T13:52:19.078226+02:00 |  client ip  | maileva.INFO:  annonymous []
2023-03-13T13:52:19.725423+02:00 |  client ip  | maileva.INFO:  ======================= []
2023-03-13T13:52:19.725663+02:00 |  client ip  | maileva.INFO:  response addDocSending :  []
2023-03-13T13:52:19.725777+02:00 |  client ip  | maileva.INFO:  {"errors":[{"code":"MISSING_FILE","message":"There are no file to upload."}]} []
2023-03-13T13:52:19.725876+02:00 |  client ip  | maileva.NOTICE:  ======================= []
2023-03-13T13:52:19.725966+02:00 |  client ip  | maileva.NOTICE:  ======================= []
2023-03-13T13:53:58.516769+02:00 |  client ip  | maileva.INFO:  ======================= []
2023-03-13T13:53:58.517050+02:00 |  client ip  | maileva.INFO:  parameters :  []
2023-03-13T13:53:58.517090+02:00 |  client ip  | maileva.INFO:  {"name":"R\u00e9siliation d'un abonnement t\u00e9l\u00e9phonique","custom_id":"01GVDD0MGRD7A2QTNMYERGE9R6","custom_data":"{}","acknowledgement_of_receipt":true,"acknowledgement_of_receipt_scanning":false,"color_printing":true,"duplex_printing":false,"optional_address_sheet":false,"notification_email":"do_not_reply@maileva.com","sender_address_line_1":"test test","sender_address_line_2":"test test","sender_address_line_3":null,"sender_address_line_4":"40 avenue de Clichy","sender_address_line_5":"","sender_address_line_6":"94673 Charenton-Le-Pont","sender_country_code":"FR","archiving_duration":3} []
2023-03-13T13:53:58.517176+02:00 |  client ip  | maileva.INFO:  ======================= []
2023-03-13T13:53:58.517214+02:00 |  client ip  | maileva.INFO:  connet to MailevaApi ...  :  []
2023-03-13T13:53:58.517248+02:00 |  client ip  | maileva.INFO:  ... []
2023-03-13T13:53:58.517279+02:00 |  client ip  | maileva.INFO:  ======================= []
2023-03-13T13:53:58.517307+02:00 |  client ip  | maileva.INFO:  user infos :  []
2023-03-13T13:53:58.517334+02:00 |  client ip  | maileva.INFO:  annonymous []
2023-03-13T13:53:59.820468+02:00 |  client ip  | maileva.INFO:  ======================= []
2023-03-13T13:53:59.820702+02:00 |  client ip  | maileva.INFO:  response postSending :  []
2023-03-13T13:53:59.820744+02:00 |  client ip  | maileva.INFO:  {"id":"c55268c5-4b52-4c86-8898-c5fa84d2bb13","name":"R\u00e9siliation d'un abonnement t\u00e9l\u00e9phonique","status":"DRAFT","acknowledgement_of_receipt":true,"acknowledgement_of_receipt_scanning":false,"creation_date":"2023-03-13T11:53:59.717Z","documents_count":0,"custom_data":"{}","color_printing":true,"duplex_printing":false,"optional_address_sheet":false,"system_address_sheet":true,"notification_email":"do_not_reply@maileva.com","sender_country_code":"FR","archiving_duration":3,"recipients_counts":{"draft":0,"pending":0,"processed":0,"rejected":0,"total":0},"custom_id":"01GVDD0MGRD7A2QTNMYERGE9R6","sender_address_line_1":"test test","sender_address_line_2":"test test","sender_address_line_4":"40 avenue de Clichy","sender_address_line_5":"","sender_address_line_6":"94673 Charenton-Le-Pont"} []
2023-03-13T13:53:59.820835+02:00 |  client ip  | maileva.NOTICE:  ======================= []
2023-03-13T13:53:59.820877+02:00 |  client ip  | maileva.NOTICE:  ======================= []
2023-03-13T13:54:01.532945+02:00 |  client ip  | maileva.INFO:  ======================= []
2023-03-13T13:54:01.533070+02:00 |  client ip  | maileva.INFO:  parameters envoi :  []
2023-03-13T13:54:01.533106+02:00 |  client ip  | maileva.INFO:  {} []
2023-03-13T13:54:01.533165+02:00 |  client ip  | maileva.INFO:  ======================= []
2023-03-13T13:54:01.533204+02:00 |  client ip  | maileva.INFO:  connet to MailevaApi ...  :  []
2023-03-13T13:54:01.533258+02:00 |  client ip  | maileva.INFO:  ... []
2023-03-13T13:54:01.533284+02:00 |  client ip  | maileva.INFO:  ======================= []
2023-03-13T13:54:01.533308+02:00 |  client ip  | maileva.INFO:  user infos :  []
2023-03-13T13:54:01.533333+02:00 |  client ip  | maileva.INFO:  annonymous []
2023-03-13T13:54:02.348125+02:00 |  client ip  | maileva.INFO:  ======================= []
2023-03-13T13:54:02.348463+02:00 |  client ip  | maileva.INFO:  response addDocSending :  []
2023-03-13T13:54:02.348502+02:00 |  client ip  | maileva.INFO:  {"errors":[{"code":"MISSING_FILE","message":"There are no file to upload."}]} []
2023-03-13T13:54:02.348537+02:00 |  client ip  | maileva.NOTICE:  ======================= []
2023-03-13T13:54:02.348569+02:00 |  client ip  | maileva.NOTICE:  ======================= []
2023-03-13T13:58:01.899875+02:00 |  client ip  | maileva.INFO:  ======================= []
2023-03-13T13:58:01.900070+02:00 |  client ip  | maileva.INFO:  parameters :  []
2023-03-13T13:58:01.900125+02:00 |  client ip  | maileva.INFO:  {"name":"R\u00e9siliation d'un abonnement t\u00e9l\u00e9phonique","custom_id":"01GVDD0MGRD7A2QTNMYERGE9R6","custom_data":"{}","acknowledgement_of_receipt":true,"acknowledgement_of_receipt_scanning":false,"color_printing":true,"duplex_printing":false,"optional_address_sheet":false,"notification_email":"do_not_reply@maileva.com","sender_address_line_1":"test test","sender_address_line_2":"test test","sender_address_line_3":null,"sender_address_line_4":"40 avenue de Clichy","sender_address_line_5":"","sender_address_line_6":"94673 Charenton-Le-Pont","sender_country_code":"FR","archiving_duration":3} []
2023-03-13T13:58:01.900221+02:00 |  client ip  | maileva.INFO:  ======================= []
2023-03-13T13:58:01.900266+02:00 |  client ip  | maileva.INFO:  connet to MailevaApi ...  :  []
2023-03-13T13:58:01.900301+02:00 |  client ip  | maileva.INFO:  ... []
2023-03-13T13:58:01.900335+02:00 |  client ip  | maileva.INFO:  ======================= []
2023-03-13T13:58:01.900366+02:00 |  client ip  | maileva.INFO:  user infos :  []
2023-03-13T13:58:01.900398+02:00 |  client ip  | maileva.INFO:  annonymous []
2023-03-13T13:58:02.691158+02:00 |  client ip  | maileva.INFO:  ======================= []
2023-03-13T13:58:02.691374+02:00 |  client ip  | maileva.INFO:  response postSending :  []
2023-03-13T13:58:02.691459+02:00 |  client ip  | maileva.INFO:  {"id":"401276b8-2c64-4e21-87a4-6ecad2fd7d8b","name":"R\u00e9siliation d'un abonnement t\u00e9l\u00e9phonique","status":"DRAFT","acknowledgement_of_receipt":true,"acknowledgement_of_receipt_scanning":false,"creation_date":"2023-03-13T11:58:02.566Z","documents_count":0,"custom_data":"{}","color_printing":true,"duplex_printing":false,"optional_address_sheet":false,"system_address_sheet":true,"notification_email":"do_not_reply@maileva.com","sender_country_code":"FR","archiving_duration":3,"recipients_counts":{"draft":0,"pending":0,"processed":0,"rejected":0,"total":0},"custom_id":"01GVDD0MGRD7A2QTNMYERGE9R6","sender_address_line_1":"test test","sender_address_line_2":"test test","sender_address_line_4":"40 avenue de Clichy","sender_address_line_5":"","sender_address_line_6":"94673 Charenton-Le-Pont"} []
2023-03-13T13:58:02.691554+02:00 |  client ip  | maileva.NOTICE:  ======================= []
2023-03-13T13:58:02.691615+02:00 |  client ip  | maileva.NOTICE:  ======================= []
2023-03-13T13:58:05.314515+02:00 |  client ip  | maileva.INFO:  ======================= []
2023-03-13T13:58:05.314810+02:00 |  client ip  | maileva.INFO:  parameters envoi :  []
2023-03-13T13:58:05.314914+02:00 |  client ip  | maileva.INFO:  {} []
2023-03-13T13:58:05.315001+02:00 |  client ip  | maileva.INFO:  ======================= []
2023-03-13T13:58:05.315089+02:00 |  client ip  | maileva.INFO:  connet to MailevaApi ...  :  []
2023-03-13T13:58:05.315172+02:00 |  client ip  | maileva.INFO:  ... []
2023-03-13T13:58:05.315245+02:00 |  client ip  | maileva.INFO:  ======================= []
2023-03-13T13:58:05.315309+02:00 |  client ip  | maileva.INFO:  user infos :  []
2023-03-13T13:58:05.315374+02:00 |  client ip  | maileva.INFO:  annonymous []
2023-03-13T13:58:05.987984+02:00 |  client ip  | maileva.INFO:  ======================= []
2023-03-13T13:58:05.988141+02:00 |  client ip  | maileva.INFO:  response addDocSending :  []
2023-03-13T13:58:05.988206+02:00 |  client ip  | maileva.INFO:  {"errors":[{"code":"MISSING_FILE","message":"There are no file to upload."}]} []
2023-03-13T13:58:05.988260+02:00 |  client ip  | maileva.NOTICE:  ======================= []
2023-03-13T13:58:05.988309+02:00 |  client ip  | maileva.NOTICE:  ======================= []
2023-03-13T14:01:04.950617+02:00 |  client ip  | maileva.INFO:  ======================= []
2023-03-13T14:01:04.950979+02:00 |  client ip  | maileva.INFO:  parameters :  []
2023-03-13T14:01:04.951052+02:00 |  client ip  | maileva.INFO:  {"name":"R\u00e9siliation d'un abonnement t\u00e9l\u00e9phonique","custom_id":"01GVDD0MGRD7A2QTNMYERGE9R6","custom_data":"{}","acknowledgement_of_receipt":true,"acknowledgement_of_receipt_scanning":false,"color_printing":true,"duplex_printing":false,"optional_address_sheet":false,"notification_email":"do_not_reply@maileva.com","sender_address_line_1":"test test","sender_address_line_2":"test test","sender_address_line_3":null,"sender_address_line_4":"40 avenue de Clichy","sender_address_line_5":"","sender_address_line_6":"94673 Charenton-Le-Pont","sender_country_code":"FR","archiving_duration":3} []
2023-03-13T14:01:04.951182+02:00 |  client ip  | maileva.INFO:  ======================= []
2023-03-13T14:01:04.951250+02:00 |  client ip  | maileva.INFO:  connet to MailevaApi ...  :  []
2023-03-13T14:01:04.951304+02:00 |  client ip  | maileva.INFO:  ... []
2023-03-13T14:01:04.951358+02:00 |  client ip  | maileva.INFO:  ======================= []
2023-03-13T14:01:04.951408+02:00 |  client ip  | maileva.INFO:  user infos :  []
2023-03-13T14:01:04.951460+02:00 |  client ip  | maileva.INFO:  annonymous []
2023-03-13T14:01:06.399937+02:00 |  client ip  | maileva.INFO:  ======================= []
2023-03-13T14:01:06.400200+02:00 |  client ip  | maileva.INFO:  response postSending :  []
2023-03-13T14:01:06.400322+02:00 |  client ip  | maileva.INFO:  {"id":"9dc0a2d2-9588-4bfc-b8c1-f3da2c35e500","name":"R\u00e9siliation d'un abonnement t\u00e9l\u00e9phonique","status":"DRAFT","acknowledgement_of_receipt":true,"acknowledgement_of_receipt_scanning":false,"creation_date":"2023-03-13T12:01:06.272Z","documents_count":0,"custom_data":"{}","color_printing":true,"duplex_printing":false,"optional_address_sheet":false,"system_address_sheet":true,"notification_email":"do_not_reply@maileva.com","sender_country_code":"FR","archiving_duration":3,"recipients_counts":{"draft":0,"pending":0,"processed":0,"rejected":0,"total":0},"custom_id":"01GVDD0MGRD7A2QTNMYERGE9R6","sender_address_line_1":"test test","sender_address_line_2":"test test","sender_address_line_4":"40 avenue de Clichy","sender_address_line_5":"","sender_address_line_6":"94673 Charenton-Le-Pont"} []
2023-03-13T14:01:06.400429+02:00 |  client ip  | maileva.NOTICE:  ======================= []
2023-03-13T14:01:06.400504+02:00 |  client ip  | maileva.NOTICE:  ======================= []
2023-03-13T14:01:08.711310+02:00 |  client ip  | maileva.INFO:  ======================= []
2023-03-13T14:01:08.711485+02:00 |  client ip  | maileva.INFO:  parameters envoi :  []
2023-03-13T14:01:08.711559+02:00 |  client ip  | maileva.INFO:  {} []
2023-03-13T14:01:08.711628+02:00 |  client ip  | maileva.INFO:  ======================= []
2023-03-13T14:01:08.711686+02:00 |  client ip  | maileva.INFO:  connet to MailevaApi ...  :  []
2023-03-13T14:01:08.711742+02:00 |  client ip  | maileva.INFO:  ... []
2023-03-13T14:01:08.711798+02:00 |  client ip  | maileva.INFO:  ======================= []
2023-03-13T14:01:08.711851+02:00 |  client ip  | maileva.INFO:  user infos :  []
2023-03-13T14:01:08.711905+02:00 |  client ip  | maileva.INFO:  annonymous []
2023-03-13T14:01:09.449477+02:00 |  client ip  | maileva.INFO:  ======================= []
2023-03-13T14:01:09.449598+02:00 |  client ip  | maileva.INFO:  response addDocSending :  []
2023-03-13T14:01:09.449630+02:00 |  client ip  | maileva.INFO:  {"errors":[{"code":"MISSING_FILE","message":"There are no file to upload."}]} []
2023-03-13T14:01:09.449674+02:00 |  client ip  | maileva.NOTICE:  ======================= []
2023-03-13T14:01:09.449703+02:00 |  client ip  | maileva.NOTICE:  ======================= []
2023-03-13T15:22:13.861046+02:00 |  client ip  | maileva.INFO:  ======================= []
2023-03-13T15:22:13.882407+02:00 |  client ip  | maileva.INFO:  parameters :  []
2023-03-13T15:22:13.882485+02:00 |  client ip  | maileva.INFO:  {"name":"R\u00e9siliation d'un abonnement t\u00e9l\u00e9phonique","custom_id":"01GVDJ16EK912TRWEND6W5RKS8","custom_data":"{}","acknowledgement_of_receipt":true,"acknowledgement_of_receipt_scanning":false,"color_printing":true,"duplex_printing":false,"optional_address_sheet":false,"notification_email":"do_not_reply@maileva.com","sender_address_line_1":"Tsilavina fanomezana","sender_address_line_2":"Tsilavina fanomezana","sender_address_line_3":null,"sender_address_line_4":"40 avenue de Clichy","sender_address_line_5":"","sender_address_line_6":"75018 paris 18","sender_country_code":"FR","archiving_duration":3} []
2023-03-13T15:22:13.892487+02:00 |  client ip  | maileva.INFO:  ======================= []
2023-03-13T15:22:13.892641+02:00 |  client ip  | maileva.INFO:  connet to MailevaApi ...  :  []
2023-03-13T15:22:13.892717+02:00 |  client ip  | maileva.INFO:  ... []
2023-03-13T15:22:13.892770+02:00 |  client ip  | maileva.INFO:  ======================= []
2023-03-13T15:22:13.892832+02:00 |  client ip  | maileva.INFO:  user infos :  []
2023-03-13T15:22:13.892878+02:00 |  client ip  | maileva.INFO:  annonymous []
2023-03-13T15:22:15.192299+02:00 |  client ip  | maileva.INFO:  ======================= []
2023-03-13T15:22:15.192550+02:00 |  client ip  | maileva.INFO:  response postSending :  []
2023-03-13T15:22:15.192727+02:00 |  client ip  | maileva.INFO:  {"id":"60709529-3cb7-4634-8fed-39b123740064","name":"R\u00e9siliation d'un abonnement t\u00e9l\u00e9phonique","status":"DRAFT","acknowledgement_of_receipt":true,"acknowledgement_of_receipt_scanning":false,"creation_date":"2023-03-13T13:22:15.037Z","documents_count":0,"custom_data":"{}","color_printing":true,"duplex_printing":false,"optional_address_sheet":false,"system_address_sheet":true,"notification_email":"do_not_reply@maileva.com","sender_country_code":"FR","archiving_duration":3,"recipients_counts":{"draft":0,"pending":0,"processed":0,"rejected":0,"total":0},"custom_id":"01GVDJ16EK912TRWEND6W5RKS8","sender_address_line_1":"Tsilavina fanomezana","sender_address_line_2":"Tsilavina fanomezana","sender_address_line_4":"40 avenue de Clichy","sender_address_line_5":"","sender_address_line_6":"75018 paris 18"} []
2023-03-13T15:22:15.192847+02:00 |  client ip  | maileva.NOTICE:  ======================= []
2023-03-13T15:22:15.192949+02:00 |  client ip  | maileva.NOTICE:  ======================= []
2023-03-13T15:22:17.553462+02:00 |  client ip  | maileva.INFO:  ======================= []
2023-03-13T15:22:17.553703+02:00 |  client ip  | maileva.INFO:  parameters envoi :  []
2023-03-13T15:22:17.553818+02:00 |  client ip  | maileva.INFO:  {} []
2023-03-13T15:22:17.553926+02:00 |  client ip  | maileva.INFO:  ======================= []
2023-03-13T15:22:17.554018+02:00 |  client ip  | maileva.INFO:  connet to MailevaApi ...  :  []
2023-03-13T15:22:17.554106+02:00 |  client ip  | maileva.INFO:  ... []
2023-03-13T15:22:17.554192+02:00 |  client ip  | maileva.INFO:  ======================= []
2023-03-13T15:22:17.554275+02:00 |  client ip  | maileva.INFO:  user infos :  []
2023-03-13T15:22:17.554373+02:00 |  client ip  | maileva.INFO:  annonymous []
2023-03-13T15:22:18.270832+02:00 |  client ip  | maileva.INFO:  ======================= []
2023-03-13T15:22:18.271089+02:00 |  client ip  | maileva.INFO:  response addDocSending :  []
2023-03-13T15:22:18.271223+02:00 |  client ip  | maileva.INFO:  {"errors":[{"code":"MISSING_FILE","message":"There are no file to upload."}]} []
2023-03-13T15:22:18.271331+02:00 |  client ip  | maileva.NOTICE:  ======================= []
2023-03-13T15:22:18.271428+02:00 |  client ip  | maileva.NOTICE:  ======================= []
2023-03-13T15:28:02.734552+02:00 |  client ip  | maileva.INFO:  ======================= []
2023-03-13T15:28:02.735155+02:00 |  client ip  | maileva.INFO:  parameters :  []
2023-03-13T15:28:02.735243+02:00 |  client ip  | maileva.INFO:  {"name":"R\u00e9siliation d'un abonnement t\u00e9l\u00e9phonique","custom_id":"01GVDJ16EK912TRWEND6W5RKS8","custom_data":"{}","acknowledgement_of_receipt":true,"acknowledgement_of_receipt_scanning":false,"color_printing":true,"duplex_printing":false,"optional_address_sheet":false,"notification_email":"do_not_reply@maileva.com","sender_address_line_1":"Tsilavina fanomezana","sender_address_line_2":"Tsilavina fanomezana","sender_address_line_3":null,"sender_address_line_4":"40 avenue de Clichy","sender_address_line_5":"","sender_address_line_6":"75018 paris 18","sender_country_code":"FR","archiving_duration":3} []
2023-03-13T15:28:02.735354+02:00 |  client ip  | maileva.INFO:  ======================= []
2023-03-13T15:28:02.735404+02:00 |  client ip  | maileva.INFO:  connet to MailevaApi ...  :  []
2023-03-13T15:28:02.735459+02:00 |  client ip  | maileva.INFO:  ... []
2023-03-13T15:28:02.735500+02:00 |  client ip  | maileva.INFO:  ======================= []
2023-03-13T15:28:02.735535+02:00 |  client ip  | maileva.INFO:  user infos :  []
2023-03-13T15:28:02.735570+02:00 |  client ip  | maileva.INFO:  annonymous []
2023-03-13T15:28:04.466168+02:00 |  client ip  | maileva.INFO:  ======================= []
2023-03-13T15:28:04.466421+02:00 |  client ip  | maileva.INFO:  response postSending :  []
2023-03-13T15:28:04.466543+02:00 |  client ip  | maileva.INFO:  {"id":"fa3c5379-f0ba-42a1-8229-162fa5b0179a","name":"R\u00e9siliation d'un abonnement t\u00e9l\u00e9phonique","status":"DRAFT","acknowledgement_of_receipt":true,"acknowledgement_of_receipt_scanning":false,"creation_date":"2023-03-13T13:28:04.347Z","documents_count":0,"custom_data":"{}","color_printing":true,"duplex_printing":false,"optional_address_sheet":false,"system_address_sheet":true,"notification_email":"do_not_reply@maileva.com","sender_country_code":"FR","archiving_duration":3,"recipients_counts":{"draft":0,"pending":0,"processed":0,"rejected":0,"total":0},"custom_id":"01GVDJ16EK912TRWEND6W5RKS8","sender_address_line_1":"Tsilavina fanomezana","sender_address_line_2":"Tsilavina fanomezana","sender_address_line_4":"40 avenue de Clichy","sender_address_line_5":"","sender_address_line_6":"75018 paris 18"} []
2023-03-13T15:28:04.466676+02:00 |  client ip  | maileva.NOTICE:  ======================= []
2023-03-13T15:28:04.466784+02:00 |  client ip  | maileva.NOTICE:  ======================= []
2023-03-13T15:28:09.509293+02:00 |  client ip  | maileva.INFO:  ======================= []
2023-03-13T15:28:09.509528+02:00 |  client ip  | maileva.INFO:  parameters envoi :  []
2023-03-13T15:28:09.509653+02:00 |  client ip  | maileva.INFO:  {} []
2023-03-13T15:28:09.509739+02:00 |  client ip  | maileva.INFO:  ======================= []
2023-03-13T15:28:09.509804+02:00 |  client ip  | maileva.INFO:  connet to MailevaApi ...  :  []
2023-03-13T15:28:09.509860+02:00 |  client ip  | maileva.INFO:  ... []
2023-03-13T15:28:09.509916+02:00 |  client ip  | maileva.INFO:  ======================= []
2023-03-13T15:28:09.509968+02:00 |  client ip  | maileva.INFO:  user infos :  []
2023-03-13T15:28:09.510022+02:00 |  client ip  | maileva.INFO:  annonymous []
2023-03-13T15:28:10.239234+02:00 |  client ip  | maileva.INFO:  ======================= []
2023-03-13T15:28:10.239419+02:00 |  client ip  | maileva.INFO:  response addDocSending :  []
2023-03-13T15:28:10.239497+02:00 |  client ip  | maileva.INFO:  {"errors":[{"code":"MISSING_FILE","message":"There are no file to upload."}]} []
2023-03-13T15:28:10.239570+02:00 |  client ip  | maileva.NOTICE:  ======================= []
2023-03-13T15:28:10.239636+02:00 |  client ip  | maileva.NOTICE:  ======================= []
2023-03-13T15:38:34.535211+02:00 |  client ip  | maileva.INFO:  ======================= []
2023-03-13T15:38:34.546521+02:00 |  client ip  | maileva.INFO:  parameters :  []
2023-03-13T15:38:34.546601+02:00 |  client ip  | maileva.INFO:  {"name":"R\u00e9siliation d'un abonnement t\u00e9l\u00e9phonique","custom_id":"01GVDJ16EK912TRWEND6W5RKS8","custom_data":"{}","acknowledgement_of_receipt":true,"acknowledgement_of_receipt_scanning":false,"color_printing":true,"duplex_printing":false,"optional_address_sheet":false,"notification_email":"do_not_reply@maileva.com","sender_address_line_1":"Tsilavina fanomezana","sender_address_line_2":"Tsilavina fanomezana","sender_address_line_3":null,"sender_address_line_4":"40 avenue de Clichy","sender_address_line_5":"","sender_address_line_6":"75018 paris 18","sender_country_code":"FR","archiving_duration":3} []
2023-03-13T15:38:34.546733+02:00 |  client ip  | maileva.INFO:  ======================= []
2023-03-13T15:38:34.546789+02:00 |  client ip  | maileva.INFO:  connet to MailevaApi ...  :  []
2023-03-13T15:38:34.546835+02:00 |  client ip  | maileva.INFO:  ... []
2023-03-13T15:38:34.546863+02:00 |  client ip  | maileva.INFO:  ======================= []
2023-03-13T15:38:34.546904+02:00 |  client ip  | maileva.INFO:  user infos :  []
2023-03-13T15:38:34.546962+02:00 |  client ip  | maileva.INFO:  annonymous []
2023-03-13T15:38:36.255105+02:00 |  client ip  | maileva.INFO:  ======================= []
2023-03-13T15:38:36.255295+02:00 |  client ip  | maileva.INFO:  response postSending :  []
2023-03-13T15:38:36.255381+02:00 |  client ip  | maileva.INFO:  {"id":"d4b26b99-b62e-4558-9bde-aaa35364fb27","name":"R\u00e9siliation d'un abonnement t\u00e9l\u00e9phonique","status":"DRAFT","acknowledgement_of_receipt":true,"acknowledgement_of_receipt_scanning":false,"creation_date":"2023-03-13T13:38:36.133Z","documents_count":0,"custom_data":"{}","color_printing":true,"duplex_printing":false,"optional_address_sheet":false,"system_address_sheet":true,"notification_email":"do_not_reply@maileva.com","sender_country_code":"FR","archiving_duration":3,"recipients_counts":{"draft":0,"pending":0,"processed":0,"rejected":0,"total":0},"custom_id":"01GVDJ16EK912TRWEND6W5RKS8","sender_address_line_1":"Tsilavina fanomezana","sender_address_line_2":"Tsilavina fanomezana","sender_address_line_4":"40 avenue de Clichy","sender_address_line_5":"","sender_address_line_6":"75018 paris 18"} []
2023-03-13T15:38:36.255461+02:00 |  client ip  | maileva.NOTICE:  ======================= []
2023-03-13T15:38:36.255527+02:00 |  client ip  | maileva.NOTICE:  ======================= []
2023-03-13T15:38:38.744257+02:00 |  client ip  | maileva.INFO:  ======================= []
2023-03-13T15:38:38.744424+02:00 |  client ip  | maileva.INFO:  parameters envoi :  []
2023-03-13T15:38:38.744495+02:00 |  client ip  | maileva.INFO:  {} []
2023-03-13T15:38:38.744560+02:00 |  client ip  | maileva.INFO:  ======================= []
2023-03-13T15:38:38.744650+02:00 |  client ip  | maileva.INFO:  connet to MailevaApi ...  :  []
2023-03-13T15:38:38.744718+02:00 |  client ip  | maileva.INFO:  ... []
2023-03-13T15:38:38.744767+02:00 |  client ip  | maileva.INFO:  ======================= []
2023-03-13T15:38:38.744811+02:00 |  client ip  | maileva.INFO:  user infos :  []
2023-03-13T15:38:38.744857+02:00 |  client ip  | maileva.INFO:  annonymous []
2023-03-13T15:38:39.412679+02:00 |  client ip  | maileva.INFO:  ======================= []
2023-03-13T15:38:39.412900+02:00 |  client ip  | maileva.INFO:  response addDocSending :  []
2023-03-13T15:38:39.413004+02:00 |  client ip  | maileva.INFO:  {"errors":[{"code":"MISSING_FILE","message":"There are no file to upload."}]} []
2023-03-13T15:38:39.413125+02:00 |  client ip  | maileva.NOTICE:  ======================= []
2023-03-13T15:38:39.413181+02:00 |  client ip  | maileva.NOTICE:  ======================= []
2023-03-13T15:39:23.709967+02:00 |  client ip  | maileva.INFO:  ======================= []
2023-03-13T15:39:23.710270+02:00 |  client ip  | maileva.INFO:  parameters :  []
2023-03-13T15:39:23.710373+02:00 |  client ip  | maileva.INFO:  {"name":"R\u00e9siliation d'un abonnement t\u00e9l\u00e9phonique","custom_id":"01GVDJ16EK912TRWEND6W5RKS8","custom_data":"{}","acknowledgement_of_receipt":true,"acknowledgement_of_receipt_scanning":false,"color_printing":true,"duplex_printing":false,"optional_address_sheet":false,"notification_email":"do_not_reply@maileva.com","sender_address_line_1":"Tsilavina fanomezana","sender_address_line_2":"Tsilavina fanomezana","sender_address_line_3":null,"sender_address_line_4":"40 avenue de Clichy","sender_address_line_5":"","sender_address_line_6":"75018 paris 18","sender_country_code":"FR","archiving_duration":3} []
2023-03-13T15:39:23.710541+02:00 |  client ip  | maileva.INFO:  ======================= []
2023-03-13T15:39:23.710630+02:00 |  client ip  | maileva.INFO:  connet to MailevaApi ...  :  []
2023-03-13T15:39:23.710706+02:00 |  client ip  | maileva.INFO:  ... []
2023-03-13T15:39:23.710780+02:00 |  client ip  | maileva.INFO:  ======================= []
2023-03-13T15:39:23.710850+02:00 |  client ip  | maileva.INFO:  user infos :  []
2023-03-13T15:39:23.710919+02:00 |  client ip  | maileva.INFO:  annonymous []
2023-03-13T15:39:24.450775+02:00 |  client ip  | maileva.INFO:  ======================= []
2023-03-13T15:39:24.450967+02:00 |  client ip  | maileva.INFO:  response postSending :  []
2023-03-13T15:39:24.451050+02:00 |  client ip  | maileva.INFO:  {"id":"b189bf64-d89c-495e-b88e-6f68880d15fb","name":"R\u00e9siliation d'un abonnement t\u00e9l\u00e9phonique","status":"DRAFT","acknowledgement_of_receipt":true,"acknowledgement_of_receipt_scanning":false,"creation_date":"2023-03-13T13:39:24.311Z","documents_count":0,"custom_data":"{}","color_printing":true,"duplex_printing":false,"optional_address_sheet":false,"system_address_sheet":true,"notification_email":"do_not_reply@maileva.com","sender_country_code":"FR","archiving_duration":3,"recipients_counts":{"draft":0,"pending":0,"processed":0,"rejected":0,"total":0},"custom_id":"01GVDJ16EK912TRWEND6W5RKS8","sender_address_line_1":"Tsilavina fanomezana","sender_address_line_2":"Tsilavina fanomezana","sender_address_line_4":"40 avenue de Clichy","sender_address_line_5":"","sender_address_line_6":"75018 paris 18"} []
2023-03-13T15:39:24.451131+02:00 |  client ip  | maileva.NOTICE:  ======================= []
2023-03-13T15:39:24.451200+02:00 |  client ip  | maileva.NOTICE:  ======================= []
2023-03-13T15:39:26.208410+02:00 |  client ip  | maileva.INFO:  ======================= []
2023-03-13T15:39:26.208610+02:00 |  client ip  | maileva.INFO:  parameters envoi :  []
2023-03-13T15:39:26.208689+02:00 |  client ip  | maileva.INFO:  {} []
2023-03-13T15:39:26.208763+02:00 |  client ip  | maileva.INFO:  ======================= []
2023-03-13T15:39:26.208824+02:00 |  client ip  | maileva.INFO:  connet to MailevaApi ...  :  []
2023-03-13T15:39:26.208883+02:00 |  client ip  | maileva.INFO:  ... []
2023-03-13T15:39:26.208941+02:00 |  client ip  | maileva.INFO:  ======================= []
2023-03-13T15:39:26.209014+02:00 |  client ip  | maileva.INFO:  user infos :  []
2023-03-13T15:39:26.209071+02:00 |  client ip  | maileva.INFO:  annonymous []
2023-03-13T15:39:27.462420+02:00 |  client ip  | maileva.INFO:  ======================= []
2023-03-13T15:39:27.462555+02:00 |  client ip  | maileva.INFO:  response addDocSending :  []
2023-03-13T15:39:27.462609+02:00 |  client ip  | maileva.INFO:  {"errors":[{"code":"MISSING_FILE","message":"There are no file to upload."}]} []
2023-03-13T15:39:27.462657+02:00 |  client ip  | maileva.NOTICE:  ======================= []
2023-03-13T15:39:27.462699+02:00 |  client ip  | maileva.NOTICE:  ======================= []
2023-03-13T15:40:26.557997+02:00 |  client ip  | maileva.INFO:  ======================= []
2023-03-13T15:40:26.558368+02:00 |  client ip  | maileva.INFO:  parameters :  []
2023-03-13T15:40:26.558510+02:00 |  client ip  | maileva.INFO:  {"name":"R\u00e9siliation d'un abonnement t\u00e9l\u00e9phonique","custom_id":"01GVDJ16EK912TRWEND6W5RKS8","custom_data":"{}","acknowledgement_of_receipt":true,"acknowledgement_of_receipt_scanning":false,"color_printing":true,"duplex_printing":false,"optional_address_sheet":false,"notification_email":"do_not_reply@maileva.com","sender_address_line_1":"Tsilavina fanomezana","sender_address_line_2":"Tsilavina fanomezana","sender_address_line_3":null,"sender_address_line_4":"40 avenue de Clichy","sender_address_line_5":"","sender_address_line_6":"75018 paris 18","sender_country_code":"FR","archiving_duration":3} []
2023-03-13T15:40:26.558713+02:00 |  client ip  | maileva.INFO:  ======================= []
2023-03-13T15:40:26.558817+02:00 |  client ip  | maileva.INFO:  connet to MailevaApi ...  :  []
2023-03-13T15:40:26.558903+02:00 |  client ip  | maileva.INFO:  ... []
2023-03-13T15:40:26.558989+02:00 |  client ip  | maileva.INFO:  ======================= []
2023-03-13T15:40:26.559069+02:00 |  client ip  | maileva.INFO:  user infos :  []
2023-03-13T15:40:26.559159+02:00 |  client ip  | maileva.INFO:  annonymous []
2023-03-13T15:40:27.237404+02:00 |  client ip  | maileva.INFO:  ======================= []
2023-03-13T15:40:27.237673+02:00 |  client ip  | maileva.INFO:  response postSending :  []
2023-03-13T15:40:27.237798+02:00 |  client ip  | maileva.INFO:  {"id":"e78ccf0b-0f66-41b1-85dd-995fd6e2f933","name":"R\u00e9siliation d'un abonnement t\u00e9l\u00e9phonique","status":"DRAFT","acknowledgement_of_receipt":true,"acknowledgement_of_receipt_scanning":false,"creation_date":"2023-03-13T13:40:27.117Z","documents_count":0,"custom_data":"{}","color_printing":true,"duplex_printing":false,"optional_address_sheet":false,"system_address_sheet":true,"notification_email":"do_not_reply@maileva.com","sender_country_code":"FR","archiving_duration":3,"recipients_counts":{"draft":0,"pending":0,"processed":0,"rejected":0,"total":0},"custom_id":"01GVDJ16EK912TRWEND6W5RKS8","sender_address_line_1":"Tsilavina fanomezana","sender_address_line_2":"Tsilavina fanomezana","sender_address_line_4":"40 avenue de Clichy","sender_address_line_5":"","sender_address_line_6":"75018 paris 18"} []
2023-03-13T15:40:27.237919+02:00 |  client ip  | maileva.NOTICE:  ======================= []
2023-03-13T15:40:27.238021+02:00 |  client ip  | maileva.NOTICE:  ======================= []
2023-03-13T15:40:30.661231+02:00 |  client ip  | maileva.INFO:  ======================= []
2023-03-13T15:40:30.661409+02:00 |  client ip  | maileva.INFO:  parameters envoi :  []
2023-03-13T15:40:30.661492+02:00 |  client ip  | maileva.INFO:  {} []
2023-03-13T15:40:30.661572+02:00 |  client ip  | maileva.INFO:  ======================= []
2023-03-13T15:40:30.661638+02:00 |  client ip  | maileva.INFO:  connet to MailevaApi ...  :  []
2023-03-13T15:40:30.661700+02:00 |  client ip  | maileva.INFO:  ... []
2023-03-13T15:40:30.661763+02:00 |  client ip  | maileva.INFO:  ======================= []
2023-03-13T15:40:30.661822+02:00 |  client ip  | maileva.INFO:  user infos :  []
2023-03-13T15:40:30.661882+02:00 |  client ip  | maileva.INFO:  annonymous []
2023-03-13T15:40:31.963918+02:00 |  client ip  | maileva.INFO:  ======================= []
2023-03-13T15:40:31.964256+02:00 |  client ip  | maileva.INFO:  response addDocSending :  []
2023-03-13T15:40:31.964359+02:00 |  client ip  | maileva.INFO:  {"errors":[{"code":"MISSING_FILE","message":"There are no file to upload."}]} []
2023-03-13T15:40:31.964435+02:00 |  client ip  | maileva.NOTICE:  ======================= []
2023-03-13T15:40:31.964502+02:00 |  client ip  | maileva.NOTICE:  ======================= []
2023-03-13T15:43:57.381334+02:00 |  client ip  | maileva.INFO:  ======================= []
2023-03-13T15:43:57.395804+02:00 |  client ip  | maileva.INFO:  parameters :  []
2023-03-13T15:43:57.395935+02:00 |  client ip  | maileva.INFO:  {"name":"R\u00e9siliation d'un abonnement t\u00e9l\u00e9phonique","custom_id":"01GVDJ16EK912TRWEND6W5RKS8","custom_data":"{}","acknowledgement_of_receipt":true,"acknowledgement_of_receipt_scanning":false,"color_printing":true,"duplex_printing":false,"optional_address_sheet":false,"notification_email":"do_not_reply@maileva.com","sender_address_line_1":"Tsilavina fanomezana","sender_address_line_2":"Tsilavina fanomezana","sender_address_line_3":null,"sender_address_line_4":"40 avenue de Clichy","sender_address_line_5":"","sender_address_line_6":"75018 paris 18","sender_country_code":"FR","archiving_duration":3} []
2023-03-13T15:43:57.396104+02:00 |  client ip  | maileva.INFO:  ======================= []
2023-03-13T15:43:57.396182+02:00 |  client ip  | maileva.INFO:  connet to MailevaApi ...  :  []
2023-03-13T15:43:57.396233+02:00 |  client ip  | maileva.INFO:  ... []
2023-03-13T15:43:57.396283+02:00 |  client ip  | maileva.INFO:  ======================= []
2023-03-13T15:43:57.396324+02:00 |  client ip  | maileva.INFO:  user infos :  []
2023-03-13T15:43:57.396369+02:00 |  client ip  | maileva.INFO:  annonymous []
2023-03-13T15:43:58.646285+02:00 |  client ip  | maileva.INFO:  ======================= []
2023-03-13T15:43:58.646492+02:00 |  client ip  | maileva.INFO:  response postSending :  []
2023-03-13T15:43:58.646567+02:00 |  client ip  | maileva.INFO:  {"id":"e46baaae-bdcf-40a9-aab7-11ba58c544ff","name":"R\u00e9siliation d'un abonnement t\u00e9l\u00e9phonique","status":"DRAFT","acknowledgement_of_receipt":true,"acknowledgement_of_receipt_scanning":false,"creation_date":"2023-03-13T13:43:58.502Z","documents_count":0,"custom_data":"{}","color_printing":true,"duplex_printing":false,"optional_address_sheet":false,"system_address_sheet":true,"notification_email":"do_not_reply@maileva.com","sender_country_code":"FR","archiving_duration":3,"recipients_counts":{"draft":0,"pending":0,"processed":0,"rejected":0,"total":0},"custom_id":"01GVDJ16EK912TRWEND6W5RKS8","sender_address_line_1":"Tsilavina fanomezana","sender_address_line_2":"Tsilavina fanomezana","sender_address_line_4":"40 avenue de Clichy","sender_address_line_5":"","sender_address_line_6":"75018 paris 18"} []
2023-03-13T15:43:58.646650+02:00 |  client ip  | maileva.NOTICE:  ======================= []
2023-03-13T15:43:58.646695+02:00 |  client ip  | maileva.NOTICE:  ======================= []
2023-03-13T15:44:01.878133+02:00 |  client ip  | maileva.INFO:  ======================= []
2023-03-13T15:44:01.878267+02:00 |  client ip  | maileva.INFO:  parameters envoi :  []
2023-03-13T15:44:01.878301+02:00 |  client ip  | maileva.INFO:  {} []
2023-03-13T15:44:01.878336+02:00 |  client ip  | maileva.INFO:  ======================= []
2023-03-13T15:44:01.878364+02:00 |  client ip  | maileva.INFO:  connet to MailevaApi ...  :  []
2023-03-13T15:44:01.878392+02:00 |  client ip  | maileva.INFO:  ... []
2023-03-13T15:44:01.878419+02:00 |  client ip  | maileva.INFO:  ======================= []
2023-03-13T15:44:01.878445+02:00 |  client ip  | maileva.INFO:  user infos :  []
2023-03-13T15:44:01.878471+02:00 |  client ip  | maileva.INFO:  annonymous []
2023-03-13T15:44:02.530468+02:00 |  client ip  | maileva.INFO:  ======================= []
2023-03-13T15:44:02.530611+02:00 |  client ip  | maileva.INFO:  response addDocSending :  []
2023-03-13T15:44:02.530653+02:00 |  client ip  | maileva.INFO:  {"errors":[{"code":"MISSING_FILE","message":"There are no file to upload."}]} []
2023-03-13T15:44:02.530716+02:00 |  client ip  | maileva.NOTICE:  ======================= []
2023-03-13T15:44:02.530762+02:00 |  client ip  | maileva.NOTICE:  ======================= []
