2023-03-07T14:12:46.864389+02:00 |  client ip  | maileva.INFO:  ======================= []
2023-03-07T14:12:46.886886+02:00 |  client ip  | maileva.INFO:  parameters :  []
2023-03-07T14:12:46.886940+02:00 |  client ip  | maileva.INFO:  {"name":"R\u00e9siliation d'un abonnement t\u00e9l\u00e9phonique","custom_id":"01GTXYBEP9EFPTMPZVEGB5XPZS","custom_data":"{}","acknowledgement_of_receipt":true,"acknowledgement_of_receipt_scanning":false,"color_printing":true,"duplex_printing":false,"optional_address_sheet":false,"notification_email":"do_not_reply@maileva.com","sender_address_line_1":"tsilavina fanomezana","sender_address_line_2":"tsilavina fanomezana","sender_address_line_3":null,"sender_address_line_4":"10 avenue Charles de Gaulle","sender_address_line_5":"","sender_address_line_6":"94673 Charenton-Le-Pont","sender_country_code":"FR","archiving_duration":3} []
2023-03-07T14:12:46.899980+02:00 |  client ip  | maileva.INFO:  ======================= []
2023-03-07T14:12:46.900066+02:00 |  client ip  | maileva.INFO:  connet to MailevaApi ...  :  []
2023-03-07T14:12:46.900103+02:00 |  client ip  | maileva.INFO:  ... []
2023-03-07T14:12:46.900135+02:00 |  client ip  | maileva.INFO:  ======================= []
2023-03-07T14:12:46.900162+02:00 |  client ip  | maileva.INFO:  user infos :  []
2023-03-07T14:12:46.900189+02:00 |  client ip  | maileva.INFO:  annonymous []
2023-03-07T14:12:47.867094+02:00 |  client ip  | maileva.INFO:  ======================= []
2023-03-07T14:12:47.867239+02:00 |  client ip  | maileva.INFO:  response postSending :  []
2023-03-07T14:12:47.867316+02:00 |  client ip  | maileva.INFO:  {"id":"c0a1045b-e8b1-4609-bcd4-64ef8f69a526","name":"R\u00e9siliation d'un abonnement t\u00e9l\u00e9phonique","status":"DRAFT","acknowledgement_of_receipt":true,"acknowledgement_of_receipt_scanning":false,"creation_date":"2023-03-07T12:12:47.732Z","documents_count":0,"custom_data":"{}","color_printing":true,"duplex_printing":false,"optional_address_sheet":false,"system_address_sheet":true,"notification_email":"do_not_reply@maileva.com","sender_country_code":"FR","archiving_duration":3,"recipients_counts":{"draft":0,"pending":0,"processed":0,"rejected":0,"total":0},"custom_id":"01GTXYBEP9EFPTMPZVEGB5XPZS","sender_address_line_1":"tsilavina fanomezana","sender_address_line_2":"tsilavina fanomezana","sender_address_line_4":"10 avenue Charles de Gaulle","sender_address_line_5":"","sender_address_line_6":"94673 Charenton-Le-Pont"} []
2023-03-07T14:12:47.867357+02:00 |  client ip  | maileva.NOTICE:  ======================= []
2023-03-07T14:12:47.867389+02:00 |  client ip  | maileva.NOTICE:  ======================= []
2023-03-07T14:12:49.685325+02:00 |  client ip  | maileva.INFO:  ======================= []
2023-03-07T14:12:49.685441+02:00 |  client ip  | maileva.INFO:  parameters envoi :  []
2023-03-07T14:12:49.685497+02:00 |  client ip  | maileva.INFO:  {} []
2023-03-07T14:12:49.685548+02:00 |  client ip  | maileva.INFO:  ======================= []
2023-03-07T14:12:49.685611+02:00 |  client ip  | maileva.INFO:  connet to MailevaApi ...  :  []
2023-03-07T14:12:49.685639+02:00 |  client ip  | maileva.INFO:  ... []
2023-03-07T14:12:49.685683+02:00 |  client ip  | maileva.INFO:  ======================= []
2023-03-07T14:12:49.685721+02:00 |  client ip  | maileva.INFO:  user infos :  []
2023-03-07T14:12:49.685764+02:00 |  client ip  | maileva.INFO:  annonymous []
2023-03-07T14:12:50.337826+02:00 |  client ip  | maileva.INFO:  ======================= []
2023-03-07T14:12:50.337998+02:00 |  client ip  | maileva.INFO:  response submitSending :  []
2023-03-07T14:12:50.338076+02:00 |  client ip  | maileva.INFO:  null []
2023-03-07T14:12:50.338144+02:00 |  client ip  | maileva.NOTICE:  ======================= []
2023-03-07T14:12:50.338204+02:00 |  client ip  | maileva.NOTICE:  ======================= []
2023-03-07T14:12:53.030447+02:00 |  client ip  | maileva.INFO:  ======================= []
2023-03-07T14:12:53.030660+02:00 |  client ip  | maileva.INFO:  parameters envoi :  []
2023-03-07T14:12:53.030805+02:00 |  client ip  | maileva.INFO:  {} []
2023-03-07T14:12:53.030926+02:00 |  client ip  | maileva.INFO:  ======================= []
2023-03-07T14:12:53.031010+02:00 |  client ip  | maileva.INFO:  connet to MailevaApi ...  :  []
2023-03-07T14:12:53.031086+02:00 |  client ip  | maileva.INFO:  ... []
2023-03-07T14:12:53.031169+02:00 |  client ip  | maileva.INFO:  ======================= []
2023-03-07T14:12:53.031243+02:00 |  client ip  | maileva.INFO:  user infos :  []
2023-03-07T14:12:53.031316+02:00 |  client ip  | maileva.INFO:  annonymous []
2023-03-07T14:12:54.513333+02:00 |  client ip  | maileva.INFO:  ======================= []
2023-03-07T14:12:54.513637+02:00 |  client ip  | maileva.INFO:  response addDocSending :  []
2023-03-07T14:12:54.513802+02:00 |  client ip  | maileva.INFO:  {"timestamp":1678191174376,"status":500,"error":"Internal Server Error","message":"","path":"\/simple_registered_mail\/v1\/sendings\/c0a1045b-e8b1-4609-bcd4-64ef8f69a526\/documents"} []
2023-03-07T14:12:54.513935+02:00 |  client ip  | maileva.NOTICE:  ======================= []
2023-03-07T14:12:54.514191+02:00 |  client ip  | maileva.NOTICE:  ======================= []
2023-03-07T14:29:02.260705+02:00 |  client ip  | maileva.INFO:  ======================= []
2023-03-07T14:29:02.292355+02:00 |  client ip  | maileva.INFO:  parameters :  []
2023-03-07T14:29:02.292431+02:00 |  client ip  | maileva.INFO:  {"name":"R\u00e9siliation d'un abonnement t\u00e9l\u00e9phonique","custom_id":"01GTXYBEP9EFPTMPZVEGB5XPZS","custom_data":"{}","acknowledgement_of_receipt":true,"acknowledgement_of_receipt_scanning":false,"color_printing":true,"duplex_printing":false,"optional_address_sheet":false,"notification_email":"do_not_reply@maileva.com","sender_address_line_1":"tsilavina fanomezana","sender_address_line_2":"tsilavina fanomezana","sender_address_line_3":null,"sender_address_line_4":"10 avenue Charles de Gaulle","sender_address_line_5":"","sender_address_line_6":"94673 Charenton-Le-Pont","sender_country_code":"FR","archiving_duration":3} []
2023-03-07T14:29:02.292568+02:00 |  client ip  | maileva.INFO:  ======================= []
2023-03-07T14:29:02.292619+02:00 |  client ip  | maileva.INFO:  connet to MailevaApi ...  :  []
2023-03-07T14:29:02.292680+02:00 |  client ip  | maileva.INFO:  ... []
2023-03-07T14:29:02.292722+02:00 |  client ip  | maileva.INFO:  ======================= []
2023-03-07T14:29:02.292749+02:00 |  client ip  | maileva.INFO:  user infos :  []
2023-03-07T14:29:02.292790+02:00 |  client ip  | maileva.INFO:  annonymous []
2023-03-07T14:29:03.787179+02:00 |  client ip  | maileva.INFO:  ======================= []
2023-03-07T14:29:03.787510+02:00 |  client ip  | maileva.INFO:  response postSending :  []
2023-03-07T14:29:03.787673+02:00 |  client ip  | maileva.INFO:  {"id":"77eb3bb0-22ef-4589-97cb-8317c5121eb6","name":"R\u00e9siliation d'un abonnement t\u00e9l\u00e9phonique","status":"DRAFT","acknowledgement_of_receipt":true,"acknowledgement_of_receipt_scanning":false,"creation_date":"2023-03-07T12:29:03.670Z","documents_count":0,"custom_data":"{}","color_printing":true,"duplex_printing":false,"optional_address_sheet":false,"system_address_sheet":true,"notification_email":"do_not_reply@maileva.com","sender_country_code":"FR","archiving_duration":3,"recipients_counts":{"draft":0,"pending":0,"processed":0,"rejected":0,"total":0},"custom_id":"01GTXYBEP9EFPTMPZVEGB5XPZS","sender_address_line_1":"tsilavina fanomezana","sender_address_line_2":"tsilavina fanomezana","sender_address_line_4":"10 avenue Charles de Gaulle","sender_address_line_5":"","sender_address_line_6":"94673 Charenton-Le-Pont"} []
2023-03-07T14:29:03.787827+02:00 |  client ip  | maileva.NOTICE:  ======================= []
2023-03-07T14:29:03.787947+02:00 |  client ip  | maileva.NOTICE:  ======================= []
2023-03-07T14:29:05.140260+02:00 |  client ip  | maileva.INFO:  ======================= []
2023-03-07T14:29:05.140371+02:00 |  client ip  | maileva.INFO:  parameters envoi :  []
2023-03-07T14:29:05.140424+02:00 |  client ip  | maileva.INFO:  {} []
2023-03-07T14:29:05.140490+02:00 |  client ip  | maileva.INFO:  ======================= []
2023-03-07T14:29:05.140575+02:00 |  client ip  | maileva.INFO:  connet to MailevaApi ...  :  []
2023-03-07T14:29:05.140604+02:00 |  client ip  | maileva.INFO:  ... []
2023-03-07T14:29:05.140655+02:00 |  client ip  | maileva.INFO:  ======================= []
2023-03-07T14:29:05.140711+02:00 |  client ip  | maileva.INFO:  user infos :  []
2023-03-07T14:29:05.140737+02:00 |  client ip  | maileva.INFO:  annonymous []
2023-03-07T14:29:06.163163+02:00 |  client ip  | maileva.INFO:  ======================= []
2023-03-07T14:29:06.163336+02:00 |  client ip  | maileva.INFO:  response submitSending :  []
2023-03-07T14:29:06.163415+02:00 |  client ip  | maileva.INFO:  null []
2023-03-07T14:29:06.163479+02:00 |  client ip  | maileva.NOTICE:  ======================= []
2023-03-07T14:29:06.163545+02:00 |  client ip  | maileva.NOTICE:  ======================= []
2023-03-07T14:29:07.224731+02:00 |  client ip  | maileva.INFO:  ======================= []
2023-03-07T14:29:07.224946+02:00 |  client ip  | maileva.INFO:  parameters envoi :  []
2023-03-07T14:29:07.225036+02:00 |  client ip  | maileva.INFO:  {} []
2023-03-07T14:29:07.225118+02:00 |  client ip  | maileva.INFO:  ======================= []
2023-03-07T14:29:07.225186+02:00 |  client ip  | maileva.INFO:  connet to MailevaApi ...  :  []
2023-03-07T14:29:07.225251+02:00 |  client ip  | maileva.INFO:  ... []
2023-03-07T14:29:07.225314+02:00 |  client ip  | maileva.INFO:  ======================= []
2023-03-07T14:29:07.225374+02:00 |  client ip  | maileva.INFO:  user infos :  []
2023-03-07T14:29:07.225432+02:00 |  client ip  | maileva.INFO:  annonymous []
2023-03-07T14:29:08.260062+02:00 |  client ip  | maileva.INFO:  ======================= []
2023-03-07T14:29:08.260179+02:00 |  client ip  | maileva.INFO:  response addDocSending :  []
2023-03-07T14:29:08.260232+02:00 |  client ip  | maileva.INFO:  {"timestamp":1678192148126,"status":500,"error":"Internal Server Error","message":"","path":"\/simple_registered_mail\/v1\/sendings\/77eb3bb0-22ef-4589-97cb-8317c5121eb6\/documents"} []
2023-03-07T14:29:08.260279+02:00 |  client ip  | maileva.NOTICE:  ======================= []
2023-03-07T14:29:08.260320+02:00 |  client ip  | maileva.NOTICE:  ======================= []
2023-03-07T14:42:00.981463+02:00 |  client ip  | maileva.INFO:  ======================= []
2023-03-07T14:42:00.991752+02:00 |  client ip  | maileva.INFO:  parameters :  []
2023-03-07T14:42:00.991837+02:00 |  client ip  | maileva.INFO:  {"name":"R\u00e9siliation d'un abonnement t\u00e9l\u00e9phonique","custom_id":"01GTY1CC998RPTDE7S9WZ2QE42","custom_data":"{}","acknowledgement_of_receipt":true,"acknowledgement_of_receipt_scanning":false,"color_printing":true,"duplex_printing":false,"optional_address_sheet":false,"notification_email":"do_not_reply@maileva.com","sender_address_line_1":"fano Fano","sender_address_line_2":"fano Fano","sender_address_line_3":null,"sender_address_line_4":"10 avenue Charles de Gaulle","sender_address_line_5":"","sender_address_line_6":"94673 Charenton-Le-Pont","sender_country_code":"FR","archiving_duration":3} []
2023-03-07T14:42:00.991971+02:00 |  client ip  | maileva.INFO:  ======================= []
2023-03-07T14:42:00.992009+02:00 |  client ip  | maileva.INFO:  connet to MailevaApi ...  :  []
2023-03-07T14:42:00.992050+02:00 |  client ip  | maileva.INFO:  ... []
2023-03-07T14:42:00.992090+02:00 |  client ip  | maileva.INFO:  ======================= []
2023-03-07T14:42:00.992133+02:00 |  client ip  | maileva.INFO:  user infos :  []
2023-03-07T14:42:00.992171+02:00 |  client ip  | maileva.INFO:  annonymous []
2023-03-07T14:42:02.645013+02:00 |  client ip  | maileva.INFO:  ======================= []
2023-03-07T14:42:02.645202+02:00 |  client ip  | maileva.INFO:  response postSending :  []
2023-03-07T14:42:02.645292+02:00 |  client ip  | maileva.INFO:  {"id":"28e5953d-bfc3-41f7-96cb-7423d04a60c9","name":"R\u00e9siliation d'un abonnement t\u00e9l\u00e9phonique","status":"DRAFT","acknowledgement_of_receipt":true,"acknowledgement_of_receipt_scanning":false,"creation_date":"2023-03-07T12:42:02.529Z","documents_count":0,"custom_data":"{}","color_printing":true,"duplex_printing":false,"optional_address_sheet":false,"system_address_sheet":true,"notification_email":"do_not_reply@maileva.com","sender_country_code":"FR","archiving_duration":3,"recipients_counts":{"draft":0,"pending":0,"processed":0,"rejected":0,"total":0},"custom_id":"01GTY1CC998RPTDE7S9WZ2QE42","sender_address_line_1":"fano Fano","sender_address_line_2":"fano Fano","sender_address_line_4":"10 avenue Charles de Gaulle","sender_address_line_5":"","sender_address_line_6":"94673 Charenton-Le-Pont"} []
2023-03-07T14:42:02.645393+02:00 |  client ip  | maileva.NOTICE:  ======================= []
2023-03-07T14:42:02.645463+02:00 |  client ip  | maileva.NOTICE:  ======================= []
2023-03-07T14:42:03.897162+02:00 |  client ip  | maileva.INFO:  ======================= []
2023-03-07T14:42:03.897425+02:00 |  client ip  | maileva.INFO:  parameters envoi :  []
2023-03-07T14:42:03.897580+02:00 |  client ip  | maileva.INFO:  {} []
2023-03-07T14:42:03.897714+02:00 |  client ip  | maileva.INFO:  ======================= []
2023-03-07T14:42:03.897829+02:00 |  client ip  | maileva.INFO:  connet to MailevaApi ...  :  []
2023-03-07T14:42:03.897937+02:00 |  client ip  | maileva.INFO:  ... []
2023-03-07T14:42:03.898048+02:00 |  client ip  | maileva.INFO:  ======================= []
2023-03-07T14:42:03.898152+02:00 |  client ip  | maileva.INFO:  user infos :  []
2023-03-07T14:42:03.898254+02:00 |  client ip  | maileva.INFO:  annonymous []
2023-03-07T14:42:04.639710+02:00 |  client ip  | maileva.INFO:  ======================= []
2023-03-07T14:42:04.639934+02:00 |  client ip  | maileva.INFO:  response submitSending :  []
2023-03-07T14:42:04.640046+02:00 |  client ip  | maileva.INFO:  null []
2023-03-07T14:42:04.640135+02:00 |  client ip  | maileva.NOTICE:  ======================= []
2023-03-07T14:42:04.640213+02:00 |  client ip  | maileva.NOTICE:  ======================= []
2023-03-07T14:42:06.727690+02:00 |  client ip  | maileva.INFO:  ======================= []
2023-03-07T14:42:06.727915+02:00 |  client ip  | maileva.INFO:  parameters envoi :  []
2023-03-07T14:42:06.728023+02:00 |  client ip  | maileva.INFO:  {} []
2023-03-07T14:42:06.728127+02:00 |  client ip  | maileva.INFO:  ======================= []
2023-03-07T14:42:06.728215+02:00 |  client ip  | maileva.INFO:  connet to MailevaApi ...  :  []
2023-03-07T14:42:06.728299+02:00 |  client ip  | maileva.INFO:  ... []
2023-03-07T14:42:06.728382+02:00 |  client ip  | maileva.INFO:  ======================= []
2023-03-07T14:42:06.728460+02:00 |  client ip  | maileva.INFO:  user infos :  []
2023-03-07T14:42:06.728537+02:00 |  client ip  | maileva.INFO:  annonymous []
2023-03-07T14:42:07.757019+02:00 |  client ip  | maileva.INFO:  ======================= []
2023-03-07T14:42:07.757226+02:00 |  client ip  | maileva.INFO:  response addDocSending :  []
2023-03-07T14:42:07.757317+02:00 |  client ip  | maileva.INFO:  {"timestamp":1678192927644,"status":500,"error":"Internal Server Error","message":"","path":"\/simple_registered_mail\/v1\/sendings\/28e5953d-bfc3-41f7-96cb-7423d04a60c9\/documents"} []
2023-03-07T14:42:07.757398+02:00 |  client ip  | maileva.NOTICE:  ======================= []
2023-03-07T14:42:07.757470+02:00 |  client ip  | maileva.NOTICE:  ======================= []
2023-03-07T14:43:24.503133+02:00 |  client ip  | maileva.INFO:  ======================= []
2023-03-07T14:43:24.503294+02:00 |  client ip  | maileva.INFO:  parameters :  []
2023-03-07T14:43:24.503366+02:00 |  client ip  | maileva.INFO:  {"name":"R\u00e9siliation d'un abonnement t\u00e9l\u00e9phonique","custom_id":"01GTY1CC998RPTDE7S9WZ2QE42","custom_data":"{}","acknowledgement_of_receipt":true,"acknowledgement_of_receipt_scanning":false,"color_printing":true,"duplex_printing":false,"optional_address_sheet":false,"notification_email":"do_not_reply@maileva.com","sender_address_line_1":"fano Fano","sender_address_line_2":"fano Fano","sender_address_line_3":null,"sender_address_line_4":"10 avenue Charles de Gaulle","sender_address_line_5":"","sender_address_line_6":"94673 Charenton-Le-Pont","sender_country_code":"FR","archiving_duration":3} []
2023-03-07T14:43:24.503482+02:00 |  client ip  | maileva.INFO:  ======================= []
2023-03-07T14:43:24.503517+02:00 |  client ip  | maileva.INFO:  connet to MailevaApi ...  :  []
2023-03-07T14:43:24.503578+02:00 |  client ip  | maileva.INFO:  ... []
2023-03-07T14:43:24.503607+02:00 |  client ip  | maileva.INFO:  ======================= []
2023-03-07T14:43:24.503652+02:00 |  client ip  | maileva.INFO:  user infos :  []
2023-03-07T14:43:24.503678+02:00 |  client ip  | maileva.INFO:  annonymous []
2023-03-07T14:43:25.208697+02:00 |  client ip  | maileva.INFO:  ======================= []
2023-03-07T14:43:25.208800+02:00 |  client ip  | maileva.INFO:  response postSending :  []
2023-03-07T14:43:25.208865+02:00 |  client ip  | maileva.INFO:  {"id":"7b4048c9-2e2d-4dce-bbce-9146848490c1","name":"R\u00e9siliation d'un abonnement t\u00e9l\u00e9phonique","status":"DRAFT","acknowledgement_of_receipt":true,"acknowledgement_of_receipt_scanning":false,"creation_date":"2023-03-07T12:43:25.093Z","documents_count":0,"custom_data":"{}","color_printing":true,"duplex_printing":false,"optional_address_sheet":false,"system_address_sheet":true,"notification_email":"do_not_reply@maileva.com","sender_country_code":"FR","archiving_duration":3,"recipients_counts":{"draft":0,"pending":0,"processed":0,"rejected":0,"total":0},"custom_id":"01GTY1CC998RPTDE7S9WZ2QE42","sender_address_line_1":"fano Fano","sender_address_line_2":"fano Fano","sender_address_line_4":"10 avenue Charles de Gaulle","sender_address_line_5":"","sender_address_line_6":"94673 Charenton-Le-Pont"} []
2023-03-07T14:43:25.208913+02:00 |  client ip  | maileva.NOTICE:  ======================= []
2023-03-07T14:43:25.208952+02:00 |  client ip  | maileva.NOTICE:  ======================= []
2023-03-07T14:43:27.049500+02:00 |  client ip  | maileva.INFO:  ======================= []
2023-03-07T14:43:27.049606+02:00 |  client ip  | maileva.INFO:  parameters envoi :  []
2023-03-07T14:43:27.049660+02:00 |  client ip  | maileva.INFO:  {} []
2023-03-07T14:43:27.049708+02:00 |  client ip  | maileva.INFO:  ======================= []
2023-03-07T14:43:27.049769+02:00 |  client ip  | maileva.INFO:  connet to MailevaApi ...  :  []
2023-03-07T14:43:27.049814+02:00 |  client ip  | maileva.INFO:  ... []
2023-03-07T14:43:27.049862+02:00 |  client ip  | maileva.INFO:  ======================= []
2023-03-07T14:43:27.049918+02:00 |  client ip  | maileva.INFO:  user infos :  []
2023-03-07T14:43:27.049944+02:00 |  client ip  | maileva.INFO:  annonymous []
2023-03-07T14:43:27.774375+02:00 |  client ip  | maileva.INFO:  ======================= []
2023-03-07T14:43:27.774497+02:00 |  client ip  | maileva.INFO:  response submitSending :  []
2023-03-07T14:43:27.774550+02:00 |  client ip  | maileva.INFO:  null []
2023-03-07T14:43:27.774608+02:00 |  client ip  | maileva.NOTICE:  ======================= []
2023-03-07T14:43:27.774640+02:00 |  client ip  | maileva.NOTICE:  ======================= []
2023-03-07T14:43:28.987097+02:00 |  client ip  | maileva.INFO:  ======================= []
2023-03-07T14:43:28.987255+02:00 |  client ip  | maileva.INFO:  parameters envoi :  []
2023-03-07T14:43:28.987312+02:00 |  client ip  | maileva.INFO:  {} []
2023-03-07T14:43:28.987363+02:00 |  client ip  | maileva.INFO:  ======================= []
2023-03-07T14:43:28.987405+02:00 |  client ip  | maileva.INFO:  connet to MailevaApi ...  :  []
2023-03-07T14:43:28.987450+02:00 |  client ip  | maileva.INFO:  ... []
2023-03-07T14:43:28.987492+02:00 |  client ip  | maileva.INFO:  ======================= []
2023-03-07T14:43:28.987531+02:00 |  client ip  | maileva.INFO:  user infos :  []
2023-03-07T14:43:28.987572+02:00 |  client ip  | maileva.INFO:  annonymous []
2023-03-07T14:43:30.087720+02:00 |  client ip  | maileva.INFO:  ======================= []
2023-03-07T14:43:30.087858+02:00 |  client ip  | maileva.INFO:  response addDocSending :  []
2023-03-07T14:43:30.087909+02:00 |  client ip  | maileva.INFO:  {"timestamp":1678193009976,"status":500,"error":"Internal Server Error","message":"","path":"\/simple_registered_mail\/v1\/sendings\/7b4048c9-2e2d-4dce-bbce-9146848490c1\/documents"} []
2023-03-07T14:43:30.088000+02:00 |  client ip  | maileva.NOTICE:  ======================= []
2023-03-07T14:43:30.088041+02:00 |  client ip  | maileva.NOTICE:  ======================= []
2023-03-07T14:44:10.869679+02:00 |  client ip  | maileva.INFO:  ======================= []
2023-03-07T14:44:10.869939+02:00 |  client ip  | maileva.INFO:  parameters :  []
2023-03-07T14:44:10.870019+02:00 |  client ip  | maileva.INFO:  {"name":"R\u00e9siliation d'un abonnement t\u00e9l\u00e9phonique","custom_id":"01GTY1CC998RPTDE7S9WZ2QE42","custom_data":"{}","acknowledgement_of_receipt":true,"acknowledgement_of_receipt_scanning":false,"color_printing":true,"duplex_printing":false,"optional_address_sheet":false,"notification_email":"do_not_reply@maileva.com","sender_address_line_1":"fano Fano","sender_address_line_2":"fano Fano","sender_address_line_3":null,"sender_address_line_4":"10 avenue Charles de Gaulle","sender_address_line_5":"","sender_address_line_6":"94673 Charenton-Le-Pont","sender_country_code":"FR","archiving_duration":3} []
2023-03-07T14:44:10.870171+02:00 |  client ip  | maileva.INFO:  ======================= []
2023-03-07T14:44:10.870241+02:00 |  client ip  | maileva.INFO:  connet to MailevaApi ...  :  []
2023-03-07T14:44:10.870307+02:00 |  client ip  | maileva.INFO:  ... []
2023-03-07T14:44:10.870363+02:00 |  client ip  | maileva.INFO:  ======================= []
2023-03-07T14:44:10.870413+02:00 |  client ip  | maileva.INFO:  user infos :  []
2023-03-07T14:44:10.870463+02:00 |  client ip  | maileva.INFO:  annonymous []
2023-03-07T14:44:11.795524+02:00 |  client ip  | maileva.INFO:  ======================= []
2023-03-07T14:44:11.795757+02:00 |  client ip  | maileva.INFO:  response postSending :  []
2023-03-07T14:44:11.795866+02:00 |  client ip  | maileva.INFO:  {"id":"f84be17b-81b6-42aa-a2cc-cf4f237278a8","name":"R\u00e9siliation d'un abonnement t\u00e9l\u00e9phonique","status":"DRAFT","acknowledgement_of_receipt":true,"acknowledgement_of_receipt_scanning":false,"creation_date":"2023-03-07T12:44:11.656Z","documents_count":0,"custom_data":"{}","color_printing":true,"duplex_printing":false,"optional_address_sheet":false,"system_address_sheet":true,"notification_email":"do_not_reply@maileva.com","sender_country_code":"FR","archiving_duration":3,"recipients_counts":{"draft":0,"pending":0,"processed":0,"rejected":0,"total":0},"custom_id":"01GTY1CC998RPTDE7S9WZ2QE42","sender_address_line_1":"fano Fano","sender_address_line_2":"fano Fano","sender_address_line_4":"10 avenue Charles de Gaulle","sender_address_line_5":"","sender_address_line_6":"94673 Charenton-Le-Pont"} []
2023-03-07T14:44:11.795987+02:00 |  client ip  | maileva.NOTICE:  ======================= []
2023-03-07T14:44:11.796073+02:00 |  client ip  | maileva.NOTICE:  ======================= []
2023-03-07T14:44:12.872612+02:00 |  client ip  | maileva.INFO:  ======================= []
2023-03-07T14:44:12.872748+02:00 |  client ip  | maileva.INFO:  parameters envoi :  []
2023-03-07T14:44:12.872806+02:00 |  client ip  | maileva.INFO:  {} []
2023-03-07T14:44:12.872859+02:00 |  client ip  | maileva.INFO:  ======================= []
2023-03-07T14:44:12.872901+02:00 |  client ip  | maileva.INFO:  connet to MailevaApi ...  :  []
2023-03-07T14:44:12.872942+02:00 |  client ip  | maileva.INFO:  ... []
2023-03-07T14:44:12.872981+02:00 |  client ip  | maileva.INFO:  ======================= []
2023-03-07T14:44:12.873018+02:00 |  client ip  | maileva.INFO:  user infos :  []
2023-03-07T14:44:12.873054+02:00 |  client ip  | maileva.INFO:  annonymous []
2023-03-07T14:44:13.602363+02:00 |  client ip  | maileva.INFO:  ======================= []
2023-03-07T14:44:13.602626+02:00 |  client ip  | maileva.INFO:  response submitSending :  []
2023-03-07T14:44:13.602784+02:00 |  client ip  | maileva.INFO:  null []
2023-03-07T14:44:13.602897+02:00 |  client ip  | maileva.NOTICE:  ======================= []
2023-03-07T14:44:13.602998+02:00 |  client ip  | maileva.NOTICE:  ======================= []
2023-03-07T14:44:14.838443+02:00 |  client ip  | maileva.INFO:  ======================= []
2023-03-07T14:44:14.838561+02:00 |  client ip  | maileva.INFO:  parameters envoi :  []
2023-03-07T14:44:14.838617+02:00 |  client ip  | maileva.INFO:  {} []
2023-03-07T14:44:14.838658+02:00 |  client ip  | maileva.INFO:  ======================= []
2023-03-07T14:44:14.838691+02:00 |  client ip  | maileva.INFO:  connet to MailevaApi ...  :  []
2023-03-07T14:44:14.838759+02:00 |  client ip  | maileva.INFO:  ... []
2023-03-07T14:44:14.838792+02:00 |  client ip  | maileva.INFO:  ======================= []
2023-03-07T14:44:14.838819+02:00 |  client ip  | maileva.INFO:  user infos :  []
2023-03-07T14:44:14.838848+02:00 |  client ip  | maileva.INFO:  annonymous []
2023-03-07T14:44:15.687950+02:00 |  client ip  | maileva.INFO:  ======================= []
2023-03-07T14:44:15.688143+02:00 |  client ip  | maileva.INFO:  response addDocSending :  []
2023-03-07T14:44:15.688237+02:00 |  client ip  | maileva.INFO:  {"timestamp":1678193055576,"status":500,"error":"Internal Server Error","message":"","path":"\/simple_registered_mail\/v1\/sendings\/f84be17b-81b6-42aa-a2cc-cf4f237278a8\/documents"} []
2023-03-07T14:44:15.688319+02:00 |  client ip  | maileva.NOTICE:  ======================= []
2023-03-07T14:44:15.688393+02:00 |  client ip  | maileva.NOTICE:  ======================= []
2023-03-07T14:47:35.388564+02:00 |  client ip  | maileva.INFO:  ======================= []
2023-03-07T14:47:35.404432+02:00 |  client ip  | maileva.INFO:  parameters :  []
2023-03-07T14:47:35.404510+02:00 |  client ip  | maileva.INFO:  {"name":"R\u00e9siliation d'un abonnement t\u00e9l\u00e9phonique","custom_id":"01GTY1CC998RPTDE7S9WZ2QE42","custom_data":"{}","acknowledgement_of_receipt":true,"acknowledgement_of_receipt_scanning":false,"color_printing":true,"duplex_printing":false,"optional_address_sheet":false,"notification_email":"do_not_reply@maileva.com","sender_address_line_1":"fano Fano","sender_address_line_2":"fano Fano","sender_address_line_3":null,"sender_address_line_4":"10 avenue Charles de Gaulle","sender_address_line_5":"","sender_address_line_6":"94673 Charenton-Le-Pont","sender_country_code":"FR","archiving_duration":3} []
2023-03-07T14:47:35.404610+02:00 |  client ip  | maileva.INFO:  ======================= []
2023-03-07T14:47:35.404654+02:00 |  client ip  | maileva.INFO:  connet to MailevaApi ...  :  []
2023-03-07T14:47:35.404698+02:00 |  client ip  | maileva.INFO:  ... []
2023-03-07T14:47:35.404730+02:00 |  client ip  | maileva.INFO:  ======================= []
2023-03-07T14:47:35.404760+02:00 |  client ip  | maileva.INFO:  user infos :  []
2023-03-07T14:47:35.404790+02:00 |  client ip  | maileva.INFO:  annonymous []
2023-03-07T14:47:36.276321+02:00 |  client ip  | maileva.INFO:  ======================= []
2023-03-07T14:47:36.276475+02:00 |  client ip  | maileva.INFO:  response postSending :  []
2023-03-07T14:47:36.276523+02:00 |  client ip  | maileva.INFO:  {"id":"076141c8-a499-46c2-8343-c7951d502707","name":"R\u00e9siliation d'un abonnement t\u00e9l\u00e9phonique","status":"DRAFT","acknowledgement_of_receipt":true,"acknowledgement_of_receipt_scanning":false,"creation_date":"2023-03-07T12:47:36.157Z","documents_count":0,"custom_data":"{}","color_printing":true,"duplex_printing":false,"optional_address_sheet":false,"system_address_sheet":true,"notification_email":"do_not_reply@maileva.com","sender_country_code":"FR","archiving_duration":3,"recipients_counts":{"draft":0,"pending":0,"processed":0,"rejected":0,"total":0},"custom_id":"01GTY1CC998RPTDE7S9WZ2QE42","sender_address_line_1":"fano Fano","sender_address_line_2":"fano Fano","sender_address_line_4":"10 avenue Charles de Gaulle","sender_address_line_5":"","sender_address_line_6":"94673 Charenton-Le-Pont"} []
2023-03-07T14:47:36.276565+02:00 |  client ip  | maileva.NOTICE:  ======================= []
2023-03-07T14:47:36.276597+02:00 |  client ip  | maileva.NOTICE:  ======================= []
2023-03-07T14:47:37.391669+02:00 |  client ip  | maileva.INFO:  ======================= []
2023-03-07T14:47:37.391893+02:00 |  client ip  | maileva.INFO:  parameters envoi :  []
2023-03-07T14:47:37.391983+02:00 |  client ip  | maileva.INFO:  {} []
2023-03-07T14:47:37.392065+02:00 |  client ip  | maileva.INFO:  ======================= []
2023-03-07T14:47:37.392136+02:00 |  client ip  | maileva.INFO:  connet to MailevaApi ...  :  []
2023-03-07T14:47:37.392201+02:00 |  client ip  | maileva.INFO:  ... []
2023-03-07T14:47:37.392269+02:00 |  client ip  | maileva.INFO:  ======================= []
2023-03-07T14:47:37.392329+02:00 |  client ip  | maileva.INFO:  user infos :  []
2023-03-07T14:47:37.392388+02:00 |  client ip  | maileva.INFO:  annonymous []
2023-03-07T14:47:38.028375+02:00 |  client ip  | maileva.INFO:  ======================= []
2023-03-07T14:47:38.028504+02:00 |  client ip  | maileva.INFO:  response submitSending :  []
2023-03-07T14:47:38.028594+02:00 |  client ip  | maileva.INFO:  null []
2023-03-07T14:47:38.028644+02:00 |  client ip  | maileva.NOTICE:  ======================= []
2023-03-07T14:47:38.028687+02:00 |  client ip  | maileva.NOTICE:  ======================= []
2023-03-07T14:47:39.063109+02:00 |  client ip  | maileva.INFO:  ======================= []
2023-03-07T14:47:39.063243+02:00 |  client ip  | maileva.INFO:  parameters envoi :  []
2023-03-07T14:47:39.063300+02:00 |  client ip  | maileva.INFO:  {} []
2023-03-07T14:47:39.063352+02:00 |  client ip  | maileva.INFO:  ======================= []
2023-03-07T14:47:39.063397+02:00 |  client ip  | maileva.INFO:  connet to MailevaApi ...  :  []
2023-03-07T14:47:39.063439+02:00 |  client ip  | maileva.INFO:  ... []
2023-03-07T14:47:39.063482+02:00 |  client ip  | maileva.INFO:  ======================= []
2023-03-07T14:47:39.063521+02:00 |  client ip  | maileva.INFO:  user infos :  []
2023-03-07T14:47:39.063560+02:00 |  client ip  | maileva.INFO:  annonymous []
2023-03-07T14:47:39.830254+02:00 |  client ip  | maileva.INFO:  ======================= []
2023-03-07T14:47:39.830493+02:00 |  client ip  | maileva.INFO:  response addDocSending :  []
2023-03-07T14:47:39.830586+02:00 |  client ip  | maileva.INFO:  {"id":"3502fd63-3ef8-4d9d-9fba-50ce1f991640","name":"lettre_resiliation.pdf","priority":1,"type":"application\/pdf","size":857,"converted_size":0,"pages_count":0,"sheets_count":0} []
2023-03-07T14:47:39.830666+02:00 |  client ip  | maileva.NOTICE:  ======================= []
2023-03-07T14:47:39.830784+02:00 |  client ip  | maileva.NOTICE:  ======================= []
2023-03-07T14:47:55.720458+02:00 |  client ip  | maileva.INFO:  ======================= []
2023-03-07T14:47:55.720618+02:00 |  client ip  | maileva.INFO:  parameters :  []
2023-03-07T14:47:55.720688+02:00 |  client ip  | maileva.INFO:  {"name":"R\u00e9siliation d'un abonnement t\u00e9l\u00e9phonique","custom_id":"01GTY1CC998RPTDE7S9WZ2QE42","custom_data":"{}","acknowledgement_of_receipt":true,"acknowledgement_of_receipt_scanning":false,"color_printing":true,"duplex_printing":false,"optional_address_sheet":false,"notification_email":"do_not_reply@maileva.com","sender_address_line_1":"fano Fano","sender_address_line_2":"fano Fano","sender_address_line_3":null,"sender_address_line_4":"10 avenue Charles de Gaulle","sender_address_line_5":"","sender_address_line_6":"94673 Charenton-Le-Pont","sender_country_code":"FR","archiving_duration":3} []
2023-03-07T14:47:55.720796+02:00 |  client ip  | maileva.INFO:  ======================= []
2023-03-07T14:47:55.720844+02:00 |  client ip  | maileva.INFO:  connet to MailevaApi ...  :  []
2023-03-07T14:47:55.720886+02:00 |  client ip  | maileva.INFO:  ... []
2023-03-07T14:47:55.720914+02:00 |  client ip  | maileva.INFO:  ======================= []
2023-03-07T14:47:55.720953+02:00 |  client ip  | maileva.INFO:  user infos :  []
2023-03-07T14:47:55.721010+02:00 |  client ip  | maileva.INFO:  annonymous []
2023-03-07T14:47:56.368515+02:00 |  client ip  | maileva.INFO:  ======================= []
2023-03-07T14:47:56.368669+02:00 |  client ip  | maileva.INFO:  response postSending :  []
2023-03-07T14:47:56.368741+02:00 |  client ip  | maileva.INFO:  {"id":"cda2f21e-e38e-4885-9331-235e8ef103dd","name":"R\u00e9siliation d'un abonnement t\u00e9l\u00e9phonique","status":"DRAFT","acknowledgement_of_receipt":true,"acknowledgement_of_receipt_scanning":false,"creation_date":"2023-03-07T12:47:56.250Z","documents_count":0,"custom_data":"{}","color_printing":true,"duplex_printing":false,"optional_address_sheet":false,"system_address_sheet":true,"notification_email":"do_not_reply@maileva.com","sender_country_code":"FR","archiving_duration":3,"recipients_counts":{"draft":0,"pending":0,"processed":0,"rejected":0,"total":0},"custom_id":"01GTY1CC998RPTDE7S9WZ2QE42","sender_address_line_1":"fano Fano","sender_address_line_2":"fano Fano","sender_address_line_4":"10 avenue Charles de Gaulle","sender_address_line_5":"","sender_address_line_6":"94673 Charenton-Le-Pont"} []
2023-03-07T14:47:56.368826+02:00 |  client ip  | maileva.NOTICE:  ======================= []
2023-03-07T14:47:56.368892+02:00 |  client ip  | maileva.NOTICE:  ======================= []
2023-03-07T14:47:57.473835+02:00 |  client ip  | maileva.INFO:  ======================= []
2023-03-07T14:47:57.473986+02:00 |  client ip  | maileva.INFO:  parameters envoi :  []
2023-03-07T14:47:57.474069+02:00 |  client ip  | maileva.INFO:  {} []
2023-03-07T14:47:57.474157+02:00 |  client ip  | maileva.INFO:  ======================= []
2023-03-07T14:47:57.474230+02:00 |  client ip  | maileva.INFO:  connet to MailevaApi ...  :  []
2023-03-07T14:47:57.474299+02:00 |  client ip  | maileva.INFO:  ... []
2023-03-07T14:47:57.474371+02:00 |  client ip  | maileva.INFO:  ======================= []
2023-03-07T14:47:57.474437+02:00 |  client ip  | maileva.INFO:  user infos :  []
2023-03-07T14:47:57.474505+02:00 |  client ip  | maileva.INFO:  annonymous []
2023-03-07T14:47:58.220971+02:00 |  client ip  | maileva.INFO:  ======================= []
2023-03-07T14:47:58.221226+02:00 |  client ip  | maileva.INFO:  response submitSending :  []
2023-03-07T14:47:58.221347+02:00 |  client ip  | maileva.INFO:  null []
2023-03-07T14:47:58.221460+02:00 |  client ip  | maileva.NOTICE:  ======================= []
2023-03-07T14:47:58.221624+02:00 |  client ip  | maileva.NOTICE:  ======================= []
2023-03-07T14:47:59.197516+02:00 |  client ip  | maileva.INFO:  ======================= []
2023-03-07T14:47:59.197756+02:00 |  client ip  | maileva.INFO:  parameters envoi :  []
2023-03-07T14:47:59.197851+02:00 |  client ip  | maileva.INFO:  {} []
2023-03-07T14:47:59.197932+02:00 |  client ip  | maileva.INFO:  ======================= []
2023-03-07T14:47:59.198005+02:00 |  client ip  | maileva.INFO:  connet to MailevaApi ...  :  []
2023-03-07T14:47:59.198067+02:00 |  client ip  | maileva.INFO:  ... []
2023-03-07T14:47:59.198135+02:00 |  client ip  | maileva.INFO:  ======================= []
2023-03-07T14:47:59.198193+02:00 |  client ip  | maileva.INFO:  user infos :  []
2023-03-07T14:47:59.198248+02:00 |  client ip  | maileva.INFO:  annonymous []
2023-03-07T14:47:59.966950+02:00 |  client ip  | maileva.INFO:  ======================= []
2023-03-07T14:47:59.967188+02:00 |  client ip  | maileva.INFO:  response addDocSending :  []
2023-03-07T14:47:59.967304+02:00 |  client ip  | maileva.INFO:  {"id":"4cf3d1c6-83dc-4a2e-9ab6-59660eaf0a77","name":"lettre_resiliation.pdf","priority":1,"type":"application\/pdf","size":857,"converted_size":0,"pages_count":0,"sheets_count":0} []
2023-03-07T14:47:59.967407+02:00 |  client ip  | maileva.NOTICE:  ======================= []
2023-03-07T14:47:59.967498+02:00 |  client ip  | maileva.NOTICE:  ======================= []
2023-03-07T14:49:56.948017+02:00 |  client ip  | maileva.INFO:  ======================= []
2023-03-07T14:49:56.948309+02:00 |  client ip  | maileva.INFO:  parameters :  []
2023-03-07T14:49:56.948400+02:00 |  client ip  | maileva.INFO:  {"name":"R\u00e9siliation d'un abonnement t\u00e9l\u00e9phonique","custom_id":"01GTY1XXZDTBKEGACBZ8QY391E","custom_data":"{}","acknowledgement_of_receipt":true,"acknowledgement_of_receipt_scanning":false,"color_printing":true,"duplex_printing":false,"optional_address_sheet":false,"notification_email":"do_not_reply@maileva.com","sender_address_line_1":"fano Fano","sender_address_line_2":"fano Fano","sender_address_line_3":null,"sender_address_line_4":"40 avenue de Clichy","sender_address_line_5":"","sender_address_line_6":"75018 paris 18","sender_country_code":"FR","archiving_duration":3} []
2023-03-07T14:49:56.948565+02:00 |  client ip  | maileva.INFO:  ======================= []
2023-03-07T14:49:56.948634+02:00 |  client ip  | maileva.INFO:  connet to MailevaApi ...  :  []
2023-03-07T14:49:56.948691+02:00 |  client ip  | maileva.INFO:  ... []
2023-03-07T14:49:56.948746+02:00 |  client ip  | maileva.INFO:  ======================= []
2023-03-07T14:49:56.948797+02:00 |  client ip  | maileva.INFO:  user infos :  []
2023-03-07T14:49:56.948846+02:00 |  client ip  | maileva.INFO:  annonymous []
2023-03-07T14:49:57.705186+02:00 |  client ip  | maileva.INFO:  ======================= []
2023-03-07T14:49:57.705445+02:00 |  client ip  | maileva.INFO:  response postSending :  []
2023-03-07T14:49:57.705571+02:00 |  client ip  | maileva.INFO:  {"id":"3794d435-a618-4af8-b362-26fe335d05dd","name":"R\u00e9siliation d'un abonnement t\u00e9l\u00e9phonique","status":"DRAFT","acknowledgement_of_receipt":true,"acknowledgement_of_receipt_scanning":false,"creation_date":"2023-03-07T12:49:57.589Z","documents_count":0,"custom_data":"{}","color_printing":true,"duplex_printing":false,"optional_address_sheet":false,"system_address_sheet":true,"notification_email":"do_not_reply@maileva.com","sender_country_code":"FR","archiving_duration":3,"recipients_counts":{"draft":0,"pending":0,"processed":0,"rejected":0,"total":0},"custom_id":"01GTY1XXZDTBKEGACBZ8QY391E","sender_address_line_1":"fano Fano","sender_address_line_2":"fano Fano","sender_address_line_4":"40 avenue de Clichy","sender_address_line_5":"","sender_address_line_6":"75018 paris 18"} []
2023-03-07T14:49:57.705700+02:00 |  client ip  | maileva.NOTICE:  ======================= []
2023-03-07T14:49:57.705802+02:00 |  client ip  | maileva.NOTICE:  ======================= []
2023-03-07T14:49:58.853780+02:00 |  client ip  | maileva.INFO:  ======================= []
2023-03-07T14:49:58.853973+02:00 |  client ip  | maileva.INFO:  parameters envoi :  []
2023-03-07T14:49:58.854047+02:00 |  client ip  | maileva.INFO:  {} []
2023-03-07T14:49:58.854110+02:00 |  client ip  | maileva.INFO:  ======================= []
2023-03-07T14:49:58.854144+02:00 |  client ip  | maileva.INFO:  connet to MailevaApi ...  :  []
2023-03-07T14:49:58.854174+02:00 |  client ip  | maileva.INFO:  ... []
2023-03-07T14:49:58.854207+02:00 |  client ip  | maileva.INFO:  ======================= []
2023-03-07T14:49:58.854236+02:00 |  client ip  | maileva.INFO:  user infos :  []
2023-03-07T14:49:58.854265+02:00 |  client ip  | maileva.INFO:  annonymous []
2023-03-07T14:49:59.506797+02:00 |  client ip  | maileva.INFO:  ======================= []
2023-03-07T14:49:59.507000+02:00 |  client ip  | maileva.INFO:  response submitSending :  []
2023-03-07T14:49:59.507086+02:00 |  client ip  | maileva.INFO:  null []
2023-03-07T14:49:59.507156+02:00 |  client ip  | maileva.NOTICE:  ======================= []
2023-03-07T14:49:59.507216+02:00 |  client ip  | maileva.NOTICE:  ======================= []
2023-03-07T14:50:02.307808+02:00 |  client ip  | maileva.INFO:  ======================= []
2023-03-07T14:50:02.308046+02:00 |  client ip  | maileva.INFO:  parameters envoi :  []
2023-03-07T14:50:02.308158+02:00 |  client ip  | maileva.INFO:  {} []
2023-03-07T14:50:02.308261+02:00 |  client ip  | maileva.INFO:  ======================= []
2023-03-07T14:50:02.308348+02:00 |  client ip  | maileva.INFO:  connet to MailevaApi ...  :  []
2023-03-07T14:50:02.308431+02:00 |  client ip  | maileva.INFO:  ... []
2023-03-07T14:50:02.308513+02:00 |  client ip  | maileva.INFO:  ======================= []
2023-03-07T14:50:02.308592+02:00 |  client ip  | maileva.INFO:  user infos :  []
2023-03-07T14:50:02.308669+02:00 |  client ip  | maileva.INFO:  annonymous []
2023-03-07T14:50:03.115321+02:00 |  client ip  | maileva.INFO:  ======================= []
2023-03-07T14:50:03.115438+02:00 |  client ip  | maileva.INFO:  response addDocSending :  []
2023-03-07T14:50:03.115490+02:00 |  client ip  | maileva.INFO:  {"id":"10c03875-ddbd-4d20-8441-2cdce19e5aa1","name":"lettre_resiliation.pdf","priority":1,"type":"application\/pdf","size":857,"converted_size":0,"pages_count":0,"sheets_count":0} []
2023-03-07T14:50:03.115552+02:00 |  client ip  | maileva.NOTICE:  ======================= []
2023-03-07T14:50:03.115616+02:00 |  client ip  | maileva.NOTICE:  ======================= []
2023-03-07T14:53:41.914084+02:00 |  client ip  | maileva.INFO:  ======================= []
2023-03-07T14:53:41.914293+02:00 |  client ip  | maileva.INFO:  parameters :  []
2023-03-07T14:53:41.914363+02:00 |  client ip  | maileva.INFO:  {"name":"R\u00e9siliation d'un abonnement t\u00e9l\u00e9phonique","custom_id":"01GTY1XXZDTBKEGACBZ8QY391E","custom_data":"{}","acknowledgement_of_receipt":true,"acknowledgement_of_receipt_scanning":false,"color_printing":true,"duplex_printing":false,"optional_address_sheet":false,"notification_email":"do_not_reply@maileva.com","sender_address_line_1":"fano Fano","sender_address_line_2":"fano Fano","sender_address_line_3":null,"sender_address_line_4":"40 avenue de Clichy","sender_address_line_5":"","sender_address_line_6":"75018 paris 18","sender_country_code":"FR","archiving_duration":3} []
2023-03-07T14:53:41.914490+02:00 |  client ip  | maileva.INFO:  ======================= []
2023-03-07T14:53:41.914538+02:00 |  client ip  | maileva.INFO:  connet to MailevaApi ...  :  []
2023-03-07T14:53:41.914582+02:00 |  client ip  | maileva.INFO:  ... []
2023-03-07T14:53:41.914627+02:00 |  client ip  | maileva.INFO:  ======================= []
2023-03-07T14:53:41.914654+02:00 |  client ip  | maileva.INFO:  user infos :  []
2023-03-07T14:53:41.914682+02:00 |  client ip  | maileva.INFO:  annonymous []
2023-03-07T14:53:42.573635+02:00 |  client ip  | maileva.INFO:  ======================= []
2023-03-07T14:53:42.573821+02:00 |  client ip  | maileva.INFO:  response postSending :  []
2023-03-07T14:53:42.573899+02:00 |  client ip  | maileva.INFO:  {"id":"ccf11a96-b656-4d1a-b18a-a63738caa725","name":"R\u00e9siliation d'un abonnement t\u00e9l\u00e9phonique","status":"DRAFT","acknowledgement_of_receipt":true,"acknowledgement_of_receipt_scanning":false,"creation_date":"2023-03-07T12:53:42.457Z","documents_count":0,"custom_data":"{}","color_printing":true,"duplex_printing":false,"optional_address_sheet":false,"system_address_sheet":true,"notification_email":"do_not_reply@maileva.com","sender_country_code":"FR","archiving_duration":3,"recipients_counts":{"draft":0,"pending":0,"processed":0,"rejected":0,"total":0},"custom_id":"01GTY1XXZDTBKEGACBZ8QY391E","sender_address_line_1":"fano Fano","sender_address_line_2":"fano Fano","sender_address_line_4":"40 avenue de Clichy","sender_address_line_5":"","sender_address_line_6":"75018 paris 18"} []
2023-03-07T14:53:42.573991+02:00 |  client ip  | maileva.NOTICE:  ======================= []
2023-03-07T14:53:42.574054+02:00 |  client ip  | maileva.NOTICE:  ======================= []
2023-03-07T14:53:44.369471+02:00 |  client ip  | maileva.INFO:  ======================= []
2023-03-07T14:53:44.369682+02:00 |  client ip  | maileva.INFO:  parameters envoi :  []
2023-03-07T14:53:44.369780+02:00 |  client ip  | maileva.INFO:  {} []
2023-03-07T14:53:44.369871+02:00 |  client ip  | maileva.INFO:  ======================= []
2023-03-07T14:53:44.369947+02:00 |  client ip  | maileva.INFO:  connet to MailevaApi ...  :  []
2023-03-07T14:53:44.370019+02:00 |  client ip  | maileva.INFO:  ... []
2023-03-07T14:53:44.370092+02:00 |  client ip  | maileva.INFO:  ======================= []
2023-03-07T14:53:44.370161+02:00 |  client ip  | maileva.INFO:  user infos :  []
2023-03-07T14:53:44.370230+02:00 |  client ip  | maileva.INFO:  annonymous []
2023-03-07T14:53:45.105894+02:00 |  client ip  | maileva.INFO:  ======================= []
2023-03-07T14:53:45.106152+02:00 |  client ip  | maileva.INFO:  response submitSending :  []
2023-03-07T14:53:45.106271+02:00 |  client ip  | maileva.INFO:  null []
2023-03-07T14:53:45.106405+02:00 |  client ip  | maileva.NOTICE:  ======================= []
2023-03-07T14:53:45.106499+02:00 |  client ip  | maileva.NOTICE:  ======================= []
2023-03-07T14:53:46.258328+02:00 |  client ip  | maileva.INFO:  ======================= []
2023-03-07T14:53:46.258602+02:00 |  client ip  | maileva.INFO:  parameters envoi :  []
2023-03-07T14:53:46.258739+02:00 |  client ip  | maileva.INFO:  {} []
2023-03-07T14:53:46.258850+02:00 |  client ip  | maileva.INFO:  ======================= []
2023-03-07T14:53:46.258937+02:00 |  client ip  | maileva.INFO:  connet to MailevaApi ...  :  []
2023-03-07T14:53:46.259091+02:00 |  client ip  | maileva.INFO:  ... []
2023-03-07T14:53:46.259186+02:00 |  client ip  | maileva.INFO:  ======================= []
2023-03-07T14:53:46.259257+02:00 |  client ip  | maileva.INFO:  user infos :  []
2023-03-07T14:53:46.259310+02:00 |  client ip  | maileva.INFO:  annonymous []
2023-03-07T14:53:47.015080+02:00 |  client ip  | maileva.INFO:  ======================= []
2023-03-07T14:53:47.015333+02:00 |  client ip  | maileva.INFO:  response addDocSending :  []
2023-03-07T14:53:47.015460+02:00 |  client ip  | maileva.INFO:  {"id":"3abd6f12-dcf0-4f4f-82f5-b46a06632a69","name":"lettre_resiliation.pdf","priority":1,"type":"application\/pdf","size":857,"converted_size":0,"pages_count":0,"sheets_count":0} []
2023-03-07T14:53:47.015575+02:00 |  client ip  | maileva.NOTICE:  ======================= []
2023-03-07T14:53:47.015676+02:00 |  client ip  | maileva.NOTICE:  ======================= []
2023-03-07T15:16:58.741281+02:00 |  client ip  | maileva.INFO:  ======================= []
2023-03-07T15:16:58.741465+02:00 |  client ip  | maileva.INFO:  parameters :  []
2023-03-07T15:16:58.741513+02:00 |  client ip  | maileva.INFO:  {"name":"R\u00e9siliation d'un abonnement t\u00e9l\u00e9phonique","custom_id":"01GTY3F6FGEJ8SW9EGFY1NJZN7","custom_data":"{}","acknowledgement_of_receipt":true,"acknowledgement_of_receipt_scanning":false,"color_printing":true,"duplex_printing":false,"optional_address_sheet":false,"notification_email":"do_not_reply@maileva.com","sender_address_line_1":"fano fanomezana","sender_address_line_2":"fano fanomezana","sender_address_line_3":null,"sender_address_line_4":"40 avenue de Clichy","sender_address_line_5":"","sender_address_line_6":"75008 PARIS 08","sender_country_code":"FR","archiving_duration":3} []
2023-03-07T15:16:58.741598+02:00 |  client ip  | maileva.INFO:  ======================= []
2023-03-07T15:16:58.741635+02:00 |  client ip  | maileva.INFO:  connet to MailevaApi ...  :  []
2023-03-07T15:16:58.741666+02:00 |  client ip  | maileva.INFO:  ... []
2023-03-07T15:16:58.741696+02:00 |  client ip  | maileva.INFO:  ======================= []
2023-03-07T15:16:58.741724+02:00 |  client ip  | maileva.INFO:  user infos :  []
2023-03-07T15:16:58.741752+02:00 |  client ip  | maileva.INFO:  annonymous []
2023-03-07T15:17:00.007673+02:00 |  client ip  | maileva.INFO:  ======================= []
2023-03-07T15:17:00.007783+02:00 |  client ip  | maileva.INFO:  response postSending :  []
2023-03-07T15:17:00.007839+02:00 |  client ip  | maileva.INFO:  {"id":"845a0531-8deb-4664-9daf-e59786f6b40d","name":"R\u00e9siliation d'un abonnement t\u00e9l\u00e9phonique","status":"DRAFT","acknowledgement_of_receipt":true,"acknowledgement_of_receipt_scanning":false,"creation_date":"2023-03-07T13:16:59.889Z","documents_count":0,"custom_data":"{}","color_printing":true,"duplex_printing":false,"optional_address_sheet":false,"system_address_sheet":true,"notification_email":"do_not_reply@maileva.com","sender_country_code":"FR","archiving_duration":3,"recipients_counts":{"draft":0,"pending":0,"processed":0,"rejected":0,"total":0},"custom_id":"01GTY3F6FGEJ8SW9EGFY1NJZN7","sender_address_line_1":"fano fanomezana","sender_address_line_2":"fano fanomezana","sender_address_line_4":"40 avenue de Clichy","sender_address_line_5":"","sender_address_line_6":"75008 PARIS 08"} []
2023-03-07T15:17:00.007889+02:00 |  client ip  | maileva.NOTICE:  ======================= []
2023-03-07T15:17:00.007965+02:00 |  client ip  | maileva.NOTICE:  ======================= []
2023-03-07T15:17:01.082790+02:00 |  client ip  | maileva.INFO:  ======================= []
2023-03-07T15:17:01.083039+02:00 |  client ip  | maileva.INFO:  parameters envoi :  []
2023-03-07T15:17:01.083175+02:00 |  client ip  | maileva.INFO:  {} []
2023-03-07T15:17:01.083304+02:00 |  client ip  | maileva.INFO:  ======================= []
2023-03-07T15:17:01.083419+02:00 |  client ip  | maileva.INFO:  connet to MailevaApi ...  :  []
2023-03-07T15:17:01.083515+02:00 |  client ip  | maileva.INFO:  ... []
2023-03-07T15:17:01.083608+02:00 |  client ip  | maileva.INFO:  ======================= []
2023-03-07T15:17:01.083708+02:00 |  client ip  | maileva.INFO:  user infos :  []
2023-03-07T15:17:01.083800+02:00 |  client ip  | maileva.INFO:  annonymous []
2023-03-07T15:17:01.748136+02:00 |  client ip  | maileva.INFO:  ======================= []
2023-03-07T15:17:01.748332+02:00 |  client ip  | maileva.INFO:  response submitSending :  []
2023-03-07T15:17:01.748432+02:00 |  client ip  | maileva.INFO:  null []
2023-03-07T15:17:01.748524+02:00 |  client ip  | maileva.NOTICE:  ======================= []
2023-03-07T15:17:01.748599+02:00 |  client ip  | maileva.NOTICE:  ======================= []
2023-03-07T15:17:04.165629+02:00 |  client ip  | maileva.INFO:  ======================= []
2023-03-07T15:17:04.165834+02:00 |  client ip  | maileva.INFO:  parameters envoi :  []
2023-03-07T15:17:04.165965+02:00 |  client ip  | maileva.INFO:  {} []
2023-03-07T15:17:04.166060+02:00 |  client ip  | maileva.INFO:  ======================= []
2023-03-07T15:17:04.166140+02:00 |  client ip  | maileva.INFO:  connet to MailevaApi ...  :  []
2023-03-07T15:17:04.166213+02:00 |  client ip  | maileva.INFO:  ... []
2023-03-07T15:17:04.166286+02:00 |  client ip  | maileva.INFO:  ======================= []
2023-03-07T15:17:04.166354+02:00 |  client ip  | maileva.INFO:  user infos :  []
2023-03-07T15:17:04.166423+02:00 |  client ip  | maileva.INFO:  annonymous []
2023-03-07T15:17:05.880428+02:00 |  client ip  | maileva.INFO:  ======================= []
2023-03-07T15:17:05.880537+02:00 |  client ip  | maileva.INFO:  response addDocSending :  []
2023-03-07T15:17:05.880591+02:00 |  client ip  | maileva.INFO:  {"timestamp":1678195025747,"status":500,"error":"Internal Server Error","message":"","path":"\/simple_registered_mail\/v1\/sendings\/845a0531-8deb-4664-9daf-e59786f6b40d\/documents"} []
2023-03-07T15:17:05.880654+02:00 |  client ip  | maileva.NOTICE:  ======================= []
2023-03-07T15:17:05.880712+02:00 |  client ip  | maileva.NOTICE:  ======================= []
2023-03-07T15:17:28.621788+02:00 |  client ip  | maileva.INFO:  ======================= []
2023-03-07T15:17:28.622117+02:00 |  client ip  | maileva.INFO:  parameters :  []
2023-03-07T15:17:28.622224+02:00 |  client ip  | maileva.INFO:  {"name":"R\u00e9siliation d'un abonnement t\u00e9l\u00e9phonique","custom_id":"01GTY3F6FGEJ8SW9EGFY1NJZN7","custom_data":"{}","acknowledgement_of_receipt":true,"acknowledgement_of_receipt_scanning":false,"color_printing":true,"duplex_printing":false,"optional_address_sheet":false,"notification_email":"do_not_reply@maileva.com","sender_address_line_1":"fano fanomezana","sender_address_line_2":"fano fanomezana","sender_address_line_3":null,"sender_address_line_4":"40 avenue de Clichy","sender_address_line_5":"","sender_address_line_6":"75008 PARIS 08","sender_country_code":"FR","archiving_duration":3} []
2023-03-07T15:17:28.622429+02:00 |  client ip  | maileva.INFO:  ======================= []
2023-03-07T15:17:28.622533+02:00 |  client ip  | maileva.INFO:  connet to MailevaApi ...  :  []
2023-03-07T15:17:28.622617+02:00 |  client ip  | maileva.INFO:  ... []
2023-03-07T15:17:28.622721+02:00 |  client ip  | maileva.INFO:  ======================= []
2023-03-07T15:17:28.622812+02:00 |  client ip  | maileva.INFO:  user infos :  []
2023-03-07T15:17:28.622894+02:00 |  client ip  | maileva.INFO:  annonymous []
2023-03-07T15:17:29.370172+02:00 |  client ip  | maileva.INFO:  ======================= []
2023-03-07T15:17:29.370428+02:00 |  client ip  | maileva.INFO:  response postSending :  []
2023-03-07T15:17:29.370537+02:00 |  client ip  | maileva.INFO:  {"id":"4cde8e36-488a-44fb-abbf-9e57a7e6f69d","name":"R\u00e9siliation d'un abonnement t\u00e9l\u00e9phonique","status":"DRAFT","acknowledgement_of_receipt":true,"acknowledgement_of_receipt_scanning":false,"creation_date":"2023-03-07T13:17:29.228Z","documents_count":0,"custom_data":"{}","color_printing":true,"duplex_printing":false,"optional_address_sheet":false,"system_address_sheet":true,"notification_email":"do_not_reply@maileva.com","sender_country_code":"FR","archiving_duration":3,"recipients_counts":{"draft":0,"pending":0,"processed":0,"rejected":0,"total":0},"custom_id":"01GTY3F6FGEJ8SW9EGFY1NJZN7","sender_address_line_1":"fano fanomezana","sender_address_line_2":"fano fanomezana","sender_address_line_4":"40 avenue de Clichy","sender_address_line_5":"","sender_address_line_6":"75008 PARIS 08"} []
2023-03-07T15:17:29.370641+02:00 |  client ip  | maileva.NOTICE:  ======================= []
2023-03-07T15:17:29.370749+02:00 |  client ip  | maileva.NOTICE:  ======================= []
2023-03-07T15:17:30.642620+02:00 |  client ip  | maileva.INFO:  ======================= []
2023-03-07T15:17:30.642807+02:00 |  client ip  | maileva.INFO:  parameters envoi :  []
2023-03-07T15:17:30.642884+02:00 |  client ip  | maileva.INFO:  {} []
2023-03-07T15:17:30.642958+02:00 |  client ip  | maileva.INFO:  ======================= []
2023-03-07T15:17:30.643023+02:00 |  client ip  | maileva.INFO:  connet to MailevaApi ...  :  []
2023-03-07T15:17:30.643086+02:00 |  client ip  | maileva.INFO:  ... []
2023-03-07T15:17:30.643147+02:00 |  client ip  | maileva.INFO:  ======================= []
2023-03-07T15:17:30.643206+02:00 |  client ip  | maileva.INFO:  user infos :  []
2023-03-07T15:17:30.643264+02:00 |  client ip  | maileva.INFO:  annonymous []
2023-03-07T15:17:31.285549+02:00 |  client ip  | maileva.INFO:  ======================= []
2023-03-07T15:17:31.285795+02:00 |  client ip  | maileva.INFO:  response submitSending :  []
2023-03-07T15:17:31.285897+02:00 |  client ip  | maileva.INFO:  null []
2023-03-07T15:17:31.285988+02:00 |  client ip  | maileva.NOTICE:  ======================= []
2023-03-07T15:17:31.286072+02:00 |  client ip  | maileva.NOTICE:  ======================= []
2023-03-07T15:17:32.355443+02:00 |  client ip  | maileva.INFO:  ======================= []
2023-03-07T15:17:32.355629+02:00 |  client ip  | maileva.INFO:  parameters envoi :  []
2023-03-07T15:17:32.355715+02:00 |  client ip  | maileva.INFO:  {} []
2023-03-07T15:17:32.355800+02:00 |  client ip  | maileva.INFO:  ======================= []
2023-03-07T15:17:32.355873+02:00 |  client ip  | maileva.INFO:  connet to MailevaApi ...  :  []
2023-03-07T15:17:32.355947+02:00 |  client ip  | maileva.INFO:  ... []
2023-03-07T15:17:32.356018+02:00 |  client ip  | maileva.INFO:  ======================= []
2023-03-07T15:17:32.356085+02:00 |  client ip  | maileva.INFO:  user infos :  []
2023-03-07T15:17:32.356153+02:00 |  client ip  | maileva.INFO:  annonymous []
2023-03-07T15:17:33.046783+02:00 |  client ip  | maileva.INFO:  ======================= []
2023-03-07T15:17:33.046997+02:00 |  client ip  | maileva.INFO:  response addDocSending :  []
2023-03-07T15:17:33.047100+02:00 |  client ip  | maileva.INFO:  {"timestamp":1678195052935,"status":500,"error":"Internal Server Error","message":"","path":"\/simple_registered_mail\/v1\/sendings\/4cde8e36-488a-44fb-abbf-9e57a7e6f69d\/documents"} []
2023-03-07T15:17:33.047213+02:00 |  client ip  | maileva.NOTICE:  ======================= []
2023-03-07T15:17:33.047305+02:00 |  client ip  | maileva.NOTICE:  ======================= []
2023-03-07T15:18:24.660943+02:00 |  client ip  | maileva.INFO:  ======================= []
2023-03-07T15:18:24.661325+02:00 |  client ip  | maileva.INFO:  parameters :  []
2023-03-07T15:18:24.661461+02:00 |  client ip  | maileva.INFO:  {"name":"R\u00e9siliation d'un abonnement t\u00e9l\u00e9phonique","custom_id":"01GTY3F6FGEJ8SW9EGFY1NJZN7","custom_data":"{}","acknowledgement_of_receipt":true,"acknowledgement_of_receipt_scanning":false,"color_printing":true,"duplex_printing":false,"optional_address_sheet":false,"notification_email":"do_not_reply@maileva.com","sender_address_line_1":"fano fanomezana","sender_address_line_2":"fano fanomezana","sender_address_line_3":null,"sender_address_line_4":"40 avenue de Clichy","sender_address_line_5":"","sender_address_line_6":"75008 PARIS 08","sender_country_code":"FR","archiving_duration":3} []
2023-03-07T15:18:24.661709+02:00 |  client ip  | maileva.INFO:  ======================= []
2023-03-07T15:18:24.661831+02:00 |  client ip  | maileva.INFO:  connet to MailevaApi ...  :  []
2023-03-07T15:18:24.661943+02:00 |  client ip  | maileva.INFO:  ... []
2023-03-07T15:18:24.662065+02:00 |  client ip  | maileva.INFO:  ======================= []
2023-03-07T15:18:24.662172+02:00 |  client ip  | maileva.INFO:  user infos :  []
2023-03-07T15:18:24.662281+02:00 |  client ip  | maileva.INFO:  annonymous []
2023-03-07T15:18:25.438861+02:00 |  client ip  | maileva.INFO:  ======================= []
2023-03-07T15:18:25.439048+02:00 |  client ip  | maileva.INFO:  response postSending :  []
2023-03-07T15:18:25.439134+02:00 |  client ip  | maileva.INFO:  {"id":"b45ec901-4ac3-4ce9-a4ef-e575aaf84a17","name":"R\u00e9siliation d'un abonnement t\u00e9l\u00e9phonique","status":"DRAFT","acknowledgement_of_receipt":true,"acknowledgement_of_receipt_scanning":false,"creation_date":"2023-03-07T13:18:25.324Z","documents_count":0,"custom_data":"{}","color_printing":true,"duplex_printing":false,"optional_address_sheet":false,"system_address_sheet":true,"notification_email":"do_not_reply@maileva.com","sender_country_code":"FR","archiving_duration":3,"recipients_counts":{"draft":0,"pending":0,"processed":0,"rejected":0,"total":0},"custom_id":"01GTY3F6FGEJ8SW9EGFY1NJZN7","sender_address_line_1":"fano fanomezana","sender_address_line_2":"fano fanomezana","sender_address_line_4":"40 avenue de Clichy","sender_address_line_5":"","sender_address_line_6":"75008 PARIS 08"} []
2023-03-07T15:18:25.439214+02:00 |  client ip  | maileva.NOTICE:  ======================= []
2023-03-07T15:18:25.439283+02:00 |  client ip  | maileva.NOTICE:  ======================= []
2023-03-07T15:18:26.592706+02:00 |  client ip  | maileva.INFO:  ======================= []
2023-03-07T15:18:26.592881+02:00 |  client ip  | maileva.INFO:  parameters envoi :  []
2023-03-07T15:18:26.592963+02:00 |  client ip  | maileva.INFO:  {} []
2023-03-07T15:18:26.593042+02:00 |  client ip  | maileva.INFO:  ======================= []
2023-03-07T15:18:26.593108+02:00 |  client ip  | maileva.INFO:  connet to MailevaApi ...  :  []
2023-03-07T15:18:26.593172+02:00 |  client ip  | maileva.INFO:  ... []
2023-03-07T15:18:26.593238+02:00 |  client ip  | maileva.INFO:  ======================= []
2023-03-07T15:18:26.593297+02:00 |  client ip  | maileva.INFO:  user infos :  []
2023-03-07T15:18:26.593357+02:00 |  client ip  | maileva.INFO:  annonymous []
2023-03-07T15:18:27.235061+02:00 |  client ip  | maileva.INFO:  ======================= []
2023-03-07T15:18:27.235341+02:00 |  client ip  | maileva.INFO:  response submitSending :  []
2023-03-07T15:18:27.235490+02:00 |  client ip  | maileva.INFO:  null []
2023-03-07T15:18:27.235541+02:00 |  client ip  | maileva.NOTICE:  ======================= []
2023-03-07T15:18:27.235587+02:00 |  client ip  | maileva.NOTICE:  ======================= []
2023-03-07T15:18:28.358922+02:00 |  client ip  | maileva.INFO:  ======================= []
2023-03-07T15:18:28.359119+02:00 |  client ip  | maileva.INFO:  parameters envoi :  []
2023-03-07T15:18:28.359233+02:00 |  client ip  | maileva.INFO:  {} []
2023-03-07T15:18:28.359352+02:00 |  client ip  | maileva.INFO:  ======================= []
2023-03-07T15:18:28.359454+02:00 |  client ip  | maileva.INFO:  connet to MailevaApi ...  :  []
2023-03-07T15:18:28.359550+02:00 |  client ip  | maileva.INFO:  ... []
2023-03-07T15:18:28.359649+02:00 |  client ip  | maileva.INFO:  ======================= []
2023-03-07T15:18:28.359743+02:00 |  client ip  | maileva.INFO:  user infos :  []
2023-03-07T15:18:28.359862+02:00 |  client ip  | maileva.INFO:  annonymous []
2023-03-07T15:18:29.038423+02:00 |  client ip  | maileva.INFO:  ======================= []
2023-03-07T15:18:29.038605+02:00 |  client ip  | maileva.INFO:  response addDocSending :  []
2023-03-07T15:18:29.038686+02:00 |  client ip  | maileva.INFO:  {"timestamp":1678195108927,"status":500,"error":"Internal Server Error","message":"","path":"\/simple_registered_mail\/v1\/sendings\/b45ec901-4ac3-4ce9-a4ef-e575aaf84a17\/documents"} []
2023-03-07T15:18:29.038781+02:00 |  client ip  | maileva.NOTICE:  ======================= []
2023-03-07T15:18:29.038846+02:00 |  client ip  | maileva.NOTICE:  ======================= []
2023-03-07T15:19:45.832983+02:00 |  client ip  | maileva.INFO:  ======================= []
2023-03-07T15:19:45.833353+02:00 |  client ip  | maileva.INFO:  parameters :  []
2023-03-07T15:19:45.833478+02:00 |  client ip  | maileva.INFO:  {"name":"R\u00e9siliation d'un abonnement t\u00e9l\u00e9phonique","custom_id":"01GTY3F6FGEJ8SW9EGFY1NJZN7","custom_data":"{}","acknowledgement_of_receipt":true,"acknowledgement_of_receipt_scanning":false,"color_printing":true,"duplex_printing":false,"optional_address_sheet":false,"notification_email":"do_not_reply@maileva.com","sender_address_line_1":"fano fanomezana","sender_address_line_2":"fano fanomezana","sender_address_line_3":null,"sender_address_line_4":"40 avenue de Clichy","sender_address_line_5":"","sender_address_line_6":"75008 PARIS 08","sender_country_code":"FR","archiving_duration":3} []
2023-03-07T15:19:45.833683+02:00 |  client ip  | maileva.INFO:  ======================= []
2023-03-07T15:19:45.833791+02:00 |  client ip  | maileva.INFO:  connet to MailevaApi ...  :  []
2023-03-07T15:19:45.833883+02:00 |  client ip  | maileva.INFO:  ... []
2023-03-07T15:19:45.833975+02:00 |  client ip  | maileva.INFO:  ======================= []
2023-03-07T15:19:45.834060+02:00 |  client ip  | maileva.INFO:  user infos :  []
2023-03-07T15:19:45.834146+02:00 |  client ip  | maileva.INFO:  annonymous []
2023-03-07T15:19:46.995417+02:00 |  client ip  | maileva.INFO:  ======================= []
2023-03-07T15:19:46.995673+02:00 |  client ip  | maileva.INFO:  response postSending :  []
2023-03-07T15:19:46.995783+02:00 |  client ip  | maileva.INFO:  {"id":"e90cd34e-ba2c-41e8-9681-7950034b579e","name":"R\u00e9siliation d'un abonnement t\u00e9l\u00e9phonique","status":"DRAFT","acknowledgement_of_receipt":true,"acknowledgement_of_receipt_scanning":false,"creation_date":"2023-03-07T13:19:46.853Z","documents_count":0,"custom_data":"{}","color_printing":true,"duplex_printing":false,"optional_address_sheet":false,"system_address_sheet":true,"notification_email":"do_not_reply@maileva.com","sender_country_code":"FR","archiving_duration":3,"recipients_counts":{"draft":0,"pending":0,"processed":0,"rejected":0,"total":0},"custom_id":"01GTY3F6FGEJ8SW9EGFY1NJZN7","sender_address_line_1":"fano fanomezana","sender_address_line_2":"fano fanomezana","sender_address_line_4":"40 avenue de Clichy","sender_address_line_5":"","sender_address_line_6":"75008 PARIS 08"} []
2023-03-07T15:19:46.995906+02:00 |  client ip  | maileva.NOTICE:  ======================= []
2023-03-07T15:19:46.995986+02:00 |  client ip  | maileva.NOTICE:  ======================= []
2023-03-07T15:19:48.145756+02:00 |  client ip  | maileva.INFO:  ======================= []
2023-03-07T15:19:48.145890+02:00 |  client ip  | maileva.INFO:  parameters envoi :  []
2023-03-07T15:19:48.145936+02:00 |  client ip  | maileva.INFO:  {} []
2023-03-07T15:19:48.145981+02:00 |  client ip  | maileva.INFO:  ======================= []
2023-03-07T15:19:48.146015+02:00 |  client ip  | maileva.INFO:  connet to MailevaApi ...  :  []
2023-03-07T15:19:48.146047+02:00 |  client ip  | maileva.INFO:  ... []
2023-03-07T15:19:48.146080+02:00 |  client ip  | maileva.INFO:  ======================= []
2023-03-07T15:19:48.146110+02:00 |  client ip  | maileva.INFO:  user infos :  []
2023-03-07T15:19:48.146150+02:00 |  client ip  | maileva.INFO:  annonymous []
2023-03-07T15:19:48.826171+02:00 |  client ip  | maileva.INFO:  ======================= []
2023-03-07T15:19:48.826355+02:00 |  client ip  | maileva.INFO:  response submitSending :  []
2023-03-07T15:19:48.826464+02:00 |  client ip  | maileva.INFO:  null []
2023-03-07T15:19:48.826538+02:00 |  client ip  | maileva.NOTICE:  ======================= []
2023-03-07T15:19:48.826602+02:00 |  client ip  | maileva.NOTICE:  ======================= []
2023-03-07T15:19:49.928266+02:00 |  client ip  | maileva.INFO:  ======================= []
2023-03-07T15:19:49.928605+02:00 |  client ip  | maileva.INFO:  parameters envoi :  []
2023-03-07T15:19:49.928755+02:00 |  client ip  | maileva.INFO:  {} []
2023-03-07T15:19:49.928878+02:00 |  client ip  | maileva.INFO:  ======================= []
2023-03-07T15:19:49.928977+02:00 |  client ip  | maileva.INFO:  connet to MailevaApi ...  :  []
2023-03-07T15:19:49.929068+02:00 |  client ip  | maileva.INFO:  ... []
2023-03-07T15:19:49.929159+02:00 |  client ip  | maileva.INFO:  ======================= []
2023-03-07T15:19:49.929245+02:00 |  client ip  | maileva.INFO:  user infos :  []
2023-03-07T15:19:49.929326+02:00 |  client ip  | maileva.INFO:  annonymous []
2023-03-07T15:19:50.604327+02:00 |  client ip  | maileva.INFO:  ======================= []
2023-03-07T15:19:50.604516+02:00 |  client ip  | maileva.INFO:  response addDocSending :  []
2023-03-07T15:19:50.604602+02:00 |  client ip  | maileva.INFO:  {"timestamp":1678195190495,"status":500,"error":"Internal Server Error","message":"","path":"\/simple_registered_mail\/v1\/sendings\/e90cd34e-ba2c-41e8-9681-7950034b579e\/documents"} []
2023-03-07T15:19:50.604679+02:00 |  client ip  | maileva.NOTICE:  ======================= []
2023-03-07T15:19:50.604746+02:00 |  client ip  | maileva.NOTICE:  ======================= []
2023-03-07T15:34:40.473864+02:00 |  client ip  | maileva.INFO:  ======================= []
2023-03-07T15:34:40.740028+02:00 |  client ip  | maileva.INFO:  parameters :  []
2023-03-07T15:34:40.740134+02:00 |  client ip  | maileva.INFO:  {"name":"R\u00e9siliation d'un abonnement t\u00e9l\u00e9phonique","custom_id":"01GTY3F6FGEJ8SW9EGFY1NJZN7","custom_data":"{}","acknowledgement_of_receipt":true,"acknowledgement_of_receipt_scanning":false,"color_printing":true,"duplex_printing":false,"optional_address_sheet":false,"notification_email":"do_not_reply@maileva.com","sender_address_line_1":"fano fanomezana","sender_address_line_2":"fano fanomezana","sender_address_line_3":null,"sender_address_line_4":"40 avenue de Clichy","sender_address_line_5":"","sender_address_line_6":"75008 PARIS 08","sender_country_code":"FR","archiving_duration":3} []
2023-03-07T15:34:40.740271+02:00 |  client ip  | maileva.INFO:  ======================= []
2023-03-07T15:34:40.740318+02:00 |  client ip  | maileva.INFO:  connet to MailevaApi ...  :  []
2023-03-07T15:34:40.740350+02:00 |  client ip  | maileva.INFO:  ... []
2023-03-07T15:34:40.740381+02:00 |  client ip  | maileva.INFO:  ======================= []
2023-03-07T15:34:40.740409+02:00 |  client ip  | maileva.INFO:  user infos :  []
2023-03-07T15:34:40.740437+02:00 |  client ip  | maileva.INFO:  annonymous []
2023-03-07T15:34:41.694654+02:00 |  client ip  | maileva.INFO:  ======================= []
2023-03-07T15:34:41.694810+02:00 |  client ip  | maileva.INFO:  response postSending :  []
2023-03-07T15:34:41.694852+02:00 |  client ip  | maileva.INFO:  {"id":"1125407d-84b7-4fdb-9819-3efc58cd08bd","name":"R\u00e9siliation d'un abonnement t\u00e9l\u00e9phonique","status":"DRAFT","acknowledgement_of_receipt":true,"acknowledgement_of_receipt_scanning":false,"creation_date":"2023-03-07T13:34:41.580Z","documents_count":0,"custom_data":"{}","color_printing":true,"duplex_printing":false,"optional_address_sheet":false,"system_address_sheet":true,"notification_email":"do_not_reply@maileva.com","sender_country_code":"FR","archiving_duration":3,"recipients_counts":{"draft":0,"pending":0,"processed":0,"rejected":0,"total":0},"custom_id":"01GTY3F6FGEJ8SW9EGFY1NJZN7","sender_address_line_1":"fano fanomezana","sender_address_line_2":"fano fanomezana","sender_address_line_4":"40 avenue de Clichy","sender_address_line_5":"","sender_address_line_6":"75008 PARIS 08"} []
2023-03-07T15:34:41.723424+02:00 |  client ip  | maileva.NOTICE:  ======================= []
2023-03-07T15:34:41.723524+02:00 |  client ip  | maileva.NOTICE:  ======================= []
2023-03-07T15:34:43.092492+02:00 |  client ip  | maileva.INFO:  ======================= []
2023-03-07T15:34:43.092607+02:00 |  client ip  | maileva.INFO:  parameters envoi :  []
2023-03-07T15:34:43.092667+02:00 |  client ip  | maileva.INFO:  {} []
2023-03-07T15:34:43.092712+02:00 |  client ip  | maileva.INFO:  ======================= []
2023-03-07T15:34:43.092750+02:00 |  client ip  | maileva.INFO:  connet to MailevaApi ...  :  []
2023-03-07T15:34:43.092784+02:00 |  client ip  | maileva.INFO:  ... []
2023-03-07T15:34:43.092819+02:00 |  client ip  | maileva.INFO:  ======================= []
2023-03-07T15:34:43.092851+02:00 |  client ip  | maileva.INFO:  user infos :  []
2023-03-07T15:34:43.092883+02:00 |  client ip  | maileva.INFO:  annonymous []
2023-03-07T15:34:43.749474+02:00 |  client ip  | maileva.INFO:  ======================= []
2023-03-07T15:34:43.749612+02:00 |  client ip  | maileva.INFO:  response submitSending :  []
2023-03-07T15:34:43.749666+02:00 |  client ip  | maileva.INFO:  null []
2023-03-07T15:34:43.749711+02:00 |  client ip  | maileva.NOTICE:  ======================= []
2023-03-07T15:34:43.749750+02:00 |  client ip  | maileva.NOTICE:  ======================= []
2023-03-07T15:34:44.838535+02:00 |  client ip  | maileva.INFO:  ======================= []
2023-03-07T15:34:44.838763+02:00 |  client ip  | maileva.INFO:  parameters envoi :  []
2023-03-07T15:34:44.838867+02:00 |  client ip  | maileva.INFO:  {} []
2023-03-07T15:34:44.838919+02:00 |  client ip  | maileva.INFO:  ======================= []
2023-03-07T15:34:44.838961+02:00 |  client ip  | maileva.INFO:  connet to MailevaApi ...  :  []
2023-03-07T15:34:44.839001+02:00 |  client ip  | maileva.INFO:  ... []
2023-03-07T15:34:44.839039+02:00 |  client ip  | maileva.INFO:  ======================= []
2023-03-07T15:34:44.839075+02:00 |  client ip  | maileva.INFO:  user infos :  []
2023-03-07T15:34:44.839111+02:00 |  client ip  | maileva.INFO:  annonymous []
