2023-01-08T20:08:36.157146+01:00 |  client ip  | maileva.INFO:  ======================= []
2023-01-08T20:08:36.158311+01:00 |  client ip  | maileva.INFO:  parameters :  []
2023-01-08T20:08:36.158469+01:00 |  client ip  | maileva.INFO:  {"name":"R\u00e9siliation d'un abonnement t\u00e9l\u00e9phonique","custom_id":"01GP9CHAV9NKF893KPXA44XQS6","custom_data":"{}","acknowledgement_of_receipt":true,"acknowledgement_of_receipt_scanning":false,"color_printing":true,"duplex_printing":false,"optional_address_sheet":false,"notification_email":"do_not_reply@maileva.com","sender_address_line_1":"Saporito Rojo","sender_address_line_2":"Saporito Rojo","sender_address_line_3":null,"sender_address_line_4":"2 Rue de Panama","sender_address_line_5":"","sender_address_line_6":"75100 Paris","sender_country_code":"FR","archiving_duration":3} []
2023-01-08T20:08:36.410908+01:00 |  client ip  | maileva.INFO:  ======================= []
2023-01-08T20:08:36.411232+01:00 |  client ip  | maileva.INFO:  connet to MailevaApi ...  :  []
2023-01-08T20:08:36.411487+01:00 |  client ip  | maileva.INFO:  ... []
2023-01-08T20:08:36.411891+01:00 |  client ip  | maileva.INFO:  ======================= []
2023-01-08T20:08:36.412258+01:00 |  client ip  | maileva.INFO:  user infos :  []
2023-01-08T20:08:36.412532+01:00 |  client ip  | maileva.INFO:  annonymous []
2023-01-08T20:08:38.913754+01:00 |  client ip  | maileva.INFO:  ======================= []
2023-01-08T20:08:38.914210+01:00 |  client ip  | maileva.INFO:  response postSending :  []
2023-01-08T20:08:38.914513+01:00 |  client ip  | maileva.INFO:  {"id":"01ce479a-40d1-46ae-8671-89dbb60e1389","name":"R\u00e9siliation d'un abonnement t\u00e9l\u00e9phonique","status":"DRAFT","acknowledgement_of_receipt":true,"acknowledgement_of_receipt_scanning":false,"creation_date":"2023-01-08T19:07:40.498Z","documents_count":0,"custom_data":"{}","color_printing":true,"duplex_printing":false,"optional_address_sheet":false,"system_address_sheet":true,"notification_email":"do_not_reply@maileva.com","sender_country_code":"FR","archiving_duration":3,"recipients_counts":{"draft":0,"pending":0,"processed":0,"rejected":0,"total":0},"custom_id":"01GP9CHAV9NKF893KPXA44XQS6","sender_address_line_1":"Saporito Rojo","sender_address_line_2":"Saporito Rojo","sender_address_line_4":"2 Rue de Panama","sender_address_line_5":"","sender_address_line_6":"75100 Paris"} []
2023-01-08T20:08:38.914949+01:00 |  client ip  | maileva.NOTICE:  ======================= []
2023-01-08T20:08:38.915340+01:00 |  client ip  | maileva.NOTICE:  ======================= []
2023-01-08T20:08:40.795888+01:00 |  client ip  | maileva.INFO:  ======================= []
2023-01-08T20:08:40.796400+01:00 |  client ip  | maileva.INFO:  parameters envoi :  []
2023-01-08T20:08:40.796679+01:00 |  client ip  | maileva.INFO:  {} []
2023-01-08T20:08:40.797094+01:00 |  client ip  | maileva.INFO:  ======================= []
2023-01-08T20:08:40.797514+01:00 |  client ip  | maileva.INFO:  connet to MailevaApi ...  :  []
2023-01-08T20:08:40.797773+01:00 |  client ip  | maileva.INFO:  ... []
2023-01-08T20:08:40.798067+01:00 |  client ip  | maileva.INFO:  ======================= []
2023-01-08T20:08:40.798593+01:00 |  client ip  | maileva.INFO:  user infos :  []
2023-01-08T20:08:40.798919+01:00 |  client ip  | maileva.INFO:  annonymous []
2023-01-08T20:08:41.607907+01:00 |  client ip  | maileva.INFO:  ======================= []
2023-01-08T20:08:41.608459+01:00 |  client ip  | maileva.INFO:  response submitSending :  []
2023-01-08T20:08:41.609065+01:00 |  client ip  | maileva.INFO:  null []
2023-01-08T20:08:41.609440+01:00 |  client ip  | maileva.NOTICE:  ======================= []
2023-01-08T20:08:41.609670+01:00 |  client ip  | maileva.NOTICE:  ======================= []
2023-01-08T20:08:45.305365+01:00 |  client ip  | maileva.INFO:  ======================= []
2023-01-08T20:08:45.305873+01:00 |  client ip  | maileva.INFO:  parameters envoi :  []
2023-01-08T20:08:45.306162+01:00 |  client ip  | maileva.INFO:  {} []
2023-01-08T20:08:45.306465+01:00 |  client ip  | maileva.INFO:  ======================= []
2023-01-08T20:08:45.306821+01:00 |  client ip  | maileva.INFO:  connet to MailevaApi ...  :  []
2023-01-08T20:08:45.307122+01:00 |  client ip  | maileva.INFO:  ... []
2023-01-08T20:08:45.307622+01:00 |  client ip  | maileva.INFO:  ======================= []
2023-01-08T20:08:45.307933+01:00 |  client ip  | maileva.INFO:  user infos :  []
2023-01-08T20:08:45.308230+01:00 |  client ip  | maileva.INFO:  annonymous []
2023-01-08T20:08:46.624988+01:00 |  client ip  | maileva.INFO:  ======================= []
2023-01-08T20:08:46.625529+01:00 |  client ip  | maileva.INFO:  response addDocSending :  []
2023-01-08T20:08:46.625828+01:00 |  client ip  | maileva.INFO:  {"id":"ad75b4c0-a680-45ec-9b1c-c6fb40318f7d","name":"lettre_resiliation.pdf","priority":1,"type":"application\/pdf","size":1235,"converted_size":0,"pages_count":0,"sheets_count":0} []
2023-01-08T20:08:46.626182+01:00 |  client ip  | maileva.NOTICE:  ======================= []
2023-01-08T20:08:46.626430+01:00 |  client ip  | maileva.NOTICE:  ======================= []
