2023-03-14T08:04:37.784224+02:00 |  client ip  | maileva.INFO:  ======================= []
2023-03-14T08:04:37.785012+02:00 |  client ip  | maileva.INFO:  parameters :  []
2023-03-14T08:04:37.785108+02:00 |  client ip  | maileva.INFO:  {"name":"R\u00e9siliation d'un abonnement t\u00e9l\u00e9phonique","custom_id":"01GVFB6BNWTAWD1AYT63VKT68W","custom_data":"{}","acknowledgement_of_receipt":true,"acknowledgement_of_receipt_scanning":false,"color_printing":true,"duplex_printing":false,"optional_address_sheet":false,"notification_email":"do_not_reply@maileva.com","sender_address_line_1":"Tsilavina fanomezana","sender_address_line_2":"Tsilavina fanomezana","sender_address_line_3":null,"sender_address_line_4":"40 avenue de Clichy","sender_address_line_5":"","sender_address_line_6":"75018 paris 18","sender_country_code":"FR","archiving_duration":3} []
2023-03-14T08:04:37.791307+02:00 |  client ip  | maileva.INFO:  ======================= []
2023-03-14T08:04:37.791370+02:00 |  client ip  | maileva.INFO:  connet to MailevaApi ...  :  []
2023-03-14T08:04:37.791409+02:00 |  client ip  | maileva.INFO:  ... []
2023-03-14T08:04:37.791441+02:00 |  client ip  | maileva.INFO:  ======================= []
2023-03-14T08:04:37.791468+02:00 |  client ip  | maileva.INFO:  user infos :  []
2023-03-14T08:04:37.791495+02:00 |  client ip  | maileva.INFO:  annonymous []
2023-03-14T08:04:39.916223+02:00 |  client ip  | maileva.INFO:  ======================= []
2023-03-14T08:04:39.916448+02:00 |  client ip  | maileva.INFO:  response postSending :  []
2023-03-14T08:04:39.916542+02:00 |  client ip  | maileva.INFO:  {"id":"03478943-f864-4b4a-b818-3b42d8a4f9aa","name":"R\u00e9siliation d'un abonnement t\u00e9l\u00e9phonique","status":"DRAFT","acknowledgement_of_receipt":true,"acknowledgement_of_receipt_scanning":false,"creation_date":"2023-03-14T06:04:39.408Z","documents_count":0,"custom_data":"{}","color_printing":true,"duplex_printing":false,"optional_address_sheet":false,"system_address_sheet":true,"notification_email":"do_not_reply@maileva.com","sender_country_code":"FR","archiving_duration":3,"recipients_counts":{"draft":0,"pending":0,"processed":0,"rejected":0,"total":0},"custom_id":"01GVFB6BNWTAWD1AYT63VKT68W","sender_address_line_1":"Tsilavina fanomezana","sender_address_line_2":"Tsilavina fanomezana","sender_address_line_4":"40 avenue de Clichy","sender_address_line_5":"","sender_address_line_6":"75018 paris 18"} []
2023-03-14T08:04:39.916632+02:00 |  client ip  | maileva.NOTICE:  ======================= []
2023-03-14T08:04:39.916712+02:00 |  client ip  | maileva.NOTICE:  ======================= []
2023-03-14T08:04:45.227250+02:00 |  client ip  | maileva.INFO:  ======================= []
2023-03-14T08:04:45.227446+02:00 |  client ip  | maileva.INFO:  parameters envoi :  []
2023-03-14T08:04:45.227536+02:00 |  client ip  | maileva.INFO:  {} []
2023-03-14T08:04:45.227625+02:00 |  client ip  | maileva.INFO:  ======================= []
2023-03-14T08:04:45.227702+02:00 |  client ip  | maileva.INFO:  connet to MailevaApi ...  :  []
2023-03-14T08:04:45.227774+02:00 |  client ip  | maileva.INFO:  ... []
2023-03-14T08:04:45.227845+02:00 |  client ip  | maileva.INFO:  ======================= []
2023-03-14T08:04:45.227911+02:00 |  client ip  | maileva.INFO:  user infos :  []
2023-03-14T08:04:45.227977+02:00 |  client ip  | maileva.INFO:  annonymous []
2023-03-14T08:04:45.876129+02:00 |  client ip  | maileva.INFO:  ======================= []
2023-03-14T08:04:45.876335+02:00 |  client ip  | maileva.INFO:  response addDocSending :  []
2023-03-14T08:04:45.876443+02:00 |  client ip  | maileva.INFO:  {"errors":[{"code":"MISSING_FILE","message":"There are no file to upload."}]} []
2023-03-14T08:04:45.876545+02:00 |  client ip  | maileva.NOTICE:  ======================= []
2023-03-14T08:04:45.876631+02:00 |  client ip  | maileva.NOTICE:  ======================= []
2023-03-14T08:06:03.824185+02:00 |  client ip  | maileva.INFO:  ======================= []
2023-03-14T08:06:03.824955+02:00 |  client ip  | maileva.INFO:  parameters :  []
2023-03-14T08:06:03.825058+02:00 |  client ip  | maileva.INFO:  {"name":"R\u00e9siliation d'un abonnement t\u00e9l\u00e9phonique","custom_id":"01GVFB6BNWTAWD1AYT63VKT68W","custom_data":"{}","acknowledgement_of_receipt":true,"acknowledgement_of_receipt_scanning":false,"color_printing":true,"duplex_printing":false,"optional_address_sheet":false,"notification_email":"do_not_reply@maileva.com","sender_address_line_1":"Tsilavina fanomezana","sender_address_line_2":"Tsilavina fanomezana","sender_address_line_3":null,"sender_address_line_4":"40 avenue de Clichy","sender_address_line_5":"","sender_address_line_6":"75018 paris 18","sender_country_code":"FR","archiving_duration":3} []
2023-03-14T08:06:03.825260+02:00 |  client ip  | maileva.INFO:  ======================= []
2023-03-14T08:06:03.825353+02:00 |  client ip  | maileva.INFO:  connet to MailevaApi ...  :  []
2023-03-14T08:06:03.825434+02:00 |  client ip  | maileva.INFO:  ... []
2023-03-14T08:06:03.825529+02:00 |  client ip  | maileva.INFO:  ======================= []
2023-03-14T08:06:03.825600+02:00 |  client ip  | maileva.INFO:  user infos :  []
2023-03-14T08:06:03.825668+02:00 |  client ip  | maileva.INFO:  annonymous []
2023-03-14T08:06:04.706432+02:00 |  client ip  | maileva.INFO:  ======================= []
2023-03-14T08:06:04.706605+02:00 |  client ip  | maileva.INFO:  response postSending :  []
2023-03-14T08:06:04.706700+02:00 |  client ip  | maileva.INFO:  {"id":"6c421948-eb6c-49c8-bafa-ac419b84a154","name":"R\u00e9siliation d'un abonnement t\u00e9l\u00e9phonique","status":"DRAFT","acknowledgement_of_receipt":true,"acknowledgement_of_receipt_scanning":false,"creation_date":"2023-03-14T06:06:04.603Z","documents_count":0,"custom_data":"{}","color_printing":true,"duplex_printing":false,"optional_address_sheet":false,"system_address_sheet":true,"notification_email":"do_not_reply@maileva.com","sender_country_code":"FR","archiving_duration":3,"recipients_counts":{"draft":0,"pending":0,"processed":0,"rejected":0,"total":0},"custom_id":"01GVFB6BNWTAWD1AYT63VKT68W","sender_address_line_1":"Tsilavina fanomezana","sender_address_line_2":"Tsilavina fanomezana","sender_address_line_4":"40 avenue de Clichy","sender_address_line_5":"","sender_address_line_6":"75018 paris 18"} []
2023-03-14T08:06:04.706795+02:00 |  client ip  | maileva.NOTICE:  ======================= []
2023-03-14T08:06:04.706875+02:00 |  client ip  | maileva.NOTICE:  ======================= []
2023-03-14T08:06:06.737684+02:00 |  client ip  | maileva.INFO:  ======================= []
2023-03-14T08:06:06.737862+02:00 |  client ip  | maileva.INFO:  parameters envoi :  []
2023-03-14T08:06:06.737941+02:00 |  client ip  | maileva.INFO:  {} []
2023-03-14T08:06:06.738018+02:00 |  client ip  | maileva.INFO:  ======================= []
2023-03-14T08:06:06.738083+02:00 |  client ip  | maileva.INFO:  connet to MailevaApi ...  :  []
2023-03-14T08:06:06.738144+02:00 |  client ip  | maileva.INFO:  ... []
2023-03-14T08:06:06.738205+02:00 |  client ip  | maileva.INFO:  ======================= []
2023-03-14T08:06:06.738263+02:00 |  client ip  | maileva.INFO:  user infos :  []
2023-03-14T08:06:06.738324+02:00 |  client ip  | maileva.INFO:  annonymous []
2023-03-14T08:06:08.987609+02:00 |  client ip  | maileva.INFO:  ======================= []
2023-03-14T08:06:08.987790+02:00 |  client ip  | maileva.INFO:  response addDocSending :  []
2023-03-14T08:06:08.987870+02:00 |  client ip  | maileva.INFO:  {"id":"4232db42-4ebc-4a8f-8454-7ed868ec1a3f","name":"lettre_resiliation.pdf","priority":1,"type":"application\/pdf","size":52527,"converted_size":0,"pages_count":0,"sheets_count":0} []
2023-03-14T08:06:08.987942+02:00 |  client ip  | maileva.NOTICE:  ======================= []
2023-03-14T08:06:08.988007+02:00 |  client ip  | maileva.NOTICE:  ======================= []
2023-03-14T08:06:10.125811+02:00 |  client ip  | maileva.INFO:  ======================= []
2023-03-14T08:06:10.126051+02:00 |  client ip  | maileva.INFO:  parameters envoi :  []
2023-03-14T08:06:10.126163+02:00 |  client ip  | maileva.INFO:  {} []
2023-03-14T08:06:10.126270+02:00 |  client ip  | maileva.INFO:  ======================= []
2023-03-14T08:06:10.126385+02:00 |  client ip  | maileva.INFO:  connet to MailevaApi ...  :  []
2023-03-14T08:06:10.126474+02:00 |  client ip  | maileva.INFO:  ... []
2023-03-14T08:06:10.126559+02:00 |  client ip  | maileva.INFO:  ======================= []
2023-03-14T08:06:10.126641+02:00 |  client ip  | maileva.INFO:  user infos :  []
2023-03-14T08:06:10.126726+02:00 |  client ip  | maileva.INFO:  annonymous []
2023-03-14T08:06:10.801935+02:00 |  client ip  | maileva.INFO:  ======================= []
2023-03-14T08:06:10.802128+02:00 |  client ip  | maileva.INFO:  response addRecipient :  []
2023-03-14T08:06:10.802211+02:00 |  client ip  | maileva.INFO:  {"errors":[{"code":"ATTRIBUTE_WRONG_PARAMETER","message":"The parameter `pages_range` is wrong."}]} []
2023-03-14T08:06:10.802287+02:00 |  client ip  | maileva.NOTICE:  ======================= []
2023-03-14T08:06:10.802355+02:00 |  client ip  | maileva.NOTICE:  ======================= []
2023-03-14T08:10:40.844741+02:00 |  client ip  | maileva.INFO:  ======================= []
2023-03-14T08:10:40.845121+02:00 |  client ip  | maileva.INFO:  parameters :  []
2023-03-14T08:10:40.845249+02:00 |  client ip  | maileva.INFO:  {"name":"R\u00e9siliation d'un abonnement t\u00e9l\u00e9phonique","custom_id":"01GVFB6BNWTAWD1AYT63VKT68W","custom_data":"{}","acknowledgement_of_receipt":true,"acknowledgement_of_receipt_scanning":false,"color_printing":true,"duplex_printing":false,"optional_address_sheet":false,"notification_email":"do_not_reply@maileva.com","sender_address_line_1":"Tsilavina fanomezana","sender_address_line_2":"Tsilavina fanomezana","sender_address_line_3":null,"sender_address_line_4":"40 avenue de Clichy","sender_address_line_5":"","sender_address_line_6":"75018 paris 18","sender_country_code":"FR","archiving_duration":3} []
2023-03-14T08:10:40.845463+02:00 |  client ip  | maileva.INFO:  ======================= []
2023-03-14T08:10:40.845617+02:00 |  client ip  | maileva.INFO:  connet to MailevaApi ...  :  []
2023-03-14T08:10:40.845675+02:00 |  client ip  | maileva.INFO:  ... []
2023-03-14T08:10:40.845729+02:00 |  client ip  | maileva.INFO:  ======================= []
2023-03-14T08:10:40.845780+02:00 |  client ip  | maileva.INFO:  user infos :  []
2023-03-14T08:10:40.845830+02:00 |  client ip  | maileva.INFO:  annonymous []
2023-03-14T08:10:42.061304+02:00 |  client ip  | maileva.INFO:  ======================= []
2023-03-14T08:10:42.061594+02:00 |  client ip  | maileva.INFO:  response postSending :  []
2023-03-14T08:10:42.061718+02:00 |  client ip  | maileva.INFO:  {"id":"42fceb17-374c-42a9-88cd-8717b5c8a78d","name":"R\u00e9siliation d'un abonnement t\u00e9l\u00e9phonique","status":"DRAFT","acknowledgement_of_receipt":true,"acknowledgement_of_receipt_scanning":false,"creation_date":"2023-03-14T06:10:41.955Z","documents_count":0,"custom_data":"{}","color_printing":true,"duplex_printing":false,"optional_address_sheet":false,"system_address_sheet":true,"notification_email":"do_not_reply@maileva.com","sender_country_code":"FR","archiving_duration":3,"recipients_counts":{"draft":0,"pending":0,"processed":0,"rejected":0,"total":0},"custom_id":"01GVFB6BNWTAWD1AYT63VKT68W","sender_address_line_1":"Tsilavina fanomezana","sender_address_line_2":"Tsilavina fanomezana","sender_address_line_4":"40 avenue de Clichy","sender_address_line_5":"","sender_address_line_6":"75018 paris 18"} []
2023-03-14T08:10:42.061852+02:00 |  client ip  | maileva.NOTICE:  ======================= []
2023-03-14T08:10:42.061950+02:00 |  client ip  | maileva.NOTICE:  ======================= []
2023-03-14T08:10:43.497336+02:00 |  client ip  | maileva.INFO:  ======================= []
2023-03-14T08:10:43.497579+02:00 |  client ip  | maileva.INFO:  parameters envoi :  []
2023-03-14T08:10:43.497669+02:00 |  client ip  | maileva.INFO:  {} []
2023-03-14T08:10:43.497754+02:00 |  client ip  | maileva.INFO:  ======================= []
2023-03-14T08:10:43.497825+02:00 |  client ip  | maileva.INFO:  connet to MailevaApi ...  :  []
2023-03-14T08:10:43.497893+02:00 |  client ip  | maileva.INFO:  ... []
2023-03-14T08:10:43.497981+02:00 |  client ip  | maileva.INFO:  ======================= []
2023-03-14T08:10:43.498048+02:00 |  client ip  | maileva.INFO:  user infos :  []
2023-03-14T08:10:43.498113+02:00 |  client ip  | maileva.INFO:  annonymous []
2023-03-14T08:10:44.733065+02:00 |  client ip  | maileva.INFO:  ======================= []
2023-03-14T08:10:44.733169+02:00 |  client ip  | maileva.INFO:  response addDocSending :  []
2023-03-14T08:10:44.733200+02:00 |  client ip  | maileva.INFO:  {"id":"78b554d7-7e6f-437d-9041-5cb8c1378c8e","name":"lettre_resiliation.pdf","priority":1,"type":"application\/pdf","size":52527,"converted_size":0,"pages_count":0,"sheets_count":0} []
2023-03-14T08:10:44.733271+02:00 |  client ip  | maileva.NOTICE:  ======================= []
2023-03-14T08:10:44.733361+02:00 |  client ip  | maileva.NOTICE:  ======================= []
2023-03-14T08:10:46.126486+02:00 |  client ip  | maileva.INFO:  ======================= []
2023-03-14T08:10:46.126763+02:00 |  client ip  | maileva.INFO:  parameters envoi :  []
2023-03-14T08:10:46.126892+02:00 |  client ip  | maileva.INFO:  {} []
2023-03-14T08:10:46.127015+02:00 |  client ip  | maileva.INFO:  ======================= []
2023-03-14T08:10:46.127120+02:00 |  client ip  | maileva.INFO:  connet to MailevaApi ...  :  []
2023-03-14T08:10:46.127221+02:00 |  client ip  | maileva.INFO:  ... []
2023-03-14T08:10:46.127321+02:00 |  client ip  | maileva.INFO:  ======================= []
2023-03-14T08:10:46.127415+02:00 |  client ip  | maileva.INFO:  user infos :  []
2023-03-14T08:10:46.127514+02:00 |  client ip  | maileva.INFO:  annonymous []
2023-03-14T08:10:46.802292+02:00 |  client ip  | maileva.INFO:  ======================= []
2023-03-14T08:10:46.802462+02:00 |  client ip  | maileva.INFO:  response addRecipient :  []
2023-03-14T08:10:46.802553+02:00 |  client ip  | maileva.INFO:  {"errors":[{"code":"ATTRIBUTE_WRONG_PARAMETER","message":"The parameter `pages_range` is wrong."}]} []
2023-03-14T08:10:46.802626+02:00 |  client ip  | maileva.NOTICE:  ======================= []
2023-03-14T08:10:46.802688+02:00 |  client ip  | maileva.NOTICE:  ======================= []
2023-03-14T08:30:07.761555+02:00 |  client ip  | maileva.INFO:  ======================= []
2023-03-14T08:30:07.774796+02:00 |  client ip  | maileva.INFO:  parameters :  []
2023-03-14T08:30:07.774861+02:00 |  client ip  | maileva.INFO:  {"name":"R\u00e9siliation d'un abonnement t\u00e9l\u00e9phonique","custom_id":"01GVFB6BNWTAWD1AYT63VKT68W","custom_data":"{}","acknowledgement_of_receipt":true,"acknowledgement_of_receipt_scanning":false,"color_printing":true,"duplex_printing":false,"optional_address_sheet":false,"notification_email":"do_not_reply@maileva.com","sender_address_line_1":"Tsilavina fanomezana","sender_address_line_2":"Tsilavina fanomezana","sender_address_line_3":null,"sender_address_line_4":"40 avenue de Clichy","sender_address_line_5":"","sender_address_line_6":"75018 paris 18","sender_country_code":"FR","archiving_duration":3} []
2023-03-14T08:30:07.774968+02:00 |  client ip  | maileva.INFO:  ======================= []
2023-03-14T08:30:07.775002+02:00 |  client ip  | maileva.INFO:  connet to MailevaApi ...  :  []
2023-03-14T08:30:07.775042+02:00 |  client ip  | maileva.INFO:  ... []
2023-03-14T08:30:07.775080+02:00 |  client ip  | maileva.INFO:  ======================= []
2023-03-14T08:30:07.775104+02:00 |  client ip  | maileva.INFO:  user infos :  []
2023-03-14T08:30:07.775129+02:00 |  client ip  | maileva.INFO:  annonymous []
2023-03-14T08:30:08.716059+02:00 |  client ip  | maileva.INFO:  ======================= []
2023-03-14T08:30:08.716222+02:00 |  client ip  | maileva.INFO:  response postSending :  []
2023-03-14T08:30:08.716291+02:00 |  client ip  | maileva.INFO:  {"id":"edb95009-c778-4531-9b3d-8f5932d386ed","name":"R\u00e9siliation d'un abonnement t\u00e9l\u00e9phonique","status":"DRAFT","acknowledgement_of_receipt":true,"acknowledgement_of_receipt_scanning":false,"creation_date":"2023-03-14T06:30:08.600Z","documents_count":0,"custom_data":"{}","color_printing":true,"duplex_printing":false,"optional_address_sheet":false,"system_address_sheet":true,"notification_email":"do_not_reply@maileva.com","sender_country_code":"FR","archiving_duration":3,"recipients_counts":{"draft":0,"pending":0,"processed":0,"rejected":0,"total":0},"custom_id":"01GVFB6BNWTAWD1AYT63VKT68W","sender_address_line_1":"Tsilavina fanomezana","sender_address_line_2":"Tsilavina fanomezana","sender_address_line_4":"40 avenue de Clichy","sender_address_line_5":"","sender_address_line_6":"75018 paris 18"} []
2023-03-14T08:30:08.716385+02:00 |  client ip  | maileva.NOTICE:  ======================= []
2023-03-14T08:30:08.716445+02:00 |  client ip  | maileva.NOTICE:  ======================= []
2023-03-14T08:30:10.014296+02:00 |  client ip  | maileva.INFO:  ======================= []
2023-03-14T08:30:10.014570+02:00 |  client ip  | maileva.INFO:  parameters envoi :  []
2023-03-14T08:30:10.014690+02:00 |  client ip  | maileva.INFO:  {} []
2023-03-14T08:30:10.014802+02:00 |  client ip  | maileva.INFO:  ======================= []
2023-03-14T08:30:10.014899+02:00 |  client ip  | maileva.INFO:  connet to MailevaApi ...  :  []
2023-03-14T08:30:10.014993+02:00 |  client ip  | maileva.INFO:  ... []
2023-03-14T08:30:10.015085+02:00 |  client ip  | maileva.INFO:  ======================= []
2023-03-14T08:30:10.015170+02:00 |  client ip  | maileva.INFO:  user infos :  []
2023-03-14T08:30:10.015258+02:00 |  client ip  | maileva.INFO:  annonymous []
2023-03-14T08:30:11.188378+02:00 |  client ip  | maileva.INFO:  ======================= []
2023-03-14T08:30:11.188628+02:00 |  client ip  | maileva.INFO:  response addDocSending :  []
2023-03-14T08:30:11.188725+02:00 |  client ip  | maileva.INFO:  {"id":"ab43e027-975a-4bde-8b86-cfabc4c2f4a9","name":"lettre_resiliation.pdf","priority":1,"type":"application\/pdf","size":52527,"converted_size":0,"pages_count":0,"sheets_count":0} []
2023-03-14T08:30:11.188813+02:00 |  client ip  | maileva.NOTICE:  ======================= []
2023-03-14T08:30:11.188893+02:00 |  client ip  | maileva.NOTICE:  ======================= []
2023-03-14T08:30:12.323594+02:00 |  client ip  | maileva.INFO:  ======================= []
2023-03-14T08:30:12.323696+02:00 |  client ip  | maileva.INFO:  parameters envoi :  []
2023-03-14T08:30:12.323727+02:00 |  client ip  | maileva.INFO:  {} []
2023-03-14T08:30:12.323774+02:00 |  client ip  | maileva.INFO:  ======================= []
2023-03-14T08:30:12.323819+02:00 |  client ip  | maileva.INFO:  connet to MailevaApi ...  :  []
2023-03-14T08:30:12.323843+02:00 |  client ip  | maileva.INFO:  ... []
2023-03-14T08:30:12.323883+02:00 |  client ip  | maileva.INFO:  ======================= []
2023-03-14T08:30:12.323919+02:00 |  client ip  | maileva.INFO:  user infos :  []
2023-03-14T08:30:12.323942+02:00 |  client ip  | maileva.INFO:  annonymous []
2023-03-14T08:30:12.971321+02:00 |  client ip  | maileva.INFO:  ======================= []
2023-03-14T08:30:12.971522+02:00 |  client ip  | maileva.INFO:  response addRecipient :  []
2023-03-14T08:30:12.971606+02:00 |  client ip  | maileva.INFO:  {"errors":[{"code":"ATTRIBUTE_WRONG_PARAMETER","message":"The parameter `pages_range` is wrong."}]} []
2023-03-14T08:30:12.971700+02:00 |  client ip  | maileva.NOTICE:  ======================= []
2023-03-14T08:30:12.971773+02:00 |  client ip  | maileva.NOTICE:  ======================= []
2023-03-14T08:33:09.444367+02:00 |  client ip  | maileva.INFO:  ======================= []
2023-03-14T08:33:09.444628+02:00 |  client ip  | maileva.INFO:  parameters :  []
2023-03-14T08:33:09.444712+02:00 |  client ip  | maileva.INFO:  {"name":"R\u00e9siliation d'un abonnement t\u00e9l\u00e9phonique","custom_id":"01GVFB6BNWTAWD1AYT63VKT68W","custom_data":"{}","acknowledgement_of_receipt":true,"acknowledgement_of_receipt_scanning":false,"color_printing":true,"duplex_printing":false,"optional_address_sheet":false,"notification_email":"do_not_reply@maileva.com","sender_address_line_1":"Tsilavina fanomezana","sender_address_line_2":"Tsilavina fanomezana","sender_address_line_3":null,"sender_address_line_4":"40 avenue de Clichy","sender_address_line_5":"","sender_address_line_6":"75018 paris 18","sender_country_code":"FR","archiving_duration":3} []
2023-03-14T08:33:09.444875+02:00 |  client ip  | maileva.INFO:  ======================= []
2023-03-14T08:33:09.444954+02:00 |  client ip  | maileva.INFO:  connet to MailevaApi ...  :  []
2023-03-14T08:33:09.445020+02:00 |  client ip  | maileva.INFO:  ... []
2023-03-14T08:33:09.445083+02:00 |  client ip  | maileva.INFO:  ======================= []
2023-03-14T08:33:09.445142+02:00 |  client ip  | maileva.INFO:  user infos :  []
2023-03-14T08:33:09.445201+02:00 |  client ip  | maileva.INFO:  annonymous []
2023-03-14T08:33:10.326854+02:00 |  client ip  | maileva.INFO:  ======================= []
2023-03-14T08:33:10.327017+02:00 |  client ip  | maileva.INFO:  response postSending :  []
2023-03-14T08:33:10.327082+02:00 |  client ip  | maileva.INFO:  {"id":"95faafc9-f3a3-4c01-bd7a-446160e403ff","name":"R\u00e9siliation d'un abonnement t\u00e9l\u00e9phonique","status":"DRAFT","acknowledgement_of_receipt":true,"acknowledgement_of_receipt_scanning":false,"creation_date":"2023-03-14T06:33:10.210Z","documents_count":0,"custom_data":"{}","color_printing":true,"duplex_printing":false,"optional_address_sheet":false,"system_address_sheet":true,"notification_email":"do_not_reply@maileva.com","sender_country_code":"FR","archiving_duration":3,"recipients_counts":{"draft":0,"pending":0,"processed":0,"rejected":0,"total":0},"custom_id":"01GVFB6BNWTAWD1AYT63VKT68W","sender_address_line_1":"Tsilavina fanomezana","sender_address_line_2":"Tsilavina fanomezana","sender_address_line_4":"40 avenue de Clichy","sender_address_line_5":"","sender_address_line_6":"75018 paris 18"} []
2023-03-14T08:33:10.327147+02:00 |  client ip  | maileva.NOTICE:  ======================= []
2023-03-14T08:33:10.327202+02:00 |  client ip  | maileva.NOTICE:  ======================= []
2023-03-14T08:33:11.872610+02:00 |  client ip  | maileva.INFO:  ======================= []
2023-03-14T08:33:11.872894+02:00 |  client ip  | maileva.INFO:  parameters envoi :  []
2023-03-14T08:33:11.873034+02:00 |  client ip  | maileva.INFO:  {} []
2023-03-14T08:33:11.873159+02:00 |  client ip  | maileva.INFO:  ======================= []
2023-03-14T08:33:11.873269+02:00 |  client ip  | maileva.INFO:  connet to MailevaApi ...  :  []
2023-03-14T08:33:11.873378+02:00 |  client ip  | maileva.INFO:  ... []
2023-03-14T08:33:11.873487+02:00 |  client ip  | maileva.INFO:  ======================= []
2023-03-14T08:33:11.873619+02:00 |  client ip  | maileva.INFO:  user infos :  []
2023-03-14T08:33:11.873719+02:00 |  client ip  | maileva.INFO:  annonymous []
2023-03-14T08:33:13.072084+02:00 |  client ip  | maileva.INFO:  ======================= []
2023-03-14T08:33:13.072221+02:00 |  client ip  | maileva.INFO:  response addDocSending :  []
2023-03-14T08:33:13.072277+02:00 |  client ip  | maileva.INFO:  {"id":"f11ce530-54cb-4a5c-9923-3194e53ea8b7","name":"lettre_resiliation.pdf","priority":1,"type":"application\/pdf","size":52527,"converted_size":0,"pages_count":0,"sheets_count":0} []
2023-03-14T08:33:13.072325+02:00 |  client ip  | maileva.NOTICE:  ======================= []
2023-03-14T08:33:13.072369+02:00 |  client ip  | maileva.NOTICE:  ======================= []
2023-03-14T08:33:14.174413+02:00 |  client ip  | maileva.INFO:  ======================= []
2023-03-14T08:33:14.174613+02:00 |  client ip  | maileva.INFO:  parameters envoi :  []
2023-03-14T08:33:14.174703+02:00 |  client ip  | maileva.INFO:  {} []
2023-03-14T08:33:14.174790+02:00 |  client ip  | maileva.INFO:  ======================= []
2023-03-14T08:33:14.174863+02:00 |  client ip  | maileva.INFO:  connet to MailevaApi ...  :  []
2023-03-14T08:33:14.174933+02:00 |  client ip  | maileva.INFO:  ... []
2023-03-14T08:33:14.175003+02:00 |  client ip  | maileva.INFO:  ======================= []
2023-03-14T08:33:14.175070+02:00 |  client ip  | maileva.INFO:  user infos :  []
2023-03-14T08:33:14.175136+02:00 |  client ip  | maileva.INFO:  annonymous []
2023-03-14T08:33:14.828297+02:00 |  client ip  | maileva.INFO:  ======================= []
2023-03-14T08:33:14.828449+02:00 |  client ip  | maileva.INFO:  response addRecipient :  []
2023-03-14T08:33:14.828504+02:00 |  client ip  | maileva.INFO:  {"errors":[{"code":"ATTRIBUTE_WRONG_PARAMETER","message":"The parameter `pages_range` is wrong."}]} []
2023-03-14T08:33:14.828553+02:00 |  client ip  | maileva.NOTICE:  ======================= []
2023-03-14T08:33:14.828596+02:00 |  client ip  | maileva.NOTICE:  ======================= []
