2023-01-04T12:13:06.423593+01:00 |  client ip  | maileva.INFO:  ======================= []
2023-01-04T12:13:06.429141+01:00 |  client ip  | maileva.INFO:  parameters :  []
2023-01-04T12:13:06.429316+01:00 |  client ip  | maileva.INFO:  {"name":"R\u00e9siliation d'un abonnement t\u00e9l\u00e9phonique","custom_id":"01GNY7QJ6YAKNCGFBC5DVKHK96","custom_data":"{}","acknowledgement_of_receipt":true,"acknowledgement_of_receipt_scanning":false,"color_printing":true,"duplex_printing":false,"optional_address_sheet":false,"notification_email":"do_not_reply@maileva.com","sender_address_line_1":"tsilavina fanomezana","sender_address_line_2":"tsilavina fanomezana","sender_address_line_3":null,"sender_address_line_4":"2 Rue Lioris","sender_address_line_5":"","sender_address_line_6":"75100 Paris","sender_country_code":"FR","archiving_duration":3} []
2023-01-04T12:13:06.462251+01:00 |  client ip  | maileva.INFO:  ======================= []
2023-01-04T12:13:06.462463+01:00 |  client ip  | maileva.INFO:  connet to MailevaApi ...  :  []
2023-01-04T12:13:06.462710+01:00 |  client ip  | maileva.INFO:  ... []
2023-01-04T12:13:06.462833+01:00 |  client ip  | maileva.INFO:  ======================= []
2023-01-04T12:13:06.462949+01:00 |  client ip  | maileva.INFO:  user infos :  []
2023-01-04T12:13:06.463063+01:00 |  client ip  | maileva.INFO:  annonymous []
2023-01-04T12:13:07.679595+01:00 |  client ip  | maileva.INFO:  ======================= []
2023-01-04T12:13:07.679857+01:00 |  client ip  | maileva.INFO:  response postSending :  []
2023-01-04T12:13:07.679973+01:00 |  client ip  | maileva.INFO:  {"id":"e6767e64-499a-4a0b-8271-42175a0b9086","name":"R\u00e9siliation d'un abonnement t\u00e9l\u00e9phonique","status":"DRAFT","acknowledgement_of_receipt":true,"acknowledgement_of_receipt_scanning":false,"creation_date":"2023-01-04T11:13:05.186Z","documents_count":0,"custom_data":"{}","color_printing":true,"duplex_printing":false,"optional_address_sheet":false,"system_address_sheet":true,"notification_email":"do_not_reply@maileva.com","sender_country_code":"FR","archiving_duration":3,"recipients_counts":{"draft":0,"pending":0,"processed":0,"rejected":0,"total":0},"custom_id":"01GNY7QJ6YAKNCGFBC5DVKHK96","sender_address_line_1":"tsilavina fanomezana","sender_address_line_2":"tsilavina fanomezana","sender_address_line_4":"2 Rue Lioris","sender_address_line_5":"","sender_address_line_6":"75100 Paris"} []
2023-01-04T12:13:07.680098+01:00 |  client ip  | maileva.NOTICE:  ======================= []
2023-01-04T12:13:07.680212+01:00 |  client ip  | maileva.NOTICE:  ======================= []
2023-01-04T12:13:09.951847+01:00 |  client ip  | maileva.INFO:  ======================= []
2023-01-04T12:13:09.952155+01:00 |  client ip  | maileva.INFO:  parameters envoi :  []
2023-01-04T12:13:09.952274+01:00 |  client ip  | maileva.INFO:  {} []
2023-01-04T12:13:09.952401+01:00 |  client ip  | maileva.INFO:  ======================= []
2023-01-04T12:13:09.952517+01:00 |  client ip  | maileva.INFO:  connet to MailevaApi ...  :  []
2023-01-04T12:13:09.952632+01:00 |  client ip  | maileva.INFO:  ... []
2023-01-04T12:13:09.952769+01:00 |  client ip  | maileva.INFO:  ======================= []
2023-01-04T12:13:09.952884+01:00 |  client ip  | maileva.INFO:  user infos :  []
2023-01-04T12:13:09.953053+01:00 |  client ip  | maileva.INFO:  annonymous []
2023-01-04T12:13:10.892544+01:00 |  client ip  | maileva.INFO:  ======================= []
2023-01-04T12:13:10.892771+01:00 |  client ip  | maileva.INFO:  response submitSending :  []
2023-01-04T12:13:10.892888+01:00 |  client ip  | maileva.INFO:  null []
2023-01-04T12:13:10.893007+01:00 |  client ip  | maileva.NOTICE:  ======================= []
2023-01-04T12:13:10.893122+01:00 |  client ip  | maileva.NOTICE:  ======================= []
2023-01-04T12:24:53.625708+01:00 |  client ip  | maileva.INFO:  ======================= []
2023-01-04T12:24:53.627433+01:00 |  client ip  | maileva.INFO:  parameters :  []
2023-01-04T12:24:53.627557+01:00 |  client ip  | maileva.INFO:  {"name":"R\u00e9siliation d'un abonnement t\u00e9l\u00e9phonique","custom_id":"01GNY7QJ6YAKNCGFBC5DVKHK96","custom_data":"{}","acknowledgement_of_receipt":true,"acknowledgement_of_receipt_scanning":false,"color_printing":true,"duplex_printing":false,"optional_address_sheet":false,"notification_email":"do_not_reply@maileva.com","sender_address_line_1":"tsilavina fanomezana","sender_address_line_2":"tsilavina fanomezana","sender_address_line_3":null,"sender_address_line_4":"2 Rue Lioris","sender_address_line_5":"","sender_address_line_6":"75100 Paris","sender_country_code":"FR","archiving_duration":3} []
2023-01-04T12:24:53.629042+01:00 |  client ip  | maileva.INFO:  ======================= []
2023-01-04T12:24:53.629279+01:00 |  client ip  | maileva.INFO:  connet to MailevaApi ...  :  []
2023-01-04T12:24:53.629395+01:00 |  client ip  | maileva.INFO:  ... []
2023-01-04T12:24:53.629510+01:00 |  client ip  | maileva.INFO:  ======================= []
2023-01-04T12:24:53.629624+01:00 |  client ip  | maileva.INFO:  user infos :  []
2023-01-04T12:24:53.629737+01:00 |  client ip  | maileva.INFO:  annonymous []
2023-01-04T12:24:54.723467+01:00 |  client ip  | maileva.INFO:  ======================= []
2023-01-04T12:24:54.723687+01:00 |  client ip  | maileva.INFO:  response postSending :  []
2023-01-04T12:24:54.723803+01:00 |  client ip  | maileva.INFO:  {"id":"de193f7f-df82-4e6e-8ecc-29f84355ae2e","name":"R\u00e9siliation d'un abonnement t\u00e9l\u00e9phonique","status":"DRAFT","acknowledgement_of_receipt":true,"acknowledgement_of_receipt_scanning":false,"creation_date":"2023-01-04T11:24:52.235Z","documents_count":0,"custom_data":"{}","color_printing":true,"duplex_printing":false,"optional_address_sheet":false,"system_address_sheet":true,"notification_email":"do_not_reply@maileva.com","sender_country_code":"FR","archiving_duration":3,"recipients_counts":{"draft":0,"pending":0,"processed":0,"rejected":0,"total":0},"custom_id":"01GNY7QJ6YAKNCGFBC5DVKHK96","sender_address_line_1":"tsilavina fanomezana","sender_address_line_2":"tsilavina fanomezana","sender_address_line_4":"2 Rue Lioris","sender_address_line_5":"","sender_address_line_6":"75100 Paris"} []
2023-01-04T12:24:54.723953+01:00 |  client ip  | maileva.NOTICE:  ======================= []
2023-01-04T12:24:54.724087+01:00 |  client ip  | maileva.NOTICE:  ======================= []
2023-01-04T12:24:56.238982+01:00 |  client ip  | maileva.INFO:  ======================= []
2023-01-04T12:24:56.239240+01:00 |  client ip  | maileva.INFO:  parameters envoi :  []
2023-01-04T12:24:56.239362+01:00 |  client ip  | maileva.INFO:  {} []
2023-01-04T12:24:56.239492+01:00 |  client ip  | maileva.INFO:  ======================= []
2023-01-04T12:24:56.239609+01:00 |  client ip  | maileva.INFO:  connet to MailevaApi ...  :  []
2023-01-04T12:24:56.239724+01:00 |  client ip  | maileva.INFO:  ... []
2023-01-04T12:24:56.239889+01:00 |  client ip  | maileva.INFO:  ======================= []
2023-01-04T12:24:56.240014+01:00 |  client ip  | maileva.INFO:  user infos :  []
2023-01-04T12:24:56.240301+01:00 |  client ip  | maileva.INFO:  annonymous []
2023-01-04T12:24:56.995564+01:00 |  client ip  | maileva.INFO:  ======================= []
2023-01-04T12:24:56.995783+01:00 |  client ip  | maileva.INFO:  response submitSending :  []
2023-01-04T12:24:56.995899+01:00 |  client ip  | maileva.INFO:  null []
2023-01-04T12:24:56.996018+01:00 |  client ip  | maileva.NOTICE:  ======================= []
2023-01-04T12:24:56.996131+01:00 |  client ip  | maileva.NOTICE:  ======================= []
2023-01-04T12:25:07.585371+01:00 |  client ip  | maileva.INFO:  ======================= []
2023-01-04T12:25:07.585674+01:00 |  client ip  | maileva.INFO:  parameters envoi :  []
2023-01-04T12:25:07.585798+01:00 |  client ip  | maileva.INFO:  {} []
2023-01-04T12:25:07.585926+01:00 |  client ip  | maileva.INFO:  ======================= []
2023-01-04T12:25:07.586127+01:00 |  client ip  | maileva.INFO:  connet to MailevaApi ...  :  []
2023-01-04T12:25:07.586244+01:00 |  client ip  | maileva.INFO:  ... []
2023-01-04T12:25:07.586666+01:00 |  client ip  | maileva.INFO:  ======================= []
2023-01-04T12:25:07.587097+01:00 |  client ip  | maileva.INFO:  user infos :  []
2023-01-04T12:25:07.587225+01:00 |  client ip  | maileva.INFO:  annonymous []
2023-01-04T12:25:08.560352+01:00 |  client ip  | maileva.INFO:  ======================= []
2023-01-04T12:25:08.560958+01:00 |  client ip  | maileva.INFO:  response addDocSending :  []
2023-01-04T12:25:08.561401+01:00 |  client ip  | maileva.INFO:  {"id":"0af79feb-9a09-4389-b176-8551b0f980e2","name":"lettre_resiliation.pdf","priority":1,"type":"application\/pdf","size":1235,"converted_size":0,"pages_count":0,"sheets_count":0} []
2023-01-04T12:25:08.561797+01:00 |  client ip  | maileva.NOTICE:  ======================= []
2023-01-04T12:25:08.562242+01:00 |  client ip  | maileva.NOTICE:  ======================= []
2023-01-04T12:26:39.837585+01:00 |  client ip  | maileva.INFO:  ======================= []
2023-01-04T12:26:39.839761+01:00 |  client ip  | maileva.INFO:  parameters :  []
2023-01-04T12:26:39.839887+01:00 |  client ip  | maileva.INFO:  {"name":"R\u00e9siliation d'un abonnement t\u00e9l\u00e9phonique","custom_id":"01GNY7QJ6YAKNCGFBC5DVKHK96","custom_data":"{}","acknowledgement_of_receipt":true,"acknowledgement_of_receipt_scanning":false,"color_printing":true,"duplex_printing":false,"optional_address_sheet":false,"notification_email":"do_not_reply@maileva.com","sender_address_line_1":"tsilavina fanomezana","sender_address_line_2":"tsilavina fanomezana","sender_address_line_3":null,"sender_address_line_4":"2 Rue Lioris","sender_address_line_5":"","sender_address_line_6":"75100 Paris","sender_country_code":"FR","archiving_duration":3} []
2023-01-04T12:26:39.841300+01:00 |  client ip  | maileva.INFO:  ======================= []
2023-01-04T12:26:39.841440+01:00 |  client ip  | maileva.INFO:  connet to MailevaApi ...  :  []
2023-01-04T12:26:39.841573+01:00 |  client ip  | maileva.INFO:  ... []
2023-01-04T12:26:39.841689+01:00 |  client ip  | maileva.INFO:  ======================= []
2023-01-04T12:26:39.841804+01:00 |  client ip  | maileva.INFO:  user infos :  []
2023-01-04T12:26:39.841917+01:00 |  client ip  | maileva.INFO:  annonymous []
2023-01-04T12:26:40.933734+01:00 |  client ip  | maileva.INFO:  ======================= []
2023-01-04T12:26:40.933952+01:00 |  client ip  | maileva.INFO:  response postSending :  []
2023-01-04T12:26:40.934068+01:00 |  client ip  | maileva.INFO:  {"id":"c80b19bd-c4ba-43ac-95b9-e31bf10b6ce5","name":"R\u00e9siliation d'un abonnement t\u00e9l\u00e9phonique","status":"DRAFT","acknowledgement_of_receipt":true,"acknowledgement_of_receipt_scanning":false,"creation_date":"2023-01-04T11:26:38.475Z","documents_count":0,"custom_data":"{}","color_printing":true,"duplex_printing":false,"optional_address_sheet":false,"system_address_sheet":true,"notification_email":"do_not_reply@maileva.com","sender_country_code":"FR","archiving_duration":3,"recipients_counts":{"draft":0,"pending":0,"processed":0,"rejected":0,"total":0},"custom_id":"01GNY7QJ6YAKNCGFBC5DVKHK96","sender_address_line_1":"tsilavina fanomezana","sender_address_line_2":"tsilavina fanomezana","sender_address_line_4":"2 Rue Lioris","sender_address_line_5":"","sender_address_line_6":"75100 Paris"} []
2023-01-04T12:26:40.934194+01:00 |  client ip  | maileva.NOTICE:  ======================= []
2023-01-04T12:26:40.934308+01:00 |  client ip  | maileva.NOTICE:  ======================= []
2023-01-04T12:26:42.349715+01:00 |  client ip  | maileva.INFO:  ======================= []
2023-01-04T12:26:42.349930+01:00 |  client ip  | maileva.INFO:  parameters envoi :  []
2023-01-04T12:26:42.350047+01:00 |  client ip  | maileva.INFO:  {} []
2023-01-04T12:26:42.350179+01:00 |  client ip  | maileva.INFO:  ======================= []
2023-01-04T12:26:42.350295+01:00 |  client ip  | maileva.INFO:  connet to MailevaApi ...  :  []
2023-01-04T12:26:42.350408+01:00 |  client ip  | maileva.INFO:  ... []
2023-01-04T12:26:42.350536+01:00 |  client ip  | maileva.INFO:  ======================= []
2023-01-04T12:26:42.350659+01:00 |  client ip  | maileva.INFO:  user infos :  []
2023-01-04T12:26:42.350797+01:00 |  client ip  | maileva.INFO:  annonymous []
2023-01-04T12:26:43.127448+01:00 |  client ip  | maileva.INFO:  ======================= []
2023-01-04T12:26:43.127678+01:00 |  client ip  | maileva.INFO:  response submitSending :  []
2023-01-04T12:26:43.127824+01:00 |  client ip  | maileva.INFO:  null []
2023-01-04T12:26:43.128003+01:00 |  client ip  | maileva.NOTICE:  ======================= []
2023-01-04T12:26:43.128121+01:00 |  client ip  | maileva.NOTICE:  ======================= []
2023-01-04T12:26:44.561474+01:00 |  client ip  | maileva.INFO:  ======================= []
2023-01-04T12:26:44.561688+01:00 |  client ip  | maileva.INFO:  parameters envoi :  []
2023-01-04T12:26:44.561920+01:00 |  client ip  | maileva.INFO:  {} []
2023-01-04T12:26:44.562055+01:00 |  client ip  | maileva.INFO:  ======================= []
2023-01-04T12:26:44.562171+01:00 |  client ip  | maileva.INFO:  connet to MailevaApi ...  :  []
2023-01-04T12:26:44.562285+01:00 |  client ip  | maileva.INFO:  ... []
2023-01-04T12:26:44.562401+01:00 |  client ip  | maileva.INFO:  ======================= []
2023-01-04T12:26:44.562515+01:00 |  client ip  | maileva.INFO:  user infos :  []
2023-01-04T12:26:44.562628+01:00 |  client ip  | maileva.INFO:  annonymous []
2023-01-04T12:26:45.549917+01:00 |  client ip  | maileva.INFO:  ======================= []
2023-01-04T12:26:45.550137+01:00 |  client ip  | maileva.INFO:  response addDocSending :  []
2023-01-04T12:26:45.550253+01:00 |  client ip  | maileva.INFO:  {"id":"1a690b04-1630-4178-8c22-4baa170e76ab","name":"lettre_resiliation.pdf","priority":1,"type":"application\/pdf","size":1235,"converted_size":0,"pages_count":0,"sheets_count":0} []
2023-01-04T12:26:45.550376+01:00 |  client ip  | maileva.NOTICE:  ======================= []
2023-01-04T12:26:45.550489+01:00 |  client ip  | maileva.NOTICE:  ======================= []
2023-01-04T12:56:35.231783+01:00 |  client ip  | maileva.INFO:  ======================= []
2023-01-04T12:56:35.233749+01:00 |  client ip  | maileva.INFO:  parameters :  []
2023-01-04T12:56:35.233894+01:00 |  client ip  | maileva.INFO:  {"name":"R\u00e9siliation d'un abonnement t\u00e9l\u00e9phonique","custom_id":"01GNY7QJ6YAKNCGFBC5DVKHK96","custom_data":"{}","acknowledgement_of_receipt":true,"acknowledgement_of_receipt_scanning":false,"color_printing":true,"duplex_printing":false,"optional_address_sheet":false,"notification_email":"do_not_reply@maileva.com","sender_address_line_1":"tsilavina fanomezana","sender_address_line_2":"tsilavina fanomezana","sender_address_line_3":null,"sender_address_line_4":"2 Rue Lioris","sender_address_line_5":"","sender_address_line_6":"75100 Paris","sender_country_code":"FR","archiving_duration":3} []
2023-01-04T12:56:35.235853+01:00 |  client ip  | maileva.INFO:  ======================= []
2023-01-04T12:56:35.236084+01:00 |  client ip  | maileva.INFO:  connet to MailevaApi ...  :  []
2023-01-04T12:56:35.236205+01:00 |  client ip  | maileva.INFO:  ... []
2023-01-04T12:56:35.236368+01:00 |  client ip  | maileva.INFO:  ======================= []
2023-01-04T12:56:35.236486+01:00 |  client ip  | maileva.INFO:  user infos :  []
2023-01-04T12:56:35.236653+01:00 |  client ip  | maileva.INFO:  annonymous []
2023-01-04T12:56:36.483148+01:00 |  client ip  | maileva.INFO:  ======================= []
2023-01-04T12:56:36.484850+01:00 |  client ip  | maileva.INFO:  response postSending :  []
2023-01-04T12:56:36.484997+01:00 |  client ip  | maileva.INFO:  {"id":"ceba2b7f-f065-4a6f-bac8-0593b863b1f1","name":"R\u00e9siliation d'un abonnement t\u00e9l\u00e9phonique","status":"DRAFT","acknowledgement_of_receipt":true,"acknowledgement_of_receipt_scanning":false,"creation_date":"2023-01-04T11:56:34.037Z","documents_count":0,"custom_data":"{}","color_printing":true,"duplex_printing":false,"optional_address_sheet":false,"system_address_sheet":true,"notification_email":"do_not_reply@maileva.com","sender_country_code":"FR","archiving_duration":3,"recipients_counts":{"draft":0,"pending":0,"processed":0,"rejected":0,"total":0},"custom_id":"01GNY7QJ6YAKNCGFBC5DVKHK96","sender_address_line_1":"tsilavina fanomezana","sender_address_line_2":"tsilavina fanomezana","sender_address_line_4":"2 Rue Lioris","sender_address_line_5":"","sender_address_line_6":"75100 Paris"} []
2023-01-04T12:56:36.485252+01:00 |  client ip  | maileva.NOTICE:  ======================= []
2023-01-04T12:56:36.485373+01:00 |  client ip  | maileva.NOTICE:  ======================= []
2023-01-04T12:56:37.913665+01:00 |  client ip  | maileva.INFO:  ======================= []
2023-01-04T12:56:37.914037+01:00 |  client ip  | maileva.INFO:  parameters envoi :  []
2023-01-04T12:56:37.914213+01:00 |  client ip  | maileva.INFO:  {} []
2023-01-04T12:56:37.914339+01:00 |  client ip  | maileva.INFO:  ======================= []
2023-01-04T12:56:37.914453+01:00 |  client ip  | maileva.INFO:  connet to MailevaApi ...  :  []
2023-01-04T12:56:37.914567+01:00 |  client ip  | maileva.INFO:  ... []
2023-01-04T12:56:37.914680+01:00 |  client ip  | maileva.INFO:  ======================= []
2023-01-04T12:56:37.914829+01:00 |  client ip  | maileva.INFO:  user infos :  []
2023-01-04T12:56:37.914968+01:00 |  client ip  | maileva.INFO:  annonymous []
2023-01-04T12:56:38.680745+01:00 |  client ip  | maileva.INFO:  ======================= []
2023-01-04T12:56:38.681063+01:00 |  client ip  | maileva.INFO:  response submitSending :  []
2023-01-04T12:56:38.681181+01:00 |  client ip  | maileva.INFO:  null []
2023-01-04T12:56:38.681299+01:00 |  client ip  | maileva.NOTICE:  ======================= []
2023-01-04T12:56:38.681413+01:00 |  client ip  | maileva.NOTICE:  ======================= []
2023-01-04T12:56:40.109076+01:00 |  client ip  | maileva.INFO:  ======================= []
2023-01-04T12:56:40.109301+01:00 |  client ip  | maileva.INFO:  parameters envoi :  []
2023-01-04T12:56:40.109418+01:00 |  client ip  | maileva.INFO:  {} []
2023-01-04T12:56:40.109547+01:00 |  client ip  | maileva.INFO:  ======================= []
2023-01-04T12:56:40.109665+01:00 |  client ip  | maileva.INFO:  connet to MailevaApi ...  :  []
2023-01-04T12:56:40.109780+01:00 |  client ip  | maileva.INFO:  ... []
2023-01-04T12:56:40.109897+01:00 |  client ip  | maileva.INFO:  ======================= []
2023-01-04T12:56:40.110012+01:00 |  client ip  | maileva.INFO:  user infos :  []
2023-01-04T12:56:40.110154+01:00 |  client ip  | maileva.INFO:  annonymous []
2023-01-04T12:56:40.974082+01:00 |  client ip  | maileva.INFO:  ======================= []
2023-01-04T12:56:40.974286+01:00 |  client ip  | maileva.INFO:  response addDocSending :  []
2023-01-04T12:56:40.974402+01:00 |  client ip  | maileva.INFO:  {"id":"12dfb72c-1add-4d4a-9fc1-4c5bc048f28f","name":"lettre_resiliation.pdf","priority":1,"type":"application\/pdf","size":1235,"converted_size":0,"pages_count":0,"sheets_count":0} []
2023-01-04T12:56:40.974521+01:00 |  client ip  | maileva.NOTICE:  ======================= []
2023-01-04T12:56:40.974635+01:00 |  client ip  | maileva.NOTICE:  ======================= []
2023-01-04T13:13:38.071957+01:00 |  client ip  | maileva.INFO:  ======================= []
2023-01-04T13:13:38.073934+01:00 |  client ip  | maileva.INFO:  parameters :  []
2023-01-04T13:13:38.074066+01:00 |  client ip  | maileva.INFO:  {"name":"R\u00e9siliation d'un abonnement t\u00e9l\u00e9phonique","custom_id":"01GNY7QJ6YAKNCGFBC5DVKHK96","custom_data":"{}","acknowledgement_of_receipt":true,"acknowledgement_of_receipt_scanning":false,"color_printing":true,"duplex_printing":false,"optional_address_sheet":false,"notification_email":"do_not_reply@maileva.com","sender_address_line_1":"tsilavina fanomezana","sender_address_line_2":"tsilavina fanomezana","sender_address_line_3":null,"sender_address_line_4":"2 Rue Lioris","sender_address_line_5":"","sender_address_line_6":"75100 Paris","sender_country_code":"FR","archiving_duration":3} []
2023-01-04T13:13:38.075478+01:00 |  client ip  | maileva.INFO:  ======================= []
2023-01-04T13:13:38.075617+01:00 |  client ip  | maileva.INFO:  connet to MailevaApi ...  :  []
2023-01-04T13:13:38.075733+01:00 |  client ip  | maileva.INFO:  ... []
2023-01-04T13:13:38.075849+01:00 |  client ip  | maileva.INFO:  ======================= []
2023-01-04T13:13:38.076026+01:00 |  client ip  | maileva.INFO:  user infos :  []
2023-01-04T13:13:38.076145+01:00 |  client ip  | maileva.INFO:  annonymous []
2023-01-04T13:13:39.089032+01:00 |  client ip  | maileva.INFO:  ======================= []
2023-01-04T13:13:39.089260+01:00 |  client ip  | maileva.INFO:  response postSending :  []
2023-01-04T13:13:39.089378+01:00 |  client ip  | maileva.INFO:  {"id":"94e96d46-9140-4be1-8fd4-66920c602937","name":"R\u00e9siliation d'un abonnement t\u00e9l\u00e9phonique","status":"DRAFT","acknowledgement_of_receipt":true,"acknowledgement_of_receipt_scanning":false,"creation_date":"2023-01-04T12:13:36.645Z","documents_count":0,"custom_data":"{}","color_printing":true,"duplex_printing":false,"optional_address_sheet":false,"system_address_sheet":true,"notification_email":"do_not_reply@maileva.com","sender_country_code":"FR","archiving_duration":3,"recipients_counts":{"draft":0,"pending":0,"processed":0,"rejected":0,"total":0},"custom_id":"01GNY7QJ6YAKNCGFBC5DVKHK96","sender_address_line_1":"tsilavina fanomezana","sender_address_line_2":"tsilavina fanomezana","sender_address_line_4":"2 Rue Lioris","sender_address_line_5":"","sender_address_line_6":"75100 Paris"} []
2023-01-04T13:13:39.089646+01:00 |  client ip  | maileva.NOTICE:  ======================= []
2023-01-04T13:13:39.089773+01:00 |  client ip  | maileva.NOTICE:  ======================= []
2023-01-04T13:13:40.385244+01:00 |  client ip  | maileva.INFO:  ======================= []
2023-01-04T13:13:40.385472+01:00 |  client ip  | maileva.INFO:  parameters envoi :  []
2023-01-04T13:13:40.385590+01:00 |  client ip  | maileva.INFO:  {} []
2023-01-04T13:13:40.385717+01:00 |  client ip  | maileva.INFO:  ======================= []
2023-01-04T13:13:40.385834+01:00 |  client ip  | maileva.INFO:  connet to MailevaApi ...  :  []
2023-01-04T13:13:40.385949+01:00 |  client ip  | maileva.INFO:  ... []
2023-01-04T13:13:40.386065+01:00 |  client ip  | maileva.INFO:  ======================= []
2023-01-04T13:13:40.386179+01:00 |  client ip  | maileva.INFO:  user infos :  []
2023-01-04T13:13:40.386294+01:00 |  client ip  | maileva.INFO:  annonymous []
2023-01-04T13:13:41.092455+01:00 |  client ip  | maileva.INFO:  ======================= []
2023-01-04T13:13:41.092715+01:00 |  client ip  | maileva.INFO:  response submitSending :  []
2023-01-04T13:13:41.092832+01:00 |  client ip  | maileva.INFO:  null []
2023-01-04T13:13:41.092952+01:00 |  client ip  | maileva.NOTICE:  ======================= []
2023-01-04T13:13:41.093066+01:00 |  client ip  | maileva.NOTICE:  ======================= []
2023-01-04T13:13:42.584312+01:00 |  client ip  | maileva.INFO:  ======================= []
2023-01-04T13:13:42.584544+01:00 |  client ip  | maileva.INFO:  parameters envoi :  []
2023-01-04T13:13:42.584660+01:00 |  client ip  | maileva.INFO:  {} []
2023-01-04T13:13:42.584790+01:00 |  client ip  | maileva.INFO:  ======================= []
2023-01-04T13:13:42.584905+01:00 |  client ip  | maileva.INFO:  connet to MailevaApi ...  :  []
2023-01-04T13:13:42.585232+01:00 |  client ip  | maileva.INFO:  ... []
2023-01-04T13:13:42.585354+01:00 |  client ip  | maileva.INFO:  ======================= []
2023-01-04T13:13:42.585503+01:00 |  client ip  | maileva.INFO:  user infos :  []
2023-01-04T13:13:42.585619+01:00 |  client ip  | maileva.INFO:  annonymous []
2023-01-04T13:13:43.441003+01:00 |  client ip  | maileva.INFO:  ======================= []
2023-01-04T13:13:43.441218+01:00 |  client ip  | maileva.INFO:  response addDocSending :  []
2023-01-04T13:13:43.441335+01:00 |  client ip  | maileva.INFO:  {"id":"0138a710-8cd8-43a1-8b98-ad89cb9c8680","name":"lettre_resiliation.pdf","priority":1,"type":"application\/pdf","size":1235,"converted_size":0,"pages_count":0,"sheets_count":0} []
2023-01-04T13:13:43.441455+01:00 |  client ip  | maileva.NOTICE:  ======================= []
2023-01-04T13:13:43.441576+01:00 |  client ip  | maileva.NOTICE:  ======================= []
2023-01-04T13:20:23.948488+01:00 |  client ip  | maileva.INFO:  ======================= []
2023-01-04T13:20:23.950250+01:00 |  client ip  | maileva.INFO:  parameters :  []
2023-01-04T13:20:23.950386+01:00 |  client ip  | maileva.INFO:  {"name":"R\u00e9siliation d'un abonnement t\u00e9l\u00e9phonique","custom_id":"01GNY7QJ6YAKNCGFBC5DVKHK96","custom_data":"{}","acknowledgement_of_receipt":true,"acknowledgement_of_receipt_scanning":false,"color_printing":true,"duplex_printing":false,"optional_address_sheet":false,"notification_email":"do_not_reply@maileva.com","sender_address_line_1":"tsilavina fanomezana","sender_address_line_2":"tsilavina fanomezana","sender_address_line_3":null,"sender_address_line_4":"2 Rue Lioris","sender_address_line_5":"","sender_address_line_6":"75100 Paris","sender_country_code":"FR","archiving_duration":3} []
2023-01-04T13:20:23.951974+01:00 |  client ip  | maileva.INFO:  ======================= []
2023-01-04T13:20:23.952135+01:00 |  client ip  | maileva.INFO:  connet to MailevaApi ...  :  []
2023-01-04T13:20:23.952258+01:00 |  client ip  | maileva.INFO:  ... []
2023-01-04T13:20:23.952376+01:00 |  client ip  | maileva.INFO:  ======================= []
2023-01-04T13:20:23.952491+01:00 |  client ip  | maileva.INFO:  user infos :  []
2023-01-04T13:20:23.952607+01:00 |  client ip  | maileva.INFO:  annonymous []
2023-01-04T13:20:24.907366+01:00 |  client ip  | maileva.INFO:  ======================= []
2023-01-04T13:20:24.907668+01:00 |  client ip  | maileva.INFO:  response postSending :  []
2023-01-04T13:20:24.907795+01:00 |  client ip  | maileva.INFO:  {"id":"22ba0a3d-006b-48ab-804c-6d046ecdf816","name":"R\u00e9siliation d'un abonnement t\u00e9l\u00e9phonique","status":"DRAFT","acknowledgement_of_receipt":true,"acknowledgement_of_receipt_scanning":false,"creation_date":"2023-01-04T12:20:22.450Z","documents_count":0,"custom_data":"{}","color_printing":true,"duplex_printing":false,"optional_address_sheet":false,"system_address_sheet":true,"notification_email":"do_not_reply@maileva.com","sender_country_code":"FR","archiving_duration":3,"recipients_counts":{"draft":0,"pending":0,"processed":0,"rejected":0,"total":0},"custom_id":"01GNY7QJ6YAKNCGFBC5DVKHK96","sender_address_line_1":"tsilavina fanomezana","sender_address_line_2":"tsilavina fanomezana","sender_address_line_4":"2 Rue Lioris","sender_address_line_5":"","sender_address_line_6":"75100 Paris"} []
2023-01-04T13:20:24.907971+01:00 |  client ip  | maileva.NOTICE:  ======================= []
2023-01-04T13:20:24.908088+01:00 |  client ip  | maileva.NOTICE:  ======================= []
2023-01-04T13:20:26.393719+01:00 |  client ip  | maileva.INFO:  ======================= []
2023-01-04T13:20:26.393954+01:00 |  client ip  | maileva.INFO:  parameters envoi :  []
2023-01-04T13:20:26.394070+01:00 |  client ip  | maileva.INFO:  {} []
2023-01-04T13:20:26.394194+01:00 |  client ip  | maileva.INFO:  ======================= []
2023-01-04T13:20:26.394308+01:00 |  client ip  | maileva.INFO:  connet to MailevaApi ...  :  []
2023-01-04T13:20:26.394420+01:00 |  client ip  | maileva.INFO:  ... []
2023-01-04T13:20:26.394535+01:00 |  client ip  | maileva.INFO:  ======================= []
2023-01-04T13:20:26.394660+01:00 |  client ip  | maileva.INFO:  user infos :  []
2023-01-04T13:20:26.394790+01:00 |  client ip  | maileva.INFO:  annonymous []
2023-01-04T13:20:27.303067+01:00 |  client ip  | maileva.INFO:  ======================= []
2023-01-04T13:20:27.303317+01:00 |  client ip  | maileva.INFO:  response submitSending :  []
2023-01-04T13:20:27.303436+01:00 |  client ip  | maileva.INFO:  null []
2023-01-04T13:20:27.303557+01:00 |  client ip  | maileva.NOTICE:  ======================= []
2023-01-04T13:20:27.303849+01:00 |  client ip  | maileva.NOTICE:  ======================= []
2023-01-04T13:20:28.841150+01:00 |  client ip  | maileva.INFO:  ======================= []
2023-01-04T13:20:28.841392+01:00 |  client ip  | maileva.INFO:  parameters envoi :  []
2023-01-04T13:20:28.841511+01:00 |  client ip  | maileva.INFO:  {} []
2023-01-04T13:20:28.841640+01:00 |  client ip  | maileva.INFO:  ======================= []
2023-01-04T13:20:28.841781+01:00 |  client ip  | maileva.INFO:  connet to MailevaApi ...  :  []
2023-01-04T13:20:28.841988+01:00 |  client ip  | maileva.INFO:  ... []
2023-01-04T13:20:28.842112+01:00 |  client ip  | maileva.INFO:  ======================= []
2023-01-04T13:20:28.842225+01:00 |  client ip  | maileva.INFO:  user infos :  []
2023-01-04T13:20:28.842340+01:00 |  client ip  | maileva.INFO:  annonymous []
2023-01-04T13:20:29.755021+01:00 |  client ip  | maileva.INFO:  ======================= []
2023-01-04T13:20:29.755252+01:00 |  client ip  | maileva.INFO:  response addDocSending :  []
2023-01-04T13:20:29.755370+01:00 |  client ip  | maileva.INFO:  {"id":"f67926fc-c0f6-4118-a75e-9438598c5038","name":"lettre_resiliation.pdf","priority":1,"type":"application\/pdf","size":1235,"converted_size":0,"pages_count":0,"sheets_count":0} []
2023-01-04T13:20:29.755560+01:00 |  client ip  | maileva.NOTICE:  ======================= []
2023-01-04T13:20:29.755687+01:00 |  client ip  | maileva.NOTICE:  ======================= []
2023-01-04T13:21:42.715182+01:00 |  client ip  | maileva.INFO:  ======================= []
2023-01-04T13:21:42.716927+01:00 |  client ip  | maileva.INFO:  parameters :  []
2023-01-04T13:21:42.717090+01:00 |  client ip  | maileva.INFO:  {"name":"R\u00e9siliation d'un abonnement t\u00e9l\u00e9phonique","custom_id":"01GNY7QJ6YAKNCGFBC5DVKHK96","custom_data":"{}","acknowledgement_of_receipt":true,"acknowledgement_of_receipt_scanning":false,"color_printing":true,"duplex_printing":false,"optional_address_sheet":false,"notification_email":"do_not_reply@maileva.com","sender_address_line_1":"tsilavina fanomezana","sender_address_line_2":"tsilavina fanomezana","sender_address_line_3":null,"sender_address_line_4":"2 Rue Lioris","sender_address_line_5":"","sender_address_line_6":"75100 Paris","sender_country_code":"FR","archiving_duration":3} []
2023-01-04T13:21:42.718573+01:00 |  client ip  | maileva.INFO:  ======================= []
2023-01-04T13:21:42.718715+01:00 |  client ip  | maileva.INFO:  connet to MailevaApi ...  :  []
2023-01-04T13:21:42.718833+01:00 |  client ip  | maileva.INFO:  ... []
2023-01-04T13:21:42.718951+01:00 |  client ip  | maileva.INFO:  ======================= []
2023-01-04T13:21:42.719066+01:00 |  client ip  | maileva.INFO:  user infos :  []
2023-01-04T13:21:42.719180+01:00 |  client ip  | maileva.INFO:  annonymous []
2023-01-04T13:21:43.873248+01:00 |  client ip  | maileva.INFO:  ======================= []
2023-01-04T13:21:43.873466+01:00 |  client ip  | maileva.INFO:  response postSending :  []
2023-01-04T13:21:43.873583+01:00 |  client ip  | maileva.INFO:  {"id":"9d347b38-a9ad-490a-8afd-ea867a67f9b6","name":"R\u00e9siliation d'un abonnement t\u00e9l\u00e9phonique","status":"DRAFT","acknowledgement_of_receipt":true,"acknowledgement_of_receipt_scanning":false,"creation_date":"2023-01-04T12:21:41.435Z","documents_count":0,"custom_data":"{}","color_printing":true,"duplex_printing":false,"optional_address_sheet":false,"system_address_sheet":true,"notification_email":"do_not_reply@maileva.com","sender_country_code":"FR","archiving_duration":3,"recipients_counts":{"draft":0,"pending":0,"processed":0,"rejected":0,"total":0},"custom_id":"01GNY7QJ6YAKNCGFBC5DVKHK96","sender_address_line_1":"tsilavina fanomezana","sender_address_line_2":"tsilavina fanomezana","sender_address_line_4":"2 Rue Lioris","sender_address_line_5":"","sender_address_line_6":"75100 Paris"} []
2023-01-04T13:21:43.873706+01:00 |  client ip  | maileva.NOTICE:  ======================= []
2023-01-04T13:21:43.873831+01:00 |  client ip  | maileva.NOTICE:  ======================= []
2023-01-04T13:21:45.106459+01:00 |  client ip  | maileva.INFO:  ======================= []
2023-01-04T13:21:45.106744+01:00 |  client ip  | maileva.INFO:  parameters envoi :  []
2023-01-04T13:21:45.106877+01:00 |  client ip  | maileva.INFO:  {} []
2023-01-04T13:21:45.107009+01:00 |  client ip  | maileva.INFO:  ======================= []
2023-01-04T13:21:45.107126+01:00 |  client ip  | maileva.INFO:  connet to MailevaApi ...  :  []
2023-01-04T13:21:45.107241+01:00 |  client ip  | maileva.INFO:  ... []
2023-01-04T13:21:45.107355+01:00 |  client ip  | maileva.INFO:  ======================= []
2023-01-04T13:21:45.107565+01:00 |  client ip  | maileva.INFO:  user infos :  []
2023-01-04T13:21:45.107712+01:00 |  client ip  | maileva.INFO:  annonymous []
2023-01-04T13:21:45.859627+01:00 |  client ip  | maileva.INFO:  ======================= []
2023-01-04T13:21:45.859869+01:00 |  client ip  | maileva.INFO:  response submitSending :  []
2023-01-04T13:21:45.860046+01:00 |  client ip  | maileva.INFO:  null []
2023-01-04T13:21:45.860182+01:00 |  client ip  | maileva.NOTICE:  ======================= []
2023-01-04T13:21:45.860340+01:00 |  client ip  | maileva.NOTICE:  ======================= []
2023-01-04T13:21:47.083294+01:00 |  client ip  | maileva.INFO:  ======================= []
2023-01-04T13:21:47.092253+01:00 |  client ip  | maileva.INFO:  parameters envoi :  []
2023-01-04T13:21:47.092471+01:00 |  client ip  | maileva.INFO:  {} []
2023-01-04T13:21:47.092619+01:00 |  client ip  | maileva.INFO:  ======================= []
2023-01-04T13:21:47.092772+01:00 |  client ip  | maileva.INFO:  connet to MailevaApi ...  :  []
2023-01-04T13:21:47.092894+01:00 |  client ip  | maileva.INFO:  ... []
2023-01-04T13:21:47.093010+01:00 |  client ip  | maileva.INFO:  ======================= []
2023-01-04T13:21:47.093208+01:00 |  client ip  | maileva.INFO:  user infos :  []
2023-01-04T13:21:47.093325+01:00 |  client ip  | maileva.INFO:  annonymous []
2023-01-04T13:21:48.059683+01:00 |  client ip  | maileva.INFO:  ======================= []
2023-01-04T13:21:48.059911+01:00 |  client ip  | maileva.INFO:  response addDocSending :  []
2023-01-04T13:21:48.060028+01:00 |  client ip  | maileva.INFO:  {"id":"07bd61bc-454b-424c-a655-82df53e2d9b6","name":"lettre_resiliation.pdf","priority":1,"type":"application\/pdf","size":1235,"converted_size":0,"pages_count":0,"sheets_count":0} []
2023-01-04T13:21:48.060147+01:00 |  client ip  | maileva.NOTICE:  ======================= []
2023-01-04T13:21:48.060261+01:00 |  client ip  | maileva.NOTICE:  ======================= []
2023-01-04T13:23:42.926872+01:00 |  client ip  | maileva.INFO:  ======================= []
2023-01-04T13:23:42.928807+01:00 |  client ip  | maileva.INFO:  parameters :  []
2023-01-04T13:23:42.928948+01:00 |  client ip  | maileva.INFO:  {"name":"R\u00e9siliation d'un abonnement t\u00e9l\u00e9phonique","custom_id":"01GNYBS5YASJ6AKM93EGSDKP2C","custom_data":"{}","acknowledgement_of_receipt":true,"acknowledgement_of_receipt_scanning":false,"color_printing":true,"duplex_printing":false,"optional_address_sheet":false,"notification_email":"do_not_reply@maileva.com","sender_address_line_1":"Andrianaivoninrina Tsilavina","sender_address_line_2":"Andrianaivoninrina Tsilavina","sender_address_line_3":null,"sender_address_line_4":"2 Rue Lioris","sender_address_line_5":"","sender_address_line_6":"75102 Louvre","sender_country_code":"FR","archiving_duration":3} []
2023-01-04T13:23:42.930700+01:00 |  client ip  | maileva.INFO:  ======================= []
2023-01-04T13:23:42.930990+01:00 |  client ip  | maileva.INFO:  connet to MailevaApi ...  :  []
2023-01-04T13:23:42.931111+01:00 |  client ip  | maileva.INFO:  ... []
2023-01-04T13:23:42.931230+01:00 |  client ip  | maileva.INFO:  ======================= []
2023-01-04T13:23:42.931411+01:00 |  client ip  | maileva.INFO:  user infos :  []
2023-01-04T13:23:42.931551+01:00 |  client ip  | maileva.INFO:  annonymous []
2023-01-04T13:23:43.991944+01:00 |  client ip  | maileva.INFO:  ======================= []
2023-01-04T13:23:43.992478+01:00 |  client ip  | maileva.INFO:  response postSending :  []
2023-01-04T13:23:43.992655+01:00 |  client ip  | maileva.INFO:  {"id":"4bab77ea-064b-4d09-96ea-45d34594cd7d","name":"R\u00e9siliation d'un abonnement t\u00e9l\u00e9phonique","status":"DRAFT","acknowledgement_of_receipt":true,"acknowledgement_of_receipt_scanning":false,"creation_date":"2023-01-04T12:23:41.526Z","documents_count":0,"custom_data":"{}","color_printing":true,"duplex_printing":false,"optional_address_sheet":false,"system_address_sheet":true,"notification_email":"do_not_reply@maileva.com","sender_country_code":"FR","archiving_duration":3,"recipients_counts":{"draft":0,"pending":0,"processed":0,"rejected":0,"total":0},"custom_id":"01GNYBS5YASJ6AKM93EGSDKP2C","sender_address_line_1":"Andrianaivoninrina Tsilavina","sender_address_line_2":"Andrianaivoninrina Tsilavina","sender_address_line_4":"2 Rue Lioris","sender_address_line_5":"","sender_address_line_6":"75102 Louvre"} []
2023-01-04T13:23:43.992855+01:00 |  client ip  | maileva.NOTICE:  ======================= []
2023-01-04T13:23:43.992977+01:00 |  client ip  | maileva.NOTICE:  ======================= []
2023-01-04T13:23:45.684551+01:00 |  client ip  | maileva.INFO:  ======================= []
2023-01-04T13:23:45.684789+01:00 |  client ip  | maileva.INFO:  parameters envoi :  []
2023-01-04T13:23:45.684917+01:00 |  client ip  | maileva.INFO:  {} []
2023-01-04T13:23:45.685051+01:00 |  client ip  | maileva.INFO:  ======================= []
2023-01-04T13:23:45.685168+01:00 |  client ip  | maileva.INFO:  connet to MailevaApi ...  :  []
2023-01-04T13:23:45.685331+01:00 |  client ip  | maileva.INFO:  ... []
2023-01-04T13:23:45.685472+01:00 |  client ip  | maileva.INFO:  ======================= []
2023-01-04T13:23:45.685603+01:00 |  client ip  | maileva.INFO:  user infos :  []
2023-01-04T13:23:45.685743+01:00 |  client ip  | maileva.INFO:  annonymous []
2023-01-04T13:23:46.430010+01:00 |  client ip  | maileva.INFO:  ======================= []
2023-01-04T13:23:46.430514+01:00 |  client ip  | maileva.INFO:  response submitSending :  []
2023-01-04T13:23:46.430639+01:00 |  client ip  | maileva.INFO:  null []
2023-01-04T13:23:46.430760+01:00 |  client ip  | maileva.NOTICE:  ======================= []
2023-01-04T13:23:46.430925+01:00 |  client ip  | maileva.NOTICE:  ======================= []
2023-01-04T13:23:52.111160+01:00 |  client ip  | maileva.INFO:  ======================= []
2023-01-04T13:23:52.111382+01:00 |  client ip  | maileva.INFO:  parameters envoi :  []
2023-01-04T13:23:52.111499+01:00 |  client ip  | maileva.INFO:  {} []
2023-01-04T13:23:52.111625+01:00 |  client ip  | maileva.INFO:  ======================= []
2023-01-04T13:23:52.111741+01:00 |  client ip  | maileva.INFO:  connet to MailevaApi ...  :  []
2023-01-04T13:23:52.111861+01:00 |  client ip  | maileva.INFO:  ... []
2023-01-04T13:23:52.111976+01:00 |  client ip  | maileva.INFO:  ======================= []
2023-01-04T13:23:52.112089+01:00 |  client ip  | maileva.INFO:  user infos :  []
2023-01-04T13:23:52.112202+01:00 |  client ip  | maileva.INFO:  annonymous []
2023-01-04T13:23:52.956875+01:00 |  client ip  | maileva.INFO:  ======================= []
2023-01-04T13:23:52.957091+01:00 |  client ip  | maileva.INFO:  response addDocSending :  []
2023-01-04T13:23:52.957208+01:00 |  client ip  | maileva.INFO:  {"id":"7e3310a3-4c2c-4fae-9563-355849028428","name":"lettre_resiliation.pdf","priority":1,"type":"application\/pdf","size":1235,"converted_size":0,"pages_count":0,"sheets_count":0} []
2023-01-04T13:23:52.957327+01:00 |  client ip  | maileva.NOTICE:  ======================= []
2023-01-04T13:23:52.957442+01:00 |  client ip  | maileva.NOTICE:  ======================= []
2023-01-04T13:28:56.281716+01:00 |  client ip  | maileva.INFO:  ======================= []
2023-01-04T13:28:56.283429+01:00 |  client ip  | maileva.INFO:  parameters :  []
2023-01-04T13:28:56.283555+01:00 |  client ip  | maileva.INFO:  {"name":"R\u00e9siliation d'un abonnement t\u00e9l\u00e9phonique","custom_id":"01GNYBS5YASJ6AKM93EGSDKP2C","custom_data":"{}","acknowledgement_of_receipt":true,"acknowledgement_of_receipt_scanning":false,"color_printing":true,"duplex_printing":false,"optional_address_sheet":false,"notification_email":"do_not_reply@maileva.com","sender_address_line_1":"Andrianaivoninrina Tsilavina","sender_address_line_2":"Andrianaivoninrina Tsilavina","sender_address_line_3":null,"sender_address_line_4":"2 Rue Lioris","sender_address_line_5":"","sender_address_line_6":"75102 Louvre","sender_country_code":"FR","archiving_duration":3} []
2023-01-04T13:28:56.285444+01:00 |  client ip  | maileva.INFO:  ======================= []
2023-01-04T13:28:56.285730+01:00 |  client ip  | maileva.INFO:  connet to MailevaApi ...  :  []
2023-01-04T13:28:56.285897+01:00 |  client ip  | maileva.INFO:  ... []
2023-01-04T13:28:56.286018+01:00 |  client ip  | maileva.INFO:  ======================= []
2023-01-04T13:28:56.286189+01:00 |  client ip  | maileva.INFO:  user infos :  []
2023-01-04T13:28:56.286352+01:00 |  client ip  | maileva.INFO:  annonymous []
2023-01-04T13:28:57.722680+01:00 |  client ip  | maileva.INFO:  ======================= []
2023-01-04T13:28:57.722909+01:00 |  client ip  | maileva.INFO:  response postSending :  []
2023-01-04T13:28:57.723028+01:00 |  client ip  | maileva.INFO:  {"id":"356f2eec-8522-4568-8c4c-ca296a55aebc","name":"R\u00e9siliation d'un abonnement t\u00e9l\u00e9phonique","status":"DRAFT","acknowledgement_of_receipt":true,"acknowledgement_of_receipt_scanning":false,"creation_date":"2023-01-04T12:28:55.260Z","documents_count":0,"custom_data":"{}","color_printing":true,"duplex_printing":false,"optional_address_sheet":false,"system_address_sheet":true,"notification_email":"do_not_reply@maileva.com","sender_country_code":"FR","archiving_duration":3,"recipients_counts":{"draft":0,"pending":0,"processed":0,"rejected":0,"total":0},"custom_id":"01GNYBS5YASJ6AKM93EGSDKP2C","sender_address_line_1":"Andrianaivoninrina Tsilavina","sender_address_line_2":"Andrianaivoninrina Tsilavina","sender_address_line_4":"2 Rue Lioris","sender_address_line_5":"","sender_address_line_6":"75102 Louvre"} []
2023-01-04T13:28:57.723281+01:00 |  client ip  | maileva.NOTICE:  ======================= []
2023-01-04T13:28:57.723403+01:00 |  client ip  | maileva.NOTICE:  ======================= []
2023-01-04T13:28:59.344063+01:00 |  client ip  | maileva.INFO:  ======================= []
2023-01-04T13:28:59.344286+01:00 |  client ip  | maileva.INFO:  parameters envoi :  []
2023-01-04T13:28:59.344404+01:00 |  client ip  | maileva.INFO:  {} []
2023-01-04T13:28:59.344531+01:00 |  client ip  | maileva.INFO:  ======================= []
2023-01-04T13:28:59.344662+01:00 |  client ip  | maileva.INFO:  connet to MailevaApi ...  :  []
2023-01-04T13:28:59.344777+01:00 |  client ip  | maileva.INFO:  ... []
2023-01-04T13:28:59.345021+01:00 |  client ip  | maileva.INFO:  ======================= []
2023-01-04T13:28:59.345140+01:00 |  client ip  | maileva.INFO:  user infos :  []
2023-01-04T13:28:59.345255+01:00 |  client ip  | maileva.INFO:  annonymous []
2023-01-04T13:29:00.161531+01:00 |  client ip  | maileva.INFO:  ======================= []
2023-01-04T13:29:00.161758+01:00 |  client ip  | maileva.INFO:  response submitSending :  []
2023-01-04T13:29:00.161876+01:00 |  client ip  | maileva.INFO:  null []
2023-01-04T13:29:00.162126+01:00 |  client ip  | maileva.NOTICE:  ======================= []
2023-01-04T13:29:00.162245+01:00 |  client ip  | maileva.NOTICE:  ======================= []
2023-01-04T13:29:01.633535+01:00 |  client ip  | maileva.INFO:  ======================= []
2023-01-04T13:29:01.633977+01:00 |  client ip  | maileva.INFO:  parameters envoi :  []
2023-01-04T13:29:01.634100+01:00 |  client ip  | maileva.INFO:  {} []
2023-01-04T13:29:01.634229+01:00 |  client ip  | maileva.INFO:  ======================= []
2023-01-04T13:29:01.634344+01:00 |  client ip  | maileva.INFO:  connet to MailevaApi ...  :  []
2023-01-04T13:29:01.634545+01:00 |  client ip  | maileva.INFO:  ... []
2023-01-04T13:29:01.634741+01:00 |  client ip  | maileva.INFO:  ======================= []
2023-01-04T13:29:01.634946+01:00 |  client ip  | maileva.INFO:  user infos :  []
2023-01-04T13:29:01.635069+01:00 |  client ip  | maileva.INFO:  annonymous []
2023-01-04T13:29:02.535627+01:00 |  client ip  | maileva.INFO:  ======================= []
2023-01-04T13:29:02.535830+01:00 |  client ip  | maileva.INFO:  response addDocSending :  []
2023-01-04T13:29:02.535946+01:00 |  client ip  | maileva.INFO:  {"id":"36ecbdbf-3755-47fc-a531-aea39feef94b","name":"lettre_resiliation.pdf","priority":1,"type":"application\/pdf","size":1235,"converted_size":0,"pages_count":0,"sheets_count":0} []
2023-01-04T13:29:02.536065+01:00 |  client ip  | maileva.NOTICE:  ======================= []
2023-01-04T13:29:02.536258+01:00 |  client ip  | maileva.NOTICE:  ======================= []
