2023-01-10T11:44:50.468164+01:00 |  client ip  | maileva.INFO:  ======================= []
2023-01-10T11:44:50.506064+01:00 |  client ip  | maileva.INFO:  parameters :  []
2023-01-10T11:44:50.506399+01:00 |  client ip  | maileva.INFO:  {"name":"R\u00e9siliation d'un abonnement t\u00e9l\u00e9phonique","custom_id":"01GPDMFA955HP4RXA966AEKSZG","custom_data":"{}","acknowledgement_of_receipt":true,"acknowledgement_of_receipt_scanning":false,"color_printing":true,"duplex_printing":false,"optional_address_sheet":false,"notification_email":"do_not_reply@maileva.com","sender_address_line_1":"Rochel Nirina","sender_address_line_2":"Rochel Nirina","sender_address_line_3":null,"sender_address_line_4":"2 Rue de paris","sender_address_line_5":"","sender_address_line_6":"60200 Evry","sender_country_code":"FR","archiving_duration":3} []
2023-01-10T11:44:50.528237+01:00 |  client ip  | maileva.INFO:  ======================= []
2023-01-10T11:44:50.528601+01:00 |  client ip  | maileva.INFO:  connet to MailevaApi ...  :  []
2023-01-10T11:44:50.528835+01:00 |  client ip  | maileva.INFO:  ... []
2023-01-10T11:44:50.529207+01:00 |  client ip  | maileva.INFO:  ======================= []
2023-01-10T11:44:50.529549+01:00 |  client ip  | maileva.INFO:  user infos :  []
2023-01-10T11:44:50.529809+01:00 |  client ip  | maileva.INFO:  annonymous []
2023-01-10T11:44:52.827697+01:00 |  client ip  | maileva.INFO:  ======================= []
2023-01-10T11:44:52.828037+01:00 |  client ip  | maileva.INFO:  response postSending :  []
2023-01-10T11:44:52.828319+01:00 |  client ip  | maileva.INFO:  {"id":"2d0f4e34-81e9-4bfb-a2fa-9b1d969cc1cb","name":"R\u00e9siliation d'un abonnement t\u00e9l\u00e9phonique","status":"DRAFT","acknowledgement_of_receipt":true,"acknowledgement_of_receipt_scanning":false,"creation_date":"2023-01-10T10:43:55.272Z","documents_count":0,"custom_data":"{}","color_printing":true,"duplex_printing":false,"optional_address_sheet":false,"system_address_sheet":true,"notification_email":"do_not_reply@maileva.com","sender_country_code":"FR","archiving_duration":3,"recipients_counts":{"draft":0,"pending":0,"processed":0,"rejected":0,"total":0},"custom_id":"01GPDMFA955HP4RXA966AEKSZG","sender_address_line_1":"Rochel Nirina","sender_address_line_2":"Rochel Nirina","sender_address_line_4":"2 Rue de paris","sender_address_line_5":"","sender_address_line_6":"60200 Evry"} []
2023-01-10T11:44:52.828529+01:00 |  client ip  | maileva.NOTICE:  ======================= []
2023-01-10T11:44:52.828725+01:00 |  client ip  | maileva.NOTICE:  ======================= []
2023-01-10T11:44:54.644069+01:00 |  client ip  | maileva.INFO:  ======================= []
2023-01-10T11:44:54.644364+01:00 |  client ip  | maileva.INFO:  parameters envoi :  []
2023-01-10T11:44:54.644534+01:00 |  client ip  | maileva.INFO:  {} []
2023-01-10T11:44:54.644711+01:00 |  client ip  | maileva.INFO:  ======================= []
2023-01-10T11:44:54.644918+01:00 |  client ip  | maileva.INFO:  connet to MailevaApi ...  :  []
2023-01-10T11:44:54.645083+01:00 |  client ip  | maileva.INFO:  ... []
2023-01-10T11:44:54.645247+01:00 |  client ip  | maileva.INFO:  ======================= []
2023-01-10T11:44:54.645414+01:00 |  client ip  | maileva.INFO:  user infos :  []
2023-01-10T11:44:54.645694+01:00 |  client ip  | maileva.INFO:  annonymous []
2023-01-10T11:44:55.315392+01:00 |  client ip  | maileva.INFO:  ======================= []
2023-01-10T11:44:55.315899+01:00 |  client ip  | maileva.INFO:  response submitSending :  []
2023-01-10T11:44:55.316181+01:00 |  client ip  | maileva.INFO:  null []
2023-01-10T11:44:55.316543+01:00 |  client ip  | maileva.NOTICE:  ======================= []
2023-01-10T11:44:55.316971+01:00 |  client ip  | maileva.NOTICE:  ======================= []
2023-01-10T11:44:56.878925+01:00 |  client ip  | maileva.INFO:  ======================= []
2023-01-10T11:44:56.879372+01:00 |  client ip  | maileva.INFO:  parameters envoi :  []
2023-01-10T11:44:56.879631+01:00 |  client ip  | maileva.INFO:  {} []
2023-01-10T11:44:56.879768+01:00 |  client ip  | maileva.INFO:  ======================= []
2023-01-10T11:44:56.879913+01:00 |  client ip  | maileva.INFO:  connet to MailevaApi ...  :  []
2023-01-10T11:44:56.880029+01:00 |  client ip  | maileva.INFO:  ... []
2023-01-10T11:44:56.880186+01:00 |  client ip  | maileva.INFO:  ======================= []
2023-01-10T11:44:56.880364+01:00 |  client ip  | maileva.INFO:  user infos :  []
2023-01-10T11:44:56.880504+01:00 |  client ip  | maileva.INFO:  annonymous []
2023-01-10T11:44:58.038307+01:00 |  client ip  | maileva.INFO:  ======================= []
2023-01-10T11:44:58.038939+01:00 |  client ip  | maileva.INFO:  response addDocSending :  []
2023-01-10T11:44:58.039129+01:00 |  client ip  | maileva.INFO:  {"id":"5f47f580-ffb8-460b-bfac-11cb92747f67","name":"lettre_resiliation.pdf","priority":1,"type":"application\/pdf","size":1235,"converted_size":0,"pages_count":0,"sheets_count":0} []
2023-01-10T11:44:58.039267+01:00 |  client ip  | maileva.NOTICE:  ======================= []
2023-01-10T11:44:58.039408+01:00 |  client ip  | maileva.NOTICE:  ======================= []
2023-01-10T12:08:46.728949+01:00 |  client ip  | maileva.INFO:  ======================= []
2023-01-10T12:08:46.729739+01:00 |  client ip  | maileva.INFO:  parameters :  []
2023-01-10T12:08:46.730192+01:00 |  client ip  | maileva.INFO:  {"name":"R\u00e9siliation d'un abonnement t\u00e9l\u00e9phonique","custom_id":"01GPDNV97QDGAW05MW5WVVEB0Q","custom_data":"{}","acknowledgement_of_receipt":true,"acknowledgement_of_receipt_scanning":false,"color_printing":true,"duplex_printing":false,"optional_address_sheet":false,"notification_email":"do_not_reply@maileva.com","sender_address_line_1":"Nirina Aaron","sender_address_line_2":"Nirina Aaron","sender_address_line_3":null,"sender_address_line_4":"2 Rue de Paris","sender_address_line_5":"","sender_address_line_6":"60200 Evry","sender_country_code":"FR","archiving_duration":3} []
2023-01-10T12:08:46.731414+01:00 |  client ip  | maileva.INFO:  ======================= []
2023-01-10T12:08:46.732006+01:00 |  client ip  | maileva.INFO:  connet to MailevaApi ...  :  []
2023-01-10T12:08:46.732350+01:00 |  client ip  | maileva.INFO:  ... []
2023-01-10T12:08:46.732701+01:00 |  client ip  | maileva.INFO:  ======================= []
2023-01-10T12:08:46.733095+01:00 |  client ip  | maileva.INFO:  user infos :  []
2023-01-10T12:08:46.733816+01:00 |  client ip  | maileva.INFO:  annonymous []
2023-01-10T12:08:48.971193+01:00 |  client ip  | maileva.INFO:  ======================= []
2023-01-10T12:08:48.971528+01:00 |  client ip  | maileva.INFO:  response postSending :  []
2023-01-10T12:08:48.971932+01:00 |  client ip  | maileva.INFO:  {"id":"eb471335-9189-487a-ade7-4820ae144444","name":"R\u00e9siliation d'un abonnement t\u00e9l\u00e9phonique","status":"DRAFT","acknowledgement_of_receipt":true,"acknowledgement_of_receipt_scanning":false,"creation_date":"2023-01-10T11:07:51.442Z","documents_count":0,"custom_data":"{}","color_printing":true,"duplex_printing":false,"optional_address_sheet":false,"system_address_sheet":true,"notification_email":"do_not_reply@maileva.com","sender_country_code":"FR","archiving_duration":3,"recipients_counts":{"draft":0,"pending":0,"processed":0,"rejected":0,"total":0},"custom_id":"01GPDNV97QDGAW05MW5WVVEB0Q","sender_address_line_1":"Nirina Aaron","sender_address_line_2":"Nirina Aaron","sender_address_line_4":"2 Rue de Paris","sender_address_line_5":"","sender_address_line_6":"60200 Evry"} []
2023-01-10T12:08:48.972485+01:00 |  client ip  | maileva.NOTICE:  ======================= []
2023-01-10T12:08:48.973016+01:00 |  client ip  | maileva.NOTICE:  ======================= []
2023-01-10T12:08:50.573737+01:00 |  client ip  | maileva.INFO:  ======================= []
2023-01-10T12:08:50.574000+01:00 |  client ip  | maileva.INFO:  parameters envoi :  []
2023-01-10T12:08:50.574209+01:00 |  client ip  | maileva.INFO:  {} []
2023-01-10T12:08:50.574430+01:00 |  client ip  | maileva.INFO:  ======================= []
2023-01-10T12:08:50.574648+01:00 |  client ip  | maileva.INFO:  connet to MailevaApi ...  :  []
2023-01-10T12:08:50.574865+01:00 |  client ip  | maileva.INFO:  ... []
2023-01-10T12:08:50.575110+01:00 |  client ip  | maileva.INFO:  ======================= []
2023-01-10T12:08:50.575318+01:00 |  client ip  | maileva.INFO:  user infos :  []
2023-01-10T12:08:50.575507+01:00 |  client ip  | maileva.INFO:  annonymous []
2023-01-10T12:08:51.279825+01:00 |  client ip  | maileva.INFO:  ======================= []
2023-01-10T12:08:51.280247+01:00 |  client ip  | maileva.INFO:  response submitSending :  []
2023-01-10T12:08:51.280508+01:00 |  client ip  | maileva.INFO:  null []
2023-01-10T12:08:51.280779+01:00 |  client ip  | maileva.NOTICE:  ======================= []
2023-01-10T12:08:51.281084+01:00 |  client ip  | maileva.NOTICE:  ======================= []
2023-01-10T12:08:52.724292+01:00 |  client ip  | maileva.INFO:  ======================= []
2023-01-10T12:08:52.724672+01:00 |  client ip  | maileva.INFO:  parameters envoi :  []
2023-01-10T12:08:52.724923+01:00 |  client ip  | maileva.INFO:  {} []
2023-01-10T12:08:52.725173+01:00 |  client ip  | maileva.INFO:  ======================= []
2023-01-10T12:08:52.725402+01:00 |  client ip  | maileva.INFO:  connet to MailevaApi ...  :  []
2023-01-10T12:08:52.725625+01:00 |  client ip  | maileva.INFO:  ... []
2023-01-10T12:08:52.725844+01:00 |  client ip  | maileva.INFO:  ======================= []
2023-01-10T12:08:52.726059+01:00 |  client ip  | maileva.INFO:  user infos :  []
2023-01-10T12:08:52.726274+01:00 |  client ip  | maileva.INFO:  annonymous []
2023-01-10T12:08:53.797155+01:00 |  client ip  | maileva.INFO:  ======================= []
2023-01-10T12:08:53.797565+01:00 |  client ip  | maileva.INFO:  response addDocSending :  []
2023-01-10T12:08:53.797836+01:00 |  client ip  | maileva.INFO:  {"id":"6896f273-52a0-46b2-bdb7-f46b92c7a959","name":"lettre_resiliation.pdf","priority":1,"type":"application\/pdf","size":1235,"converted_size":0,"pages_count":0,"sheets_count":0} []
2023-01-10T12:08:53.798082+01:00 |  client ip  | maileva.NOTICE:  ======================= []
2023-01-10T12:08:53.798272+01:00 |  client ip  | maileva.NOTICE:  ======================= []
2023-01-10T12:17:25.326895+01:00 |  client ip  | maileva.INFO:  ======================= []
2023-01-10T12:17:25.327374+01:00 |  client ip  | maileva.INFO:  parameters :  []
2023-01-10T12:17:25.327696+01:00 |  client ip  | maileva.INFO:  {"name":"R\u00e9siliation d'un abonnement t\u00e9l\u00e9phonique","custom_id":"01GPDNV97QDGAW05MW5WVVEB0Q","custom_data":"{}","acknowledgement_of_receipt":true,"acknowledgement_of_receipt_scanning":false,"color_printing":true,"duplex_printing":false,"optional_address_sheet":false,"notification_email":"do_not_reply@maileva.com","sender_address_line_1":"Nirina Aaron","sender_address_line_2":"Nirina Aaron","sender_address_line_3":null,"sender_address_line_4":"2 Rue de Paris","sender_address_line_5":"","sender_address_line_6":"60200 Evry","sender_country_code":"FR","archiving_duration":3} []
2023-01-10T12:17:25.328557+01:00 |  client ip  | maileva.INFO:  ======================= []
2023-01-10T12:17:25.328928+01:00 |  client ip  | maileva.INFO:  connet to MailevaApi ...  :  []
2023-01-10T12:17:25.329133+01:00 |  client ip  | maileva.INFO:  ... []
2023-01-10T12:17:25.329325+01:00 |  client ip  | maileva.INFO:  ======================= []
2023-01-10T12:17:25.329557+01:00 |  client ip  | maileva.INFO:  user infos :  []
2023-01-10T12:17:25.329744+01:00 |  client ip  | maileva.INFO:  annonymous []
2023-01-10T12:17:26.615018+01:00 |  client ip  | maileva.INFO:  ======================= []
2023-01-10T12:17:26.615284+01:00 |  client ip  | maileva.INFO:  response postSending :  []
2023-01-10T12:17:26.615447+01:00 |  client ip  | maileva.INFO:  {"id":"53f438d4-7a5c-4616-b7df-6300289b9bb2","name":"R\u00e9siliation d'un abonnement t\u00e9l\u00e9phonique","status":"DRAFT","acknowledgement_of_receipt":true,"acknowledgement_of_receipt_scanning":false,"creation_date":"2023-01-10T11:16:29.076Z","documents_count":0,"custom_data":"{}","color_printing":true,"duplex_printing":false,"optional_address_sheet":false,"system_address_sheet":true,"notification_email":"do_not_reply@maileva.com","sender_country_code":"FR","archiving_duration":3,"recipients_counts":{"draft":0,"pending":0,"processed":0,"rejected":0,"total":0},"custom_id":"01GPDNV97QDGAW05MW5WVVEB0Q","sender_address_line_1":"Nirina Aaron","sender_address_line_2":"Nirina Aaron","sender_address_line_4":"2 Rue de Paris","sender_address_line_5":"","sender_address_line_6":"60200 Evry"} []
2023-01-10T12:17:26.615615+01:00 |  client ip  | maileva.NOTICE:  ======================= []
2023-01-10T12:17:26.615736+01:00 |  client ip  | maileva.NOTICE:  ======================= []
2023-01-10T12:17:28.024908+01:00 |  client ip  | maileva.INFO:  ======================= []
2023-01-10T12:17:28.025134+01:00 |  client ip  | maileva.INFO:  parameters envoi :  []
2023-01-10T12:17:28.025283+01:00 |  client ip  | maileva.INFO:  {} []
2023-01-10T12:17:28.025515+01:00 |  client ip  | maileva.INFO:  ======================= []
2023-01-10T12:17:28.025731+01:00 |  client ip  | maileva.INFO:  connet to MailevaApi ...  :  []
2023-01-10T12:17:28.025852+01:00 |  client ip  | maileva.INFO:  ... []
2023-01-10T12:17:28.025984+01:00 |  client ip  | maileva.INFO:  ======================= []
2023-01-10T12:17:28.026101+01:00 |  client ip  | maileva.INFO:  user infos :  []
2023-01-10T12:17:28.026217+01:00 |  client ip  | maileva.INFO:  annonymous []
2023-01-10T12:17:28.736708+01:00 |  client ip  | maileva.INFO:  ======================= []
2023-01-10T12:17:28.737148+01:00 |  client ip  | maileva.INFO:  response submitSending :  []
2023-01-10T12:17:28.737354+01:00 |  client ip  | maileva.INFO:  null []
2023-01-10T12:17:28.737613+01:00 |  client ip  | maileva.NOTICE:  ======================= []
2023-01-10T12:17:28.737887+01:00 |  client ip  | maileva.NOTICE:  ======================= []
2023-01-10T12:17:29.977366+01:00 |  client ip  | maileva.INFO:  ======================= []
2023-01-10T12:17:29.977571+01:00 |  client ip  | maileva.INFO:  parameters envoi :  []
2023-01-10T12:17:29.977675+01:00 |  client ip  | maileva.INFO:  {} []
2023-01-10T12:17:29.977829+01:00 |  client ip  | maileva.INFO:  ======================= []
2023-01-10T12:17:29.977953+01:00 |  client ip  | maileva.INFO:  connet to MailevaApi ...  :  []
2023-01-10T12:17:29.978051+01:00 |  client ip  | maileva.INFO:  ... []
2023-01-10T12:17:29.978149+01:00 |  client ip  | maileva.INFO:  ======================= []
2023-01-10T12:17:29.978258+01:00 |  client ip  | maileva.INFO:  user infos :  []
2023-01-10T12:17:29.978354+01:00 |  client ip  | maileva.INFO:  annonymous []
2023-01-10T12:17:31.045938+01:00 |  client ip  | maileva.INFO:  ======================= []
2023-01-10T12:17:31.046449+01:00 |  client ip  | maileva.INFO:  response addDocSending :  []
2023-01-10T12:17:31.046588+01:00 |  client ip  | maileva.INFO:  {"id":"cf5b6f4a-4fc6-43b4-bde6-44ca4ff17b4c","name":"lettre_resiliation.pdf","priority":1,"type":"application\/pdf","size":1235,"converted_size":0,"pages_count":0,"sheets_count":0} []
2023-01-10T12:17:31.046733+01:00 |  client ip  | maileva.NOTICE:  ======================= []
2023-01-10T12:17:31.046908+01:00 |  client ip  | maileva.NOTICE:  ======================= []
2023-01-10T12:25:34.275740+01:00 |  client ip  | maileva.INFO:  ======================= []
2023-01-10T12:25:34.276404+01:00 |  client ip  | maileva.INFO:  parameters :  []
2023-01-10T12:25:34.276639+01:00 |  client ip  | maileva.INFO:  {"name":"R\u00e9siliation d'un abonnement t\u00e9l\u00e9phonique","custom_id":"01GPDPSHDRNQF5N4X351XAG7A5","custom_data":"{}","acknowledgement_of_receipt":true,"acknowledgement_of_receipt_scanning":false,"color_printing":true,"duplex_printing":false,"optional_address_sheet":false,"notification_email":"do_not_reply@maileva.com","sender_address_line_1":"Rajo Nirina","sender_address_line_2":"Rajo Nirina","sender_address_line_3":null,"sender_address_line_4":"2 Rue de Pierre","sender_address_line_5":"","sender_address_line_6":"75000 Paris","sender_country_code":"FR","archiving_duration":3} []
2023-01-10T12:25:34.278024+01:00 |  client ip  | maileva.INFO:  ======================= []
2023-01-10T12:25:34.278331+01:00 |  client ip  | maileva.INFO:  connet to MailevaApi ...  :  []
2023-01-10T12:25:34.278494+01:00 |  client ip  | maileva.INFO:  ... []
2023-01-10T12:25:34.278646+01:00 |  client ip  | maileva.INFO:  ======================= []
2023-01-10T12:25:34.278822+01:00 |  client ip  | maileva.INFO:  user infos :  []
2023-01-10T12:25:34.279040+01:00 |  client ip  | maileva.INFO:  annonymous []
2023-01-10T12:25:36.459393+01:00 |  client ip  | maileva.INFO:  ======================= []
2023-01-10T12:25:36.460061+01:00 |  client ip  | maileva.INFO:  response postSending :  []
2023-01-10T12:25:36.460372+01:00 |  client ip  | maileva.INFO:  {"id":"23cc0258-4239-4f5c-8ac3-49efe1afb357","name":"R\u00e9siliation d'un abonnement t\u00e9l\u00e9phonique","status":"DRAFT","acknowledgement_of_receipt":true,"acknowledgement_of_receipt_scanning":false,"creation_date":"2023-01-10T11:24:38.973Z","documents_count":0,"custom_data":"{}","color_printing":true,"duplex_printing":false,"optional_address_sheet":false,"system_address_sheet":true,"notification_email":"do_not_reply@maileva.com","sender_country_code":"FR","archiving_duration":3,"recipients_counts":{"draft":0,"pending":0,"processed":0,"rejected":0,"total":0},"custom_id":"01GPDPSHDRNQF5N4X351XAG7A5","sender_address_line_1":"Rajo Nirina","sender_address_line_2":"Rajo Nirina","sender_address_line_4":"2 Rue de Pierre","sender_address_line_5":"","sender_address_line_6":"75000 Paris"} []
2023-01-10T12:25:36.460644+01:00 |  client ip  | maileva.NOTICE:  ======================= []
2023-01-10T12:25:36.460935+01:00 |  client ip  | maileva.NOTICE:  ======================= []
2023-01-10T12:25:37.860496+01:00 |  client ip  | maileva.INFO:  ======================= []
2023-01-10T12:25:37.860798+01:00 |  client ip  | maileva.INFO:  parameters envoi :  []
2023-01-10T12:25:37.860968+01:00 |  client ip  | maileva.INFO:  {} []
2023-01-10T12:25:37.861108+01:00 |  client ip  | maileva.INFO:  ======================= []
2023-01-10T12:25:37.861248+01:00 |  client ip  | maileva.INFO:  connet to MailevaApi ...  :  []
2023-01-10T12:25:37.861372+01:00 |  client ip  | maileva.INFO:  ... []
2023-01-10T12:25:37.861551+01:00 |  client ip  | maileva.INFO:  ======================= []
2023-01-10T12:25:37.861738+01:00 |  client ip  | maileva.INFO:  user infos :  []
2023-01-10T12:25:37.861957+01:00 |  client ip  | maileva.INFO:  annonymous []
2023-01-10T12:25:38.574747+01:00 |  client ip  | maileva.INFO:  ======================= []
2023-01-10T12:25:38.574997+01:00 |  client ip  | maileva.INFO:  response submitSending :  []
2023-01-10T12:25:38.575133+01:00 |  client ip  | maileva.INFO:  null []
2023-01-10T12:25:38.575264+01:00 |  client ip  | maileva.NOTICE:  ======================= []
2023-01-10T12:25:38.575408+01:00 |  client ip  | maileva.NOTICE:  ======================= []
2023-01-10T12:25:40.550961+01:00 |  client ip  | maileva.INFO:  ======================= []
2023-01-10T12:25:40.551182+01:00 |  client ip  | maileva.INFO:  parameters envoi :  []
2023-01-10T12:25:40.551291+01:00 |  client ip  | maileva.INFO:  {} []
2023-01-10T12:25:40.551414+01:00 |  client ip  | maileva.INFO:  ======================= []
2023-01-10T12:25:40.551517+01:00 |  client ip  | maileva.INFO:  connet to MailevaApi ...  :  []
2023-01-10T12:25:40.551618+01:00 |  client ip  | maileva.INFO:  ... []
2023-01-10T12:25:40.551720+01:00 |  client ip  | maileva.INFO:  ======================= []
2023-01-10T12:25:40.551837+01:00 |  client ip  | maileva.INFO:  user infos :  []
2023-01-10T12:25:40.551950+01:00 |  client ip  | maileva.INFO:  annonymous []
2023-01-10T12:25:41.527950+01:00 |  client ip  | maileva.INFO:  ======================= []
2023-01-10T12:25:41.528255+01:00 |  client ip  | maileva.INFO:  response addDocSending :  []
2023-01-10T12:25:41.528543+01:00 |  client ip  | maileva.INFO:  {"id":"7deb3e3d-a518-4ee7-b60a-2a380f406316","name":"lettre_resiliation.pdf","priority":1,"type":"application\/pdf","size":1235,"converted_size":0,"pages_count":0,"sheets_count":0} []
2023-01-10T12:25:41.528823+01:00 |  client ip  | maileva.NOTICE:  ======================= []
2023-01-10T12:25:41.529119+01:00 |  client ip  | maileva.NOTICE:  ======================= []
2023-01-10T13:08:12.691577+01:00 |  client ip  | maileva.INFO:  ======================= []
2023-01-10T13:08:12.691874+01:00 |  client ip  | maileva.INFO:  parameters :  []
2023-01-10T13:08:12.692011+01:00 |  client ip  | maileva.INFO:  {"name":"R\u00e9siliation d'un abonnement t\u00e9l\u00e9phonique","custom_id":"01GPDS5KGQSARV4JH4H9FXJ9A0","custom_data":"{}","acknowledgement_of_receipt":true,"acknowledgement_of_receipt_scanning":false,"color_printing":true,"duplex_printing":false,"optional_address_sheet":false,"notification_email":"do_not_reply@maileva.com","sender_address_line_1":"Rochel Nirina","sender_address_line_2":"Rochel Nirina","sender_address_line_3":null,"sender_address_line_4":"2 Rue de la Gare","sender_address_line_5":"","sender_address_line_6":"75000 Paris","sender_country_code":"FR","archiving_duration":3} []
2023-01-10T13:08:12.692452+01:00 |  client ip  | maileva.INFO:  ======================= []
2023-01-10T13:08:12.692574+01:00 |  client ip  | maileva.INFO:  connet to MailevaApi ...  :  []
2023-01-10T13:08:12.692678+01:00 |  client ip  | maileva.INFO:  ... []
2023-01-10T13:08:12.692820+01:00 |  client ip  | maileva.INFO:  ======================= []
2023-01-10T13:08:12.693016+01:00 |  client ip  | maileva.INFO:  user infos :  []
2023-01-10T13:08:12.693193+01:00 |  client ip  | maileva.INFO:  annonymous []
2023-01-10T13:08:15.009644+01:00 |  client ip  | maileva.INFO:  ======================= []
2023-01-10T13:08:15.009881+01:00 |  client ip  | maileva.INFO:  response postSending :  []
2023-01-10T13:08:15.010005+01:00 |  client ip  | maileva.INFO:  {"id":"f2f476dc-531e-4dc0-8d40-ae87fbd307b0","name":"R\u00e9siliation d'un abonnement t\u00e9l\u00e9phonique","status":"DRAFT","acknowledgement_of_receipt":true,"acknowledgement_of_receipt_scanning":false,"creation_date":"2023-01-10T12:07:17.578Z","documents_count":0,"custom_data":"{}","color_printing":true,"duplex_printing":false,"optional_address_sheet":false,"system_address_sheet":true,"notification_email":"do_not_reply@maileva.com","sender_country_code":"FR","archiving_duration":3,"recipients_counts":{"draft":0,"pending":0,"processed":0,"rejected":0,"total":0},"custom_id":"01GPDS5KGQSARV4JH4H9FXJ9A0","sender_address_line_1":"Rochel Nirina","sender_address_line_2":"Rochel Nirina","sender_address_line_4":"2 Rue de la Gare","sender_address_line_5":"","sender_address_line_6":"75000 Paris"} []
2023-01-10T13:08:15.010182+01:00 |  client ip  | maileva.NOTICE:  ======================= []
2023-01-10T13:08:15.010291+01:00 |  client ip  | maileva.NOTICE:  ======================= []
2023-01-10T13:08:16.425070+01:00 |  client ip  | maileva.INFO:  ======================= []
2023-01-10T13:08:16.425631+01:00 |  client ip  | maileva.INFO:  parameters envoi :  []
2023-01-10T13:08:16.426022+01:00 |  client ip  | maileva.INFO:  {} []
2023-01-10T13:08:16.426581+01:00 |  client ip  | maileva.INFO:  ======================= []
2023-01-10T13:08:16.426865+01:00 |  client ip  | maileva.INFO:  connet to MailevaApi ...  :  []
2023-01-10T13:08:16.427286+01:00 |  client ip  | maileva.INFO:  ... []
2023-01-10T13:08:16.427507+01:00 |  client ip  | maileva.INFO:  ======================= []
2023-01-10T13:08:16.427695+01:00 |  client ip  | maileva.INFO:  user infos :  []
2023-01-10T13:08:16.427878+01:00 |  client ip  | maileva.INFO:  annonymous []
2023-01-10T13:08:17.121845+01:00 |  client ip  | maileva.INFO:  ======================= []
2023-01-10T13:08:17.122088+01:00 |  client ip  | maileva.INFO:  response submitSending :  []
2023-01-10T13:08:17.122250+01:00 |  client ip  | maileva.INFO:  null []
2023-01-10T13:08:17.122488+01:00 |  client ip  | maileva.NOTICE:  ======================= []
2023-01-10T13:08:17.122705+01:00 |  client ip  | maileva.NOTICE:  ======================= []
2023-01-10T13:08:18.728845+01:00 |  client ip  | maileva.INFO:  ======================= []
2023-01-10T13:08:18.729328+01:00 |  client ip  | maileva.INFO:  parameters envoi :  []
2023-01-10T13:08:18.729555+01:00 |  client ip  | maileva.INFO:  {} []
2023-01-10T13:08:18.729847+01:00 |  client ip  | maileva.INFO:  ======================= []
2023-01-10T13:08:18.730070+01:00 |  client ip  | maileva.INFO:  connet to MailevaApi ...  :  []
2023-01-10T13:08:18.730294+01:00 |  client ip  | maileva.INFO:  ... []
2023-01-10T13:08:18.730520+01:00 |  client ip  | maileva.INFO:  ======================= []
2023-01-10T13:08:18.730686+01:00 |  client ip  | maileva.INFO:  user infos :  []
2023-01-10T13:08:18.730851+01:00 |  client ip  | maileva.INFO:  annonymous []
2023-01-10T13:08:19.691946+01:00 |  client ip  | maileva.INFO:  ======================= []
2023-01-10T13:08:19.692302+01:00 |  client ip  | maileva.INFO:  response addDocSending :  []
2023-01-10T13:08:19.692519+01:00 |  client ip  | maileva.INFO:  {"id":"e408270d-27ae-4eeb-9a54-66c3c69084a9","name":"lettre_resiliation.pdf","priority":1,"type":"application\/pdf","size":1235,"converted_size":0,"pages_count":0,"sheets_count":0} []
2023-01-10T13:08:19.692757+01:00 |  client ip  | maileva.NOTICE:  ======================= []
2023-01-10T13:08:19.692995+01:00 |  client ip  | maileva.NOTICE:  ======================= []
2023-01-10T13:26:41.620145+01:00 |  client ip  | maileva.INFO:  ======================= []
2023-01-10T13:26:41.620789+01:00 |  client ip  | maileva.INFO:  parameters :  []
2023-01-10T13:26:41.621046+01:00 |  client ip  | maileva.INFO:  {"name":"R\u00e9siliation d'un abonnement t\u00e9l\u00e9phonique","custom_id":"01GPDT6QST9SNKRTK4W9S8DK0J","custom_data":"{}","acknowledgement_of_receipt":true,"acknowledgement_of_receipt_scanning":false,"color_printing":true,"duplex_printing":false,"optional_address_sheet":false,"notification_email":"do_not_reply@maileva.com","sender_address_line_1":"Rochel Niria","sender_address_line_2":"Rochel Niria","sender_address_line_3":null,"sender_address_line_4":"2 rue Montparnasse","sender_address_line_5":"","sender_address_line_6":"75000 Paris","sender_country_code":"FR","archiving_duration":3} []
2023-01-10T13:26:41.621721+01:00 |  client ip  | maileva.INFO:  ======================= []
2023-01-10T13:26:41.621876+01:00 |  client ip  | maileva.INFO:  connet to MailevaApi ...  :  []
2023-01-10T13:26:41.622034+01:00 |  client ip  | maileva.INFO:  ... []
2023-01-10T13:26:41.622174+01:00 |  client ip  | maileva.INFO:  ======================= []
2023-01-10T13:26:41.622320+01:00 |  client ip  | maileva.INFO:  user infos :  []
2023-01-10T13:26:41.622452+01:00 |  client ip  | maileva.INFO:  annonymous []
2023-01-10T13:26:44.803936+01:00 |  client ip  | maileva.INFO:  ======================= []
2023-01-10T13:26:44.804383+01:00 |  client ip  | maileva.INFO:  response postSending :  []
2023-01-10T13:26:44.804615+01:00 |  client ip  | maileva.INFO:  {"id":"56a8bd8f-e444-48c5-9df4-3beacfb46e5a","name":"R\u00e9siliation d'un abonnement t\u00e9l\u00e9phonique","status":"DRAFT","acknowledgement_of_receipt":true,"acknowledgement_of_receipt_scanning":false,"creation_date":"2023-01-10T12:25:47.405Z","documents_count":0,"custom_data":"{}","color_printing":true,"duplex_printing":false,"optional_address_sheet":false,"system_address_sheet":true,"notification_email":"do_not_reply@maileva.com","sender_country_code":"FR","archiving_duration":3,"recipients_counts":{"draft":0,"pending":0,"processed":0,"rejected":0,"total":0},"custom_id":"01GPDT6QST9SNKRTK4W9S8DK0J","sender_address_line_1":"Rochel Niria","sender_address_line_2":"Rochel Niria","sender_address_line_4":"2 rue Montparnasse","sender_address_line_5":"","sender_address_line_6":"75000 Paris"} []
2023-01-10T13:26:44.804896+01:00 |  client ip  | maileva.NOTICE:  ======================= []
2023-01-10T13:26:44.805145+01:00 |  client ip  | maileva.NOTICE:  ======================= []
2023-01-10T13:26:46.006061+01:00 |  client ip  | maileva.INFO:  ======================= []
2023-01-10T13:26:46.006333+01:00 |  client ip  | maileva.INFO:  parameters envoi :  []
2023-01-10T13:26:46.006486+01:00 |  client ip  | maileva.INFO:  {} []
2023-01-10T13:26:46.006672+01:00 |  client ip  | maileva.INFO:  ======================= []
2023-01-10T13:26:46.006819+01:00 |  client ip  | maileva.INFO:  connet to MailevaApi ...  :  []
2023-01-10T13:26:46.006981+01:00 |  client ip  | maileva.INFO:  ... []
2023-01-10T13:26:46.007149+01:00 |  client ip  | maileva.INFO:  ======================= []
2023-01-10T13:26:46.007353+01:00 |  client ip  | maileva.INFO:  user infos :  []
2023-01-10T13:26:46.007522+01:00 |  client ip  | maileva.INFO:  annonymous []
2023-01-10T13:26:47.103260+01:00 |  client ip  | maileva.INFO:  ======================= []
2023-01-10T13:26:47.103667+01:00 |  client ip  | maileva.INFO:  response submitSending :  []
2023-01-10T13:26:47.103926+01:00 |  client ip  | maileva.INFO:  null []
2023-01-10T13:26:47.104161+01:00 |  client ip  | maileva.NOTICE:  ======================= []
2023-01-10T13:26:47.104387+01:00 |  client ip  | maileva.NOTICE:  ======================= []
2023-01-10T13:26:48.549271+01:00 |  client ip  | maileva.INFO:  ======================= []
2023-01-10T13:26:48.549494+01:00 |  client ip  | maileva.INFO:  parameters envoi :  []
2023-01-10T13:26:48.549621+01:00 |  client ip  | maileva.INFO:  {} []
2023-01-10T13:26:48.549786+01:00 |  client ip  | maileva.INFO:  ======================= []
2023-01-10T13:26:48.549894+01:00 |  client ip  | maileva.INFO:  connet to MailevaApi ...  :  []
2023-01-10T13:26:48.550017+01:00 |  client ip  | maileva.INFO:  ... []
2023-01-10T13:26:48.550138+01:00 |  client ip  | maileva.INFO:  ======================= []
2023-01-10T13:26:48.550240+01:00 |  client ip  | maileva.INFO:  user infos :  []
2023-01-10T13:26:48.550341+01:00 |  client ip  | maileva.INFO:  annonymous []
2023-01-10T13:26:49.547255+01:00 |  client ip  | maileva.INFO:  ======================= []
2023-01-10T13:26:49.547709+01:00 |  client ip  | maileva.INFO:  response addDocSending :  []
2023-01-10T13:26:49.547967+01:00 |  client ip  | maileva.INFO:  {"id":"69536e83-4000-4673-9e89-90c0b6b2f702","name":"lettre_resiliation.pdf","priority":1,"type":"application\/pdf","size":1235,"converted_size":0,"pages_count":0,"sheets_count":0} []
2023-01-10T13:26:49.548232+01:00 |  client ip  | maileva.NOTICE:  ======================= []
2023-01-10T13:26:49.548553+01:00 |  client ip  | maileva.NOTICE:  ======================= []
