2023-03-08T10:10:31.083424+02:00 |  client ip  | maileva.INFO:  ======================= []
2023-03-08T10:10:31.084232+02:00 |  client ip  | maileva.INFO:  parameters :  []
2023-03-08T10:10:31.084321+02:00 |  client ip  | maileva.INFO:  {"name":"R\u00e9siliation d'un abonnement t\u00e9l\u00e9phonique","custom_id":"01GTZZS8651DSJB45T5BQK3H5P","custom_data":"{}","acknowledgement_of_receipt":true,"acknowledgement_of_receipt_scanning":false,"color_printing":true,"duplex_printing":false,"optional_address_sheet":false,"notification_email":"do_not_reply@maileva.com","sender_address_line_1":"tsila Fano","sender_address_line_2":"tsila Fano","sender_address_line_3":null,"sender_address_line_4":"40 avenue de Clichy","sender_address_line_5":"","sender_address_line_6":"77112 Monthyon","sender_country_code":"FR","archiving_duration":3} []
2023-03-08T10:10:31.109147+02:00 |  client ip  | maileva.INFO:  ======================= []
2023-03-08T10:10:31.109294+02:00 |  client ip  | maileva.INFO:  connet to MailevaApi ...  :  []
2023-03-08T10:10:31.109364+02:00 |  client ip  | maileva.INFO:  ... []
2023-03-08T10:10:31.109409+02:00 |  client ip  | maileva.INFO:  ======================= []
2023-03-08T10:10:31.109455+02:00 |  client ip  | maileva.INFO:  user infos :  []
2023-03-08T10:10:31.109499+02:00 |  client ip  | maileva.INFO:  annonymous []
2023-03-08T10:10:32.231582+02:00 |  client ip  | maileva.INFO:  ======================= []
2023-03-08T10:10:32.231811+02:00 |  client ip  | maileva.INFO:  response postSending :  []
2023-03-08T10:10:32.231918+02:00 |  client ip  | maileva.INFO:  {"id":"37def8e8-3089-4ce2-8362-0b4f657de35e","name":"R\u00e9siliation d'un abonnement t\u00e9l\u00e9phonique","status":"DRAFT","acknowledgement_of_receipt":true,"acknowledgement_of_receipt_scanning":false,"creation_date":"2023-03-08T08:10:32.120Z","documents_count":0,"custom_data":"{}","color_printing":true,"duplex_printing":false,"optional_address_sheet":false,"system_address_sheet":true,"notification_email":"do_not_reply@maileva.com","sender_country_code":"FR","archiving_duration":3,"recipients_counts":{"draft":0,"pending":0,"processed":0,"rejected":0,"total":0},"custom_id":"01GTZZS8651DSJB45T5BQK3H5P","sender_address_line_1":"tsila Fano","sender_address_line_2":"tsila Fano","sender_address_line_4":"40 avenue de Clichy","sender_address_line_5":"","sender_address_line_6":"77112 Monthyon"} []
2023-03-08T10:10:32.231987+02:00 |  client ip  | maileva.NOTICE:  ======================= []
2023-03-08T10:10:32.232049+02:00 |  client ip  | maileva.NOTICE:  ======================= []
2023-03-08T10:10:33.593825+02:00 |  client ip  | maileva.INFO:  ======================= []
2023-03-08T10:10:33.594054+02:00 |  client ip  | maileva.INFO:  parameters envoi :  []
2023-03-08T10:10:33.594155+02:00 |  client ip  | maileva.INFO:  {} []
2023-03-08T10:10:33.594272+02:00 |  client ip  | maileva.INFO:  ======================= []
2023-03-08T10:10:33.594349+02:00 |  client ip  | maileva.INFO:  connet to MailevaApi ...  :  []
2023-03-08T10:10:33.594419+02:00 |  client ip  | maileva.INFO:  ... []
2023-03-08T10:10:33.594489+02:00 |  client ip  | maileva.INFO:  ======================= []
2023-03-08T10:10:33.594553+02:00 |  client ip  | maileva.INFO:  user infos :  []
2023-03-08T10:10:33.594617+02:00 |  client ip  | maileva.INFO:  annonymous []
2023-03-08T10:10:34.317521+02:00 |  client ip  | maileva.INFO:  ======================= []
2023-03-08T10:10:34.317634+02:00 |  client ip  | maileva.INFO:  response submitSending :  []
2023-03-08T10:10:34.317688+02:00 |  client ip  | maileva.INFO:  null []
2023-03-08T10:10:34.317721+02:00 |  client ip  | maileva.NOTICE:  ======================= []
2023-03-08T10:10:34.317763+02:00 |  client ip  | maileva.NOTICE:  ======================= []
2023-03-08T10:10:41.368806+02:00 |  client ip  | maileva.INFO:  ======================= []
2023-03-08T10:10:41.368998+02:00 |  client ip  | maileva.INFO:  parameters envoi :  []
2023-03-08T10:10:41.369078+02:00 |  client ip  | maileva.INFO:  {} []
2023-03-08T10:10:41.369152+02:00 |  client ip  | maileva.INFO:  ======================= []
2023-03-08T10:10:41.369236+02:00 |  client ip  | maileva.INFO:  connet to MailevaApi ...  :  []
2023-03-08T10:10:41.369300+02:00 |  client ip  | maileva.INFO:  ... []
2023-03-08T10:10:41.369360+02:00 |  client ip  | maileva.INFO:  ======================= []
2023-03-08T10:10:41.369416+02:00 |  client ip  | maileva.INFO:  user infos :  []
2023-03-08T10:10:41.369472+02:00 |  client ip  | maileva.INFO:  annonymous []
2023-03-08T10:10:42.192217+02:00 |  client ip  | maileva.INFO:  ======================= []
2023-03-08T10:10:42.192413+02:00 |  client ip  | maileva.INFO:  response addDocSending :  []
2023-03-08T10:10:42.192508+02:00 |  client ip  | maileva.INFO:  {"timestamp":1678263042060,"status":500,"error":"Internal Server Error","message":"","path":"\/simple_registered_mail\/v1\/sendings\/37def8e8-3089-4ce2-8362-0b4f657de35e\/documents"} []
2023-03-08T10:10:42.192590+02:00 |  client ip  | maileva.NOTICE:  ======================= []
2023-03-08T10:10:42.192659+02:00 |  client ip  | maileva.NOTICE:  ======================= []
2023-03-08T10:11:18.766361+02:00 |  client ip  | maileva.INFO:  ======================= []
2023-03-08T10:11:18.767258+02:00 |  client ip  | maileva.INFO:  parameters :  []
2023-03-08T10:11:18.767387+02:00 |  client ip  | maileva.INFO:  {"name":"R\u00e9siliation d'un abonnement t\u00e9l\u00e9phonique","custom_id":"01GTZZS8651DSJB45T5BQK3H5P","custom_data":"{}","acknowledgement_of_receipt":true,"acknowledgement_of_receipt_scanning":false,"color_printing":true,"duplex_printing":false,"optional_address_sheet":false,"notification_email":"do_not_reply@maileva.com","sender_address_line_1":"tsila Fano","sender_address_line_2":"tsila Fano","sender_address_line_3":null,"sender_address_line_4":"40 avenue de Clichy","sender_address_line_5":"","sender_address_line_6":"77112 Monthyon","sender_country_code":"FR","archiving_duration":3} []
2023-03-08T10:11:18.767606+02:00 |  client ip  | maileva.INFO:  ======================= []
2023-03-08T10:11:18.767712+02:00 |  client ip  | maileva.INFO:  connet to MailevaApi ...  :  []
2023-03-08T10:11:18.767794+02:00 |  client ip  | maileva.INFO:  ... []
2023-03-08T10:11:18.767874+02:00 |  client ip  | maileva.INFO:  ======================= []
2023-03-08T10:11:18.767947+02:00 |  client ip  | maileva.INFO:  user infos :  []
2023-03-08T10:11:18.768020+02:00 |  client ip  | maileva.INFO:  annonymous []
2023-03-08T10:11:19.920751+02:00 |  client ip  | maileva.INFO:  ======================= []
2023-03-08T10:11:19.920955+02:00 |  client ip  | maileva.INFO:  response postSending :  []
2023-03-08T10:11:19.921047+02:00 |  client ip  | maileva.INFO:  {"id":"d2d48901-2c09-4739-8e09-22a730e7e24d","name":"R\u00e9siliation d'un abonnement t\u00e9l\u00e9phonique","status":"DRAFT","acknowledgement_of_receipt":true,"acknowledgement_of_receipt_scanning":false,"creation_date":"2023-03-08T08:11:19.808Z","documents_count":0,"custom_data":"{}","color_printing":true,"duplex_printing":false,"optional_address_sheet":false,"system_address_sheet":true,"notification_email":"do_not_reply@maileva.com","sender_country_code":"FR","archiving_duration":3,"recipients_counts":{"draft":0,"pending":0,"processed":0,"rejected":0,"total":0},"custom_id":"01GTZZS8651DSJB45T5BQK3H5P","sender_address_line_1":"tsila Fano","sender_address_line_2":"tsila Fano","sender_address_line_4":"40 avenue de Clichy","sender_address_line_5":"","sender_address_line_6":"77112 Monthyon"} []
2023-03-08T10:11:19.921128+02:00 |  client ip  | maileva.NOTICE:  ======================= []
2023-03-08T10:11:19.921197+02:00 |  client ip  | maileva.NOTICE:  ======================= []
2023-03-08T10:11:21.022301+02:00 |  client ip  | maileva.INFO:  ======================= []
2023-03-08T10:11:21.022549+02:00 |  client ip  | maileva.INFO:  parameters envoi :  []
2023-03-08T10:11:21.022670+02:00 |  client ip  | maileva.INFO:  {} []
2023-03-08T10:11:21.022779+02:00 |  client ip  | maileva.INFO:  ======================= []
2023-03-08T10:11:21.022869+02:00 |  client ip  | maileva.INFO:  connet to MailevaApi ...  :  []
2023-03-08T10:11:21.022960+02:00 |  client ip  | maileva.INFO:  ... []
2023-03-08T10:11:21.023069+02:00 |  client ip  | maileva.INFO:  ======================= []
2023-03-08T10:11:21.023149+02:00 |  client ip  | maileva.INFO:  user infos :  []
2023-03-08T10:11:21.023228+02:00 |  client ip  | maileva.INFO:  annonymous []
2023-03-08T10:11:21.707959+02:00 |  client ip  | maileva.INFO:  ======================= []
2023-03-08T10:11:21.708192+02:00 |  client ip  | maileva.INFO:  response submitSending :  []
2023-03-08T10:11:21.708296+02:00 |  client ip  | maileva.INFO:  null []
2023-03-08T10:11:21.708382+02:00 |  client ip  | maileva.NOTICE:  ======================= []
2023-03-08T10:11:21.708460+02:00 |  client ip  | maileva.NOTICE:  ======================= []
2023-03-08T10:11:22.761613+02:00 |  client ip  | maileva.INFO:  ======================= []
2023-03-08T10:11:22.761753+02:00 |  client ip  | maileva.INFO:  parameters envoi :  []
2023-03-08T10:11:22.761797+02:00 |  client ip  | maileva.INFO:  {} []
2023-03-08T10:11:22.761847+02:00 |  client ip  | maileva.INFO:  ======================= []
2023-03-08T10:11:22.761874+02:00 |  client ip  | maileva.INFO:  connet to MailevaApi ...  :  []
2023-03-08T10:11:22.761915+02:00 |  client ip  | maileva.INFO:  ... []
2023-03-08T10:11:22.761953+02:00 |  client ip  | maileva.INFO:  ======================= []
2023-03-08T10:11:22.761995+02:00 |  client ip  | maileva.INFO:  user infos :  []
2023-03-08T10:11:22.762031+02:00 |  client ip  | maileva.INFO:  annonymous []
2023-03-08T10:11:23.442461+02:00 |  client ip  | maileva.INFO:  ======================= []
2023-03-08T10:11:23.442768+02:00 |  client ip  | maileva.INFO:  response addDocSending :  []
2023-03-08T10:11:23.442933+02:00 |  client ip  | maileva.INFO:  {"timestamp":1678263083331,"status":500,"error":"Internal Server Error","message":"","path":"\/simple_registered_mail\/v1\/sendings\/d2d48901-2c09-4739-8e09-22a730e7e24d\/documents"} []
2023-03-08T10:11:23.443061+02:00 |  client ip  | maileva.NOTICE:  ======================= []
2023-03-08T10:11:23.443166+02:00 |  client ip  | maileva.NOTICE:  ======================= []
2023-03-08T10:16:33.690862+02:00 |  client ip  | maileva.INFO:  ======================= []
2023-03-08T10:16:33.691208+02:00 |  client ip  | maileva.INFO:  parameters :  []
2023-03-08T10:16:33.691319+02:00 |  client ip  | maileva.INFO:  {"name":"R\u00e9siliation d'un abonnement t\u00e9l\u00e9phonique","custom_id":"01GTZZS8651DSJB45T5BQK3H5P","custom_data":"{}","acknowledgement_of_receipt":true,"acknowledgement_of_receipt_scanning":false,"color_printing":true,"duplex_printing":false,"optional_address_sheet":false,"notification_email":"do_not_reply@maileva.com","sender_address_line_1":"tsila Fano","sender_address_line_2":"tsila Fano","sender_address_line_3":null,"sender_address_line_4":"40 avenue de Clichy","sender_address_line_5":"","sender_address_line_6":"77112 Monthyon","sender_country_code":"FR","archiving_duration":3} []
2023-03-08T10:16:33.691504+02:00 |  client ip  | maileva.INFO:  ======================= []
2023-03-08T10:16:33.691603+02:00 |  client ip  | maileva.INFO:  connet to MailevaApi ...  :  []
2023-03-08T10:16:33.691683+02:00 |  client ip  | maileva.INFO:  ... []
2023-03-08T10:16:33.691761+02:00 |  client ip  | maileva.INFO:  ======================= []
2023-03-08T10:16:33.691833+02:00 |  client ip  | maileva.INFO:  user infos :  []
2023-03-08T10:16:33.691910+02:00 |  client ip  | maileva.INFO:  annonymous []
2023-03-08T10:16:35.384226+02:00 |  client ip  | maileva.INFO:  ======================= []
2023-03-08T10:16:35.384439+02:00 |  client ip  | maileva.INFO:  response postSending :  []
2023-03-08T10:16:35.384534+02:00 |  client ip  | maileva.INFO:  {"id":"1b486bf2-8792-4803-9d37-307aee38a270","name":"R\u00e9siliation d'un abonnement t\u00e9l\u00e9phonique","status":"DRAFT","acknowledgement_of_receipt":true,"acknowledgement_of_receipt_scanning":false,"creation_date":"2023-03-08T08:16:35.271Z","documents_count":0,"custom_data":"{}","color_printing":true,"duplex_printing":false,"optional_address_sheet":false,"system_address_sheet":true,"notification_email":"do_not_reply@maileva.com","sender_country_code":"FR","archiving_duration":3,"recipients_counts":{"draft":0,"pending":0,"processed":0,"rejected":0,"total":0},"custom_id":"01GTZZS8651DSJB45T5BQK3H5P","sender_address_line_1":"tsila Fano","sender_address_line_2":"tsila Fano","sender_address_line_4":"40 avenue de Clichy","sender_address_line_5":"","sender_address_line_6":"77112 Monthyon"} []
2023-03-08T10:16:35.384644+02:00 |  client ip  | maileva.NOTICE:  ======================= []
2023-03-08T10:16:35.384731+02:00 |  client ip  | maileva.NOTICE:  ======================= []
2023-03-08T10:16:36.522064+02:00 |  client ip  | maileva.INFO:  ======================= []
2023-03-08T10:16:36.522192+02:00 |  client ip  | maileva.INFO:  parameters envoi :  []
2023-03-08T10:16:36.522237+02:00 |  client ip  | maileva.INFO:  {} []
2023-03-08T10:16:36.522278+02:00 |  client ip  | maileva.INFO:  ======================= []
2023-03-08T10:16:36.522309+02:00 |  client ip  | maileva.INFO:  connet to MailevaApi ...  :  []
2023-03-08T10:16:36.522337+02:00 |  client ip  | maileva.INFO:  ... []
2023-03-08T10:16:36.522366+02:00 |  client ip  | maileva.INFO:  ======================= []
2023-03-08T10:16:36.522391+02:00 |  client ip  | maileva.INFO:  user infos :  []
2023-03-08T10:16:36.522417+02:00 |  client ip  | maileva.INFO:  annonymous []
2023-03-08T10:16:37.209026+02:00 |  client ip  | maileva.INFO:  ======================= []
2023-03-08T10:16:37.209272+02:00 |  client ip  | maileva.INFO:  response addDocSending :  []
2023-03-08T10:16:37.209396+02:00 |  client ip  | maileva.INFO:  {"timestamp":1678263397099,"status":500,"error":"Internal Server Error","message":"","path":"\/simple_registered_mail\/v1\/sendings\/1b486bf2-8792-4803-9d37-307aee38a270\/documents"} []
2023-03-08T10:16:37.209500+02:00 |  client ip  | maileva.NOTICE:  ======================= []
2023-03-08T10:16:37.209592+02:00 |  client ip  | maileva.NOTICE:  ======================= []
2023-03-08T10:28:37.714669+02:00 |  client ip  | maileva.INFO:  ======================= []
2023-03-08T10:28:37.726856+02:00 |  client ip  | maileva.INFO:  parameters :  []
2023-03-08T10:28:37.726920+02:00 |  client ip  | maileva.INFO:  {"name":"R\u00e9siliation d'un abonnement t\u00e9l\u00e9phonique","custom_id":"01GTZZS8651DSJB45T5BQK3H5P","custom_data":"{}","acknowledgement_of_receipt":true,"acknowledgement_of_receipt_scanning":false,"color_printing":true,"duplex_printing":false,"optional_address_sheet":false,"notification_email":"do_not_reply@maileva.com","sender_address_line_1":"tsila Fano","sender_address_line_2":"tsila Fano","sender_address_line_3":null,"sender_address_line_4":"40 avenue de Clichy","sender_address_line_5":"","sender_address_line_6":"77112 Monthyon","sender_country_code":"FR","archiving_duration":3} []
2023-03-08T10:28:37.727010+02:00 |  client ip  | maileva.INFO:  ======================= []
2023-03-08T10:28:37.727051+02:00 |  client ip  | maileva.INFO:  connet to MailevaApi ...  :  []
2023-03-08T10:28:37.727082+02:00 |  client ip  | maileva.INFO:  ... []
2023-03-08T10:28:37.727113+02:00 |  client ip  | maileva.INFO:  ======================= []
2023-03-08T10:28:37.727141+02:00 |  client ip  | maileva.INFO:  user infos :  []
2023-03-08T10:28:37.727169+02:00 |  client ip  | maileva.INFO:  annonymous []
2023-03-08T10:28:38.910240+02:00 |  client ip  | maileva.INFO:  ======================= []
2023-03-08T10:28:38.910484+02:00 |  client ip  | maileva.INFO:  response postSending :  []
2023-03-08T10:28:38.910596+02:00 |  client ip  | maileva.INFO:  {"id":"3918788a-7a4e-4c20-93c9-b7e9b6af1530","name":"R\u00e9siliation d'un abonnement t\u00e9l\u00e9phonique","status":"DRAFT","acknowledgement_of_receipt":true,"acknowledgement_of_receipt_scanning":false,"creation_date":"2023-03-08T08:28:38.808Z","documents_count":0,"custom_data":"{}","color_printing":true,"duplex_printing":false,"optional_address_sheet":false,"system_address_sheet":true,"notification_email":"do_not_reply@maileva.com","sender_country_code":"FR","archiving_duration":3,"recipients_counts":{"draft":0,"pending":0,"processed":0,"rejected":0,"total":0},"custom_id":"01GTZZS8651DSJB45T5BQK3H5P","sender_address_line_1":"tsila Fano","sender_address_line_2":"tsila Fano","sender_address_line_4":"40 avenue de Clichy","sender_address_line_5":"","sender_address_line_6":"77112 Monthyon"} []
2023-03-08T10:28:38.910741+02:00 |  client ip  | maileva.NOTICE:  ======================= []
2023-03-08T10:28:38.910832+02:00 |  client ip  | maileva.NOTICE:  ======================= []
2023-03-08T10:28:40.246638+02:00 |  client ip  | maileva.INFO:  ======================= []
2023-03-08T10:28:40.246841+02:00 |  client ip  | maileva.INFO:  parameters envoi :  []
2023-03-08T10:28:40.246933+02:00 |  client ip  | maileva.INFO:  {} []
2023-03-08T10:28:40.247017+02:00 |  client ip  | maileva.INFO:  ======================= []
2023-03-08T10:28:40.247087+02:00 |  client ip  | maileva.INFO:  connet to MailevaApi ...  :  []
2023-03-08T10:28:40.247153+02:00 |  client ip  | maileva.INFO:  ... []
2023-03-08T10:28:40.247217+02:00 |  client ip  | maileva.INFO:  ======================= []
2023-03-08T10:28:40.247277+02:00 |  client ip  | maileva.INFO:  user infos :  []
2023-03-08T10:28:40.247338+02:00 |  client ip  | maileva.INFO:  annonymous []
2023-03-08T10:28:40.978353+02:00 |  client ip  | maileva.INFO:  ======================= []
2023-03-08T10:28:40.978721+02:00 |  client ip  | maileva.INFO:  response addDocSending :  []
2023-03-08T10:28:40.978845+02:00 |  client ip  | maileva.INFO:  {"errors":[{"code":"MISSING_FILE","message":"There are no file to upload."}]} []
2023-03-08T10:28:40.978941+02:00 |  client ip  | maileva.NOTICE:  ======================= []
2023-03-08T10:28:40.979025+02:00 |  client ip  | maileva.NOTICE:  ======================= []
2023-03-08T10:30:52.211821+02:00 |  client ip  | maileva.INFO:  ======================= []
2023-03-08T10:30:52.212603+02:00 |  client ip  | maileva.INFO:  parameters :  []
2023-03-08T10:30:52.212724+02:00 |  client ip  | maileva.INFO:  {"name":"R\u00e9siliation d'un abonnement t\u00e9l\u00e9phonique","custom_id":"01GTZZS8651DSJB45T5BQK3H5P","custom_data":"{}","acknowledgement_of_receipt":true,"acknowledgement_of_receipt_scanning":false,"color_printing":true,"duplex_printing":false,"optional_address_sheet":false,"notification_email":"do_not_reply@maileva.com","sender_address_line_1":"tsila Fano","sender_address_line_2":"tsila Fano","sender_address_line_3":null,"sender_address_line_4":"40 avenue de Clichy","sender_address_line_5":"","sender_address_line_6":"77112 Monthyon","sender_country_code":"FR","archiving_duration":3} []
2023-03-08T10:30:52.212947+02:00 |  client ip  | maileva.INFO:  ======================= []
2023-03-08T10:30:52.213056+02:00 |  client ip  | maileva.INFO:  connet to MailevaApi ...  :  []
2023-03-08T10:30:52.213137+02:00 |  client ip  | maileva.INFO:  ... []
2023-03-08T10:30:52.213215+02:00 |  client ip  | maileva.INFO:  ======================= []
2023-03-08T10:30:52.213287+02:00 |  client ip  | maileva.INFO:  user infos :  []
2023-03-08T10:30:52.213361+02:00 |  client ip  | maileva.INFO:  annonymous []
2023-03-08T10:30:53.734391+02:00 |  client ip  | maileva.INFO:  ======================= []
2023-03-08T10:30:53.734603+02:00 |  client ip  | maileva.INFO:  response postSending :  []
2023-03-08T10:30:53.734698+02:00 |  client ip  | maileva.INFO:  {"id":"72219ce7-e67a-4bf3-82c5-5117846f4a44","name":"R\u00e9siliation d'un abonnement t\u00e9l\u00e9phonique","status":"DRAFT","acknowledgement_of_receipt":true,"acknowledgement_of_receipt_scanning":false,"creation_date":"2023-03-08T08:30:53.631Z","documents_count":0,"custom_data":"{}","color_printing":true,"duplex_printing":false,"optional_address_sheet":false,"system_address_sheet":true,"notification_email":"do_not_reply@maileva.com","sender_country_code":"FR","archiving_duration":3,"recipients_counts":{"draft":0,"pending":0,"processed":0,"rejected":0,"total":0},"custom_id":"01GTZZS8651DSJB45T5BQK3H5P","sender_address_line_1":"tsila Fano","sender_address_line_2":"tsila Fano","sender_address_line_4":"40 avenue de Clichy","sender_address_line_5":"","sender_address_line_6":"77112 Monthyon"} []
2023-03-08T10:30:53.734803+02:00 |  client ip  | maileva.NOTICE:  ======================= []
2023-03-08T10:30:53.734878+02:00 |  client ip  | maileva.NOTICE:  ======================= []
2023-03-08T10:30:55.003863+02:00 |  client ip  | maileva.INFO:  ======================= []
2023-03-08T10:30:55.003984+02:00 |  client ip  | maileva.INFO:  parameters envoi :  []
2023-03-08T10:30:55.004028+02:00 |  client ip  | maileva.INFO:  {} []
2023-03-08T10:30:55.004068+02:00 |  client ip  | maileva.INFO:  ======================= []
2023-03-08T10:30:55.004099+02:00 |  client ip  | maileva.INFO:  connet to MailevaApi ...  :  []
2023-03-08T10:30:55.004128+02:00 |  client ip  | maileva.INFO:  ... []
2023-03-08T10:30:55.004156+02:00 |  client ip  | maileva.INFO:  ======================= []
2023-03-08T10:30:55.004182+02:00 |  client ip  | maileva.INFO:  user infos :  []
2023-03-08T10:30:55.004209+02:00 |  client ip  | maileva.INFO:  annonymous []
2023-03-08T10:30:55.747328+02:00 |  client ip  | maileva.INFO:  ======================= []
2023-03-08T10:30:55.747671+02:00 |  client ip  | maileva.INFO:  response addDocSending :  []
2023-03-08T10:30:55.747837+02:00 |  client ip  | maileva.INFO:  {"timestamp":1678264255646,"status":404,"error":"Not Found","message":"","path":"\/simple_registered_mail\/v1\/sendings72219ce7-e67a-4bf3-82c5-5117846f4a44\/documents"} []
2023-03-08T10:30:55.747967+02:00 |  client ip  | maileva.NOTICE:  ======================= []
2023-03-08T10:30:55.748063+02:00 |  client ip  | maileva.NOTICE:  ======================= []
2023-03-08T10:38:10.415965+02:00 |  client ip  | maileva.INFO:  ======================= []
2023-03-08T10:38:10.416241+02:00 |  client ip  | maileva.INFO:  parameters :  []
2023-03-08T10:38:10.416309+02:00 |  client ip  | maileva.INFO:  {"name":"R\u00e9siliation d'un abonnement t\u00e9l\u00e9phonique","custom_id":"01GTZZS8651DSJB45T5BQK3H5P","custom_data":"{}","acknowledgement_of_receipt":true,"acknowledgement_of_receipt_scanning":false,"color_printing":true,"duplex_printing":false,"optional_address_sheet":false,"notification_email":"do_not_reply@maileva.com","sender_address_line_1":"tsila Fano","sender_address_line_2":"tsila Fano","sender_address_line_3":null,"sender_address_line_4":"40 avenue de Clichy","sender_address_line_5":"","sender_address_line_6":"77112 Monthyon","sender_country_code":"FR","archiving_duration":3} []
2023-03-08T10:38:10.416420+02:00 |  client ip  | maileva.INFO:  ======================= []
2023-03-08T10:38:10.416478+02:00 |  client ip  | maileva.INFO:  connet to MailevaApi ...  :  []
2023-03-08T10:38:10.416523+02:00 |  client ip  | maileva.INFO:  ... []
2023-03-08T10:38:10.416568+02:00 |  client ip  | maileva.INFO:  ======================= []
2023-03-08T10:38:10.416610+02:00 |  client ip  | maileva.INFO:  user infos :  []
2023-03-08T10:38:10.416663+02:00 |  client ip  | maileva.INFO:  annonymous []
2023-03-08T10:38:11.310012+02:00 |  client ip  | maileva.INFO:  ======================= []
2023-03-08T10:38:11.310208+02:00 |  client ip  | maileva.INFO:  response postSending :  []
2023-03-08T10:38:11.310299+02:00 |  client ip  | maileva.INFO:  {"id":"afb5a4dd-dd9f-4758-a28c-d2c14db7152a","name":"R\u00e9siliation d'un abonnement t\u00e9l\u00e9phonique","status":"DRAFT","acknowledgement_of_receipt":true,"acknowledgement_of_receipt_scanning":false,"creation_date":"2023-03-08T08:38:11.210Z","documents_count":0,"custom_data":"{}","color_printing":true,"duplex_printing":false,"optional_address_sheet":false,"system_address_sheet":true,"notification_email":"do_not_reply@maileva.com","sender_country_code":"FR","archiving_duration":3,"recipients_counts":{"draft":0,"pending":0,"processed":0,"rejected":0,"total":0},"custom_id":"01GTZZS8651DSJB45T5BQK3H5P","sender_address_line_1":"tsila Fano","sender_address_line_2":"tsila Fano","sender_address_line_4":"40 avenue de Clichy","sender_address_line_5":"","sender_address_line_6":"77112 Monthyon"} []
2023-03-08T10:38:11.310377+02:00 |  client ip  | maileva.NOTICE:  ======================= []
2023-03-08T10:38:11.310453+02:00 |  client ip  | maileva.NOTICE:  ======================= []
2023-03-08T10:38:12.756375+02:00 |  client ip  | maileva.INFO:  ======================= []
2023-03-08T10:38:12.756629+02:00 |  client ip  | maileva.INFO:  parameters envoi :  []
2023-03-08T10:38:12.756751+02:00 |  client ip  | maileva.INFO:  {} []
2023-03-08T10:38:12.756865+02:00 |  client ip  | maileva.INFO:  ======================= []
2023-03-08T10:38:12.756996+02:00 |  client ip  | maileva.INFO:  connet to MailevaApi ...  :  []
2023-03-08T10:38:12.757094+02:00 |  client ip  | maileva.INFO:  ... []
2023-03-08T10:38:12.757197+02:00 |  client ip  | maileva.INFO:  ======================= []
2023-03-08T10:38:12.757286+02:00 |  client ip  | maileva.INFO:  user infos :  []
2023-03-08T10:38:12.757372+02:00 |  client ip  | maileva.INFO:  annonymous []
2023-03-08T10:38:13.476032+02:00 |  client ip  | maileva.INFO:  ======================= []
2023-03-08T10:38:13.476141+02:00 |  client ip  | maileva.INFO:  response addDocSending :  []
2023-03-08T10:38:13.476210+02:00 |  client ip  | maileva.INFO:  {"timestamp":1678264693377,"status":404,"error":"Not Found","message":"","path":"\/simple_registered_mail\/v1\/sendingsafb5a4dd-dd9f-4758-a28c-d2c14db7152a\/documents"} []
2023-03-08T10:38:13.476276+02:00 |  client ip  | maileva.NOTICE:  ======================= []
2023-03-08T10:38:13.476321+02:00 |  client ip  | maileva.NOTICE:  ======================= []
2023-03-08T10:38:24.622532+02:00 |  client ip  | maileva.INFO:  ======================= []
2023-03-08T10:38:24.622784+02:00 |  client ip  | maileva.INFO:  parameters :  []
2023-03-08T10:38:24.622867+02:00 |  client ip  | maileva.INFO:  {"name":"R\u00e9siliation d'un abonnement t\u00e9l\u00e9phonique","custom_id":"01GTZZS8651DSJB45T5BQK3H5P","custom_data":"{}","acknowledgement_of_receipt":true,"acknowledgement_of_receipt_scanning":false,"color_printing":true,"duplex_printing":false,"optional_address_sheet":false,"notification_email":"do_not_reply@maileva.com","sender_address_line_1":"tsila Fano","sender_address_line_2":"tsila Fano","sender_address_line_3":null,"sender_address_line_4":"40 avenue de Clichy","sender_address_line_5":"","sender_address_line_6":"77112 Monthyon","sender_country_code":"FR","archiving_duration":3} []
2023-03-08T10:38:24.623006+02:00 |  client ip  | maileva.INFO:  ======================= []
2023-03-08T10:38:24.623079+02:00 |  client ip  | maileva.INFO:  connet to MailevaApi ...  :  []
2023-03-08T10:38:24.623143+02:00 |  client ip  | maileva.INFO:  ... []
2023-03-08T10:38:24.623217+02:00 |  client ip  | maileva.INFO:  ======================= []
2023-03-08T10:38:24.623276+02:00 |  client ip  | maileva.INFO:  user infos :  []
2023-03-08T10:38:24.623335+02:00 |  client ip  | maileva.INFO:  annonymous []
2023-03-08T10:38:25.369870+02:00 |  client ip  | maileva.INFO:  ======================= []
2023-03-08T10:38:25.370031+02:00 |  client ip  | maileva.INFO:  response postSending :  []
2023-03-08T10:38:25.370102+02:00 |  client ip  | maileva.INFO:  {"id":"35b96355-c1c3-4167-bd75-acc034678219","name":"R\u00e9siliation d'un abonnement t\u00e9l\u00e9phonique","status":"DRAFT","acknowledgement_of_receipt":true,"acknowledgement_of_receipt_scanning":false,"creation_date":"2023-03-08T08:38:25.245Z","documents_count":0,"custom_data":"{}","color_printing":true,"duplex_printing":false,"optional_address_sheet":false,"system_address_sheet":true,"notification_email":"do_not_reply@maileva.com","sender_country_code":"FR","archiving_duration":3,"recipients_counts":{"draft":0,"pending":0,"processed":0,"rejected":0,"total":0},"custom_id":"01GTZZS8651DSJB45T5BQK3H5P","sender_address_line_1":"tsila Fano","sender_address_line_2":"tsila Fano","sender_address_line_4":"40 avenue de Clichy","sender_address_line_5":"","sender_address_line_6":"77112 Monthyon"} []
2023-03-08T10:38:25.370167+02:00 |  client ip  | maileva.NOTICE:  ======================= []
2023-03-08T10:38:25.370220+02:00 |  client ip  | maileva.NOTICE:  ======================= []
2023-03-08T10:38:26.545378+02:00 |  client ip  | maileva.INFO:  ======================= []
2023-03-08T10:38:26.545676+02:00 |  client ip  | maileva.INFO:  parameters envoi :  []
2023-03-08T10:38:26.545797+02:00 |  client ip  | maileva.INFO:  {} []
2023-03-08T10:38:26.545942+02:00 |  client ip  | maileva.INFO:  ======================= []
2023-03-08T10:38:26.546003+02:00 |  client ip  | maileva.INFO:  connet to MailevaApi ...  :  []
2023-03-08T10:38:26.546059+02:00 |  client ip  | maileva.INFO:  ... []
2023-03-08T10:38:26.546109+02:00 |  client ip  | maileva.INFO:  ======================= []
2023-03-08T10:38:26.546156+02:00 |  client ip  | maileva.INFO:  user infos :  []
2023-03-08T10:38:26.546202+02:00 |  client ip  | maileva.INFO:  annonymous []
2023-03-08T10:38:27.267295+02:00 |  client ip  | maileva.INFO:  ======================= []
2023-03-08T10:38:27.267487+02:00 |  client ip  | maileva.INFO:  response addDocSending :  []
2023-03-08T10:38:27.267586+02:00 |  client ip  | maileva.INFO:  {"timestamp":1678264707171,"status":404,"error":"Not Found","message":"","path":"\/simple_registered_mail\/v1\/sendings35b96355-c1c3-4167-bd75-acc034678219\/documents"} []
2023-03-08T10:38:27.267666+02:00 |  client ip  | maileva.NOTICE:  ======================= []
2023-03-08T10:38:27.267737+02:00 |  client ip  | maileva.NOTICE:  ======================= []
2023-03-08T11:17:55.687605+02:00 |  client ip  | maileva.INFO:  ======================= []
2023-03-08T11:17:55.717764+02:00 |  client ip  | maileva.INFO:  parameters :  []
2023-03-08T11:17:55.717881+02:00 |  client ip  | maileva.INFO:  {"name":"R\u00e9siliation d'un abonnement t\u00e9l\u00e9phonique","custom_id":"01GTZZS8651DSJB45T5BQK3H5P","custom_data":"{}","acknowledgement_of_receipt":true,"acknowledgement_of_receipt_scanning":false,"color_printing":true,"duplex_printing":false,"optional_address_sheet":false,"notification_email":"do_not_reply@maileva.com","sender_address_line_1":"tsila Fano","sender_address_line_2":"tsila Fano","sender_address_line_3":null,"sender_address_line_4":"40 avenue de Clichy","sender_address_line_5":"","sender_address_line_6":"77112 Monthyon","sender_country_code":"FR","archiving_duration":3} []
2023-03-08T11:17:55.718063+02:00 |  client ip  | maileva.INFO:  ======================= []
2023-03-08T11:17:55.718124+02:00 |  client ip  | maileva.INFO:  connet to MailevaApi ...  :  []
2023-03-08T11:17:55.718156+02:00 |  client ip  | maileva.INFO:  ... []
2023-03-08T11:17:55.718186+02:00 |  client ip  | maileva.INFO:  ======================= []
2023-03-08T11:17:55.718210+02:00 |  client ip  | maileva.INFO:  user infos :  []
2023-03-08T11:17:55.718236+02:00 |  client ip  | maileva.INFO:  annonymous []
2023-03-08T11:17:57.658990+02:00 |  client ip  | maileva.INFO:  ======================= []
2023-03-08T11:17:57.659197+02:00 |  client ip  | maileva.INFO:  response postSending :  []
2023-03-08T11:17:57.659298+02:00 |  client ip  | maileva.INFO:  {"id":"eb2c14af-acbb-40fd-b9cc-d009c22a33ef","name":"R\u00e9siliation d'un abonnement t\u00e9l\u00e9phonique","status":"DRAFT","acknowledgement_of_receipt":true,"acknowledgement_of_receipt_scanning":false,"creation_date":"2023-03-08T09:17:57.538Z","documents_count":0,"custom_data":"{}","color_printing":true,"duplex_printing":false,"optional_address_sheet":false,"system_address_sheet":true,"notification_email":"do_not_reply@maileva.com","sender_country_code":"FR","archiving_duration":3,"recipients_counts":{"draft":0,"pending":0,"processed":0,"rejected":0,"total":0},"custom_id":"01GTZZS8651DSJB45T5BQK3H5P","sender_address_line_1":"tsila Fano","sender_address_line_2":"tsila Fano","sender_address_line_4":"40 avenue de Clichy","sender_address_line_5":"","sender_address_line_6":"77112 Monthyon"} []
2023-03-08T11:17:57.662724+02:00 |  client ip  | maileva.NOTICE:  ======================= []
2023-03-08T11:17:57.662825+02:00 |  client ip  | maileva.NOTICE:  ======================= []
2023-03-08T11:17:59.892116+02:00 |  client ip  | maileva.INFO:  ======================= []
2023-03-08T11:17:59.892247+02:00 |  client ip  | maileva.INFO:  parameters envoi :  []
2023-03-08T11:17:59.892297+02:00 |  client ip  | maileva.INFO:  {} []
2023-03-08T11:17:59.892361+02:00 |  client ip  | maileva.INFO:  ======================= []
2023-03-08T11:17:59.892402+02:00 |  client ip  | maileva.INFO:  connet to MailevaApi ...  :  []
2023-03-08T11:17:59.892439+02:00 |  client ip  | maileva.INFO:  ... []
2023-03-08T11:17:59.892478+02:00 |  client ip  | maileva.INFO:  ======================= []
2023-03-08T11:17:59.892513+02:00 |  client ip  | maileva.INFO:  user infos :  []
2023-03-08T11:17:59.892550+02:00 |  client ip  | maileva.INFO:  annonymous []
2023-03-08T11:18:00.711675+02:00 |  client ip  | maileva.INFO:  ======================= []
2023-03-08T11:18:00.711872+02:00 |  client ip  | maileva.INFO:  response addDocSending :  []
2023-03-08T11:18:00.711926+02:00 |  client ip  | maileva.INFO:  {"timestamp":1678267080599,"status":404,"error":"Not Found","message":"","path":"\/simple_registered_mail\/v1\/sendingseb2c14af-acbb-40fd-b9cc-d009c22a33ef\/documents"} []
2023-03-08T11:18:00.711965+02:00 |  client ip  | maileva.NOTICE:  ======================= []
2023-03-08T11:18:00.711998+02:00 |  client ip  | maileva.NOTICE:  ======================= []
2023-03-08T11:19:26.893330+02:00 |  client ip  | maileva.INFO:  ======================= []
2023-03-08T11:19:26.893682+02:00 |  client ip  | maileva.INFO:  parameters :  []
2023-03-08T11:19:26.893818+02:00 |  client ip  | maileva.INFO:  {"name":"R\u00e9siliation d'un abonnement t\u00e9l\u00e9phonique","custom_id":"01GTZZS8651DSJB45T5BQK3H5P","custom_data":"{}","acknowledgement_of_receipt":true,"acknowledgement_of_receipt_scanning":false,"color_printing":true,"duplex_printing":false,"optional_address_sheet":false,"notification_email":"do_not_reply@maileva.com","sender_address_line_1":"tsila Fano","sender_address_line_2":"tsila Fano","sender_address_line_3":null,"sender_address_line_4":"40 avenue de Clichy","sender_address_line_5":"","sender_address_line_6":"77112 Monthyon","sender_country_code":"FR","archiving_duration":3} []
2023-03-08T11:19:26.894014+02:00 |  client ip  | maileva.INFO:  ======================= []
2023-03-08T11:19:26.894114+02:00 |  client ip  | maileva.INFO:  connet to MailevaApi ...  :  []
2023-03-08T11:19:26.894196+02:00 |  client ip  | maileva.INFO:  ... []
2023-03-08T11:19:26.894276+02:00 |  client ip  | maileva.INFO:  ======================= []
2023-03-08T11:19:26.894348+02:00 |  client ip  | maileva.INFO:  user infos :  []
2023-03-08T11:19:26.894422+02:00 |  client ip  | maileva.INFO:  annonymous []
2023-03-08T11:19:27.862118+02:00 |  client ip  | maileva.INFO:  ======================= []
2023-03-08T11:19:27.862283+02:00 |  client ip  | maileva.INFO:  response postSending :  []
2023-03-08T11:19:27.862351+02:00 |  client ip  | maileva.INFO:  {"id":"e582bdd1-bc97-4700-9620-66be57ae6a53","name":"R\u00e9siliation d'un abonnement t\u00e9l\u00e9phonique","status":"DRAFT","acknowledgement_of_receipt":true,"acknowledgement_of_receipt_scanning":false,"creation_date":"2023-03-08T09:19:27.743Z","documents_count":0,"custom_data":"{}","color_printing":true,"duplex_printing":false,"optional_address_sheet":false,"system_address_sheet":true,"notification_email":"do_not_reply@maileva.com","sender_country_code":"FR","archiving_duration":3,"recipients_counts":{"draft":0,"pending":0,"processed":0,"rejected":0,"total":0},"custom_id":"01GTZZS8651DSJB45T5BQK3H5P","sender_address_line_1":"tsila Fano","sender_address_line_2":"tsila Fano","sender_address_line_4":"40 avenue de Clichy","sender_address_line_5":"","sender_address_line_6":"77112 Monthyon"} []
2023-03-08T11:19:27.862413+02:00 |  client ip  | maileva.NOTICE:  ======================= []
2023-03-08T11:19:27.862465+02:00 |  client ip  | maileva.NOTICE:  ======================= []
2023-03-08T11:19:29.078656+02:00 |  client ip  | maileva.INFO:  ======================= []
2023-03-08T11:19:29.078906+02:00 |  client ip  | maileva.INFO:  parameters envoi :  []
2023-03-08T11:19:29.079002+02:00 |  client ip  | maileva.INFO:  {} []
2023-03-08T11:19:29.079090+02:00 |  client ip  | maileva.INFO:  ======================= []
2023-03-08T11:19:29.079166+02:00 |  client ip  | maileva.INFO:  connet to MailevaApi ...  :  []
2023-03-08T11:19:29.079258+02:00 |  client ip  | maileva.INFO:  ... []
2023-03-08T11:19:29.079333+02:00 |  client ip  | maileva.INFO:  ======================= []
2023-03-08T11:19:29.079398+02:00 |  client ip  | maileva.INFO:  user infos :  []
2023-03-08T11:19:29.079465+02:00 |  client ip  | maileva.INFO:  annonymous []
2023-03-08T11:19:29.843170+02:00 |  client ip  | maileva.INFO:  ======================= []
2023-03-08T11:19:29.843279+02:00 |  client ip  | maileva.INFO:  response addDocSending :  []
2023-03-08T11:19:29.843321+02:00 |  client ip  | maileva.INFO:  {"timestamp":1678267169709,"status":404,"error":"Not Found","message":"","path":"\/simple_registered_mail\/v1\/sendingse582bdd1-bc97-4700-9620-66be57ae6a53\/documents"} []
2023-03-08T11:19:29.843354+02:00 |  client ip  | maileva.NOTICE:  ======================= []
2023-03-08T11:19:29.843383+02:00 |  client ip  | maileva.NOTICE:  ======================= []
2023-03-08T11:40:51.875940+02:00 |  client ip  | maileva.INFO:  ======================= []
2023-03-08T11:40:51.876211+02:00 |  client ip  | maileva.INFO:  parameters :  []
2023-03-08T11:40:51.876298+02:00 |  client ip  | maileva.INFO:  {"name":"R\u00e9siliation d'un abonnement t\u00e9l\u00e9phonique","custom_id":"01GTZZS8651DSJB45T5BQK3H5P","custom_data":"{}","acknowledgement_of_receipt":true,"acknowledgement_of_receipt_scanning":false,"color_printing":true,"duplex_printing":false,"optional_address_sheet":false,"notification_email":"do_not_reply@maileva.com","sender_address_line_1":"tsila Fano","sender_address_line_2":"tsila Fano","sender_address_line_3":null,"sender_address_line_4":"40 avenue de Clichy","sender_address_line_5":"","sender_address_line_6":"77112 Monthyon","sender_country_code":"FR","archiving_duration":3} []
2023-03-08T11:40:51.876454+02:00 |  client ip  | maileva.INFO:  ======================= []
2023-03-08T11:40:51.876530+02:00 |  client ip  | maileva.INFO:  connet to MailevaApi ...  :  []
2023-03-08T11:40:51.876590+02:00 |  client ip  | maileva.INFO:  ... []
2023-03-08T11:40:51.876651+02:00 |  client ip  | maileva.INFO:  ======================= []
2023-03-08T11:40:51.876710+02:00 |  client ip  | maileva.INFO:  user infos :  []
2023-03-08T11:40:51.876769+02:00 |  client ip  | maileva.INFO:  annonymous []
2023-03-08T11:40:53.497098+02:00 |  client ip  | maileva.INFO:  ======================= []
2023-03-08T11:40:53.497206+02:00 |  client ip  | maileva.INFO:  response postSending :  []
2023-03-08T11:40:53.497260+02:00 |  client ip  | maileva.INFO:  {"id":"66fde50e-46a3-43ca-9866-85620aa53520","name":"R\u00e9siliation d'un abonnement t\u00e9l\u00e9phonique","status":"DRAFT","acknowledgement_of_receipt":true,"acknowledgement_of_receipt_scanning":false,"creation_date":"2023-03-08T09:40:53.313Z","documents_count":0,"custom_data":"{}","color_printing":true,"duplex_printing":false,"optional_address_sheet":false,"system_address_sheet":true,"notification_email":"do_not_reply@maileva.com","sender_country_code":"FR","archiving_duration":3,"recipients_counts":{"draft":0,"pending":0,"processed":0,"rejected":0,"total":0},"custom_id":"01GTZZS8651DSJB45T5BQK3H5P","sender_address_line_1":"tsila Fano","sender_address_line_2":"tsila Fano","sender_address_line_4":"40 avenue de Clichy","sender_address_line_5":"","sender_address_line_6":"77112 Monthyon"} []
2023-03-08T11:40:53.497324+02:00 |  client ip  | maileva.NOTICE:  ======================= []
2023-03-08T11:40:53.497364+02:00 |  client ip  | maileva.NOTICE:  ======================= []
2023-03-08T11:40:54.793393+02:00 |  client ip  | maileva.INFO:  ======================= []
2023-03-08T11:40:54.793494+02:00 |  client ip  | maileva.INFO:  parameters envoi :  []
2023-03-08T11:40:54.793546+02:00 |  client ip  | maileva.INFO:  {} []
2023-03-08T11:40:54.793594+02:00 |  client ip  | maileva.INFO:  ======================= []
2023-03-08T11:40:54.793647+02:00 |  client ip  | maileva.INFO:  connet to MailevaApi ...  :  []
2023-03-08T11:40:54.793684+02:00 |  client ip  | maileva.INFO:  ... []
2023-03-08T11:40:54.793720+02:00 |  client ip  | maileva.INFO:  ======================= []
2023-03-08T11:40:54.793785+02:00 |  client ip  | maileva.INFO:  user infos :  []
2023-03-08T11:40:54.793811+02:00 |  client ip  | maileva.INFO:  annonymous []
2023-03-08T11:40:56.140990+02:00 |  client ip  | maileva.INFO:  ======================= []
2023-03-08T11:40:56.141270+02:00 |  client ip  | maileva.INFO:  response addDocSending :  []
2023-03-08T11:40:56.141381+02:00 |  client ip  | maileva.INFO:  null []
2023-03-08T11:40:56.141443+02:00 |  client ip  | maileva.NOTICE:  ======================= []
2023-03-08T11:40:56.141500+02:00 |  client ip  | maileva.NOTICE:  ======================= []
2023-03-08T11:41:47.138312+02:00 |  client ip  | maileva.INFO:  ======================= []
2023-03-08T11:41:47.138599+02:00 |  client ip  | maileva.INFO:  parameters :  []
2023-03-08T11:41:47.138694+02:00 |  client ip  | maileva.INFO:  {"name":"R\u00e9siliation d'un abonnement t\u00e9l\u00e9phonique","custom_id":"01GTZZS8651DSJB45T5BQK3H5P","custom_data":"{}","acknowledgement_of_receipt":true,"acknowledgement_of_receipt_scanning":false,"color_printing":true,"duplex_printing":false,"optional_address_sheet":false,"notification_email":"do_not_reply@maileva.com","sender_address_line_1":"tsila Fano","sender_address_line_2":"tsila Fano","sender_address_line_3":null,"sender_address_line_4":"40 avenue de Clichy","sender_address_line_5":"","sender_address_line_6":"77112 Monthyon","sender_country_code":"FR","archiving_duration":3} []
2023-03-08T11:41:47.138838+02:00 |  client ip  | maileva.INFO:  ======================= []
2023-03-08T11:41:47.138916+02:00 |  client ip  | maileva.INFO:  connet to MailevaApi ...  :  []
2023-03-08T11:41:47.138982+02:00 |  client ip  | maileva.INFO:  ... []
2023-03-08T11:41:47.139042+02:00 |  client ip  | maileva.INFO:  ======================= []
2023-03-08T11:41:47.139098+02:00 |  client ip  | maileva.INFO:  user infos :  []
2023-03-08T11:41:47.139155+02:00 |  client ip  | maileva.INFO:  annonymous []
2023-03-08T11:41:48.094656+02:00 |  client ip  | maileva.INFO:  ======================= []
2023-03-08T11:41:48.094843+02:00 |  client ip  | maileva.INFO:  response postSending :  []
2023-03-08T11:41:48.094934+02:00 |  client ip  | maileva.INFO:  {"id":"bdcbb047-9ec2-467d-a299-ab9bf6242ad0","name":"R\u00e9siliation d'un abonnement t\u00e9l\u00e9phonique","status":"DRAFT","acknowledgement_of_receipt":true,"acknowledgement_of_receipt_scanning":false,"creation_date":"2023-03-08T09:41:47.909Z","documents_count":0,"custom_data":"{}","color_printing":true,"duplex_printing":false,"optional_address_sheet":false,"system_address_sheet":true,"notification_email":"do_not_reply@maileva.com","sender_country_code":"FR","archiving_duration":3,"recipients_counts":{"draft":0,"pending":0,"processed":0,"rejected":0,"total":0},"custom_id":"01GTZZS8651DSJB45T5BQK3H5P","sender_address_line_1":"tsila Fano","sender_address_line_2":"tsila Fano","sender_address_line_4":"40 avenue de Clichy","sender_address_line_5":"","sender_address_line_6":"77112 Monthyon"} []
2023-03-08T11:41:48.095017+02:00 |  client ip  | maileva.NOTICE:  ======================= []
2023-03-08T11:41:48.095086+02:00 |  client ip  | maileva.NOTICE:  ======================= []
2023-03-08T11:41:49.161406+02:00 |  client ip  | maileva.INFO:  ======================= []
2023-03-08T11:41:49.161515+02:00 |  client ip  | maileva.INFO:  parameters envoi :  []
2023-03-08T11:41:49.161572+02:00 |  client ip  | maileva.INFO:  {} []
2023-03-08T11:41:49.161634+02:00 |  client ip  | maileva.INFO:  ======================= []
2023-03-08T11:41:49.161677+02:00 |  client ip  | maileva.INFO:  connet to MailevaApi ...  :  []
2023-03-08T11:41:49.161703+02:00 |  client ip  | maileva.INFO:  ... []
2023-03-08T11:41:49.161728+02:00 |  client ip  | maileva.INFO:  ======================= []
2023-03-08T11:41:49.161779+02:00 |  client ip  | maileva.INFO:  user infos :  []
2023-03-08T11:41:49.161803+02:00 |  client ip  | maileva.INFO:  annonymous []
2023-03-08T11:41:50.091915+02:00 |  client ip  | maileva.INFO:  ======================= []
2023-03-08T11:41:50.092169+02:00 |  client ip  | maileva.INFO:  response addDocSending :  []
2023-03-08T11:41:50.092311+02:00 |  client ip  | maileva.INFO:  null []
2023-03-08T11:41:50.092407+02:00 |  client ip  | maileva.NOTICE:  ======================= []
2023-03-08T11:41:50.092492+02:00 |  client ip  | maileva.NOTICE:  ======================= []
2023-03-08T11:42:48.987500+02:00 |  client ip  | maileva.INFO:  ======================= []
2023-03-08T11:42:48.987793+02:00 |  client ip  | maileva.INFO:  parameters :  []
2023-03-08T11:42:48.987890+02:00 |  client ip  | maileva.INFO:  {"name":"R\u00e9siliation d'un abonnement t\u00e9l\u00e9phonique","custom_id":"01GTZZS8651DSJB45T5BQK3H5P","custom_data":"{}","acknowledgement_of_receipt":true,"acknowledgement_of_receipt_scanning":false,"color_printing":true,"duplex_printing":false,"optional_address_sheet":false,"notification_email":"do_not_reply@maileva.com","sender_address_line_1":"tsila Fano","sender_address_line_2":"tsila Fano","sender_address_line_3":null,"sender_address_line_4":"40 avenue de Clichy","sender_address_line_5":"","sender_address_line_6":"77112 Monthyon","sender_country_code":"FR","archiving_duration":3} []
2023-03-08T11:42:48.988046+02:00 |  client ip  | maileva.INFO:  ======================= []
2023-03-08T11:42:48.988133+02:00 |  client ip  | maileva.INFO:  connet to MailevaApi ...  :  []
2023-03-08T11:42:48.988202+02:00 |  client ip  | maileva.INFO:  ... []
2023-03-08T11:42:48.988271+02:00 |  client ip  | maileva.INFO:  ======================= []
2023-03-08T11:42:48.988334+02:00 |  client ip  | maileva.INFO:  user infos :  []
2023-03-08T11:42:48.988401+02:00 |  client ip  | maileva.INFO:  annonymous []
2023-03-08T11:42:50.475975+02:00 |  client ip  | maileva.INFO:  ======================= []
2023-03-08T11:42:50.476150+02:00 |  client ip  | maileva.INFO:  response postSending :  []
2023-03-08T11:42:50.476236+02:00 |  client ip  | maileva.INFO:  {"id":"e72a5f78-1767-4216-9b49-dd45892a71a9","name":"R\u00e9siliation d'un abonnement t\u00e9l\u00e9phonique","status":"DRAFT","acknowledgement_of_receipt":true,"acknowledgement_of_receipt_scanning":false,"creation_date":"2023-03-08T09:42:50.281Z","documents_count":0,"custom_data":"{}","color_printing":true,"duplex_printing":false,"optional_address_sheet":false,"system_address_sheet":true,"notification_email":"do_not_reply@maileva.com","sender_country_code":"FR","archiving_duration":3,"recipients_counts":{"draft":0,"pending":0,"processed":0,"rejected":0,"total":0},"custom_id":"01GTZZS8651DSJB45T5BQK3H5P","sender_address_line_1":"tsila Fano","sender_address_line_2":"tsila Fano","sender_address_line_4":"40 avenue de Clichy","sender_address_line_5":"","sender_address_line_6":"77112 Monthyon"} []
2023-03-08T11:42:50.476319+02:00 |  client ip  | maileva.NOTICE:  ======================= []
2023-03-08T11:42:50.476390+02:00 |  client ip  | maileva.NOTICE:  ======================= []
2023-03-08T11:42:51.624309+02:00 |  client ip  | maileva.INFO:  ======================= []
2023-03-08T11:42:51.624535+02:00 |  client ip  | maileva.INFO:  parameters envoi :  []
2023-03-08T11:42:51.624638+02:00 |  client ip  | maileva.INFO:  {} []
2023-03-08T11:42:51.624734+02:00 |  client ip  | maileva.INFO:  ======================= []
2023-03-08T11:42:51.624815+02:00 |  client ip  | maileva.INFO:  connet to MailevaApi ...  :  []
2023-03-08T11:42:51.624911+02:00 |  client ip  | maileva.INFO:  ... []
2023-03-08T11:42:51.624994+02:00 |  client ip  | maileva.INFO:  ======================= []
2023-03-08T11:42:51.625068+02:00 |  client ip  | maileva.INFO:  user infos :  []
2023-03-08T11:42:51.625143+02:00 |  client ip  | maileva.INFO:  annonymous []
2023-03-08T11:42:52.622830+02:00 |  client ip  | maileva.INFO:  ======================= []
2023-03-08T11:42:52.623038+02:00 |  client ip  | maileva.INFO:  response addDocSending :  []
2023-03-08T11:42:52.623132+02:00 |  client ip  | maileva.INFO:  {"timestamp":1678268572427,"status":404,"error":"Not Found","message":"","path":"\/simple_registered_mail\/v1\/sendingse72a5f78-1767-4216-9b49-dd45892a71a9\/documents"} []
2023-03-08T11:42:52.623216+02:00 |  client ip  | maileva.NOTICE:  ======================= []
2023-03-08T11:42:52.623309+02:00 |  client ip  | maileva.NOTICE:  ======================= []
2023-03-08T12:20:18.463293+02:00 |  client ip  | maileva.INFO:  ======================= []
2023-03-08T12:20:18.463526+02:00 |  client ip  | maileva.INFO:  parameters :  []
2023-03-08T12:20:18.463598+02:00 |  client ip  | maileva.INFO:  {"name":"R\u00e9siliation d'un abonnement t\u00e9l\u00e9phonique","custom_id":"01GTZZS8651DSJB45T5BQK3H5P","custom_data":"{}","acknowledgement_of_receipt":true,"acknowledgement_of_receipt_scanning":false,"color_printing":true,"duplex_printing":false,"optional_address_sheet":false,"notification_email":"do_not_reply@maileva.com","sender_address_line_1":"tsila Fano","sender_address_line_2":"tsila Fano","sender_address_line_3":null,"sender_address_line_4":"40 avenue de Clichy","sender_address_line_5":"","sender_address_line_6":"77112 Monthyon","sender_country_code":"FR","archiving_duration":3} []
2023-03-08T12:20:18.463721+02:00 |  client ip  | maileva.INFO:  ======================= []
2023-03-08T12:20:18.463784+02:00 |  client ip  | maileva.INFO:  connet to MailevaApi ...  :  []
2023-03-08T12:20:18.463835+02:00 |  client ip  | maileva.INFO:  ... []
2023-03-08T12:20:18.463885+02:00 |  client ip  | maileva.INFO:  ======================= []
2023-03-08T12:20:18.463932+02:00 |  client ip  | maileva.INFO:  user infos :  []
2023-03-08T12:20:18.463979+02:00 |  client ip  | maileva.INFO:  annonymous []
2023-03-08T12:20:19.664386+02:00 |  client ip  | maileva.INFO:  ======================= []
2023-03-08T12:20:19.664549+02:00 |  client ip  | maileva.INFO:  response postSending :  []
2023-03-08T12:20:19.664613+02:00 |  client ip  | maileva.INFO:  {"id":"6b31c7a2-4de1-482a-b36d-e7411354b0af","name":"R\u00e9siliation d'un abonnement t\u00e9l\u00e9phonique","status":"DRAFT","acknowledgement_of_receipt":true,"acknowledgement_of_receipt_scanning":false,"creation_date":"2023-03-08T10:20:19.524Z","documents_count":0,"custom_data":"{}","color_printing":true,"duplex_printing":false,"optional_address_sheet":false,"system_address_sheet":true,"notification_email":"do_not_reply@maileva.com","sender_country_code":"FR","archiving_duration":3,"recipients_counts":{"draft":0,"pending":0,"processed":0,"rejected":0,"total":0},"custom_id":"01GTZZS8651DSJB45T5BQK3H5P","sender_address_line_1":"tsila Fano","sender_address_line_2":"tsila Fano","sender_address_line_4":"40 avenue de Clichy","sender_address_line_5":"","sender_address_line_6":"77112 Monthyon"} []
2023-03-08T12:20:19.664667+02:00 |  client ip  | maileva.NOTICE:  ======================= []
2023-03-08T12:20:19.664710+02:00 |  client ip  | maileva.NOTICE:  ======================= []
2023-03-08T12:20:20.839391+02:00 |  client ip  | maileva.INFO:  ======================= []
2023-03-08T12:20:20.839558+02:00 |  client ip  | maileva.INFO:  parameters envoi :  []
2023-03-08T12:20:20.839633+02:00 |  client ip  | maileva.INFO:  {} []
2023-03-08T12:20:20.839702+02:00 |  client ip  | maileva.INFO:  ======================= []
2023-03-08T12:20:20.839761+02:00 |  client ip  | maileva.INFO:  connet to MailevaApi ...  :  []
2023-03-08T12:20:20.839817+02:00 |  client ip  | maileva.INFO:  ... []
2023-03-08T12:20:20.839872+02:00 |  client ip  | maileva.INFO:  ======================= []
2023-03-08T12:20:20.839924+02:00 |  client ip  | maileva.INFO:  user infos :  []
2023-03-08T12:20:20.839984+02:00 |  client ip  | maileva.INFO:  annonymous []
2023-03-08T12:20:23.099730+02:00 |  client ip  | maileva.INFO:  ======================= []
2023-03-08T12:20:23.099908+02:00 |  client ip  | maileva.INFO:  response addDocSending :  []
2023-03-08T12:20:23.099987+02:00 |  client ip  | maileva.INFO:  {"timestamp":1678270822959,"status":404,"error":"Not Found","message":"","path":"\/simple_registered_mail\/v1\/sendings6b31c7a2-4de1-482a-b36d-e7411354b0af\/documents"} []
2023-03-08T12:20:23.100056+02:00 |  client ip  | maileva.NOTICE:  ======================= []
2023-03-08T12:20:23.100117+02:00 |  client ip  | maileva.NOTICE:  ======================= []
