2023-01-05T22:05:37.412334+01:00 |  client ip  | maileva.INFO:  ======================= []
2023-01-05T22:05:37.413750+01:00 |  client ip  | maileva.INFO:  parameters :  []
2023-01-05T22:05:37.414148+01:00 |  client ip  | maileva.INFO:  {"name":"R\u00e9siliation d'un abonnement t\u00e9l\u00e9phonique","custom_id":"01GP1W14JG14J8CZRTGYC8RG08","custom_data":"{}","acknowledgement_of_receipt":true,"acknowledgement_of_receipt_scanning":false,"color_printing":true,"duplex_printing":false,"optional_address_sheet":false,"notification_email":"do_not_reply@maileva.com","sender_address_line_1":"Lyvan Golande","sender_address_line_2":"Lyvan Golande","sender_address_line_3":null,"sender_address_line_4":"2 Rue Weis","sender_address_line_5":"","sender_address_line_6":"75100 Paris","sender_country_code":"FR","archiving_duration":3} []
2023-01-05T22:05:37.440016+01:00 |  client ip  | maileva.INFO:  ======================= []
2023-01-05T22:05:37.440382+01:00 |  client ip  | maileva.INFO:  connet to MailevaApi ...  :  []
2023-01-05T22:05:37.440628+01:00 |  client ip  | maileva.INFO:  ... []
2023-01-05T22:05:37.440866+01:00 |  client ip  | maileva.INFO:  ======================= []
2023-01-05T22:05:37.441098+01:00 |  client ip  | maileva.INFO:  user infos :  []
2023-01-05T22:05:37.441329+01:00 |  client ip  | maileva.INFO:  annonymous []
2023-01-05T22:05:39.811006+01:00 |  client ip  | maileva.INFO:  ======================= []
2023-01-05T22:05:39.811681+01:00 |  client ip  | maileva.INFO:  response postSending :  []
2023-01-05T22:05:39.812155+01:00 |  client ip  | maileva.INFO:  {"id":"1b2085cd-c0f1-4f76-aa92-56db80f00e8d","name":"R\u00e9siliation d'un abonnement t\u00e9l\u00e9phonique","status":"DRAFT","acknowledgement_of_receipt":true,"acknowledgement_of_receipt_scanning":false,"creation_date":"2023-01-05T21:04:42.125Z","documents_count":0,"custom_data":"{}","color_printing":true,"duplex_printing":false,"optional_address_sheet":false,"system_address_sheet":true,"notification_email":"do_not_reply@maileva.com","sender_country_code":"FR","archiving_duration":3,"recipients_counts":{"draft":0,"pending":0,"processed":0,"rejected":0,"total":0},"custom_id":"01GP1W14JG14J8CZRTGYC8RG08","sender_address_line_1":"Lyvan Golande","sender_address_line_2":"Lyvan Golande","sender_address_line_4":"2 Rue Weis","sender_address_line_5":"","sender_address_line_6":"75100 Paris"} []
2023-01-05T22:05:39.812437+01:00 |  client ip  | maileva.NOTICE:  ======================= []
2023-01-05T22:05:39.812683+01:00 |  client ip  | maileva.NOTICE:  ======================= []
2023-01-05T22:05:42.351485+01:00 |  client ip  | maileva.INFO:  ======================= []
2023-01-05T22:05:42.351885+01:00 |  client ip  | maileva.INFO:  parameters envoi :  []
2023-01-05T22:05:42.352107+01:00 |  client ip  | maileva.INFO:  {} []
2023-01-05T22:05:42.352341+01:00 |  client ip  | maileva.INFO:  ======================= []
2023-01-05T22:05:42.352532+01:00 |  client ip  | maileva.INFO:  connet to MailevaApi ...  :  []
2023-01-05T22:05:42.352720+01:00 |  client ip  | maileva.INFO:  ... []
2023-01-05T22:05:42.353017+01:00 |  client ip  | maileva.INFO:  ======================= []
2023-01-05T22:05:42.353347+01:00 |  client ip  | maileva.INFO:  user infos :  []
2023-01-05T22:05:42.353599+01:00 |  client ip  | maileva.INFO:  annonymous []
2023-01-05T22:05:43.184753+01:00 |  client ip  | maileva.INFO:  ======================= []
2023-01-05T22:05:43.185142+01:00 |  client ip  | maileva.INFO:  response submitSending :  []
2023-01-05T22:05:43.185457+01:00 |  client ip  | maileva.INFO:  null []
2023-01-05T22:05:43.185762+01:00 |  client ip  | maileva.NOTICE:  ======================= []
2023-01-05T22:05:43.186094+01:00 |  client ip  | maileva.NOTICE:  ======================= []
2023-01-05T22:05:46.963660+01:00 |  client ip  | maileva.INFO:  ======================= []
2023-01-05T22:05:46.964329+01:00 |  client ip  | maileva.INFO:  parameters envoi :  []
2023-01-05T22:05:46.964648+01:00 |  client ip  | maileva.INFO:  {} []
2023-01-05T22:05:46.964979+01:00 |  client ip  | maileva.INFO:  ======================= []
2023-01-05T22:05:46.965299+01:00 |  client ip  | maileva.INFO:  connet to MailevaApi ...  :  []
2023-01-05T22:05:46.965647+01:00 |  client ip  | maileva.INFO:  ... []
2023-01-05T22:05:46.965871+01:00 |  client ip  | maileva.INFO:  ======================= []
2023-01-05T22:05:46.966022+01:00 |  client ip  | maileva.INFO:  user infos :  []
2023-01-05T22:05:46.966170+01:00 |  client ip  | maileva.INFO:  annonymous []
2023-01-05T22:05:48.181407+01:00 |  client ip  | maileva.INFO:  ======================= []
2023-01-05T22:05:48.181954+01:00 |  client ip  | maileva.INFO:  response addDocSending :  []
2023-01-05T22:05:48.182442+01:00 |  client ip  | maileva.INFO:  {"id":"5535889c-4a8b-484d-bcb5-97099d030e75","name":"lettre_resiliation.pdf","priority":1,"type":"application\/pdf","size":1235,"converted_size":0,"pages_count":0,"sheets_count":0} []
2023-01-05T22:05:48.182942+01:00 |  client ip  | maileva.NOTICE:  ======================= []
2023-01-05T22:05:48.183478+01:00 |  client ip  | maileva.NOTICE:  ======================= []
2023-01-05T22:36:39.552371+01:00 |  client ip  | maileva.INFO:  ======================= []
2023-01-05T22:36:39.570235+01:00 |  client ip  | maileva.INFO:  parameters :  []
2023-01-05T22:36:39.570551+01:00 |  client ip  | maileva.INFO:  {"name":"R\u00e9siliation d'un abonnement t\u00e9l\u00e9phonique","custom_id":"01GP1XTF3J3E7ZK0V7NJR0FGDQ","custom_data":"{}","acknowledgement_of_receipt":true,"acknowledgement_of_receipt_scanning":false,"color_printing":true,"duplex_printing":false,"optional_address_sheet":false,"notification_email":"do_not_reply@maileva.com","sender_address_line_1":"Gay Rajo","sender_address_line_2":"Gay Rajo","sender_address_line_3":null,"sender_address_line_4":"Test","sender_address_line_5":"","sender_address_line_6":"55555 trtrt","sender_country_code":"FR","archiving_duration":3} []
2023-01-05T22:36:39.571172+01:00 |  client ip  | maileva.INFO:  ======================= []
2023-01-05T22:36:39.571465+01:00 |  client ip  | maileva.INFO:  connet to MailevaApi ...  :  []
2023-01-05T22:36:39.571755+01:00 |  client ip  | maileva.INFO:  ... []
2023-01-05T22:36:39.572018+01:00 |  client ip  | maileva.INFO:  ======================= []
2023-01-05T22:36:39.572274+01:00 |  client ip  | maileva.INFO:  user infos :  []
2023-01-05T22:36:39.572571+01:00 |  client ip  | maileva.INFO:  annonymous []
2023-01-05T22:36:41.870543+01:00 |  client ip  | maileva.INFO:  ======================= []
2023-01-05T22:36:41.871163+01:00 |  client ip  | maileva.INFO:  response postSending :  []
2023-01-05T22:36:41.871697+01:00 |  client ip  | maileva.INFO:  {"id":"76934be9-1045-4581-b15c-d4f00263fee9","name":"R\u00e9siliation d'un abonnement t\u00e9l\u00e9phonique","status":"DRAFT","acknowledgement_of_receipt":true,"acknowledgement_of_receipt_scanning":false,"creation_date":"2023-01-05T21:35:44.233Z","documents_count":0,"custom_data":"{}","color_printing":true,"duplex_printing":false,"optional_address_sheet":false,"system_address_sheet":true,"notification_email":"do_not_reply@maileva.com","sender_country_code":"FR","archiving_duration":3,"recipients_counts":{"draft":0,"pending":0,"processed":0,"rejected":0,"total":0},"custom_id":"01GP1XTF3J3E7ZK0V7NJR0FGDQ","sender_address_line_1":"Gay Rajo","sender_address_line_2":"Gay Rajo","sender_address_line_4":"Test","sender_address_line_5":"","sender_address_line_6":"55555 trtrt"} []
2023-01-05T22:36:41.872234+01:00 |  client ip  | maileva.NOTICE:  ======================= []
2023-01-05T22:36:41.872747+01:00 |  client ip  | maileva.NOTICE:  ======================= []
2023-01-05T22:36:43.286398+01:00 |  client ip  | maileva.INFO:  ======================= []
2023-01-05T22:36:43.287003+01:00 |  client ip  | maileva.INFO:  parameters envoi :  []
2023-01-05T22:36:43.287463+01:00 |  client ip  | maileva.INFO:  {} []
2023-01-05T22:36:43.287850+01:00 |  client ip  | maileva.INFO:  ======================= []
2023-01-05T22:36:43.288248+01:00 |  client ip  | maileva.INFO:  connet to MailevaApi ...  :  []
2023-01-05T22:36:43.288507+01:00 |  client ip  | maileva.INFO:  ... []
2023-01-05T22:36:43.288763+01:00 |  client ip  | maileva.INFO:  ======================= []
2023-01-05T22:36:43.289096+01:00 |  client ip  | maileva.INFO:  user infos :  []
2023-01-05T22:36:43.289351+01:00 |  client ip  | maileva.INFO:  annonymous []
2023-01-05T22:36:44.075793+01:00 |  client ip  | maileva.INFO:  ======================= []
2023-01-05T22:36:44.089629+01:00 |  client ip  | maileva.INFO:  response submitSending :  []
2023-01-05T22:36:44.089871+01:00 |  client ip  | maileva.INFO:  null []
2023-01-05T22:36:44.090067+01:00 |  client ip  | maileva.NOTICE:  ======================= []
2023-01-05T22:36:44.090254+01:00 |  client ip  | maileva.NOTICE:  ======================= []
2023-01-05T22:36:49.212735+01:00 |  client ip  | maileva.INFO:  ======================= []
2023-01-05T22:36:49.213280+01:00 |  client ip  | maileva.INFO:  parameters envoi :  []
2023-01-05T22:36:49.213704+01:00 |  client ip  | maileva.INFO:  {} []
2023-01-05T22:36:49.214004+01:00 |  client ip  | maileva.INFO:  ======================= []
2023-01-05T22:36:49.214425+01:00 |  client ip  | maileva.INFO:  connet to MailevaApi ...  :  []
2023-01-05T22:36:49.214764+01:00 |  client ip  | maileva.INFO:  ... []
2023-01-05T22:36:49.215191+01:00 |  client ip  | maileva.INFO:  ======================= []
2023-01-05T22:36:49.215663+01:00 |  client ip  | maileva.INFO:  user infos :  []
2023-01-05T22:36:49.216195+01:00 |  client ip  | maileva.INFO:  annonymous []
2023-01-05T22:36:50.374386+01:00 |  client ip  | maileva.INFO:  ======================= []
2023-01-05T22:36:50.374708+01:00 |  client ip  | maileva.INFO:  response addDocSending :  []
2023-01-05T22:36:50.374921+01:00 |  client ip  | maileva.INFO:  {"id":"949580f5-a8e3-49c8-9857-f0c4b3bf477c","name":"lettre_resiliation.pdf","priority":1,"type":"application\/pdf","size":1235,"converted_size":0,"pages_count":0,"sheets_count":0} []
2023-01-05T22:36:50.375220+01:00 |  client ip  | maileva.NOTICE:  ======================= []
2023-01-05T22:36:50.375503+01:00 |  client ip  | maileva.NOTICE:  ======================= []
2023-01-05T22:50:23.753705+01:00 |  client ip  | maileva.INFO:  ======================= []
2023-01-05T22:50:23.754925+01:00 |  client ip  | maileva.INFO:  parameters :  []
2023-01-05T22:50:23.755898+01:00 |  client ip  | maileva.INFO:  {"name":"R\u00e9siliation d'un abonnement t\u00e9l\u00e9phonique","custom_id":"01GP1YKP4D3E21HH47MPQVK1P5","custom_data":"{}","acknowledgement_of_receipt":true,"acknowledgement_of_receipt_scanning":false,"color_printing":true,"duplex_printing":false,"optional_address_sheet":false,"notification_email":"do_not_reply@maileva.com","sender_address_line_1":"trete tert","sender_address_line_2":"trete tert","sender_address_line_3":null,"sender_address_line_4":"tertert","sender_address_line_5":"","sender_address_line_6":"77777 gfgdfg","sender_country_code":"FR","archiving_duration":3} []
2023-01-05T22:50:23.756672+01:00 |  client ip  | maileva.INFO:  ======================= []
2023-01-05T22:50:23.757221+01:00 |  client ip  | maileva.INFO:  connet to MailevaApi ...  :  []
2023-01-05T22:50:23.757745+01:00 |  client ip  | maileva.INFO:  ... []
2023-01-05T22:50:23.758265+01:00 |  client ip  | maileva.INFO:  ======================= []
2023-01-05T22:50:23.758791+01:00 |  client ip  | maileva.INFO:  user infos :  []
2023-01-05T22:50:23.759337+01:00 |  client ip  | maileva.INFO:  annonymous []
2023-01-05T22:50:24.802729+01:00 |  client ip  | maileva.INFO:  ======================= []
2023-01-05T22:50:24.803366+01:00 |  client ip  | maileva.INFO:  response postSending :  []
2023-01-05T22:50:24.803824+01:00 |  client ip  | maileva.INFO:  {"id":"cc6733f5-4804-4639-9902-81b9dd8526ce","name":"R\u00e9siliation d'un abonnement t\u00e9l\u00e9phonique","status":"DRAFT","acknowledgement_of_receipt":true,"acknowledgement_of_receipt_scanning":false,"creation_date":"2023-01-05T21:49:27.180Z","documents_count":0,"custom_data":"{}","color_printing":true,"duplex_printing":false,"optional_address_sheet":false,"system_address_sheet":true,"notification_email":"do_not_reply@maileva.com","sender_country_code":"FR","archiving_duration":3,"recipients_counts":{"draft":0,"pending":0,"processed":0,"rejected":0,"total":0},"custom_id":"01GP1YKP4D3E21HH47MPQVK1P5","sender_address_line_1":"trete tert","sender_address_line_2":"trete tert","sender_address_line_4":"tertert","sender_address_line_5":"","sender_address_line_6":"77777 gfgdfg"} []
2023-01-05T22:50:24.804281+01:00 |  client ip  | maileva.NOTICE:  ======================= []
2023-01-05T22:50:24.804797+01:00 |  client ip  | maileva.NOTICE:  ======================= []
2023-01-05T22:50:26.596488+01:00 |  client ip  | maileva.INFO:  ======================= []
2023-01-05T22:50:26.596858+01:00 |  client ip  | maileva.INFO:  parameters envoi :  []
2023-01-05T22:50:26.597108+01:00 |  client ip  | maileva.INFO:  {} []
2023-01-05T22:50:26.597567+01:00 |  client ip  | maileva.INFO:  ======================= []
2023-01-05T22:50:26.597965+01:00 |  client ip  | maileva.INFO:  connet to MailevaApi ...  :  []
2023-01-05T22:50:26.598249+01:00 |  client ip  | maileva.INFO:  ... []
2023-01-05T22:50:26.598579+01:00 |  client ip  | maileva.INFO:  ======================= []
2023-01-05T22:50:26.598861+01:00 |  client ip  | maileva.INFO:  user infos :  []
2023-01-05T22:50:26.599186+01:00 |  client ip  | maileva.INFO:  annonymous []
2023-01-05T22:50:27.367160+01:00 |  client ip  | maileva.INFO:  ======================= []
2023-01-05T22:50:27.367817+01:00 |  client ip  | maileva.INFO:  response submitSending :  []
2023-01-05T22:50:27.368219+01:00 |  client ip  | maileva.INFO:  null []
2023-01-05T22:50:27.368668+01:00 |  client ip  | maileva.NOTICE:  ======================= []
2023-01-05T22:50:27.369826+01:00 |  client ip  | maileva.NOTICE:  ======================= []
2023-01-05T22:50:29.142051+01:00 |  client ip  | maileva.INFO:  ======================= []
2023-01-05T22:50:29.142409+01:00 |  client ip  | maileva.INFO:  parameters envoi :  []
2023-01-05T22:50:29.142676+01:00 |  client ip  | maileva.INFO:  {} []
2023-01-05T22:50:29.142939+01:00 |  client ip  | maileva.INFO:  ======================= []
2023-01-05T22:50:29.143191+01:00 |  client ip  | maileva.INFO:  connet to MailevaApi ...  :  []
2023-01-05T22:50:29.143445+01:00 |  client ip  | maileva.INFO:  ... []
2023-01-05T22:50:29.143719+01:00 |  client ip  | maileva.INFO:  ======================= []
2023-01-05T22:50:29.144149+01:00 |  client ip  | maileva.INFO:  user infos :  []
2023-01-05T22:50:29.144377+01:00 |  client ip  | maileva.INFO:  annonymous []
2023-01-05T22:50:30.289104+01:00 |  client ip  | maileva.INFO:  ======================= []
2023-01-05T22:50:30.289436+01:00 |  client ip  | maileva.INFO:  response addDocSending :  []
2023-01-05T22:50:30.289648+01:00 |  client ip  | maileva.INFO:  {"id":"1802be89-b33a-4d9d-bf59-bd3d067bd722","name":"lettre_resiliation.pdf","priority":1,"type":"application\/pdf","size":1235,"converted_size":0,"pages_count":0,"sheets_count":0} []
2023-01-05T22:50:30.289855+01:00 |  client ip  | maileva.NOTICE:  ======================= []
2023-01-05T22:50:30.290107+01:00 |  client ip  | maileva.NOTICE:  ======================= []
2023-01-05T23:06:44.340255+01:00 |  client ip  | maileva.INFO:  ======================= []
2023-01-05T23:06:44.375130+01:00 |  client ip  | maileva.INFO:  parameters :  []
2023-01-05T23:06:44.375652+01:00 |  client ip  | maileva.INFO:  {"name":"R\u00e9siliation d'un abonnement t\u00e9l\u00e9phonique","custom_id":"01GP1ZHFH5R20T7820FV3M9TPE","custom_data":"{}","acknowledgement_of_receipt":true,"acknowledgement_of_receipt_scanning":false,"color_printing":true,"duplex_printing":false,"optional_address_sheet":false,"notification_email":"do_not_reply@maileva.com","sender_address_line_1":"Rakoto Nirina","sender_address_line_2":"Rakoto Nirina","sender_address_line_3":null,"sender_address_line_4":"2 Impasse Langalade","sender_address_line_5":"","sender_address_line_6":"31000 Toulouse","sender_country_code":"FR","archiving_duration":3} []
2023-01-05T23:06:44.376778+01:00 |  client ip  | maileva.INFO:  ======================= []
2023-01-05T23:06:44.377194+01:00 |  client ip  | maileva.INFO:  connet to MailevaApi ...  :  []
2023-01-05T23:06:44.377516+01:00 |  client ip  | maileva.INFO:  ... []
2023-01-05T23:06:44.377872+01:00 |  client ip  | maileva.INFO:  ======================= []
2023-01-05T23:06:44.378157+01:00 |  client ip  | maileva.INFO:  user infos :  []
2023-01-05T23:06:44.378502+01:00 |  client ip  | maileva.INFO:  annonymous []
2023-01-05T23:06:45.643381+01:00 |  client ip  | maileva.INFO:  ======================= []
2023-01-05T23:06:45.643967+01:00 |  client ip  | maileva.INFO:  response postSending :  []
2023-01-05T23:06:45.644546+01:00 |  client ip  | maileva.INFO:  {"id":"adab459b-f40c-47a9-b107-be9c287be1cf","name":"R\u00e9siliation d'un abonnement t\u00e9l\u00e9phonique","status":"DRAFT","acknowledgement_of_receipt":true,"acknowledgement_of_receipt_scanning":false,"creation_date":"2023-01-05T22:05:48.058Z","documents_count":0,"custom_data":"{}","color_printing":true,"duplex_printing":false,"optional_address_sheet":false,"system_address_sheet":true,"notification_email":"do_not_reply@maileva.com","sender_country_code":"FR","archiving_duration":3,"recipients_counts":{"draft":0,"pending":0,"processed":0,"rejected":0,"total":0},"custom_id":"01GP1ZHFH5R20T7820FV3M9TPE","sender_address_line_1":"Rakoto Nirina","sender_address_line_2":"Rakoto Nirina","sender_address_line_4":"2 Impasse Langalade","sender_address_line_5":"","sender_address_line_6":"31000 Toulouse"} []
2023-01-05T23:06:45.645111+01:00 |  client ip  | maileva.NOTICE:  ======================= []
2023-01-05T23:06:45.645613+01:00 |  client ip  | maileva.NOTICE:  ======================= []
2023-01-05T23:06:47.141323+01:00 |  client ip  | maileva.INFO:  ======================= []
2023-01-05T23:06:47.141645+01:00 |  client ip  | maileva.INFO:  parameters envoi :  []
2023-01-05T23:06:47.141849+01:00 |  client ip  | maileva.INFO:  {} []
2023-01-05T23:06:47.142108+01:00 |  client ip  | maileva.INFO:  ======================= []
2023-01-05T23:06:47.142329+01:00 |  client ip  | maileva.INFO:  connet to MailevaApi ...  :  []
2023-01-05T23:06:47.142521+01:00 |  client ip  | maileva.INFO:  ... []
2023-01-05T23:06:47.142736+01:00 |  client ip  | maileva.INFO:  ======================= []
2023-01-05T23:06:47.143239+01:00 |  client ip  | maileva.INFO:  user infos :  []
2023-01-05T23:06:47.143506+01:00 |  client ip  | maileva.INFO:  annonymous []
2023-01-05T23:06:47.922999+01:00 |  client ip  | maileva.INFO:  ======================= []
2023-01-05T23:06:47.923537+01:00 |  client ip  | maileva.INFO:  response submitSending :  []
2023-01-05T23:06:47.923805+01:00 |  client ip  | maileva.INFO:  null []
2023-01-05T23:06:47.924061+01:00 |  client ip  | maileva.NOTICE:  ======================= []
2023-01-05T23:06:47.924337+01:00 |  client ip  | maileva.NOTICE:  ======================= []
2023-01-05T23:06:52.492620+01:00 |  client ip  | maileva.INFO:  ======================= []
2023-01-05T23:06:52.493092+01:00 |  client ip  | maileva.INFO:  parameters envoi :  []
2023-01-05T23:06:52.493327+01:00 |  client ip  | maileva.INFO:  {} []
2023-01-05T23:06:52.493520+01:00 |  client ip  | maileva.INFO:  ======================= []
2023-01-05T23:06:52.493681+01:00 |  client ip  | maileva.INFO:  connet to MailevaApi ...  :  []
2023-01-05T23:06:52.493857+01:00 |  client ip  | maileva.INFO:  ... []
2023-01-05T23:06:52.494016+01:00 |  client ip  | maileva.INFO:  ======================= []
2023-01-05T23:06:52.494229+01:00 |  client ip  | maileva.INFO:  user infos :  []
2023-01-05T23:06:52.494426+01:00 |  client ip  | maileva.INFO:  annonymous []
2023-01-05T23:06:53.621490+01:00 |  client ip  | maileva.INFO:  ======================= []
2023-01-05T23:06:53.621909+01:00 |  client ip  | maileva.INFO:  response addDocSending :  []
2023-01-05T23:06:53.622287+01:00 |  client ip  | maileva.INFO:  {"id":"a8cc7388-9b8c-49a2-ade6-452c75e6f7d7","name":"lettre_resiliation.pdf","priority":1,"type":"application\/pdf","size":1235,"converted_size":0,"pages_count":0,"sheets_count":0} []
2023-01-05T23:06:53.622688+01:00 |  client ip  | maileva.NOTICE:  ======================= []
2023-01-05T23:06:53.623062+01:00 |  client ip  | maileva.NOTICE:  ======================= []
