2023-01-06T06:09:35.655693+01:00 |  client ip  | maileva.INFO:  ======================= []
2023-01-06T06:09:35.724694+01:00 |  client ip  | maileva.INFO:  parameters :  []
2023-01-06T06:09:35.725254+01:00 |  client ip  | maileva.INFO:  {"name":"R\u00e9siliation d'un abonnement t\u00e9l\u00e9phonique","custom_id":"01GP2QQ3XQHGC0T1ZR9TFSBB42","custom_data":"{}","acknowledgement_of_receipt":true,"acknowledgement_of_receipt_scanning":false,"color_printing":true,"duplex_printing":false,"optional_address_sheet":false,"notification_email":"do_not_reply@maileva.com","sender_address_line_1":"Test Test","sender_address_line_2":"Test Test","sender_address_line_3":null,"sender_address_line_4":"Test","sender_address_line_5":"","sender_address_line_6":"11111 Test","sender_country_code":"FR","archiving_duration":3} []
2023-01-06T06:09:35.727142+01:00 |  client ip  | maileva.INFO:  ======================= []
2023-01-06T06:09:35.727634+01:00 |  client ip  | maileva.INFO:  connet to MailevaApi ...  :  []
2023-01-06T06:09:35.727974+01:00 |  client ip  | maileva.INFO:  ... []
2023-01-06T06:09:35.728316+01:00 |  client ip  | maileva.INFO:  ======================= []
2023-01-06T06:09:35.728662+01:00 |  client ip  | maileva.INFO:  user infos :  []
2023-01-06T06:09:35.729027+01:00 |  client ip  | maileva.INFO:  annonymous []
2023-01-06T06:09:38.131998+01:00 |  client ip  | maileva.INFO:  ======================= []
2023-01-06T06:09:38.132343+01:00 |  client ip  | maileva.INFO:  response postSending :  []
2023-01-06T06:09:38.132568+01:00 |  client ip  | maileva.INFO:  {"id":"cbcef7e2-4312-4e6c-9195-2538c12405fa","name":"R\u00e9siliation d'un abonnement t\u00e9l\u00e9phonique","status":"DRAFT","acknowledgement_of_receipt":true,"acknowledgement_of_receipt_scanning":false,"creation_date":"2023-01-06T05:08:40.295Z","documents_count":0,"custom_data":"{}","color_printing":true,"duplex_printing":false,"optional_address_sheet":false,"system_address_sheet":true,"notification_email":"do_not_reply@maileva.com","sender_country_code":"FR","archiving_duration":3,"recipients_counts":{"draft":0,"pending":0,"processed":0,"rejected":0,"total":0},"custom_id":"01GP2QQ3XQHGC0T1ZR9TFSBB42","sender_address_line_1":"Test Test","sender_address_line_2":"Test Test","sender_address_line_4":"Test","sender_address_line_5":"","sender_address_line_6":"11111 Test"} []
2023-01-06T06:09:38.132793+01:00 |  client ip  | maileva.NOTICE:  ======================= []
2023-01-06T06:09:38.133103+01:00 |  client ip  | maileva.NOTICE:  ======================= []
2023-01-06T06:09:43.194534+01:00 |  client ip  | maileva.INFO:  ======================= []
2023-01-06T06:09:43.195088+01:00 |  client ip  | maileva.INFO:  parameters envoi :  []
2023-01-06T06:09:43.195598+01:00 |  client ip  | maileva.INFO:  {} []
2023-01-06T06:09:43.196156+01:00 |  client ip  | maileva.INFO:  ======================= []
2023-01-06T06:09:43.196658+01:00 |  client ip  | maileva.INFO:  connet to MailevaApi ...  :  []
2023-01-06T06:09:43.197133+01:00 |  client ip  | maileva.INFO:  ... []
2023-01-06T06:09:43.197394+01:00 |  client ip  | maileva.INFO:  ======================= []
2023-01-06T06:09:43.197666+01:00 |  client ip  | maileva.INFO:  user infos :  []
2023-01-06T06:09:43.197944+01:00 |  client ip  | maileva.INFO:  annonymous []
2023-01-06T06:09:43.973186+01:00 |  client ip  | maileva.INFO:  ======================= []
2023-01-06T06:09:43.973715+01:00 |  client ip  | maileva.INFO:  response submitSending :  []
2023-01-06T06:09:43.974134+01:00 |  client ip  | maileva.INFO:  null []
2023-01-06T06:09:43.974491+01:00 |  client ip  | maileva.NOTICE:  ======================= []
2023-01-06T06:09:43.974770+01:00 |  client ip  | maileva.NOTICE:  ======================= []
2023-01-06T06:10:01.022158+01:00 |  client ip  | maileva.INFO:  ======================= []
2023-01-06T06:10:01.022718+01:00 |  client ip  | maileva.INFO:  parameters envoi :  []
2023-01-06T06:10:01.023148+01:00 |  client ip  | maileva.INFO:  {} []
2023-01-06T06:10:01.023574+01:00 |  client ip  | maileva.INFO:  ======================= []
2023-01-06T06:10:01.023843+01:00 |  client ip  | maileva.INFO:  connet to MailevaApi ...  :  []
2023-01-06T06:10:01.024329+01:00 |  client ip  | maileva.INFO:  ... []
2023-01-06T06:10:01.024780+01:00 |  client ip  | maileva.INFO:  ======================= []
2023-01-06T06:10:01.025274+01:00 |  client ip  | maileva.INFO:  user infos :  []
2023-01-06T06:10:01.025683+01:00 |  client ip  | maileva.INFO:  annonymous []
2023-01-06T06:10:02.314404+01:00 |  client ip  | maileva.INFO:  ======================= []
2023-01-06T06:10:02.314703+01:00 |  client ip  | maileva.INFO:  response addDocSending :  []
2023-01-06T06:10:02.314902+01:00 |  client ip  | maileva.INFO:  {"id":"57436c0a-21fd-4c97-90c4-36b3e1d11990","name":"lettre_resiliation.pdf","priority":1,"type":"application\/pdf","size":1235,"converted_size":0,"pages_count":0,"sheets_count":0} []
2023-01-06T06:10:02.315145+01:00 |  client ip  | maileva.NOTICE:  ======================= []
2023-01-06T06:10:02.315371+01:00 |  client ip  | maileva.NOTICE:  ======================= []
2023-01-06T06:14:24.625651+01:00 |  client ip  | maileva.INFO:  ======================= []
2023-01-06T06:14:24.672624+01:00 |  client ip  | maileva.INFO:  parameters :  []
2023-01-06T06:14:24.673147+01:00 |  client ip  | maileva.INFO:  {"name":"R\u00e9siliation d'un abonnement t\u00e9l\u00e9phonique","custom_id":"01GP2R0HA7G81AMWQXGXPJDWK2","custom_data":"{}","acknowledgement_of_receipt":true,"acknowledgement_of_receipt_scanning":false,"color_printing":true,"duplex_printing":false,"optional_address_sheet":false,"notification_email":"do_not_reply@maileva.com","sender_address_line_1":"Rochel Nirina","sender_address_line_2":"Rochel Nirina","sender_address_line_3":null,"sender_address_line_4":"2 Rue Dupont","sender_address_line_5":"","sender_address_line_6":"75100 Paris","sender_country_code":"FR","archiving_duration":3} []
2023-01-06T06:14:24.674780+01:00 |  client ip  | maileva.INFO:  ======================= []
2023-01-06T06:14:24.675150+01:00 |  client ip  | maileva.INFO:  connet to MailevaApi ...  :  []
2023-01-06T06:14:24.675512+01:00 |  client ip  | maileva.INFO:  ... []
2023-01-06T06:14:24.675797+01:00 |  client ip  | maileva.INFO:  ======================= []
2023-01-06T06:14:24.676147+01:00 |  client ip  | maileva.INFO:  user infos :  []
2023-01-06T06:14:24.676517+01:00 |  client ip  | maileva.INFO:  annonymous []
2023-01-06T06:14:28.974882+01:00 |  client ip  | maileva.INFO:  ======================= []
2023-01-06T06:14:28.975346+01:00 |  client ip  | maileva.INFO:  response postSending :  []
2023-01-06T06:14:28.975724+01:00 |  client ip  | maileva.INFO:  {"id":"7c7e7ad0-9640-4681-8850-7b3262c1e835","name":"R\u00e9siliation d'un abonnement t\u00e9l\u00e9phonique","status":"DRAFT","acknowledgement_of_receipt":true,"acknowledgement_of_receipt_scanning":false,"creation_date":"2023-01-06T05:13:31.157Z","documents_count":0,"custom_data":"{}","color_printing":true,"duplex_printing":false,"optional_address_sheet":false,"system_address_sheet":true,"notification_email":"do_not_reply@maileva.com","sender_country_code":"FR","archiving_duration":3,"recipients_counts":{"draft":0,"pending":0,"processed":0,"rejected":0,"total":0},"custom_id":"01GP2R0HA7G81AMWQXGXPJDWK2","sender_address_line_1":"Rochel Nirina","sender_address_line_2":"Rochel Nirina","sender_address_line_4":"2 Rue Dupont","sender_address_line_5":"","sender_address_line_6":"75100 Paris"} []
2023-01-06T06:14:28.976045+01:00 |  client ip  | maileva.NOTICE:  ======================= []
2023-01-06T06:14:28.976323+01:00 |  client ip  | maileva.NOTICE:  ======================= []
2023-01-06T06:14:30.650623+01:00 |  client ip  | maileva.INFO:  ======================= []
2023-01-06T06:14:30.651277+01:00 |  client ip  | maileva.INFO:  parameters envoi :  []
2023-01-06T06:14:30.651791+01:00 |  client ip  | maileva.INFO:  {} []
2023-01-06T06:14:30.652536+01:00 |  client ip  | maileva.INFO:  ======================= []
2023-01-06T06:14:30.653087+01:00 |  client ip  | maileva.INFO:  connet to MailevaApi ...  :  []
2023-01-06T06:14:30.653598+01:00 |  client ip  | maileva.INFO:  ... []
2023-01-06T06:14:30.654131+01:00 |  client ip  | maileva.INFO:  ======================= []
2023-01-06T06:14:30.654572+01:00 |  client ip  | maileva.INFO:  user infos :  []
2023-01-06T06:14:30.655010+01:00 |  client ip  | maileva.INFO:  annonymous []
2023-01-06T06:14:31.472599+01:00 |  client ip  | maileva.INFO:  ======================= []
2023-01-06T06:14:31.473187+01:00 |  client ip  | maileva.INFO:  response submitSending :  []
2023-01-06T06:14:31.473704+01:00 |  client ip  | maileva.INFO:  null []
2023-01-06T06:14:31.474223+01:00 |  client ip  | maileva.NOTICE:  ======================= []
2023-01-06T06:14:31.474720+01:00 |  client ip  | maileva.NOTICE:  ======================= []
2023-01-06T06:14:40.537878+01:00 |  client ip  | maileva.INFO:  ======================= []
2023-01-06T06:14:40.538418+01:00 |  client ip  | maileva.INFO:  parameters envoi :  []
2023-01-06T06:14:40.538883+01:00 |  client ip  | maileva.INFO:  {} []
2023-01-06T06:14:40.539396+01:00 |  client ip  | maileva.INFO:  ======================= []
2023-01-06T06:14:40.539857+01:00 |  client ip  | maileva.INFO:  connet to MailevaApi ...  :  []
2023-01-06T06:14:40.540313+01:00 |  client ip  | maileva.INFO:  ... []
2023-01-06T06:14:40.540789+01:00 |  client ip  | maileva.INFO:  ======================= []
2023-01-06T06:14:40.541459+01:00 |  client ip  | maileva.INFO:  user infos :  []
2023-01-06T06:14:40.541958+01:00 |  client ip  | maileva.INFO:  annonymous []
2023-01-06T06:14:41.664093+01:00 |  client ip  | maileva.INFO:  ======================= []
2023-01-06T06:14:41.664456+01:00 |  client ip  | maileva.INFO:  response addDocSending :  []
2023-01-06T06:14:41.664770+01:00 |  client ip  | maileva.INFO:  {"id":"5b064604-60db-4736-b23c-391d7253d338","name":"lettre_resiliation.pdf","priority":1,"type":"application\/pdf","size":1235,"converted_size":0,"pages_count":0,"sheets_count":0} []
2023-01-06T06:14:41.665128+01:00 |  client ip  | maileva.NOTICE:  ======================= []
2023-01-06T06:14:41.665464+01:00 |  client ip  | maileva.NOTICE:  ======================= []
2023-01-06T06:25:58.548757+01:00 |  client ip  | maileva.INFO:  ======================= []
2023-01-06T06:25:58.581220+01:00 |  client ip  | maileva.INFO:  parameters :  []
2023-01-06T06:25:58.581689+01:00 |  client ip  | maileva.INFO:  {"name":"R\u00e9siliation d'un abonnement t\u00e9l\u00e9phonique","custom_id":"01GP2QQ3XQHGC0T1ZR9TFSBB42","custom_data":"{}","acknowledgement_of_receipt":true,"acknowledgement_of_receipt_scanning":false,"color_printing":true,"duplex_printing":false,"optional_address_sheet":false,"notification_email":"do_not_reply@maileva.com","sender_address_line_1":"Test Test","sender_address_line_2":"Test Test","sender_address_line_3":null,"sender_address_line_4":"Test","sender_address_line_5":"","sender_address_line_6":"11111 Test","sender_country_code":"FR","archiving_duration":3} []
2023-01-06T06:25:58.583283+01:00 |  client ip  | maileva.INFO:  ======================= []
2023-01-06T06:25:58.583605+01:00 |  client ip  | maileva.INFO:  connet to MailevaApi ...  :  []
2023-01-06T06:25:58.583920+01:00 |  client ip  | maileva.INFO:  ... []
2023-01-06T06:25:58.584265+01:00 |  client ip  | maileva.INFO:  ======================= []
2023-01-06T06:25:58.584653+01:00 |  client ip  | maileva.INFO:  user infos :  []
2023-01-06T06:25:58.584858+01:00 |  client ip  | maileva.INFO:  annonymous []
2023-01-06T06:26:00.895617+01:00 |  client ip  | maileva.INFO:  ======================= []
2023-01-06T06:26:00.896262+01:00 |  client ip  | maileva.INFO:  response postSending :  []
2023-01-06T06:26:00.896574+01:00 |  client ip  | maileva.INFO:  {"id":"d1fb65ba-5bb2-44db-a465-ec4ce589e764","name":"R\u00e9siliation d'un abonnement t\u00e9l\u00e9phonique","status":"DRAFT","acknowledgement_of_receipt":true,"acknowledgement_of_receipt_scanning":false,"creation_date":"2023-01-06T05:25:03.091Z","documents_count":0,"custom_data":"{}","color_printing":true,"duplex_printing":false,"optional_address_sheet":false,"system_address_sheet":true,"notification_email":"do_not_reply@maileva.com","sender_country_code":"FR","archiving_duration":3,"recipients_counts":{"draft":0,"pending":0,"processed":0,"rejected":0,"total":0},"custom_id":"01GP2QQ3XQHGC0T1ZR9TFSBB42","sender_address_line_1":"Test Test","sender_address_line_2":"Test Test","sender_address_line_4":"Test","sender_address_line_5":"","sender_address_line_6":"11111 Test"} []
2023-01-06T06:26:00.896962+01:00 |  client ip  | maileva.NOTICE:  ======================= []
2023-01-06T06:26:00.897282+01:00 |  client ip  | maileva.NOTICE:  ======================= []
2023-01-06T06:26:02.771111+01:00 |  client ip  | maileva.INFO:  ======================= []
2023-01-06T06:26:02.771338+01:00 |  client ip  | maileva.INFO:  parameters envoi :  []
2023-01-06T06:26:02.771506+01:00 |  client ip  | maileva.INFO:  {} []
2023-01-06T06:26:02.771672+01:00 |  client ip  | maileva.INFO:  ======================= []
2023-01-06T06:26:02.771805+01:00 |  client ip  | maileva.INFO:  connet to MailevaApi ...  :  []
2023-01-06T06:26:02.771928+01:00 |  client ip  | maileva.INFO:  ... []
2023-01-06T06:26:02.772043+01:00 |  client ip  | maileva.INFO:  ======================= []
2023-01-06T06:26:02.772164+01:00 |  client ip  | maileva.INFO:  user infos :  []
2023-01-06T06:26:02.772301+01:00 |  client ip  | maileva.INFO:  annonymous []
2023-01-06T06:26:03.561971+01:00 |  client ip  | maileva.INFO:  ======================= []
2023-01-06T06:26:03.562561+01:00 |  client ip  | maileva.INFO:  response submitSending :  []
2023-01-06T06:26:03.563027+01:00 |  client ip  | maileva.INFO:  null []
2023-01-06T06:26:03.563328+01:00 |  client ip  | maileva.NOTICE:  ======================= []
2023-01-06T06:26:03.563518+01:00 |  client ip  | maileva.NOTICE:  ======================= []
2023-01-06T06:26:05.125239+01:00 |  client ip  | maileva.INFO:  ======================= []
2023-01-06T06:26:05.125888+01:00 |  client ip  | maileva.INFO:  parameters envoi :  []
2023-01-06T06:26:05.126164+01:00 |  client ip  | maileva.INFO:  {} []
2023-01-06T06:26:05.126393+01:00 |  client ip  | maileva.INFO:  ======================= []
2023-01-06T06:26:05.126619+01:00 |  client ip  | maileva.INFO:  connet to MailevaApi ...  :  []
2023-01-06T06:26:05.126988+01:00 |  client ip  | maileva.INFO:  ... []
2023-01-06T06:26:05.127222+01:00 |  client ip  | maileva.INFO:  ======================= []
2023-01-06T06:26:05.127453+01:00 |  client ip  | maileva.INFO:  user infos :  []
2023-01-06T06:26:05.127672+01:00 |  client ip  | maileva.INFO:  annonymous []
2023-01-06T06:26:06.293484+01:00 |  client ip  | maileva.INFO:  ======================= []
2023-01-06T06:26:06.293953+01:00 |  client ip  | maileva.INFO:  response addDocSending :  []
2023-01-06T06:26:06.294348+01:00 |  client ip  | maileva.INFO:  {"id":"930f16c4-ff28-4af0-b686-78b8893eadb1","name":"lettre_resiliation.pdf","priority":1,"type":"application\/pdf","size":1235,"converted_size":0,"pages_count":0,"sheets_count":0} []
2023-01-06T06:26:06.294722+01:00 |  client ip  | maileva.NOTICE:  ======================= []
2023-01-06T06:26:06.295002+01:00 |  client ip  | maileva.NOTICE:  ======================= []
2023-01-06T06:27:13.332925+01:00 |  client ip  | maileva.INFO:  ======================= []
2023-01-06T06:27:13.333733+01:00 |  client ip  | maileva.INFO:  parameters :  []
2023-01-06T06:27:13.334141+01:00 |  client ip  | maileva.INFO:  {"name":"R\u00e9siliation d'un abonnement t\u00e9l\u00e9phonique","custom_id":"01GP1ZHFH5R20T7820FV3M9TPE","custom_data":"{}","acknowledgement_of_receipt":true,"acknowledgement_of_receipt_scanning":false,"color_printing":true,"duplex_printing":false,"optional_address_sheet":false,"notification_email":"do_not_reply@maileva.com","sender_address_line_1":"Rakoto Nirina","sender_address_line_2":"Rakoto Nirina","sender_address_line_3":null,"sender_address_line_4":"2 Impasse Langalade","sender_address_line_5":"","sender_address_line_6":"31000 Toulouse","sender_country_code":"FR","archiving_duration":3} []
2023-01-06T06:27:13.335288+01:00 |  client ip  | maileva.INFO:  ======================= []
2023-01-06T06:27:13.335600+01:00 |  client ip  | maileva.INFO:  connet to MailevaApi ...  :  []
2023-01-06T06:27:13.335925+01:00 |  client ip  | maileva.INFO:  ... []
2023-01-06T06:27:13.336209+01:00 |  client ip  | maileva.INFO:  ======================= []
2023-01-06T06:27:13.336485+01:00 |  client ip  | maileva.INFO:  user infos :  []
2023-01-06T06:27:13.336761+01:00 |  client ip  | maileva.INFO:  annonymous []
2023-01-06T06:27:14.104775+01:00 |  client ip  | maileva.INFO:  ======================= []
2023-01-06T06:27:14.105279+01:00 |  client ip  | maileva.INFO:  response postSending :  []
2023-01-06T06:27:14.105568+01:00 |  client ip  | maileva.INFO:  {"id":"edf5cb8b-0c33-4c90-aa76-0241b5ee35f0","name":"R\u00e9siliation d'un abonnement t\u00e9l\u00e9phonique","status":"DRAFT","acknowledgement_of_receipt":true,"acknowledgement_of_receipt_scanning":false,"creation_date":"2023-01-06T05:26:16.309Z","documents_count":0,"custom_data":"{}","color_printing":true,"duplex_printing":false,"optional_address_sheet":false,"system_address_sheet":true,"notification_email":"do_not_reply@maileva.com","sender_country_code":"FR","archiving_duration":3,"recipients_counts":{"draft":0,"pending":0,"processed":0,"rejected":0,"total":0},"custom_id":"01GP1ZHFH5R20T7820FV3M9TPE","sender_address_line_1":"Rakoto Nirina","sender_address_line_2":"Rakoto Nirina","sender_address_line_4":"2 Impasse Langalade","sender_address_line_5":"","sender_address_line_6":"31000 Toulouse"} []
2023-01-06T06:27:14.105898+01:00 |  client ip  | maileva.NOTICE:  ======================= []
2023-01-06T06:27:14.106209+01:00 |  client ip  | maileva.NOTICE:  ======================= []
2023-01-06T06:27:15.730288+01:00 |  client ip  | maileva.INFO:  ======================= []
2023-01-06T06:27:15.730767+01:00 |  client ip  | maileva.INFO:  parameters envoi :  []
2023-01-06T06:27:15.731147+01:00 |  client ip  | maileva.INFO:  {} []
2023-01-06T06:27:15.731523+01:00 |  client ip  | maileva.INFO:  ======================= []
2023-01-06T06:27:15.731805+01:00 |  client ip  | maileva.INFO:  connet to MailevaApi ...  :  []
2023-01-06T06:27:15.732109+01:00 |  client ip  | maileva.INFO:  ... []
2023-01-06T06:27:15.732385+01:00 |  client ip  | maileva.INFO:  ======================= []
2023-01-06T06:27:15.732794+01:00 |  client ip  | maileva.INFO:  user infos :  []
2023-01-06T06:27:15.733122+01:00 |  client ip  | maileva.INFO:  annonymous []
2023-01-06T06:27:16.490491+01:00 |  client ip  | maileva.INFO:  ======================= []
2023-01-06T06:27:16.490934+01:00 |  client ip  | maileva.INFO:  response submitSending :  []
2023-01-06T06:27:16.491309+01:00 |  client ip  | maileva.INFO:  null []
2023-01-06T06:27:16.491811+01:00 |  client ip  | maileva.NOTICE:  ======================= []
2023-01-06T06:27:16.492104+01:00 |  client ip  | maileva.NOTICE:  ======================= []
2023-01-06T06:27:17.935135+01:00 |  client ip  | maileva.INFO:  ======================= []
2023-01-06T06:27:17.935500+01:00 |  client ip  | maileva.INFO:  parameters envoi :  []
2023-01-06T06:27:17.935814+01:00 |  client ip  | maileva.INFO:  {} []
2023-01-06T06:27:17.936101+01:00 |  client ip  | maileva.INFO:  ======================= []
2023-01-06T06:27:17.936342+01:00 |  client ip  | maileva.INFO:  connet to MailevaApi ...  :  []
2023-01-06T06:27:17.936610+01:00 |  client ip  | maileva.INFO:  ... []
2023-01-06T06:27:17.936874+01:00 |  client ip  | maileva.INFO:  ======================= []
2023-01-06T06:27:17.937167+01:00 |  client ip  | maileva.INFO:  user infos :  []
2023-01-06T06:27:17.937411+01:00 |  client ip  | maileva.INFO:  annonymous []
2023-01-06T06:27:19.086089+01:00 |  client ip  | maileva.INFO:  ======================= []
2023-01-06T06:27:19.086618+01:00 |  client ip  | maileva.INFO:  response addDocSending :  []
2023-01-06T06:27:19.087119+01:00 |  client ip  | maileva.INFO:  {"id":"ca227b92-91dd-40a8-b3d0-8b6e4bf4952b","name":"lettre_resiliation.pdf","priority":1,"type":"application\/pdf","size":1235,"converted_size":0,"pages_count":0,"sheets_count":0} []
2023-01-06T06:27:19.087420+01:00 |  client ip  | maileva.NOTICE:  ======================= []
2023-01-06T06:27:19.087817+01:00 |  client ip  | maileva.NOTICE:  ======================= []
2023-01-06T06:28:45.293194+01:00 |  client ip  | maileva.INFO:  ======================= []
2023-01-06T06:28:45.293791+01:00 |  client ip  | maileva.INFO:  parameters :  []
2023-01-06T06:28:45.294244+01:00 |  client ip  | maileva.INFO:  {"name":"R\u00e9siliation d'un abonnement t\u00e9l\u00e9phonique","custom_id":"01GP2RTWDN4XN95SC1F8A991ZQ","custom_data":"{}","acknowledgement_of_receipt":true,"acknowledgement_of_receipt_scanning":false,"color_printing":true,"duplex_printing":false,"optional_address_sheet":false,"notification_email":"do_not_reply@maileva.com","sender_address_line_1":"Rova Nirina","sender_address_line_2":"Rova Nirina","sender_address_line_3":null,"sender_address_line_4":"2 Imp Camille","sender_address_line_5":"","sender_address_line_6":"75400 Paris","sender_country_code":"FR","archiving_duration":3} []
2023-01-06T06:28:45.295374+01:00 |  client ip  | maileva.INFO:  ======================= []
2023-01-06T06:28:45.295701+01:00 |  client ip  | maileva.INFO:  connet to MailevaApi ...  :  []
2023-01-06T06:28:45.296089+01:00 |  client ip  | maileva.INFO:  ... []
2023-01-06T06:28:45.296417+01:00 |  client ip  | maileva.INFO:  ======================= []
2023-01-06T06:28:45.296727+01:00 |  client ip  | maileva.INFO:  user infos :  []
2023-01-06T06:28:45.297150+01:00 |  client ip  | maileva.INFO:  annonymous []
2023-01-06T06:28:46.345838+01:00 |  client ip  | maileva.INFO:  ======================= []
2023-01-06T06:28:46.346489+01:00 |  client ip  | maileva.INFO:  response postSending :  []
2023-01-06T06:28:46.347012+01:00 |  client ip  | maileva.INFO:  {"id":"7992a3bf-ef36-47c7-b991-f018fd38a1e1","name":"R\u00e9siliation d'un abonnement t\u00e9l\u00e9phonique","status":"DRAFT","acknowledgement_of_receipt":true,"acknowledgement_of_receipt_scanning":false,"creation_date":"2023-01-06T05:27:48.544Z","documents_count":0,"custom_data":"{}","color_printing":true,"duplex_printing":false,"optional_address_sheet":false,"system_address_sheet":true,"notification_email":"do_not_reply@maileva.com","sender_country_code":"FR","archiving_duration":3,"recipients_counts":{"draft":0,"pending":0,"processed":0,"rejected":0,"total":0},"custom_id":"01GP2RTWDN4XN95SC1F8A991ZQ","sender_address_line_1":"Rova Nirina","sender_address_line_2":"Rova Nirina","sender_address_line_4":"2 Imp Camille","sender_address_line_5":"","sender_address_line_6":"75400 Paris"} []
2023-01-06T06:28:46.347547+01:00 |  client ip  | maileva.NOTICE:  ======================= []
2023-01-06T06:28:46.348053+01:00 |  client ip  | maileva.NOTICE:  ======================= []
2023-01-06T06:28:47.859872+01:00 |  client ip  | maileva.INFO:  ======================= []
2023-01-06T06:28:47.860330+01:00 |  client ip  | maileva.INFO:  parameters envoi :  []
2023-01-06T06:28:47.860707+01:00 |  client ip  | maileva.INFO:  {} []
2023-01-06T06:28:47.861177+01:00 |  client ip  | maileva.INFO:  ======================= []
2023-01-06T06:28:47.861676+01:00 |  client ip  | maileva.INFO:  connet to MailevaApi ...  :  []
2023-01-06T06:28:47.862085+01:00 |  client ip  | maileva.INFO:  ... []
2023-01-06T06:28:47.862368+01:00 |  client ip  | maileva.INFO:  ======================= []
2023-01-06T06:28:47.862640+01:00 |  client ip  | maileva.INFO:  user infos :  []
2023-01-06T06:28:47.862909+01:00 |  client ip  | maileva.INFO:  annonymous []
2023-01-06T06:28:48.632931+01:00 |  client ip  | maileva.INFO:  ======================= []
2023-01-06T06:28:48.633404+01:00 |  client ip  | maileva.INFO:  response submitSending :  []
2023-01-06T06:28:48.633726+01:00 |  client ip  | maileva.INFO:  null []
2023-01-06T06:28:48.634028+01:00 |  client ip  | maileva.NOTICE:  ======================= []
2023-01-06T06:28:48.634287+01:00 |  client ip  | maileva.NOTICE:  ======================= []
2023-01-06T06:28:53.108489+01:00 |  client ip  | maileva.INFO:  ======================= []
2023-01-06T06:28:53.109250+01:00 |  client ip  | maileva.INFO:  parameters envoi :  []
2023-01-06T06:28:53.109945+01:00 |  client ip  | maileva.INFO:  {} []
2023-01-06T06:28:53.110544+01:00 |  client ip  | maileva.INFO:  ======================= []
2023-01-06T06:28:53.111130+01:00 |  client ip  | maileva.INFO:  connet to MailevaApi ...  :  []
2023-01-06T06:28:53.111861+01:00 |  client ip  | maileva.INFO:  ... []
2023-01-06T06:28:53.112278+01:00 |  client ip  | maileva.INFO:  ======================= []
2023-01-06T06:28:53.112665+01:00 |  client ip  | maileva.INFO:  user infos :  []
2023-01-06T06:28:53.113101+01:00 |  client ip  | maileva.INFO:  annonymous []
2023-01-06T06:28:54.252783+01:00 |  client ip  | maileva.INFO:  ======================= []
2023-01-06T06:28:54.253543+01:00 |  client ip  | maileva.INFO:  response addDocSending :  []
2023-01-06T06:28:54.253846+01:00 |  client ip  | maileva.INFO:  {"id":"98aab641-ebc7-48b5-ad4d-d821f8080b7b","name":"lettre_resiliation.pdf","priority":1,"type":"application\/pdf","size":1235,"converted_size":0,"pages_count":0,"sheets_count":0} []
2023-01-06T06:28:54.254263+01:00 |  client ip  | maileva.NOTICE:  ======================= []
2023-01-06T06:28:54.254580+01:00 |  client ip  | maileva.NOTICE:  ======================= []
2023-01-06T07:08:02.845093+01:00 |  client ip  | maileva.INFO:  ======================= []
2023-01-06T07:08:02.863758+01:00 |  client ip  | maileva.INFO:  parameters :  []
2023-01-06T07:08:02.864099+01:00 |  client ip  | maileva.INFO:  {"name":"R\u00e9siliation d'un abonnement t\u00e9l\u00e9phonique","custom_id":"01GP2V2RKWFMCTV0X9QCEXVPDG","custom_data":"{}","acknowledgement_of_receipt":true,"acknowledgement_of_receipt_scanning":false,"color_printing":true,"duplex_printing":false,"optional_address_sheet":false,"notification_email":"do_not_reply@maileva.com","sender_address_line_1":"Mez Fano","sender_address_line_2":"Mez Fano","sender_address_line_3":null,"sender_address_line_4":"15 Rue Pinson","sender_address_line_5":"","sender_address_line_6":"75100 Paris","sender_country_code":"FR","archiving_duration":3} []
2023-01-06T07:08:02.865147+01:00 |  client ip  | maileva.INFO:  ======================= []
2023-01-06T07:08:02.865503+01:00 |  client ip  | maileva.INFO:  connet to MailevaApi ...  :  []
2023-01-06T07:08:02.865838+01:00 |  client ip  | maileva.INFO:  ... []
2023-01-06T07:08:02.866290+01:00 |  client ip  | maileva.INFO:  ======================= []
2023-01-06T07:08:02.866722+01:00 |  client ip  | maileva.INFO:  user infos :  []
2023-01-06T07:08:02.867507+01:00 |  client ip  | maileva.INFO:  annonymous []
2023-01-06T07:08:05.204810+01:00 |  client ip  | maileva.INFO:  ======================= []
2023-01-06T07:08:05.205459+01:00 |  client ip  | maileva.INFO:  response postSending :  []
2023-01-06T07:08:05.205964+01:00 |  client ip  | maileva.INFO:  {"id":"87ae9ea5-a275-4321-a39b-34463761565f","name":"R\u00e9siliation d'un abonnement t\u00e9l\u00e9phonique","status":"DRAFT","acknowledgement_of_receipt":true,"acknowledgement_of_receipt_scanning":false,"creation_date":"2023-01-06T06:07:07.457Z","documents_count":0,"custom_data":"{}","color_printing":true,"duplex_printing":false,"optional_address_sheet":false,"system_address_sheet":true,"notification_email":"do_not_reply@maileva.com","sender_country_code":"FR","archiving_duration":3,"recipients_counts":{"draft":0,"pending":0,"processed":0,"rejected":0,"total":0},"custom_id":"01GP2V2RKWFMCTV0X9QCEXVPDG","sender_address_line_1":"Mez Fano","sender_address_line_2":"Mez Fano","sender_address_line_4":"15 Rue Pinson","sender_address_line_5":"","sender_address_line_6":"75100 Paris"} []
2023-01-06T07:08:05.206475+01:00 |  client ip  | maileva.NOTICE:  ======================= []
2023-01-06T07:08:05.207025+01:00 |  client ip  | maileva.NOTICE:  ======================= []
2023-01-06T07:08:06.653243+01:00 |  client ip  | maileva.INFO:  ======================= []
2023-01-06T07:08:06.653793+01:00 |  client ip  | maileva.INFO:  parameters envoi :  []
2023-01-06T07:08:06.654296+01:00 |  client ip  | maileva.INFO:  {} []
2023-01-06T07:08:06.654812+01:00 |  client ip  | maileva.INFO:  ======================= []
2023-01-06T07:08:06.655274+01:00 |  client ip  | maileva.INFO:  connet to MailevaApi ...  :  []
2023-01-06T07:08:06.655923+01:00 |  client ip  | maileva.INFO:  ... []
2023-01-06T07:08:06.656444+01:00 |  client ip  | maileva.INFO:  ======================= []
2023-01-06T07:08:06.657978+01:00 |  client ip  | maileva.INFO:  user infos :  []
2023-01-06T07:08:06.658303+01:00 |  client ip  | maileva.INFO:  annonymous []
2023-01-06T07:08:07.448338+01:00 |  client ip  | maileva.INFO:  ======================= []
2023-01-06T07:08:07.448794+01:00 |  client ip  | maileva.INFO:  response submitSending :  []
2023-01-06T07:08:07.449178+01:00 |  client ip  | maileva.INFO:  null []
2023-01-06T07:08:07.449512+01:00 |  client ip  | maileva.NOTICE:  ======================= []
2023-01-06T07:08:07.449781+01:00 |  client ip  | maileva.NOTICE:  ======================= []
2023-01-06T07:08:13.955631+01:00 |  client ip  | maileva.INFO:  ======================= []
2023-01-06T07:08:13.956150+01:00 |  client ip  | maileva.INFO:  parameters envoi :  []
2023-01-06T07:08:13.956547+01:00 |  client ip  | maileva.INFO:  {} []
2023-01-06T07:08:13.956922+01:00 |  client ip  | maileva.INFO:  ======================= []
2023-01-06T07:08:13.957272+01:00 |  client ip  | maileva.INFO:  connet to MailevaApi ...  :  []
2023-01-06T07:08:13.957621+01:00 |  client ip  | maileva.INFO:  ... []
2023-01-06T07:08:13.957899+01:00 |  client ip  | maileva.INFO:  ======================= []
2023-01-06T07:08:13.958166+01:00 |  client ip  | maileva.INFO:  user infos :  []
2023-01-06T07:08:13.958434+01:00 |  client ip  | maileva.INFO:  annonymous []
2023-01-06T07:08:15.089903+01:00 |  client ip  | maileva.INFO:  ======================= []
2023-01-06T07:08:15.090236+01:00 |  client ip  | maileva.INFO:  response addDocSending :  []
2023-01-06T07:08:15.090433+01:00 |  client ip  | maileva.INFO:  {"id":"7b5aa4d3-878a-41a6-bf1f-1606c28b2a65","name":"lettre_resiliation.pdf","priority":1,"type":"application\/pdf","size":1235,"converted_size":0,"pages_count":0,"sheets_count":0} []
2023-01-06T07:08:15.090628+01:00 |  client ip  | maileva.NOTICE:  ======================= []
2023-01-06T07:08:15.090817+01:00 |  client ip  | maileva.NOTICE:  ======================= []
