2023-03-15T09:15:19.372634+02:00 |  client ip  | maileva.INFO:  ======================= []
2023-03-15T09:15:19.372917+02:00 |  client ip  | maileva.INFO:  parameters :  []
2023-03-15T09:15:19.372970+02:00 |  client ip  | maileva.INFO:  {"name":"R\u00e9siliation d'un abonnement t\u00e9l\u00e9phonique","custom_id":"01GVJ1YZ5HN300BRJKT06EVZVE","custom_data":"{}","acknowledgement_of_receipt":true,"acknowledgement_of_receipt_scanning":false,"color_printing":true,"duplex_printing":false,"optional_address_sheet":false,"notification_email":"do_not_reply@maileva.com","sender_address_line_1":"tsilavina andrianaivonirina Fano","sender_address_line_2":"tsilavina andrianaivonirina Fano","sender_address_line_3":null,"sender_address_line_4":"10 avenue Charles de Gaulle","sender_address_line_5":"","sender_address_line_6":"94673 paris 18","sender_country_code":"FR","archiving_duration":3} []
2023-03-15T09:15:19.373400+02:00 |  client ip  | maileva.INFO:  ======================= []
2023-03-15T09:15:19.373452+02:00 |  client ip  | maileva.INFO:  connet to MailevaApi ...  :  []
2023-03-15T09:15:19.373484+02:00 |  client ip  | maileva.INFO:  ... []
2023-03-15T09:15:19.373514+02:00 |  client ip  | maileva.INFO:  ======================= []
2023-03-15T09:15:19.373541+02:00 |  client ip  | maileva.INFO:  user infos :  []
2023-03-15T09:15:19.373569+02:00 |  client ip  | maileva.INFO:  annonymous []
2023-03-15T09:15:21.011730+02:00 |  client ip  | maileva.INFO:  ======================= []
2023-03-15T09:15:21.011879+02:00 |  client ip  | maileva.INFO:  response postSending :  []
2023-03-15T09:15:21.011917+02:00 |  client ip  | maileva.INFO:  {"id":"80730c2c-57ba-4489-b920-5d23c584a833","name":"R\u00e9siliation d'un abonnement t\u00e9l\u00e9phonique","status":"DRAFT","acknowledgement_of_receipt":true,"acknowledgement_of_receipt_scanning":false,"creation_date":"2023-03-15T07:15:20.885Z","documents_count":0,"custom_data":"{}","color_printing":true,"duplex_printing":false,"optional_address_sheet":false,"system_address_sheet":true,"notification_email":"do_not_reply@maileva.com","sender_country_code":"FR","archiving_duration":3,"recipients_counts":{"draft":0,"pending":0,"processed":0,"rejected":0,"total":0},"custom_id":"01GVJ1YZ5HN300BRJKT06EVZVE","sender_address_line_1":"tsilavina andrianaivonirina Fano","sender_address_line_2":"tsilavina andrianaivonirina Fano","sender_address_line_4":"10 avenue Charles de Gaulle","sender_address_line_5":"","sender_address_line_6":"94673 paris 18"} []
2023-03-15T09:15:21.011954+02:00 |  client ip  | maileva.NOTICE:  ======================= []
2023-03-15T09:15:21.011984+02:00 |  client ip  | maileva.NOTICE:  ======================= []
2023-03-15T09:15:25.241945+02:00 |  client ip  | maileva.INFO:  ======================= []
2023-03-15T09:15:25.242056+02:00 |  client ip  | maileva.INFO:  parameters envoi :  []
2023-03-15T09:15:25.242099+02:00 |  client ip  | maileva.INFO:  {} []
2023-03-15T09:15:25.242142+02:00 |  client ip  | maileva.INFO:  ======================= []
2023-03-15T09:15:25.242193+02:00 |  client ip  | maileva.INFO:  connet to MailevaApi ...  :  []
2023-03-15T09:15:25.242237+02:00 |  client ip  | maileva.INFO:  ... []
2023-03-15T09:15:25.242272+02:00 |  client ip  | maileva.INFO:  ======================= []
2023-03-15T09:15:25.242315+02:00 |  client ip  | maileva.INFO:  user infos :  []
2023-03-15T09:15:25.242358+02:00 |  client ip  | maileva.INFO:  annonymous []
2023-03-15T09:15:26.459279+02:00 |  client ip  | maileva.INFO:  ======================= []
2023-03-15T09:15:26.459506+02:00 |  client ip  | maileva.INFO:  response addDocSending :  []
2023-03-15T09:15:26.459595+02:00 |  client ip  | maileva.INFO:  {"id":"f95c1bc5-83c7-41ff-89de-da391f1f0f58","name":"lettre_resiliation.pdf","priority":1,"type":"application\/pdf","size":50441,"converted_size":0,"pages_count":0,"sheets_count":0} []
2023-03-15T09:15:26.459670+02:00 |  client ip  | maileva.NOTICE:  ======================= []
2023-03-15T09:15:26.459735+02:00 |  client ip  | maileva.NOTICE:  ======================= []
2023-03-15T09:15:27.520547+02:00 |  client ip  | maileva.INFO:  ======================= []
2023-03-15T09:15:27.521009+02:00 |  client ip  | maileva.INFO:  parameters envoi :  []
2023-03-15T09:15:27.521212+02:00 |  client ip  | maileva.INFO:  {} []
2023-03-15T09:15:27.521352+02:00 |  client ip  | maileva.INFO:  ======================= []
2023-03-15T09:15:27.521544+02:00 |  client ip  | maileva.INFO:  connet to MailevaApi ...  :  []
2023-03-15T09:15:27.521625+02:00 |  client ip  | maileva.INFO:  ... []
2023-03-15T09:15:27.521679+02:00 |  client ip  | maileva.INFO:  ======================= []
2023-03-15T09:15:27.521729+02:00 |  client ip  | maileva.INFO:  user infos :  []
2023-03-15T09:15:27.521779+02:00 |  client ip  | maileva.INFO:  annonymous []
2023-03-15T09:15:28.176572+02:00 |  client ip  | maileva.INFO:  ======================= []
2023-03-15T09:15:28.176731+02:00 |  client ip  | maileva.INFO:  response addRecipient :  []
2023-03-15T09:15:28.176784+02:00 |  client ip  | maileva.INFO:  {"errors":[{"code":"INVALID_DOCUMENTS_OVERRIDE","message":"The value for parameter `documents_override` is invalid."}]} []
2023-03-15T09:15:28.176834+02:00 |  client ip  | maileva.NOTICE:  ======================= []
2023-03-15T09:15:28.176878+02:00 |  client ip  | maileva.NOTICE:  ======================= []
2023-03-15T09:16:36.967827+02:00 |  client ip  | maileva.INFO:  ======================= []
2023-03-15T09:16:36.968039+02:00 |  client ip  | maileva.INFO:  parameters :  []
2023-03-15T09:16:36.968116+02:00 |  client ip  | maileva.INFO:  {"name":"R\u00e9siliation d'un abonnement t\u00e9l\u00e9phonique","custom_id":"01GVJ1YZ5HN300BRJKT06EVZVE","custom_data":"{}","acknowledgement_of_receipt":true,"acknowledgement_of_receipt_scanning":false,"color_printing":true,"duplex_printing":false,"optional_address_sheet":false,"notification_email":"do_not_reply@maileva.com","sender_address_line_1":"tsilavina andrianaivonirina Fano","sender_address_line_2":"tsilavina andrianaivonirina Fano","sender_address_line_3":null,"sender_address_line_4":"10 avenue Charles de Gaulle","sender_address_line_5":"","sender_address_line_6":"94673 paris 18","sender_country_code":"FR","archiving_duration":3} []
2023-03-15T09:16:36.968253+02:00 |  client ip  | maileva.INFO:  ======================= []
2023-03-15T09:16:36.968326+02:00 |  client ip  | maileva.INFO:  connet to MailevaApi ...  :  []
2023-03-15T09:16:36.968387+02:00 |  client ip  | maileva.INFO:  ... []
2023-03-15T09:16:36.968448+02:00 |  client ip  | maileva.INFO:  ======================= []
2023-03-15T09:16:36.968504+02:00 |  client ip  | maileva.INFO:  user infos :  []
2023-03-15T09:16:36.968560+02:00 |  client ip  | maileva.INFO:  annonymous []
2023-03-15T09:16:38.615429+02:00 |  client ip  | maileva.INFO:  ======================= []
2023-03-15T09:16:38.615602+02:00 |  client ip  | maileva.INFO:  response postSending :  []
2023-03-15T09:16:38.615656+02:00 |  client ip  | maileva.INFO:  {"id":"16d829b8-9bc0-434e-b829-b20660a9a6ff","name":"R\u00e9siliation d'un abonnement t\u00e9l\u00e9phonique","status":"DRAFT","acknowledgement_of_receipt":true,"acknowledgement_of_receipt_scanning":false,"creation_date":"2023-03-15T07:16:38.467Z","documents_count":0,"custom_data":"{}","color_printing":true,"duplex_printing":false,"optional_address_sheet":false,"system_address_sheet":true,"notification_email":"do_not_reply@maileva.com","sender_country_code":"FR","archiving_duration":3,"recipients_counts":{"draft":0,"pending":0,"processed":0,"rejected":0,"total":0},"custom_id":"01GVJ1YZ5HN300BRJKT06EVZVE","sender_address_line_1":"tsilavina andrianaivonirina Fano","sender_address_line_2":"tsilavina andrianaivonirina Fano","sender_address_line_4":"10 avenue Charles de Gaulle","sender_address_line_5":"","sender_address_line_6":"94673 paris 18"} []
2023-03-15T09:16:38.615718+02:00 |  client ip  | maileva.NOTICE:  ======================= []
2023-03-15T09:16:38.615763+02:00 |  client ip  | maileva.NOTICE:  ======================= []
2023-03-15T09:16:39.762771+02:00 |  client ip  | maileva.INFO:  ======================= []
2023-03-15T09:16:39.762948+02:00 |  client ip  | maileva.INFO:  parameters envoi :  []
2023-03-15T09:16:39.763212+02:00 |  client ip  | maileva.INFO:  {} []
2023-03-15T09:16:39.763343+02:00 |  client ip  | maileva.INFO:  ======================= []
2023-03-15T09:16:39.763429+02:00 |  client ip  | maileva.INFO:  connet to MailevaApi ...  :  []
2023-03-15T09:16:39.763489+02:00 |  client ip  | maileva.INFO:  ... []
2023-03-15T09:16:39.763546+02:00 |  client ip  | maileva.INFO:  ======================= []
2023-03-15T09:16:39.763599+02:00 |  client ip  | maileva.INFO:  user infos :  []
2023-03-15T09:16:39.763653+02:00 |  client ip  | maileva.INFO:  annonymous []
2023-03-15T09:16:40.925135+02:00 |  client ip  | maileva.INFO:  ======================= []
2023-03-15T09:16:40.925361+02:00 |  client ip  | maileva.INFO:  response addDocSending :  []
2023-03-15T09:16:40.925413+02:00 |  client ip  | maileva.INFO:  {"id":"f658506c-294a-4866-ac5d-d69e1a6f2371","name":"lettre_resiliation.pdf","priority":1,"type":"application\/pdf","size":50441,"converted_size":0,"pages_count":0,"sheets_count":0} []
2023-03-15T09:16:40.925459+02:00 |  client ip  | maileva.NOTICE:  ======================= []
2023-03-15T09:16:40.925506+02:00 |  client ip  | maileva.NOTICE:  ======================= []
2023-03-15T09:16:42.066000+02:00 |  client ip  | maileva.INFO:  ======================= []
2023-03-15T09:16:42.066114+02:00 |  client ip  | maileva.INFO:  parameters envoi :  []
2023-03-15T09:16:42.066154+02:00 |  client ip  | maileva.INFO:  {} []
2023-03-15T09:16:42.066195+02:00 |  client ip  | maileva.INFO:  ======================= []
2023-03-15T09:16:42.066228+02:00 |  client ip  | maileva.INFO:  connet to MailevaApi ...  :  []
2023-03-15T09:16:42.066270+02:00 |  client ip  | maileva.INFO:  ... []
2023-03-15T09:16:42.066304+02:00 |  client ip  | maileva.INFO:  ======================= []
2023-03-15T09:16:42.066336+02:00 |  client ip  | maileva.INFO:  user infos :  []
2023-03-15T09:16:42.066367+02:00 |  client ip  | maileva.INFO:  annonymous []
2023-03-15T09:16:42.785568+02:00 |  client ip  | maileva.INFO:  ======================= []
2023-03-15T09:16:42.785856+02:00 |  client ip  | maileva.INFO:  response addRecipient :  []
2023-03-15T09:16:42.785947+02:00 |  client ip  | maileva.INFO:  {"errors":[{"code":"INVALID_DOCUMENTS_OVERRIDE","message":"The value for parameter `documents_override` is invalid."}]} []
2023-03-15T09:16:42.786030+02:00 |  client ip  | maileva.NOTICE:  ======================= []
2023-03-15T09:16:42.786102+02:00 |  client ip  | maileva.NOTICE:  ======================= []
2023-03-15T09:18:09.607996+02:00 |  client ip  | maileva.INFO:  ======================= []
2023-03-15T09:18:09.608390+02:00 |  client ip  | maileva.INFO:  parameters :  []
2023-03-15T09:18:09.608440+02:00 |  client ip  | maileva.INFO:  {"name":"R\u00e9siliation d'un abonnement t\u00e9l\u00e9phonique","custom_id":"01GVJ1YZ5HN300BRJKT06EVZVE","custom_data":"{}","acknowledgement_of_receipt":true,"acknowledgement_of_receipt_scanning":false,"color_printing":true,"duplex_printing":false,"optional_address_sheet":false,"notification_email":"do_not_reply@maileva.com","sender_address_line_1":"tsilavina andrianaivonirina Fano","sender_address_line_2":"tsilavina andrianaivonirina Fano","sender_address_line_3":null,"sender_address_line_4":"10 avenue Charles de Gaulle","sender_address_line_5":"","sender_address_line_6":"94673 paris 18","sender_country_code":"FR","archiving_duration":3} []
2023-03-15T09:18:09.608545+02:00 |  client ip  | maileva.INFO:  ======================= []
2023-03-15T09:18:09.608578+02:00 |  client ip  | maileva.INFO:  connet to MailevaApi ...  :  []
2023-03-15T09:18:09.608621+02:00 |  client ip  | maileva.INFO:  ... []
2023-03-15T09:18:09.608662+02:00 |  client ip  | maileva.INFO:  ======================= []
2023-03-15T09:18:09.608686+02:00 |  client ip  | maileva.INFO:  user infos :  []
2023-03-15T09:18:09.608729+02:00 |  client ip  | maileva.INFO:  annonymous []
2023-03-15T09:18:11.176380+02:00 |  client ip  | maileva.INFO:  ======================= []
2023-03-15T09:18:11.176560+02:00 |  client ip  | maileva.INFO:  response postSending :  []
2023-03-15T09:18:11.176648+02:00 |  client ip  | maileva.INFO:  {"id":"eb6745c5-6140-4c3f-a0ec-e736522de0ae","name":"R\u00e9siliation d'un abonnement t\u00e9l\u00e9phonique","status":"DRAFT","acknowledgement_of_receipt":true,"acknowledgement_of_receipt_scanning":false,"creation_date":"2023-03-15T07:18:11.051Z","documents_count":0,"custom_data":"{}","color_printing":true,"duplex_printing":false,"optional_address_sheet":false,"system_address_sheet":true,"notification_email":"do_not_reply@maileva.com","sender_country_code":"FR","archiving_duration":3,"recipients_counts":{"draft":0,"pending":0,"processed":0,"rejected":0,"total":0},"custom_id":"01GVJ1YZ5HN300BRJKT06EVZVE","sender_address_line_1":"tsilavina andrianaivonirina Fano","sender_address_line_2":"tsilavina andrianaivonirina Fano","sender_address_line_4":"10 avenue Charles de Gaulle","sender_address_line_5":"","sender_address_line_6":"94673 paris 18"} []
2023-03-15T09:18:11.176719+02:00 |  client ip  | maileva.NOTICE:  ======================= []
2023-03-15T09:18:11.176777+02:00 |  client ip  | maileva.NOTICE:  ======================= []
2023-03-15T09:18:12.317925+02:00 |  client ip  | maileva.INFO:  ======================= []
2023-03-15T09:18:12.318166+02:00 |  client ip  | maileva.INFO:  parameters envoi :  []
2023-03-15T09:18:12.318251+02:00 |  client ip  | maileva.INFO:  {} []
2023-03-15T09:18:12.318333+02:00 |  client ip  | maileva.INFO:  ======================= []
2023-03-15T09:18:12.318403+02:00 |  client ip  | maileva.INFO:  connet to MailevaApi ...  :  []
2023-03-15T09:18:12.318469+02:00 |  client ip  | maileva.INFO:  ... []
2023-03-15T09:18:12.318536+02:00 |  client ip  | maileva.INFO:  ======================= []
2023-03-15T09:18:12.318641+02:00 |  client ip  | maileva.INFO:  user infos :  []
2023-03-15T09:18:12.318720+02:00 |  client ip  | maileva.INFO:  annonymous []
2023-03-15T09:18:13.732374+02:00 |  client ip  | maileva.INFO:  ======================= []
2023-03-15T09:18:13.732623+02:00 |  client ip  | maileva.INFO:  response addDocSending :  []
2023-03-15T09:18:13.732707+02:00 |  client ip  | maileva.INFO:  {"id":"f49e46a8-bb02-4ffc-a064-342dc5c79816","name":"lettre_resiliation.pdf","priority":1,"type":"application\/pdf","size":50441,"converted_size":0,"pages_count":0,"sheets_count":0} []
2023-03-15T09:18:13.732775+02:00 |  client ip  | maileva.NOTICE:  ======================= []
2023-03-15T09:18:13.732837+02:00 |  client ip  | maileva.NOTICE:  ======================= []
2023-03-15T09:18:14.790833+02:00 |  client ip  | maileva.INFO:  ======================= []
2023-03-15T09:18:14.791038+02:00 |  client ip  | maileva.INFO:  parameters envoi :  []
2023-03-15T09:18:14.791076+02:00 |  client ip  | maileva.INFO:  {} []
2023-03-15T09:18:14.791118+02:00 |  client ip  | maileva.INFO:  ======================= []
2023-03-15T09:18:14.791171+02:00 |  client ip  | maileva.INFO:  connet to MailevaApi ...  :  []
2023-03-15T09:18:14.791229+02:00 |  client ip  | maileva.INFO:  ... []
2023-03-15T09:18:14.791267+02:00 |  client ip  | maileva.INFO:  ======================= []
2023-03-15T09:18:14.791290+02:00 |  client ip  | maileva.INFO:  user infos :  []
2023-03-15T09:18:14.791314+02:00 |  client ip  | maileva.INFO:  annonymous []
2023-03-15T09:18:15.453917+02:00 |  client ip  | maileva.INFO:  ======================= []
2023-03-15T09:18:15.454115+02:00 |  client ip  | maileva.INFO:  response addRecipient :  []
2023-03-15T09:18:15.454197+02:00 |  client ip  | maileva.INFO:  {"id":"7ef419c1-dd54-4ad2-b6a3-39e2ad2eb499","custom_id":"01GVJ1YZ5HN300BRJKT06EVZVE","status":"DRAFT","country_code":"FR","documents_override":[{"document_id":"f49e46a8-bb02-4ffc-a064-342dc5c79816","start_page":1,"end_page":1}],"address_line_1":"Fibre","address_line_2":"","address_line_3":"","address_line_4":"2 Rue La Faillette","address_line_5":"","address_line_6":"79000  France"} []
2023-03-15T09:18:15.454274+02:00 |  client ip  | maileva.NOTICE:  ======================= []
2023-03-15T09:18:15.454343+02:00 |  client ip  | maileva.NOTICE:  ======================= []
2023-03-15T14:41:46.811417+02:00 |  client ip  | maileva.INFO:  ======================= []
2023-03-15T14:41:46.827243+02:00 |  client ip  | maileva.INFO:  parameters :  []
2023-03-15T14:41:46.827300+02:00 |  client ip  | maileva.INFO:  {"name":"R\u00e9siliation d'un abonnement t\u00e9l\u00e9phonique","custom_id":"01GVJMMNTBFZ8FMZP5SC1VDR6C","custom_data":"{}","acknowledgement_of_receipt":true,"acknowledgement_of_receipt_scanning":false,"color_printing":true,"duplex_printing":false,"optional_address_sheet":false,"notification_email":"do_not_reply@maileva.com","sender_address_line_1":"tsilavina andrianaivonirina fanomezana","sender_address_line_2":"tsilavina andrianaivonirina fanomezana","sender_address_line_3":null,"sender_address_line_4":"40 avenue de Clichy","sender_address_line_5":"","sender_address_line_6":"75018 paris 18","sender_country_code":"FR","archiving_duration":3} []
2023-03-15T14:41:46.842888+02:00 |  client ip  | maileva.INFO:  ======================= []
2023-03-15T14:41:46.843033+02:00 |  client ip  | maileva.INFO:  connet to MailevaApi ...  :  []
2023-03-15T14:41:46.843067+02:00 |  client ip  | maileva.INFO:  ... []
2023-03-15T14:41:46.843113+02:00 |  client ip  | maileva.INFO:  ======================= []
2023-03-15T14:41:46.843153+02:00 |  client ip  | maileva.INFO:  user infos :  []
2023-03-15T14:41:46.843198+02:00 |  client ip  | maileva.INFO:  annonymous []
2023-03-15T14:41:48.258955+02:00 |  client ip  | maileva.INFO:  ======================= []
2023-03-15T14:41:48.259190+02:00 |  client ip  | maileva.INFO:  response postSending :  []
2023-03-15T14:41:48.259293+02:00 |  client ip  | maileva.INFO:  {"id":"141f2abc-fa40-4845-af5d-928004bd82e7","name":"R\u00e9siliation d'un abonnement t\u00e9l\u00e9phonique","status":"DRAFT","acknowledgement_of_receipt":true,"acknowledgement_of_receipt_scanning":false,"creation_date":"2023-03-15T12:41:48.142Z","documents_count":0,"custom_data":"{}","color_printing":true,"duplex_printing":false,"optional_address_sheet":false,"system_address_sheet":true,"notification_email":"do_not_reply@maileva.com","sender_country_code":"FR","archiving_duration":3,"recipients_counts":{"draft":0,"pending":0,"processed":0,"rejected":0,"total":0},"custom_id":"01GVJMMNTBFZ8FMZP5SC1VDR6C","sender_address_line_1":"tsilavina andrianaivonirina fanomezana","sender_address_line_2":"tsilavina andrianaivonirina fanomezana","sender_address_line_4":"40 avenue de Clichy","sender_address_line_5":"","sender_address_line_6":"75018 paris 18"} []
2023-03-15T14:41:48.259418+02:00 |  client ip  | maileva.NOTICE:  ======================= []
2023-03-15T14:41:48.259521+02:00 |  client ip  | maileva.NOTICE:  ======================= []
2023-03-15T14:41:54.502494+02:00 |  client ip  | maileva.INFO:  ======================= []
2023-03-15T14:41:54.502688+02:00 |  client ip  | maileva.INFO:  parameters envoi :  []
2023-03-15T14:41:54.502761+02:00 |  client ip  | maileva.INFO:  {} []
2023-03-15T14:41:54.502829+02:00 |  client ip  | maileva.INFO:  ======================= []
2023-03-15T14:41:54.502886+02:00 |  client ip  | maileva.INFO:  connet to MailevaApi ...  :  []
2023-03-15T14:41:54.502938+02:00 |  client ip  | maileva.INFO:  ... []
2023-03-15T14:41:54.502991+02:00 |  client ip  | maileva.INFO:  ======================= []
2023-03-15T14:41:54.503058+02:00 |  client ip  | maileva.INFO:  user infos :  []
2023-03-15T14:41:54.503121+02:00 |  client ip  | maileva.INFO:  annonymous []
2023-03-15T14:41:56.955798+02:00 |  client ip  | maileva.INFO:  ======================= []
2023-03-15T14:41:56.955965+02:00 |  client ip  | maileva.INFO:  response addDocSending :  []
2023-03-15T14:41:56.956035+02:00 |  client ip  | maileva.INFO:  {"id":"148d20e2-a897-4180-92eb-4a3d3a96dea1","name":"lettre_resiliation.pdf","priority":1,"type":"application\/pdf","size":50495,"converted_size":0,"pages_count":0,"sheets_count":0} []
2023-03-15T14:41:56.956102+02:00 |  client ip  | maileva.NOTICE:  ======================= []
2023-03-15T14:41:56.956164+02:00 |  client ip  | maileva.NOTICE:  ======================= []
2023-03-15T14:41:58.169554+02:00 |  client ip  | maileva.INFO:  ======================= []
2023-03-15T14:41:58.169740+02:00 |  client ip  | maileva.INFO:  parameters envoi :  []
2023-03-15T14:41:58.169813+02:00 |  client ip  | maileva.INFO:  {} []
2023-03-15T14:41:58.169883+02:00 |  client ip  | maileva.INFO:  ======================= []
2023-03-15T14:41:58.169944+02:00 |  client ip  | maileva.INFO:  connet to MailevaApi ...  :  []
2023-03-15T14:41:58.170000+02:00 |  client ip  | maileva.INFO:  ... []
2023-03-15T14:41:58.170058+02:00 |  client ip  | maileva.INFO:  ======================= []
2023-03-15T14:41:58.170111+02:00 |  client ip  | maileva.INFO:  user infos :  []
2023-03-15T14:41:58.170166+02:00 |  client ip  | maileva.INFO:  annonymous []
2023-03-15T14:41:58.842880+02:00 |  client ip  | maileva.INFO:  ======================= []
2023-03-15T14:41:58.843127+02:00 |  client ip  | maileva.INFO:  response addRecipient :  []
2023-03-15T14:41:58.843239+02:00 |  client ip  | maileva.INFO:  {"id":"50ec8b2f-76c1-4003-b4ad-03201446f2d6","custom_id":"01GVJMMNTBFZ8FMZP5SC1VDR6C","status":"DRAFT","country_code":"FR","documents_override":[{"document_id":"148d20e2-a897-4180-92eb-4a3d3a96dea1","start_page":1,"end_page":1}],"address_line_1":"Fibre","address_line_2":"","address_line_3":"","address_line_4":"2 Rue La Faillette","address_line_5":"","address_line_6":"79000  France"} []
2023-03-15T14:41:58.843358+02:00 |  client ip  | maileva.NOTICE:  ======================= []
2023-03-15T14:41:58.843447+02:00 |  client ip  | maileva.NOTICE:  ======================= []
2023-03-15T14:43:06.828816+02:00 |  client ip  | maileva.INFO:  ======================= []
2023-03-15T14:43:06.829267+02:00 |  client ip  | maileva.INFO:  parameters :  []
2023-03-15T14:43:06.829421+02:00 |  client ip  | maileva.INFO:  {"name":"R\u00e9siliation d'un abonnement t\u00e9l\u00e9phonique","custom_id":"01GVJMMNTBFZ8FMZP5SC1VDR6C","custom_data":"{}","acknowledgement_of_receipt":true,"acknowledgement_of_receipt_scanning":false,"color_printing":true,"duplex_printing":false,"optional_address_sheet":false,"notification_email":"do_not_reply@maileva.com","sender_address_line_1":"tsilavina andrianaivonirina fanomezana","sender_address_line_2":"tsilavina andrianaivonirina fanomezana","sender_address_line_3":null,"sender_address_line_4":"40 avenue de Clichy","sender_address_line_5":"","sender_address_line_6":"75018 paris 18","sender_country_code":"FR","archiving_duration":3} []
2023-03-15T14:43:06.829591+02:00 |  client ip  | maileva.INFO:  ======================= []
2023-03-15T14:43:06.829664+02:00 |  client ip  | maileva.INFO:  connet to MailevaApi ...  :  []
2023-03-15T14:43:06.829720+02:00 |  client ip  | maileva.INFO:  ... []
2023-03-15T14:43:06.829774+02:00 |  client ip  | maileva.INFO:  ======================= []
2023-03-15T14:43:06.829826+02:00 |  client ip  | maileva.INFO:  user infos :  []
2023-03-15T14:43:06.829879+02:00 |  client ip  | maileva.INFO:  annonymous []
2023-03-15T14:43:07.515399+02:00 |  client ip  | maileva.INFO:  ======================= []
2023-03-15T14:43:07.515564+02:00 |  client ip  | maileva.INFO:  response postSending :  []
2023-03-15T14:43:07.515614+02:00 |  client ip  | maileva.INFO:  {"id":"9854e68c-7adb-4066-818d-ecb2e0043dff","name":"R\u00e9siliation d'un abonnement t\u00e9l\u00e9phonique","status":"DRAFT","acknowledgement_of_receipt":true,"acknowledgement_of_receipt_scanning":false,"creation_date":"2023-03-15T12:43:07.399Z","documents_count":0,"custom_data":"{}","color_printing":true,"duplex_printing":false,"optional_address_sheet":false,"system_address_sheet":true,"notification_email":"do_not_reply@maileva.com","sender_country_code":"FR","archiving_duration":3,"recipients_counts":{"draft":0,"pending":0,"processed":0,"rejected":0,"total":0},"custom_id":"01GVJMMNTBFZ8FMZP5SC1VDR6C","sender_address_line_1":"tsilavina andrianaivonirina fanomezana","sender_address_line_2":"tsilavina andrianaivonirina fanomezana","sender_address_line_4":"40 avenue de Clichy","sender_address_line_5":"","sender_address_line_6":"75018 paris 18"} []
2023-03-15T14:43:07.515664+02:00 |  client ip  | maileva.NOTICE:  ======================= []
2023-03-15T14:43:07.515718+02:00 |  client ip  | maileva.NOTICE:  ======================= []
2023-03-15T14:43:08.816439+02:00 |  client ip  | maileva.INFO:  ======================= []
2023-03-15T14:43:08.816539+02:00 |  client ip  | maileva.INFO:  parameters envoi :  []
2023-03-15T14:43:08.816570+02:00 |  client ip  | maileva.INFO:  {} []
2023-03-15T14:43:08.816631+02:00 |  client ip  | maileva.INFO:  ======================= []
2023-03-15T14:43:08.816657+02:00 |  client ip  | maileva.INFO:  connet to MailevaApi ...  :  []
2023-03-15T14:43:08.816695+02:00 |  client ip  | maileva.INFO:  ... []
2023-03-15T14:43:08.816735+02:00 |  client ip  | maileva.INFO:  ======================= []
2023-03-15T14:43:08.816758+02:00 |  client ip  | maileva.INFO:  user infos :  []
2023-03-15T14:43:08.816781+02:00 |  client ip  | maileva.INFO:  annonymous []
2023-03-15T14:43:10.075052+02:00 |  client ip  | maileva.INFO:  ======================= []
2023-03-15T14:43:10.075227+02:00 |  client ip  | maileva.INFO:  response addDocSending :  []
2023-03-15T14:43:10.075316+02:00 |  client ip  | maileva.INFO:  {"id":"dcc58130-b70a-4734-b8fd-d7a811b4d6a1","name":"lettre_resiliation.pdf","priority":1,"type":"application\/pdf","size":50495,"converted_size":0,"pages_count":0,"sheets_count":0} []
2023-03-15T14:43:10.075385+02:00 |  client ip  | maileva.NOTICE:  ======================= []
2023-03-15T14:43:10.075446+02:00 |  client ip  | maileva.NOTICE:  ======================= []
2023-03-15T14:43:11.214965+02:00 |  client ip  | maileva.INFO:  ======================= []
2023-03-15T14:43:11.215127+02:00 |  client ip  | maileva.INFO:  parameters envoi :  []
2023-03-15T14:43:11.215193+02:00 |  client ip  | maileva.INFO:  {} []
2023-03-15T14:43:11.215264+02:00 |  client ip  | maileva.INFO:  ======================= []
2023-03-15T14:43:11.215321+02:00 |  client ip  | maileva.INFO:  connet to MailevaApi ...  :  []
2023-03-15T14:43:11.215379+02:00 |  client ip  | maileva.INFO:  ... []
2023-03-15T14:43:11.215435+02:00 |  client ip  | maileva.INFO:  ======================= []
2023-03-15T14:43:11.215487+02:00 |  client ip  | maileva.INFO:  user infos :  []
2023-03-15T14:43:11.215539+02:00 |  client ip  | maileva.INFO:  annonymous []
2023-03-15T14:43:11.866644+02:00 |  client ip  | maileva.INFO:  ======================= []
2023-03-15T14:43:11.866885+02:00 |  client ip  | maileva.INFO:  response addRecipient :  []
2023-03-15T14:43:11.866991+02:00 |  client ip  | maileva.INFO:  {"id":"2e76a575-0eec-4ecf-8c04-9dec7db390ed","custom_id":"01GVJMMNTBFZ8FMZP5SC1VDR6C","status":"DRAFT","country_code":"FR","documents_override":[{"document_id":"dcc58130-b70a-4734-b8fd-d7a811b4d6a1","start_page":1,"end_page":1}],"address_line_1":"Fibre","address_line_2":"","address_line_3":"","address_line_4":"2 Rue La Faillette","address_line_5":"","address_line_6":"79000  France"} []
2023-03-15T14:43:11.867091+02:00 |  client ip  | maileva.NOTICE:  ======================= []
2023-03-15T14:43:11.867178+02:00 |  client ip  | maileva.NOTICE:  ======================= []
2023-03-15T15:01:29.789878+02:00 |  client ip  | maileva.INFO:  ======================= []
2023-03-15T15:01:29.811358+02:00 |  client ip  | maileva.INFO:  parameters :  []
2023-03-15T15:01:29.811420+02:00 |  client ip  | maileva.INFO:  {"name":"R\u00e9siliation d'un abonnement t\u00e9l\u00e9phonique","custom_id":"01GVJNRT8AS2PB5X0ZVN657CM7","custom_data":"{}","acknowledgement_of_receipt":true,"acknowledgement_of_receipt_scanning":false,"color_printing":true,"duplex_printing":false,"optional_address_sheet":false,"notification_email":"do_not_reply@maileva.com","sender_address_line_1":"fano Fano","sender_address_line_2":"fano Fano","sender_address_line_3":null,"sender_address_line_4":"40 avenue de Clichy","sender_address_line_5":"","sender_address_line_6":"94673 Charenton-Le-Pont","sender_country_code":"FR","archiving_duration":3} []
2023-03-15T15:01:29.811512+02:00 |  client ip  | maileva.INFO:  ======================= []
2023-03-15T15:01:29.811550+02:00 |  client ip  | maileva.INFO:  connet to MailevaApi ...  :  []
2023-03-15T15:01:29.811597+02:00 |  client ip  | maileva.INFO:  ... []
2023-03-15T15:01:29.811629+02:00 |  client ip  | maileva.INFO:  ======================= []
2023-03-15T15:01:29.811658+02:00 |  client ip  | maileva.INFO:  user infos :  []
2023-03-15T15:01:29.811692+02:00 |  client ip  | maileva.INFO:  annonymous []
2023-03-15T15:01:30.764467+02:00 |  client ip  | maileva.INFO:  ======================= []
2023-03-15T15:01:30.764644+02:00 |  client ip  | maileva.INFO:  response postSending :  []
2023-03-15T15:01:30.764713+02:00 |  client ip  | maileva.INFO:  {"id":"cd76c8d4-cf91-41da-a27f-73ab5b927437","name":"R\u00e9siliation d'un abonnement t\u00e9l\u00e9phonique","status":"DRAFT","acknowledgement_of_receipt":true,"acknowledgement_of_receipt_scanning":false,"creation_date":"2023-03-15T13:01:30.627Z","documents_count":0,"custom_data":"{}","color_printing":true,"duplex_printing":false,"optional_address_sheet":false,"system_address_sheet":true,"notification_email":"do_not_reply@maileva.com","sender_country_code":"FR","archiving_duration":3,"recipients_counts":{"draft":0,"pending":0,"processed":0,"rejected":0,"total":0},"custom_id":"01GVJNRT8AS2PB5X0ZVN657CM7","sender_address_line_1":"fano Fano","sender_address_line_2":"fano Fano","sender_address_line_4":"40 avenue de Clichy","sender_address_line_5":"","sender_address_line_6":"94673 Charenton-Le-Pont"} []
2023-03-15T15:01:30.764782+02:00 |  client ip  | maileva.NOTICE:  ======================= []
2023-03-15T15:01:30.764839+02:00 |  client ip  | maileva.NOTICE:  ======================= []
2023-03-15T15:01:33.877507+02:00 |  client ip  | maileva.INFO:  ======================= []
2023-03-15T15:01:33.877753+02:00 |  client ip  | maileva.INFO:  parameters envoi :  []
2023-03-15T15:01:33.877848+02:00 |  client ip  | maileva.INFO:  {} []
2023-03-15T15:01:33.877941+02:00 |  client ip  | maileva.INFO:  ======================= []
2023-03-15T15:01:33.878017+02:00 |  client ip  | maileva.INFO:  connet to MailevaApi ...  :  []
2023-03-15T15:01:33.878088+02:00 |  client ip  | maileva.INFO:  ... []
2023-03-15T15:01:33.878160+02:00 |  client ip  | maileva.INFO:  ======================= []
2023-03-15T15:01:33.878229+02:00 |  client ip  | maileva.INFO:  user infos :  []
2023-03-15T15:01:33.878300+02:00 |  client ip  | maileva.INFO:  annonymous []
2023-03-15T15:01:35.093956+02:00 |  client ip  | maileva.INFO:  ======================= []
2023-03-15T15:01:35.094225+02:00 |  client ip  | maileva.INFO:  response addDocSending :  []
2023-03-15T15:01:35.094311+02:00 |  client ip  | maileva.INFO:  {"id":"c93e4d8b-7333-4f8e-b31d-5e193db2bb08","name":"lettre_resiliation.pdf","priority":1,"type":"application\/pdf","size":51869,"converted_size":0,"pages_count":0,"sheets_count":0} []
2023-03-15T15:01:35.094393+02:00 |  client ip  | maileva.NOTICE:  ======================= []
2023-03-15T15:01:35.094468+02:00 |  client ip  | maileva.NOTICE:  ======================= []
2023-03-15T15:01:36.749741+02:00 |  client ip  | maileva.INFO:  ======================= []
2023-03-15T15:01:36.749873+02:00 |  client ip  | maileva.INFO:  parameters envoi :  []
2023-03-15T15:01:36.749911+02:00 |  client ip  | maileva.INFO:  {} []
2023-03-15T15:01:36.749957+02:00 |  client ip  | maileva.INFO:  ======================= []
2023-03-15T15:01:36.750011+02:00 |  client ip  | maileva.INFO:  connet to MailevaApi ...  :  []
2023-03-15T15:01:36.750053+02:00 |  client ip  | maileva.INFO:  ... []
2023-03-15T15:01:36.750095+02:00 |  client ip  | maileva.INFO:  ======================= []
2023-03-15T15:01:36.750132+02:00 |  client ip  | maileva.INFO:  user infos :  []
2023-03-15T15:01:36.750173+02:00 |  client ip  | maileva.INFO:  annonymous []
2023-03-15T15:01:37.629291+02:00 |  client ip  | maileva.INFO:  ======================= []
2023-03-15T15:01:37.629489+02:00 |  client ip  | maileva.INFO:  response addRecipient :  []
2023-03-15T15:01:37.629572+02:00 |  client ip  | maileva.INFO:  {"id":"bb4fa55b-5336-45a5-8b29-3929ccb5a108","custom_id":"01GVJNRT8AS2PB5X0ZVN657CM7","status":"DRAFT","country_code":"FR","documents_override":[{"document_id":"c93e4d8b-7333-4f8e-b31d-5e193db2bb08","start_page":1,"end_page":1}],"address_line_1":"AAA Voyage","address_line_2":"","address_line_3":"","address_line_4":"2 Rue Laurence","address_line_5":"","address_line_6":"75000  France"} []
2023-03-15T15:01:37.629679+02:00 |  client ip  | maileva.NOTICE:  ======================= []
2023-03-15T15:01:37.629750+02:00 |  client ip  | maileva.NOTICE:  ======================= []
2023-03-15T15:01:38.821720+02:00 |  client ip  | maileva.INFO:  ======================= []
2023-03-15T15:01:38.821824+02:00 |  client ip  | maileva.INFO:  parameters envoi :  []
2023-03-15T15:01:38.821856+02:00 |  client ip  | maileva.INFO:  {} []
2023-03-15T15:01:38.821889+02:00 |  client ip  | maileva.INFO:  ======================= []
2023-03-15T15:01:38.821918+02:00 |  client ip  | maileva.INFO:  connet to MailevaApi ...  :  []
2023-03-15T15:01:38.821944+02:00 |  client ip  | maileva.INFO:  ... []
2023-03-15T15:01:38.821969+02:00 |  client ip  | maileva.INFO:  ======================= []
2023-03-15T15:01:38.821994+02:00 |  client ip  | maileva.INFO:  user infos :  []
2023-03-15T15:01:38.822019+02:00 |  client ip  | maileva.INFO:  annonymous []
2023-03-15T15:01:39.460174+02:00 |  client ip  | maileva.INFO:  ======================= []
2023-03-15T15:01:39.460375+02:00 |  client ip  | maileva.INFO:  response submitSending :  []
2023-03-15T15:01:39.460461+02:00 |  client ip  | maileva.INFO:  null []
2023-03-15T15:01:39.460536+02:00 |  client ip  | maileva.NOTICE:  ======================= []
2023-03-15T15:01:39.460604+02:00 |  client ip  | maileva.NOTICE:  ======================= []
