2023-03-09T07:43:41.803960+02:00 |  client ip  | maileva.INFO:  ======================= []
2023-03-09T07:43:41.804632+02:00 |  client ip  | maileva.INFO:  parameters :  []
2023-03-09T07:43:41.804708+02:00 |  client ip  | maileva.INFO:  {"name":"R\u00e9siliation d'un abonnement t\u00e9l\u00e9phonique","custom_id":"01GV2E15HTPAJ6TRCD00Q8ZR2J","custom_data":"{}","acknowledgement_of_receipt":true,"acknowledgement_of_receipt_scanning":false,"color_printing":true,"duplex_printing":false,"optional_address_sheet":false,"notification_email":"do_not_reply@maileva.com","sender_address_line_1":"tsilavina andrianaivonirina Fano","sender_address_line_2":"tsilavina andrianaivonirina Fano","sender_address_line_3":null,"sender_address_line_4":"40 avenue de Clichy","sender_address_line_5":"","sender_address_line_6":"75018 paris 18","sender_country_code":"FR","archiving_duration":3} []
2023-03-09T07:43:41.812004+02:00 |  client ip  | maileva.INFO:  ======================= []
2023-03-09T07:43:41.812087+02:00 |  client ip  | maileva.INFO:  connet to MailevaApi ...  :  []
2023-03-09T07:43:41.812151+02:00 |  client ip  | maileva.INFO:  ... []
2023-03-09T07:43:41.812201+02:00 |  client ip  | maileva.INFO:  ======================= []
2023-03-09T07:43:41.812242+02:00 |  client ip  | maileva.INFO:  user infos :  []
2023-03-09T07:43:41.812282+02:00 |  client ip  | maileva.INFO:  annonymous []
2023-03-09T07:43:43.397702+02:00 |  client ip  | maileva.INFO:  ======================= []
2023-03-09T07:43:43.397926+02:00 |  client ip  | maileva.INFO:  response postSending :  []
2023-03-09T07:43:43.398034+02:00 |  client ip  | maileva.INFO:  {"id":"d7e75412-ccbe-4006-9128-f5070b4d7c99","name":"R\u00e9siliation d'un abonnement t\u00e9l\u00e9phonique","status":"DRAFT","acknowledgement_of_receipt":true,"acknowledgement_of_receipt_scanning":false,"creation_date":"2023-03-09T05:43:43.280Z","documents_count":0,"custom_data":"{}","color_printing":true,"duplex_printing":false,"optional_address_sheet":false,"system_address_sheet":true,"notification_email":"do_not_reply@maileva.com","sender_country_code":"FR","archiving_duration":3,"recipients_counts":{"draft":0,"pending":0,"processed":0,"rejected":0,"total":0},"custom_id":"01GV2E15HTPAJ6TRCD00Q8ZR2J","sender_address_line_1":"tsilavina andrianaivonirina Fano","sender_address_line_2":"tsilavina andrianaivonirina Fano","sender_address_line_4":"40 avenue de Clichy","sender_address_line_5":"","sender_address_line_6":"75018 paris 18"} []
2023-03-09T07:43:43.398156+02:00 |  client ip  | maileva.NOTICE:  ======================= []
2023-03-09T07:43:43.398263+02:00 |  client ip  | maileva.NOTICE:  ======================= []
2023-03-09T07:43:45.500851+02:00 |  client ip  | maileva.INFO:  ======================= []
2023-03-09T07:43:45.501016+02:00 |  client ip  | maileva.INFO:  parameters envoi :  []
2023-03-09T07:43:45.501070+02:00 |  client ip  | maileva.INFO:  {} []
2023-03-09T07:43:45.501135+02:00 |  client ip  | maileva.INFO:  ======================= []
2023-03-09T07:43:45.501181+02:00 |  client ip  | maileva.INFO:  connet to MailevaApi ...  :  []
2023-03-09T07:43:45.501212+02:00 |  client ip  | maileva.INFO:  ... []
2023-03-09T07:43:45.501256+02:00 |  client ip  | maileva.INFO:  ======================= []
2023-03-09T07:43:45.501283+02:00 |  client ip  | maileva.INFO:  user infos :  []
2023-03-09T07:43:45.501324+02:00 |  client ip  | maileva.INFO:  annonymous []
2023-03-09T07:43:46.924707+02:00 |  client ip  | maileva.INFO:  ======================= []
2023-03-09T07:43:46.924845+02:00 |  client ip  | maileva.INFO:  response addDocSending :  []
2023-03-09T07:43:46.924906+02:00 |  client ip  | maileva.INFO:  {"timestamp":1678340626838,"status":404,"error":"Not Found","message":"","path":"\/simple_registered_mail\/v1\/sendingsd7e75412-ccbe-4006-9128-f5070b4d7c99\/documents"} []
2023-03-09T07:43:46.924958+02:00 |  client ip  | maileva.NOTICE:  ======================= []
2023-03-09T07:43:46.925003+02:00 |  client ip  | maileva.NOTICE:  ======================= []
2023-03-09T07:55:14.176837+02:00 |  client ip  | maileva.INFO:  ======================= []
2023-03-09T07:55:14.177124+02:00 |  client ip  | maileva.INFO:  parameters :  []
2023-03-09T07:55:14.177205+02:00 |  client ip  | maileva.INFO:  {"name":"R\u00e9siliation d'un abonnement t\u00e9l\u00e9phonique","custom_id":"01GV2EZKK7CEGCETJH0Y6CFVQS","custom_data":"{}","acknowledgement_of_receipt":true,"acknowledgement_of_receipt_scanning":false,"color_printing":true,"duplex_printing":false,"optional_address_sheet":false,"notification_email":"do_not_reply@maileva.com","sender_address_line_1":"tsilavina andrianaivonirina Fano","sender_address_line_2":"tsilavina andrianaivonirina Fano","sender_address_line_3":null,"sender_address_line_4":"10 avenue Charles de Gaulle","sender_address_line_5":"","sender_address_line_6":"75018 paris 18","sender_country_code":"FR","archiving_duration":3} []
2023-03-09T07:55:14.177347+02:00 |  client ip  | maileva.INFO:  ======================= []
2023-03-09T07:55:14.177422+02:00 |  client ip  | maileva.INFO:  connet to MailevaApi ...  :  []
2023-03-09T07:55:14.177484+02:00 |  client ip  | maileva.INFO:  ... []
2023-03-09T07:55:14.177545+02:00 |  client ip  | maileva.INFO:  ======================= []
2023-03-09T07:55:14.177602+02:00 |  client ip  | maileva.INFO:  user infos :  []
2023-03-09T07:55:14.177659+02:00 |  client ip  | maileva.INFO:  annonymous []
2023-03-09T07:55:15.201971+02:00 |  client ip  | maileva.INFO:  ======================= []
2023-03-09T07:55:15.202134+02:00 |  client ip  | maileva.INFO:  response postSending :  []
2023-03-09T07:55:15.202204+02:00 |  client ip  | maileva.INFO:  {"id":"001413d1-3170-4b8f-93f0-2bed38631be5","name":"R\u00e9siliation d'un abonnement t\u00e9l\u00e9phonique","status":"DRAFT","acknowledgement_of_receipt":true,"acknowledgement_of_receipt_scanning":false,"creation_date":"2023-03-09T05:55:15.095Z","documents_count":0,"custom_data":"{}","color_printing":true,"duplex_printing":false,"optional_address_sheet":false,"system_address_sheet":true,"notification_email":"do_not_reply@maileva.com","sender_country_code":"FR","archiving_duration":3,"recipients_counts":{"draft":0,"pending":0,"processed":0,"rejected":0,"total":0},"custom_id":"01GV2EZKK7CEGCETJH0Y6CFVQS","sender_address_line_1":"tsilavina andrianaivonirina Fano","sender_address_line_2":"tsilavina andrianaivonirina Fano","sender_address_line_4":"10 avenue Charles de Gaulle","sender_address_line_5":"","sender_address_line_6":"75018 paris 18"} []
2023-03-09T07:55:15.202271+02:00 |  client ip  | maileva.NOTICE:  ======================= []
2023-03-09T07:55:15.202349+02:00 |  client ip  | maileva.NOTICE:  ======================= []
2023-03-09T07:55:17.191867+02:00 |  client ip  | maileva.INFO:  ======================= []
2023-03-09T07:55:17.192025+02:00 |  client ip  | maileva.INFO:  parameters envoi :  []
2023-03-09T07:55:17.192086+02:00 |  client ip  | maileva.INFO:  {} []
2023-03-09T07:55:17.192143+02:00 |  client ip  | maileva.INFO:  ======================= []
2023-03-09T07:55:17.192193+02:00 |  client ip  | maileva.INFO:  connet to MailevaApi ...  :  []
2023-03-09T07:55:17.192239+02:00 |  client ip  | maileva.INFO:  ... []
2023-03-09T07:55:17.192286+02:00 |  client ip  | maileva.INFO:  ======================= []
2023-03-09T07:55:17.192331+02:00 |  client ip  | maileva.INFO:  user infos :  []
2023-03-09T07:55:17.192375+02:00 |  client ip  | maileva.INFO:  annonymous []
2023-03-09T07:55:18.444255+02:00 |  client ip  | maileva.INFO:  ======================= []
2023-03-09T07:55:18.444426+02:00 |  client ip  | maileva.INFO:  response addDocSending :  []
2023-03-09T07:55:18.444496+02:00 |  client ip  | maileva.INFO:  {"id":"bd45530b-3bb5-4381-afe6-0765ba802940","name":"lettre_resiliation.pdf","priority":1,"type":"application\/pdf","size":49951,"converted_size":0,"pages_count":0,"sheets_count":0} []
2023-03-09T07:55:18.444559+02:00 |  client ip  | maileva.NOTICE:  ======================= []
2023-03-09T07:55:18.444630+02:00 |  client ip  | maileva.NOTICE:  ======================= []
2023-03-09T07:55:19.705859+02:00 |  client ip  | maileva.INFO:  ======================= []
2023-03-09T07:55:19.705971+02:00 |  client ip  | maileva.INFO:  parameters envoi :  []
2023-03-09T07:55:19.706020+02:00 |  client ip  | maileva.INFO:  {} []
2023-03-09T07:55:19.706058+02:00 |  client ip  | maileva.INFO:  ======================= []
2023-03-09T07:55:19.706087+02:00 |  client ip  | maileva.INFO:  connet to MailevaApi ...  :  []
2023-03-09T07:55:19.706117+02:00 |  client ip  | maileva.INFO:  ... []
2023-03-09T07:55:19.706146+02:00 |  client ip  | maileva.INFO:  ======================= []
2023-03-09T07:55:19.706175+02:00 |  client ip  | maileva.INFO:  user infos :  []
2023-03-09T07:55:19.706202+02:00 |  client ip  | maileva.INFO:  annonymous []
2023-03-09T07:55:20.370941+02:00 |  client ip  | maileva.INFO:  ======================= []
2023-03-09T07:55:20.373098+02:00 |  client ip  | maileva.INFO:  response addRecipient :  []
2023-03-09T07:55:20.373243+02:00 |  client ip  | maileva.INFO:  {"errors":[{"code":"ATTRIBUTE_WRONG_PARAMETER","message":"The parameter `pages_range` is wrong."}]} []
2023-03-09T07:55:20.373346+02:00 |  client ip  | maileva.NOTICE:  ======================= []
2023-03-09T07:55:20.373435+02:00 |  client ip  | maileva.NOTICE:  ======================= []
2023-03-09T09:31:32.566678+02:00 |  client ip  | maileva.INFO:  ======================= []
2023-03-09T09:31:32.577714+02:00 |  client ip  | maileva.INFO:  parameters :  []
2023-03-09T09:31:32.577813+02:00 |  client ip  | maileva.INFO:  {"name":"R\u00e9siliation d'un abonnement t\u00e9l\u00e9phonique","custom_id":"01GV2EZKK7CEGCETJH0Y6CFVQS","custom_data":"{}","acknowledgement_of_receipt":true,"acknowledgement_of_receipt_scanning":false,"color_printing":true,"duplex_printing":false,"optional_address_sheet":false,"notification_email":"do_not_reply@maileva.com","sender_address_line_1":"tsilavina andrianaivonirina Fano","sender_address_line_2":"tsilavina andrianaivonirina Fano","sender_address_line_3":null,"sender_address_line_4":"10 avenue Charles de Gaulle","sender_address_line_5":"","sender_address_line_6":"75018 paris 18","sender_country_code":"FR","archiving_duration":3} []
2023-03-09T09:31:32.577949+02:00 |  client ip  | maileva.INFO:  ======================= []
2023-03-09T09:31:32.578015+02:00 |  client ip  | maileva.INFO:  connet to MailevaApi ...  :  []
2023-03-09T09:31:32.578047+02:00 |  client ip  | maileva.INFO:  ... []
2023-03-09T09:31:32.578085+02:00 |  client ip  | maileva.INFO:  ======================= []
2023-03-09T09:31:32.578124+02:00 |  client ip  | maileva.INFO:  user infos :  []
2023-03-09T09:31:32.578160+02:00 |  client ip  | maileva.INFO:  annonymous []
2023-03-09T09:31:33.496100+02:00 |  client ip  | maileva.INFO:  ======================= []
2023-03-09T09:31:33.496355+02:00 |  client ip  | maileva.INFO:  response postSending :  []
2023-03-09T09:31:33.496474+02:00 |  client ip  | maileva.INFO:  {"id":"404f26d3-4cf5-442e-9f7f-722430c3ca41","name":"R\u00e9siliation d'un abonnement t\u00e9l\u00e9phonique","status":"DRAFT","acknowledgement_of_receipt":true,"acknowledgement_of_receipt_scanning":false,"creation_date":"2023-03-09T07:31:33.391Z","documents_count":0,"custom_data":"{}","color_printing":true,"duplex_printing":false,"optional_address_sheet":false,"system_address_sheet":true,"notification_email":"do_not_reply@maileva.com","sender_country_code":"FR","archiving_duration":3,"recipients_counts":{"draft":0,"pending":0,"processed":0,"rejected":0,"total":0},"custom_id":"01GV2EZKK7CEGCETJH0Y6CFVQS","sender_address_line_1":"tsilavina andrianaivonirina Fano","sender_address_line_2":"tsilavina andrianaivonirina Fano","sender_address_line_4":"10 avenue Charles de Gaulle","sender_address_line_5":"","sender_address_line_6":"75018 paris 18"} []
2023-03-09T09:31:33.496597+02:00 |  client ip  | maileva.NOTICE:  ======================= []
2023-03-09T09:31:33.496683+02:00 |  client ip  | maileva.NOTICE:  ======================= []
2023-03-09T09:31:35.084940+02:00 |  client ip  | maileva.INFO:  ======================= []
2023-03-09T09:31:35.085193+02:00 |  client ip  | maileva.INFO:  parameters envoi :  []
2023-03-09T09:31:35.085294+02:00 |  client ip  | maileva.INFO:  {} []
2023-03-09T09:31:35.085376+02:00 |  client ip  | maileva.INFO:  ======================= []
2023-03-09T09:31:35.085434+02:00 |  client ip  | maileva.INFO:  connet to MailevaApi ...  :  []
2023-03-09T09:31:35.085487+02:00 |  client ip  | maileva.INFO:  ... []
2023-03-09T09:31:35.085540+02:00 |  client ip  | maileva.INFO:  ======================= []
2023-03-09T09:31:35.085590+02:00 |  client ip  | maileva.INFO:  user infos :  []
2023-03-09T09:31:35.085641+02:00 |  client ip  | maileva.INFO:  annonymous []
2023-03-09T09:31:36.303774+02:00 |  client ip  | maileva.INFO:  ======================= []
2023-03-09T09:31:36.303884+02:00 |  client ip  | maileva.INFO:  response addDocSending :  []
2023-03-09T09:31:36.303916+02:00 |  client ip  | maileva.INFO:  {"id":"a2edeaca-0401-4e14-b4e1-8744913a4a7d","name":"lettre_resiliation.pdf","priority":1,"type":"application\/pdf","size":49951,"converted_size":0,"pages_count":0,"sheets_count":0} []
2023-03-09T09:31:36.303977+02:00 |  client ip  | maileva.NOTICE:  ======================= []
2023-03-09T09:31:36.304033+02:00 |  client ip  | maileva.NOTICE:  ======================= []
2023-03-09T09:31:37.591779+02:00 |  client ip  | maileva.INFO:  ======================= []
2023-03-09T09:31:37.591882+02:00 |  client ip  | maileva.INFO:  parameters envoi :  []
2023-03-09T09:31:37.591915+02:00 |  client ip  | maileva.INFO:  {} []
2023-03-09T09:31:37.591981+02:00 |  client ip  | maileva.INFO:  ======================= []
2023-03-09T09:31:37.592010+02:00 |  client ip  | maileva.INFO:  connet to MailevaApi ...  :  []
2023-03-09T09:31:37.592036+02:00 |  client ip  | maileva.INFO:  ... []
2023-03-09T09:31:37.592080+02:00 |  client ip  | maileva.INFO:  ======================= []
2023-03-09T09:31:37.592104+02:00 |  client ip  | maileva.INFO:  user infos :  []
2023-03-09T09:31:37.592128+02:00 |  client ip  | maileva.INFO:  annonymous []
2023-03-09T09:31:38.272318+02:00 |  client ip  | maileva.INFO:  ======================= []
2023-03-09T09:31:38.272418+02:00 |  client ip  | maileva.INFO:  response addRecipient :  []
2023-03-09T09:31:38.272450+02:00 |  client ip  | maileva.INFO:  {"errors":[{"code":"ATTRIBUTE_WRONG_PARAMETER","message":"The parameter `pages_range` is wrong."}]} []
2023-03-09T09:31:38.272510+02:00 |  client ip  | maileva.NOTICE:  ======================= []
2023-03-09T09:31:38.272569+02:00 |  client ip  | maileva.NOTICE:  ======================= []
2023-03-09T09:32:42.692283+02:00 |  client ip  | maileva.INFO:  ======================= []
2023-03-09T09:32:42.692464+02:00 |  client ip  | maileva.INFO:  parameters :  []
2023-03-09T09:32:42.692513+02:00 |  client ip  | maileva.INFO:  {"name":"R\u00e9siliation d'un abonnement t\u00e9l\u00e9phonique","custom_id":"01GV2MJHBKHV6HF8C6ZHQSA8WG","custom_data":"{}","acknowledgement_of_receipt":true,"acknowledgement_of_receipt_scanning":false,"color_printing":true,"duplex_printing":false,"optional_address_sheet":false,"notification_email":"do_not_reply@maileva.com","sender_address_line_1":"andri fafa","sender_address_line_2":"andri fafa","sender_address_line_3":null,"sender_address_line_4":"40 avenue de Clichy","sender_address_line_5":"","sender_address_line_6":"75018 paris 18","sender_country_code":"FR","archiving_duration":3} []
2023-03-09T09:32:42.692613+02:00 |  client ip  | maileva.INFO:  ======================= []
2023-03-09T09:32:42.692660+02:00 |  client ip  | maileva.INFO:  connet to MailevaApi ...  :  []
2023-03-09T09:32:42.692697+02:00 |  client ip  | maileva.INFO:  ... []
2023-03-09T09:32:42.692735+02:00 |  client ip  | maileva.INFO:  ======================= []
2023-03-09T09:32:42.692770+02:00 |  client ip  | maileva.INFO:  user infos :  []
2023-03-09T09:32:42.692805+02:00 |  client ip  | maileva.INFO:  annonymous []
2023-03-09T09:32:44.006228+02:00 |  client ip  | maileva.INFO:  ======================= []
2023-03-09T09:32:44.006400+02:00 |  client ip  | maileva.INFO:  response postSending :  []
2023-03-09T09:32:44.006464+02:00 |  client ip  | maileva.INFO:  {"id":"1d84eb8a-a409-46a1-a00b-1fcb2ddc5e35","name":"R\u00e9siliation d'un abonnement t\u00e9l\u00e9phonique","status":"DRAFT","acknowledgement_of_receipt":true,"acknowledgement_of_receipt_scanning":false,"creation_date":"2023-03-09T07:32:43.903Z","documents_count":0,"custom_data":"{}","color_printing":true,"duplex_printing":false,"optional_address_sheet":false,"system_address_sheet":true,"notification_email":"do_not_reply@maileva.com","sender_country_code":"FR","archiving_duration":3,"recipients_counts":{"draft":0,"pending":0,"processed":0,"rejected":0,"total":0},"custom_id":"01GV2MJHBKHV6HF8C6ZHQSA8WG","sender_address_line_1":"andri fafa","sender_address_line_2":"andri fafa","sender_address_line_4":"40 avenue de Clichy","sender_address_line_5":"","sender_address_line_6":"75018 paris 18"} []
2023-03-09T09:32:44.006550+02:00 |  client ip  | maileva.NOTICE:  ======================= []
2023-03-09T09:32:44.006651+02:00 |  client ip  | maileva.NOTICE:  ======================= []
2023-03-09T09:32:47.688961+02:00 |  client ip  | maileva.INFO:  ======================= []
2023-03-09T09:32:47.689071+02:00 |  client ip  | maileva.INFO:  parameters envoi :  []
2023-03-09T09:32:47.689106+02:00 |  client ip  | maileva.INFO:  {} []
2023-03-09T09:32:47.689161+02:00 |  client ip  | maileva.INFO:  ======================= []
2023-03-09T09:32:47.689219+02:00 |  client ip  | maileva.INFO:  connet to MailevaApi ...  :  []
2023-03-09T09:32:47.689269+02:00 |  client ip  | maileva.INFO:  ... []
2023-03-09T09:32:47.689315+02:00 |  client ip  | maileva.INFO:  ======================= []
2023-03-09T09:32:47.689364+02:00 |  client ip  | maileva.INFO:  user infos :  []
2023-03-09T09:32:47.689398+02:00 |  client ip  | maileva.INFO:  annonymous []
2023-03-09T09:32:48.128228+02:00 |  client ip  | maileva.INFO:  ======================= []
2023-03-09T09:32:48.128418+02:00 |  client ip  | maileva.INFO:  response addDocSending :  []
2023-03-09T09:32:48.128504+02:00 |  client ip  | maileva.INFO:  null []
2023-03-09T09:32:48.128580+02:00 |  client ip  | maileva.NOTICE:  ======================= []
2023-03-09T09:32:48.128653+02:00 |  client ip  | maileva.NOTICE:  ======================= []
2023-03-09T09:35:24.190175+02:00 |  client ip  | maileva.INFO:  ======================= []
2023-03-09T09:35:24.190351+02:00 |  client ip  | maileva.INFO:  parameters :  []
2023-03-09T09:35:24.190404+02:00 |  client ip  | maileva.INFO:  {"name":"R\u00e9siliation d'un abonnement t\u00e9l\u00e9phonique","custom_id":"01GV2MJHBKHV6HF8C6ZHQSA8WG","custom_data":"{}","acknowledgement_of_receipt":true,"acknowledgement_of_receipt_scanning":false,"color_printing":true,"duplex_printing":false,"optional_address_sheet":false,"notification_email":"do_not_reply@maileva.com","sender_address_line_1":"andri fafa","sender_address_line_2":"andri fafa","sender_address_line_3":null,"sender_address_line_4":"40 avenue de Clichy","sender_address_line_5":"","sender_address_line_6":"75018 paris 18","sender_country_code":"FR","archiving_duration":3} []
2023-03-09T09:35:24.190484+02:00 |  client ip  | maileva.INFO:  ======================= []
2023-03-09T09:35:24.190520+02:00 |  client ip  | maileva.INFO:  connet to MailevaApi ...  :  []
2023-03-09T09:35:24.190550+02:00 |  client ip  | maileva.INFO:  ... []
2023-03-09T09:35:24.190590+02:00 |  client ip  | maileva.INFO:  ======================= []
2023-03-09T09:35:24.190622+02:00 |  client ip  | maileva.INFO:  user infos :  []
2023-03-09T09:35:24.190650+02:00 |  client ip  | maileva.INFO:  annonymous []
2023-03-09T09:35:25.379051+02:00 |  client ip  | maileva.INFO:  ======================= []
2023-03-09T09:35:25.379259+02:00 |  client ip  | maileva.INFO:  response postSending :  []
2023-03-09T09:35:25.379306+02:00 |  client ip  | maileva.INFO:  {"id":"b397b332-73d2-4953-82b5-3ea98740d7e5","name":"R\u00e9siliation d'un abonnement t\u00e9l\u00e9phonique","status":"DRAFT","acknowledgement_of_receipt":true,"acknowledgement_of_receipt_scanning":false,"creation_date":"2023-03-09T07:35:25.278Z","documents_count":0,"custom_data":"{}","color_printing":true,"duplex_printing":false,"optional_address_sheet":false,"system_address_sheet":true,"notification_email":"do_not_reply@maileva.com","sender_country_code":"FR","archiving_duration":3,"recipients_counts":{"draft":0,"pending":0,"processed":0,"rejected":0,"total":0},"custom_id":"01GV2MJHBKHV6HF8C6ZHQSA8WG","sender_address_line_1":"andri fafa","sender_address_line_2":"andri fafa","sender_address_line_4":"40 avenue de Clichy","sender_address_line_5":"","sender_address_line_6":"75018 paris 18"} []
2023-03-09T09:35:25.379371+02:00 |  client ip  | maileva.NOTICE:  ======================= []
2023-03-09T09:35:25.379412+02:00 |  client ip  | maileva.NOTICE:  ======================= []
2023-03-09T09:35:26.611021+02:00 |  client ip  | maileva.INFO:  ======================= []
2023-03-09T09:35:26.611134+02:00 |  client ip  | maileva.INFO:  parameters envoi :  []
2023-03-09T09:35:26.611174+02:00 |  client ip  | maileva.INFO:  {} []
2023-03-09T09:35:26.611212+02:00 |  client ip  | maileva.INFO:  ======================= []
2023-03-09T09:35:26.611244+02:00 |  client ip  | maileva.INFO:  connet to MailevaApi ...  :  []
2023-03-09T09:35:26.611276+02:00 |  client ip  | maileva.INFO:  ... []
2023-03-09T09:35:26.611306+02:00 |  client ip  | maileva.INFO:  ======================= []
2023-03-09T09:35:26.611336+02:00 |  client ip  | maileva.INFO:  user infos :  []
2023-03-09T09:35:26.611364+02:00 |  client ip  | maileva.INFO:  annonymous []
2023-03-09T09:35:27.403960+02:00 |  client ip  | maileva.INFO:  ======================= []
2023-03-09T09:35:27.404121+02:00 |  client ip  | maileva.INFO:  response addDocSending :  []
2023-03-09T09:35:27.404199+02:00 |  client ip  | maileva.INFO:  {"id":"3d6d444a-f1fe-4222-b063-9009fe38dcb3","name":"lettre_resiliation.pdf","priority":1,"type":"application\/pdf","size":857,"converted_size":0,"pages_count":0,"sheets_count":0} []
2023-03-09T09:35:27.404256+02:00 |  client ip  | maileva.NOTICE:  ======================= []
2023-03-09T09:35:27.404307+02:00 |  client ip  | maileva.NOTICE:  ======================= []
2023-03-09T09:35:28.663189+02:00 |  client ip  | maileva.INFO:  ======================= []
2023-03-09T09:35:28.663320+02:00 |  client ip  | maileva.INFO:  parameters envoi :  []
2023-03-09T09:35:28.663362+02:00 |  client ip  | maileva.INFO:  {} []
2023-03-09T09:35:28.663404+02:00 |  client ip  | maileva.INFO:  ======================= []
2023-03-09T09:35:28.663440+02:00 |  client ip  | maileva.INFO:  connet to MailevaApi ...  :  []
2023-03-09T09:35:28.663472+02:00 |  client ip  | maileva.INFO:  ... []
2023-03-09T09:35:28.663505+02:00 |  client ip  | maileva.INFO:  ======================= []
2023-03-09T09:35:28.663535+02:00 |  client ip  | maileva.INFO:  user infos :  []
2023-03-09T09:35:28.663566+02:00 |  client ip  | maileva.INFO:  annonymous []
2023-03-09T09:35:29.334933+02:00 |  client ip  | maileva.INFO:  ======================= []
2023-03-09T09:35:29.335061+02:00 |  client ip  | maileva.INFO:  response addRecipient :  []
2023-03-09T09:35:29.335109+02:00 |  client ip  | maileva.INFO:  {"errors":[{"code":"ATTRIBUTE_WRONG_PARAMETER","message":"The parameter `pages_range` is wrong."}]} []
2023-03-09T09:35:29.335153+02:00 |  client ip  | maileva.NOTICE:  ======================= []
2023-03-09T09:35:29.335191+02:00 |  client ip  | maileva.NOTICE:  ======================= []
2023-03-09T09:36:31.464296+02:00 |  client ip  | maileva.INFO:  ======================= []
2023-03-09T09:36:31.464602+02:00 |  client ip  | maileva.INFO:  parameters :  []
2023-03-09T09:36:31.464700+02:00 |  client ip  | maileva.INFO:  {"name":"R\u00e9siliation d'un abonnement t\u00e9l\u00e9phonique","custom_id":"01GV2MSH2F97GNDX3JWSF2J4VB","custom_data":"{}","acknowledgement_of_receipt":true,"acknowledgement_of_receipt_scanning":false,"color_printing":true,"duplex_printing":false,"optional_address_sheet":false,"notification_email":"do_not_reply@maileva.com","sender_address_line_1":"tsilavina andrianaivonirina Fano","sender_address_line_2":"tsilavina andrianaivonirina Fano","sender_address_line_3":null,"sender_address_line_4":"40 avenue de Clichy","sender_address_line_5":"","sender_address_line_6":"75018 paris 18","sender_country_code":"FR","archiving_duration":3} []
2023-03-09T09:36:31.464888+02:00 |  client ip  | maileva.INFO:  ======================= []
2023-03-09T09:36:31.464984+02:00 |  client ip  | maileva.INFO:  connet to MailevaApi ...  :  []
2023-03-09T09:36:31.465073+02:00 |  client ip  | maileva.INFO:  ... []
2023-03-09T09:36:31.465151+02:00 |  client ip  | maileva.INFO:  ======================= []
2023-03-09T09:36:31.465222+02:00 |  client ip  | maileva.INFO:  user infos :  []
2023-03-09T09:36:31.465291+02:00 |  client ip  | maileva.INFO:  annonymous []
2023-03-09T09:36:32.234296+02:00 |  client ip  | maileva.INFO:  ======================= []
2023-03-09T09:36:32.234441+02:00 |  client ip  | maileva.INFO:  response postSending :  []
2023-03-09T09:36:32.234499+02:00 |  client ip  | maileva.INFO:  {"id":"12a52716-8df9-4332-a9aa-89b14f188e71","name":"R\u00e9siliation d'un abonnement t\u00e9l\u00e9phonique","status":"DRAFT","acknowledgement_of_receipt":true,"acknowledgement_of_receipt_scanning":false,"creation_date":"2023-03-09T07:36:32.133Z","documents_count":0,"custom_data":"{}","color_printing":true,"duplex_printing":false,"optional_address_sheet":false,"system_address_sheet":true,"notification_email":"do_not_reply@maileva.com","sender_country_code":"FR","archiving_duration":3,"recipients_counts":{"draft":0,"pending":0,"processed":0,"rejected":0,"total":0},"custom_id":"01GV2MSH2F97GNDX3JWSF2J4VB","sender_address_line_1":"tsilavina andrianaivonirina Fano","sender_address_line_2":"tsilavina andrianaivonirina Fano","sender_address_line_4":"40 avenue de Clichy","sender_address_line_5":"","sender_address_line_6":"75018 paris 18"} []
2023-03-09T09:36:32.234566+02:00 |  client ip  | maileva.NOTICE:  ======================= []
2023-03-09T09:36:32.234633+02:00 |  client ip  | maileva.NOTICE:  ======================= []
2023-03-09T09:36:34.383152+02:00 |  client ip  | maileva.INFO:  ======================= []
2023-03-09T09:36:34.383316+02:00 |  client ip  | maileva.INFO:  parameters envoi :  []
2023-03-09T09:36:34.383386+02:00 |  client ip  | maileva.INFO:  {} []
2023-03-09T09:36:34.383456+02:00 |  client ip  | maileva.INFO:  ======================= []
2023-03-09T09:36:34.383515+02:00 |  client ip  | maileva.INFO:  connet to MailevaApi ...  :  []
2023-03-09T09:36:34.383571+02:00 |  client ip  | maileva.INFO:  ... []
2023-03-09T09:36:34.383627+02:00 |  client ip  | maileva.INFO:  ======================= []
2023-03-09T09:36:34.383680+02:00 |  client ip  | maileva.INFO:  user infos :  []
2023-03-09T09:36:34.383734+02:00 |  client ip  | maileva.INFO:  annonymous []
2023-03-09T09:36:35.193163+02:00 |  client ip  | maileva.INFO:  ======================= []
2023-03-09T09:36:35.193336+02:00 |  client ip  | maileva.INFO:  response addDocSending :  []
2023-03-09T09:36:35.193417+02:00 |  client ip  | maileva.INFO:  {"id":"8705341f-fbc3-4860-8f16-aee5c39d7f50","name":"lettre_resiliation.pdf","priority":1,"type":"application\/pdf","size":857,"converted_size":0,"pages_count":0,"sheets_count":0} []
2023-03-09T09:36:35.193489+02:00 |  client ip  | maileva.NOTICE:  ======================= []
2023-03-09T09:36:35.193553+02:00 |  client ip  | maileva.NOTICE:  ======================= []
2023-03-09T09:36:36.542837+02:00 |  client ip  | maileva.INFO:  ======================= []
2023-03-09T09:36:36.543035+02:00 |  client ip  | maileva.INFO:  parameters envoi :  []
2023-03-09T09:36:36.543124+02:00 |  client ip  | maileva.INFO:  {} []
2023-03-09T09:36:36.543201+02:00 |  client ip  | maileva.INFO:  ======================= []
2023-03-09T09:36:36.543270+02:00 |  client ip  | maileva.INFO:  connet to MailevaApi ...  :  []
2023-03-09T09:36:36.543334+02:00 |  client ip  | maileva.INFO:  ... []
2023-03-09T09:36:36.543400+02:00 |  client ip  | maileva.INFO:  ======================= []
2023-03-09T09:36:36.543462+02:00 |  client ip  | maileva.INFO:  user infos :  []
2023-03-09T09:36:36.543525+02:00 |  client ip  | maileva.INFO:  annonymous []
2023-03-09T09:36:37.207907+02:00 |  client ip  | maileva.INFO:  ======================= []
2023-03-09T09:36:37.208099+02:00 |  client ip  | maileva.INFO:  response addRecipient :  []
2023-03-09T09:36:37.208150+02:00 |  client ip  | maileva.INFO:  {"errors":[{"code":"ATTRIBUTE_WRONG_PARAMETER","message":"The parameter `pages_range` is wrong."}]} []
2023-03-09T09:36:37.208183+02:00 |  client ip  | maileva.NOTICE:  ======================= []
2023-03-09T09:36:37.208212+02:00 |  client ip  | maileva.NOTICE:  ======================= []
2023-03-09T09:41:15.932718+02:00 |  client ip  | maileva.INFO:  ======================= []
2023-03-09T09:41:15.962040+02:00 |  client ip  | maileva.INFO:  parameters :  []
2023-03-09T09:41:15.962113+02:00 |  client ip  | maileva.INFO:  {"name":"R\u00e9siliation d'un abonnement t\u00e9l\u00e9phonique","custom_id":"01GV2MSH2F97GNDX3JWSF2J4VB","custom_data":"{}","acknowledgement_of_receipt":true,"acknowledgement_of_receipt_scanning":false,"color_printing":true,"duplex_printing":false,"optional_address_sheet":false,"notification_email":"do_not_reply@maileva.com","sender_address_line_1":"tsilavina andrianaivonirina Fano","sender_address_line_2":"tsilavina andrianaivonirina Fano","sender_address_line_3":null,"sender_address_line_4":"40 avenue de Clichy","sender_address_line_5":"","sender_address_line_6":"75018 paris 18","sender_country_code":"FR","archiving_duration":3} []
2023-03-09T09:41:15.962275+02:00 |  client ip  | maileva.INFO:  ======================= []
2023-03-09T09:41:15.962335+02:00 |  client ip  | maileva.INFO:  connet to MailevaApi ...  :  []
2023-03-09T09:41:15.962392+02:00 |  client ip  | maileva.INFO:  ... []
2023-03-09T09:41:15.962439+02:00 |  client ip  | maileva.INFO:  ======================= []
2023-03-09T09:41:15.962466+02:00 |  client ip  | maileva.INFO:  user infos :  []
2023-03-09T09:41:15.962493+02:00 |  client ip  | maileva.INFO:  annonymous []
2023-03-09T09:41:16.965787+02:00 |  client ip  | maileva.INFO:  ======================= []
2023-03-09T09:41:16.965960+02:00 |  client ip  | maileva.INFO:  response postSending :  []
2023-03-09T09:41:16.966037+02:00 |  client ip  | maileva.INFO:  {"id":"2327a09e-a8a7-44b7-9430-4666d063893c","name":"R\u00e9siliation d'un abonnement t\u00e9l\u00e9phonique","status":"DRAFT","acknowledgement_of_receipt":true,"acknowledgement_of_receipt_scanning":false,"creation_date":"2023-03-09T07:41:16.867Z","documents_count":0,"custom_data":"{}","color_printing":true,"duplex_printing":false,"optional_address_sheet":false,"system_address_sheet":true,"notification_email":"do_not_reply@maileva.com","sender_country_code":"FR","archiving_duration":3,"recipients_counts":{"draft":0,"pending":0,"processed":0,"rejected":0,"total":0},"custom_id":"01GV2MSH2F97GNDX3JWSF2J4VB","sender_address_line_1":"tsilavina andrianaivonirina Fano","sender_address_line_2":"tsilavina andrianaivonirina Fano","sender_address_line_4":"40 avenue de Clichy","sender_address_line_5":"","sender_address_line_6":"75018 paris 18"} []
2023-03-09T09:41:16.966112+02:00 |  client ip  | maileva.NOTICE:  ======================= []
2023-03-09T09:41:16.966176+02:00 |  client ip  | maileva.NOTICE:  ======================= []
2023-03-09T09:41:18.206995+02:00 |  client ip  | maileva.INFO:  ======================= []
2023-03-09T09:41:18.207158+02:00 |  client ip  | maileva.INFO:  parameters envoi :  []
2023-03-09T09:41:18.207194+02:00 |  client ip  | maileva.INFO:  {} []
2023-03-09T09:41:18.207230+02:00 |  client ip  | maileva.INFO:  ======================= []
2023-03-09T09:41:18.207261+02:00 |  client ip  | maileva.INFO:  connet to MailevaApi ...  :  []
2023-03-09T09:41:18.207289+02:00 |  client ip  | maileva.INFO:  ... []
2023-03-09T09:41:18.207318+02:00 |  client ip  | maileva.INFO:  ======================= []
2023-03-09T09:41:18.207344+02:00 |  client ip  | maileva.INFO:  user infos :  []
2023-03-09T09:41:18.207372+02:00 |  client ip  | maileva.INFO:  annonymous []
2023-03-09T09:41:19.082016+02:00 |  client ip  | maileva.INFO:  ======================= []
2023-03-09T09:41:19.082184+02:00 |  client ip  | maileva.INFO:  response addDocSending :  []
2023-03-09T09:41:19.082252+02:00 |  client ip  | maileva.INFO:  {"id":"c47bb3f8-52ed-4bf5-be34-98fab0b6f7f0","name":"lettre_resiliation.pdf","priority":1,"type":"application\/pdf","size":857,"converted_size":0,"pages_count":0,"sheets_count":0} []
2023-03-09T09:41:19.082338+02:00 |  client ip  | maileva.NOTICE:  ======================= []
2023-03-09T09:41:19.082397+02:00 |  client ip  | maileva.NOTICE:  ======================= []
2023-03-09T09:41:20.804084+02:00 |  client ip  | maileva.INFO:  ======================= []
2023-03-09T09:41:20.804249+02:00 |  client ip  | maileva.INFO:  parameters envoi :  []
2023-03-09T09:41:20.804285+02:00 |  client ip  | maileva.INFO:  {} []
2023-03-09T09:41:20.804331+02:00 |  client ip  | maileva.INFO:  ======================= []
2023-03-09T09:41:20.804376+02:00 |  client ip  | maileva.INFO:  connet to MailevaApi ...  :  []
2023-03-09T09:41:20.804404+02:00 |  client ip  | maileva.INFO:  ... []
2023-03-09T09:41:20.804442+02:00 |  client ip  | maileva.INFO:  ======================= []
2023-03-09T09:41:20.804483+02:00 |  client ip  | maileva.INFO:  user infos :  []
2023-03-09T09:41:20.804508+02:00 |  client ip  | maileva.INFO:  annonymous []
2023-03-09T09:41:21.464247+02:00 |  client ip  | maileva.INFO:  ======================= []
2023-03-09T09:41:21.464394+02:00 |  client ip  | maileva.INFO:  response addRecipient :  []
2023-03-09T09:41:21.464451+02:00 |  client ip  | maileva.INFO:  {"errors":[{"code":"ATTRIBUTE_WRONG_PARAMETER","message":"The parameter `pages_range` is wrong."}]} []
2023-03-09T09:41:21.464505+02:00 |  client ip  | maileva.NOTICE:  ======================= []
2023-03-09T09:41:21.464551+02:00 |  client ip  | maileva.NOTICE:  ======================= []
2023-03-09T09:59:32.544808+02:00 |  client ip  | maileva.INFO:  ======================= []
2023-03-09T09:59:32.581058+02:00 |  client ip  | maileva.INFO:  parameters :  []
2023-03-09T09:59:32.581131+02:00 |  client ip  | maileva.INFO:  {"name":"R\u00e9siliation d'un abonnement t\u00e9l\u00e9phonique","custom_id":"01GV2MSH2F97GNDX3JWSF2J4VB","custom_data":"{}","acknowledgement_of_receipt":true,"acknowledgement_of_receipt_scanning":false,"color_printing":true,"duplex_printing":false,"optional_address_sheet":false,"notification_email":"do_not_reply@maileva.com","sender_address_line_1":"tsilavina andrianaivonirina Fano","sender_address_line_2":"tsilavina andrianaivonirina Fano","sender_address_line_3":null,"sender_address_line_4":"40 avenue de Clichy","sender_address_line_5":"","sender_address_line_6":"75018 paris 18","sender_country_code":"FR","archiving_duration":3} []
2023-03-09T09:59:32.581276+02:00 |  client ip  | maileva.INFO:  ======================= []
2023-03-09T09:59:32.581340+02:00 |  client ip  | maileva.INFO:  connet to MailevaApi ...  :  []
2023-03-09T09:59:32.581367+02:00 |  client ip  | maileva.INFO:  ... []
2023-03-09T09:59:32.581407+02:00 |  client ip  | maileva.INFO:  ======================= []
2023-03-09T09:59:32.581433+02:00 |  client ip  | maileva.INFO:  user infos :  []
2023-03-09T09:59:32.581459+02:00 |  client ip  | maileva.INFO:  annonymous []
2023-03-09T09:59:33.493973+02:00 |  client ip  | maileva.INFO:  ======================= []
2023-03-09T09:59:33.494112+02:00 |  client ip  | maileva.INFO:  response postSending :  []
2023-03-09T09:59:33.494174+02:00 |  client ip  | maileva.INFO:  {"id":"0f4c7945-86dc-413b-b1cc-8c5c555dea89","name":"R\u00e9siliation d'un abonnement t\u00e9l\u00e9phonique","status":"DRAFT","acknowledgement_of_receipt":true,"acknowledgement_of_receipt_scanning":false,"creation_date":"2023-03-09T07:59:33.386Z","documents_count":0,"custom_data":"{}","color_printing":true,"duplex_printing":false,"optional_address_sheet":false,"system_address_sheet":true,"notification_email":"do_not_reply@maileva.com","sender_country_code":"FR","archiving_duration":3,"recipients_counts":{"draft":0,"pending":0,"processed":0,"rejected":0,"total":0},"custom_id":"01GV2MSH2F97GNDX3JWSF2J4VB","sender_address_line_1":"tsilavina andrianaivonirina Fano","sender_address_line_2":"tsilavina andrianaivonirina Fano","sender_address_line_4":"40 avenue de Clichy","sender_address_line_5":"","sender_address_line_6":"75018 paris 18"} []
2023-03-09T09:59:33.494264+02:00 |  client ip  | maileva.NOTICE:  ======================= []
2023-03-09T09:59:33.494323+02:00 |  client ip  | maileva.NOTICE:  ======================= []
2023-03-09T09:59:35.120715+02:00 |  client ip  | maileva.INFO:  ======================= []
2023-03-09T09:59:35.120861+02:00 |  client ip  | maileva.INFO:  parameters envoi :  []
2023-03-09T09:59:35.120917+02:00 |  client ip  | maileva.INFO:  {} []
2023-03-09T09:59:35.120976+02:00 |  client ip  | maileva.INFO:  ======================= []
2023-03-09T09:59:35.121021+02:00 |  client ip  | maileva.INFO:  connet to MailevaApi ...  :  []
2023-03-09T09:59:35.121065+02:00 |  client ip  | maileva.INFO:  ... []
2023-03-09T09:59:35.121109+02:00 |  client ip  | maileva.INFO:  ======================= []
2023-03-09T09:59:35.121150+02:00 |  client ip  | maileva.INFO:  user infos :  []
2023-03-09T09:59:35.121191+02:00 |  client ip  | maileva.INFO:  annonymous []
2023-03-09T09:59:36.074751+02:00 |  client ip  | maileva.INFO:  ======================= []
2023-03-09T09:59:36.074885+02:00 |  client ip  | maileva.INFO:  response addDocSending :  []
2023-03-09T09:59:36.074935+02:00 |  client ip  | maileva.INFO:  {"id":"0c30fb9a-48ba-4496-babd-abcd4ed17d93","name":"lettre_resiliation.pdf","priority":1,"type":"application\/pdf","size":857,"converted_size":0,"pages_count":0,"sheets_count":0} []
2023-03-09T09:59:36.074983+02:00 |  client ip  | maileva.NOTICE:  ======================= []
2023-03-09T09:59:36.075028+02:00 |  client ip  | maileva.NOTICE:  ======================= []
2023-03-09T09:59:37.271820+02:00 |  client ip  | maileva.INFO:  ======================= []
2023-03-09T09:59:37.271941+02:00 |  client ip  | maileva.INFO:  parameters envoi :  []
2023-03-09T09:59:37.271986+02:00 |  client ip  | maileva.INFO:  {} []
2023-03-09T09:59:37.272046+02:00 |  client ip  | maileva.INFO:  ======================= []
2023-03-09T09:59:37.272101+02:00 |  client ip  | maileva.INFO:  connet to MailevaApi ...  :  []
2023-03-09T09:59:37.272138+02:00 |  client ip  | maileva.INFO:  ... []
2023-03-09T09:59:37.272164+02:00 |  client ip  | maileva.INFO:  ======================= []
2023-03-09T09:59:37.272218+02:00 |  client ip  | maileva.INFO:  user infos :  []
2023-03-09T09:59:37.272273+02:00 |  client ip  | maileva.INFO:  annonymous []
2023-03-09T09:59:37.996323+02:00 |  client ip  | maileva.INFO:  ======================= []
2023-03-09T09:59:37.996844+02:00 |  client ip  | maileva.INFO:  response addRecipient :  []
2023-03-09T09:59:37.996912+02:00 |  client ip  | maileva.INFO:  {"errors":[{"code":"ATTRIBUTE_WRONG_PARAMETER","message":"The parameter `pages_range` is wrong."}]} []
2023-03-09T09:59:37.996975+02:00 |  client ip  | maileva.NOTICE:  ======================= []
2023-03-09T09:59:37.997035+02:00 |  client ip  | maileva.NOTICE:  ======================= []
2023-03-09T10:00:47.779517+02:00 |  client ip  | maileva.INFO:  ======================= []
2023-03-09T10:00:47.779802+02:00 |  client ip  | maileva.INFO:  parameters :  []
2023-03-09T10:00:47.779889+02:00 |  client ip  | maileva.INFO:  {"name":"R\u00e9siliation d'un abonnement t\u00e9l\u00e9phonique","custom_id":"01GV2P5V0M0CJZYDDE0V3JJV4R","custom_data":"{}","acknowledgement_of_receipt":true,"acknowledgement_of_receipt_scanning":false,"color_printing":true,"duplex_printing":false,"optional_address_sheet":false,"notification_email":"do_not_reply@maileva.com","sender_address_line_1":"tsilavina andrianaivonirina fanomezana","sender_address_line_2":"tsilavina andrianaivonirina fanomezana","sender_address_line_3":null,"sender_address_line_4":"10 avenue Charles de Gaulle","sender_address_line_5":"","sender_address_line_6":"94673 Charenton-Le-Pont","sender_country_code":"FR","archiving_duration":3} []
2023-03-09T10:00:47.780041+02:00 |  client ip  | maileva.INFO:  ======================= []
2023-03-09T10:00:47.780137+02:00 |  client ip  | maileva.INFO:  connet to MailevaApi ...  :  []
2023-03-09T10:00:47.780208+02:00 |  client ip  | maileva.INFO:  ... []
2023-03-09T10:00:47.780274+02:00 |  client ip  | maileva.INFO:  ======================= []
2023-03-09T10:00:47.780353+02:00 |  client ip  | maileva.INFO:  user infos :  []
2023-03-09T10:00:47.780423+02:00 |  client ip  | maileva.INFO:  annonymous []
2023-03-09T10:00:48.684647+02:00 |  client ip  | maileva.INFO:  ======================= []
2023-03-09T10:00:48.684922+02:00 |  client ip  | maileva.INFO:  response postSending :  []
2023-03-09T10:00:48.684993+02:00 |  client ip  | maileva.INFO:  {"id":"9c5bcd00-da7a-4b62-ae39-7368a85d2a52","name":"R\u00e9siliation d'un abonnement t\u00e9l\u00e9phonique","status":"DRAFT","acknowledgement_of_receipt":true,"acknowledgement_of_receipt_scanning":false,"creation_date":"2023-03-09T08:00:48.582Z","documents_count":0,"custom_data":"{}","color_printing":true,"duplex_printing":false,"optional_address_sheet":false,"system_address_sheet":true,"notification_email":"do_not_reply@maileva.com","sender_country_code":"FR","archiving_duration":3,"recipients_counts":{"draft":0,"pending":0,"processed":0,"rejected":0,"total":0},"custom_id":"01GV2P5V0M0CJZYDDE0V3JJV4R","sender_address_line_1":"tsilavina andrianaivonirina fanomezana","sender_address_line_2":"tsilavina andrianaivonirina fanomezana","sender_address_line_4":"10 avenue Charles de Gaulle","sender_address_line_5":"","sender_address_line_6":"94673 Charenton-Le-Pont"} []
2023-03-09T10:00:48.685064+02:00 |  client ip  | maileva.NOTICE:  ======================= []
2023-03-09T10:00:48.685122+02:00 |  client ip  | maileva.NOTICE:  ======================= []
2023-03-09T10:00:51.430736+02:00 |  client ip  | maileva.INFO:  ======================= []
2023-03-09T10:00:51.430848+02:00 |  client ip  | maileva.INFO:  parameters envoi :  []
2023-03-09T10:00:51.430882+02:00 |  client ip  | maileva.INFO:  {} []
2023-03-09T10:00:51.430943+02:00 |  client ip  | maileva.INFO:  ======================= []
2023-03-09T10:00:51.430969+02:00 |  client ip  | maileva.INFO:  connet to MailevaApi ...  :  []
2023-03-09T10:00:51.430995+02:00 |  client ip  | maileva.INFO:  ... []
2023-03-09T10:00:51.431049+02:00 |  client ip  | maileva.INFO:  ======================= []
2023-03-09T10:00:51.431072+02:00 |  client ip  | maileva.INFO:  user infos :  []
2023-03-09T10:00:51.431096+02:00 |  client ip  | maileva.INFO:  annonymous []
2023-03-09T10:00:52.204514+02:00 |  client ip  | maileva.INFO:  ======================= []
2023-03-09T10:00:52.204674+02:00 |  client ip  | maileva.INFO:  response addDocSending :  []
2023-03-09T10:00:52.204735+02:00 |  client ip  | maileva.INFO:  {"id":"5eafc08b-5105-432e-b925-64c45adf8ae6","name":"lettre_resiliation.pdf","priority":1,"type":"application\/pdf","size":857,"converted_size":0,"pages_count":0,"sheets_count":0} []
2023-03-09T10:00:52.204791+02:00 |  client ip  | maileva.NOTICE:  ======================= []
2023-03-09T10:00:52.204841+02:00 |  client ip  | maileva.NOTICE:  ======================= []
2023-03-09T10:00:53.318074+02:00 |  client ip  | maileva.INFO:  ======================= []
2023-03-09T10:00:53.318248+02:00 |  client ip  | maileva.INFO:  parameters envoi :  []
2023-03-09T10:00:53.318322+02:00 |  client ip  | maileva.INFO:  {} []
2023-03-09T10:00:53.318394+02:00 |  client ip  | maileva.INFO:  ======================= []
2023-03-09T10:00:53.318456+02:00 |  client ip  | maileva.INFO:  connet to MailevaApi ...  :  []
2023-03-09T10:00:53.318514+02:00 |  client ip  | maileva.INFO:  ... []
2023-03-09T10:00:53.318573+02:00 |  client ip  | maileva.INFO:  ======================= []
2023-03-09T10:00:53.318652+02:00 |  client ip  | maileva.INFO:  user infos :  []
2023-03-09T10:00:53.318712+02:00 |  client ip  | maileva.INFO:  annonymous []
2023-03-09T10:00:53.970565+02:00 |  client ip  | maileva.INFO:  ======================= []
2023-03-09T10:00:53.970838+02:00 |  client ip  | maileva.INFO:  response addRecipient :  []
2023-03-09T10:00:53.970956+02:00 |  client ip  | maileva.INFO:  {"errors":[{"code":"ATTRIBUTE_WRONG_PARAMETER","message":"The parameter `pages_range` is wrong."}]} []
2023-03-09T10:00:53.971065+02:00 |  client ip  | maileva.NOTICE:  ======================= []
2023-03-09T10:00:53.971163+02:00 |  client ip  | maileva.NOTICE:  ======================= []
2023-03-09T10:15:56.593200+02:00 |  client ip  | maileva.INFO:  ======================= []
2023-03-09T10:15:56.600163+02:00 |  client ip  | maileva.INFO:  parameters :  []
2023-03-09T10:15:56.600215+02:00 |  client ip  | maileva.INFO:  {"name":"R\u00e9siliation d'un abonnement t\u00e9l\u00e9phonique","custom_id":"01GV2Q1MNXV178A5MWCAK3SSQP","custom_data":"{}","acknowledgement_of_receipt":true,"acknowledgement_of_receipt_scanning":false,"color_printing":true,"duplex_printing":false,"optional_address_sheet":false,"notification_email":"do_not_reply@maileva.com","sender_address_line_1":"tsila Fano","sender_address_line_2":"tsila Fano","sender_address_line_3":null,"sender_address_line_4":"40 avenue de Clichy","sender_address_line_5":"","sender_address_line_6":"75018 paris 18","sender_country_code":"FR","archiving_duration":3} []
2023-03-09T10:15:56.600296+02:00 |  client ip  | maileva.INFO:  ======================= []
2023-03-09T10:15:56.600332+02:00 |  client ip  | maileva.INFO:  connet to MailevaApi ...  :  []
2023-03-09T10:15:56.600360+02:00 |  client ip  | maileva.INFO:  ... []
2023-03-09T10:15:56.600389+02:00 |  client ip  | maileva.INFO:  ======================= []
2023-03-09T10:15:56.600415+02:00 |  client ip  | maileva.INFO:  user infos :  []
2023-03-09T10:15:56.600441+02:00 |  client ip  | maileva.INFO:  annonymous []
2023-03-09T10:15:57.585818+02:00 |  client ip  | maileva.INFO:  ======================= []
2023-03-09T10:15:57.586062+02:00 |  client ip  | maileva.INFO:  response postSending :  []
2023-03-09T10:15:57.586183+02:00 |  client ip  | maileva.INFO:  {"id":"3271491d-25d1-43c2-aa31-402715194fde","name":"R\u00e9siliation d'un abonnement t\u00e9l\u00e9phonique","status":"DRAFT","acknowledgement_of_receipt":true,"acknowledgement_of_receipt_scanning":false,"creation_date":"2023-03-09T08:15:57.458Z","documents_count":0,"custom_data":"{}","color_printing":true,"duplex_printing":false,"optional_address_sheet":false,"system_address_sheet":true,"notification_email":"do_not_reply@maileva.com","sender_country_code":"FR","archiving_duration":3,"recipients_counts":{"draft":0,"pending":0,"processed":0,"rejected":0,"total":0},"custom_id":"01GV2Q1MNXV178A5MWCAK3SSQP","sender_address_line_1":"tsila Fano","sender_address_line_2":"tsila Fano","sender_address_line_4":"40 avenue de Clichy","sender_address_line_5":"","sender_address_line_6":"75018 paris 18"} []
2023-03-09T10:15:57.586294+02:00 |  client ip  | maileva.NOTICE:  ======================= []
2023-03-09T10:15:57.586390+02:00 |  client ip  | maileva.NOTICE:  ======================= []
2023-03-09T10:15:59.850642+02:00 |  client ip  | maileva.INFO:  ======================= []
2023-03-09T10:15:59.850874+02:00 |  client ip  | maileva.INFO:  parameters envoi :  []
2023-03-09T10:15:59.850976+02:00 |  client ip  | maileva.INFO:  {} []
2023-03-09T10:15:59.851074+02:00 |  client ip  | maileva.INFO:  ======================= []
2023-03-09T10:15:59.851159+02:00 |  client ip  | maileva.INFO:  connet to MailevaApi ...  :  []
2023-03-09T10:15:59.851237+02:00 |  client ip  | maileva.INFO:  ... []
2023-03-09T10:15:59.851315+02:00 |  client ip  | maileva.INFO:  ======================= []
2023-03-09T10:15:59.851389+02:00 |  client ip  | maileva.INFO:  user infos :  []
2023-03-09T10:15:59.851464+02:00 |  client ip  | maileva.INFO:  annonymous []
2023-03-09T10:16:00.758641+02:00 |  client ip  | maileva.INFO:  ======================= []
2023-03-09T10:16:00.758805+02:00 |  client ip  | maileva.INFO:  response addDocSending :  []
2023-03-09T10:16:00.758878+02:00 |  client ip  | maileva.INFO:  {"id":"199707ad-8c7a-49d2-a704-c617b5df715a","name":"lettre_resiliation.pdf","priority":1,"type":"application\/pdf","size":857,"converted_size":0,"pages_count":0,"sheets_count":0} []
2023-03-09T10:16:00.758945+02:00 |  client ip  | maileva.NOTICE:  ======================= []
2023-03-09T10:16:00.759007+02:00 |  client ip  | maileva.NOTICE:  ======================= []
2023-03-09T10:16:01.834934+02:00 |  client ip  | maileva.INFO:  ======================= []
2023-03-09T10:16:01.835062+02:00 |  client ip  | maileva.INFO:  parameters envoi :  []
2023-03-09T10:16:01.835096+02:00 |  client ip  | maileva.INFO:  {} []
2023-03-09T10:16:01.835158+02:00 |  client ip  | maileva.INFO:  ======================= []
2023-03-09T10:16:01.835198+02:00 |  client ip  | maileva.INFO:  connet to MailevaApi ...  :  []
2023-03-09T10:16:01.835239+02:00 |  client ip  | maileva.INFO:  ... []
2023-03-09T10:16:01.835281+02:00 |  client ip  | maileva.INFO:  ======================= []
2023-03-09T10:16:01.835322+02:00 |  client ip  | maileva.INFO:  user infos :  []
2023-03-09T10:16:01.835347+02:00 |  client ip  | maileva.INFO:  annonymous []
2023-03-09T10:16:02.501226+02:00 |  client ip  | maileva.INFO:  ======================= []
2023-03-09T10:16:02.501404+02:00 |  client ip  | maileva.INFO:  response addRecipient :  []
2023-03-09T10:16:02.501484+02:00 |  client ip  | maileva.INFO:  {"errors":[{"code":"ATTRIBUTE_WRONG_PARAMETER","message":"The parameter `pages_range` is wrong."}]} []
2023-03-09T10:16:02.501558+02:00 |  client ip  | maileva.NOTICE:  ======================= []
2023-03-09T10:16:02.501623+02:00 |  client ip  | maileva.NOTICE:  ======================= []
2023-03-09T10:17:15.421989+02:00 |  client ip  | maileva.INFO:  ======================= []
2023-03-09T10:17:15.422250+02:00 |  client ip  | maileva.INFO:  parameters :  []
2023-03-09T10:17:15.422329+02:00 |  client ip  | maileva.INFO:  {"name":"R\u00e9siliation d'un abonnement t\u00e9l\u00e9phonique","custom_id":"01GV2Q1MNXV178A5MWCAK3SSQP","custom_data":"{}","acknowledgement_of_receipt":true,"acknowledgement_of_receipt_scanning":false,"color_printing":true,"duplex_printing":false,"optional_address_sheet":false,"notification_email":"do_not_reply@maileva.com","sender_address_line_1":"tsila Fano","sender_address_line_2":"tsila Fano","sender_address_line_3":null,"sender_address_line_4":"40 avenue de Clichy","sender_address_line_5":"","sender_address_line_6":"75018 paris 18","sender_country_code":"FR","archiving_duration":3} []
2023-03-09T10:17:15.422454+02:00 |  client ip  | maileva.INFO:  ======================= []
2023-03-09T10:17:15.422520+02:00 |  client ip  | maileva.INFO:  connet to MailevaApi ...  :  []
2023-03-09T10:17:15.422585+02:00 |  client ip  | maileva.INFO:  ... []
2023-03-09T10:17:15.422647+02:00 |  client ip  | maileva.INFO:  ======================= []
2023-03-09T10:17:15.422699+02:00 |  client ip  | maileva.INFO:  user infos :  []
2023-03-09T10:17:15.422750+02:00 |  client ip  | maileva.INFO:  annonymous []
2023-03-09T10:17:16.160091+02:00 |  client ip  | maileva.INFO:  ======================= []
2023-03-09T10:17:16.160240+02:00 |  client ip  | maileva.INFO:  response postSending :  []
2023-03-09T10:17:16.160303+02:00 |  client ip  | maileva.INFO:  {"id":"72ac40bd-9ad1-41a4-b06d-76c129f7acfe","name":"R\u00e9siliation d'un abonnement t\u00e9l\u00e9phonique","status":"DRAFT","acknowledgement_of_receipt":true,"acknowledgement_of_receipt_scanning":false,"creation_date":"2023-03-09T08:17:16.061Z","documents_count":0,"custom_data":"{}","color_printing":true,"duplex_printing":false,"optional_address_sheet":false,"system_address_sheet":true,"notification_email":"do_not_reply@maileva.com","sender_country_code":"FR","archiving_duration":3,"recipients_counts":{"draft":0,"pending":0,"processed":0,"rejected":0,"total":0},"custom_id":"01GV2Q1MNXV178A5MWCAK3SSQP","sender_address_line_1":"tsila Fano","sender_address_line_2":"tsila Fano","sender_address_line_4":"40 avenue de Clichy","sender_address_line_5":"","sender_address_line_6":"75018 paris 18"} []
2023-03-09T10:17:16.160364+02:00 |  client ip  | maileva.NOTICE:  ======================= []
2023-03-09T10:17:16.160428+02:00 |  client ip  | maileva.NOTICE:  ======================= []
2023-03-09T10:17:17.311231+02:00 |  client ip  | maileva.INFO:  ======================= []
2023-03-09T10:17:17.311323+02:00 |  client ip  | maileva.INFO:  parameters envoi :  []
2023-03-09T10:17:17.311355+02:00 |  client ip  | maileva.INFO:  {} []
2023-03-09T10:17:17.311398+02:00 |  client ip  | maileva.INFO:  ======================= []
2023-03-09T10:17:17.311474+02:00 |  client ip  | maileva.INFO:  connet to MailevaApi ...  :  []
2023-03-09T10:17:17.311502+02:00 |  client ip  | maileva.INFO:  ... []
2023-03-09T10:17:17.311539+02:00 |  client ip  | maileva.INFO:  ======================= []
2023-03-09T10:17:17.311574+02:00 |  client ip  | maileva.INFO:  user infos :  []
2023-03-09T10:17:17.311609+02:00 |  client ip  | maileva.INFO:  annonymous []
2023-03-09T10:17:18.077215+02:00 |  client ip  | maileva.INFO:  ======================= []
2023-03-09T10:17:18.077472+02:00 |  client ip  | maileva.INFO:  response addDocSending :  []
2023-03-09T10:17:18.077594+02:00 |  client ip  | maileva.INFO:  {"id":"9b1c0255-d0f5-4c58-9da7-fd71bb0e23ba","name":"lettre_resiliation.pdf","priority":1,"type":"application\/pdf","size":857,"converted_size":0,"pages_count":0,"sheets_count":0} []
2023-03-09T10:17:18.077702+02:00 |  client ip  | maileva.NOTICE:  ======================= []
2023-03-09T10:17:18.077803+02:00 |  client ip  | maileva.NOTICE:  ======================= []
2023-03-09T10:17:19.310436+02:00 |  client ip  | maileva.INFO:  ======================= []
2023-03-09T10:17:19.310536+02:00 |  client ip  | maileva.INFO:  parameters envoi :  []
2023-03-09T10:17:19.310621+02:00 |  client ip  | maileva.INFO:  {} []
2023-03-09T10:17:19.310687+02:00 |  client ip  | maileva.INFO:  ======================= []
2023-03-09T10:17:19.310752+02:00 |  client ip  | maileva.INFO:  connet to MailevaApi ...  :  []
2023-03-09T10:17:19.310794+02:00 |  client ip  | maileva.INFO:  ... []
2023-03-09T10:17:19.310832+02:00 |  client ip  | maileva.INFO:  ======================= []
2023-03-09T10:17:19.310858+02:00 |  client ip  | maileva.INFO:  user infos :  []
2023-03-09T10:17:19.310883+02:00 |  client ip  | maileva.INFO:  annonymous []
2023-03-09T10:17:20.065148+02:00 |  client ip  | maileva.INFO:  ======================= []
2023-03-09T10:17:20.065411+02:00 |  client ip  | maileva.INFO:  response addRecipient :  []
2023-03-09T10:17:20.065543+02:00 |  client ip  | maileva.INFO:  {"errors":[{"code":"ATTRIBUTE_WRONG_PARAMETER","message":"The parameter `pages_range` is wrong."}]} []
2023-03-09T10:17:20.065656+02:00 |  client ip  | maileva.NOTICE:  ======================= []
2023-03-09T10:17:20.065755+02:00 |  client ip  | maileva.NOTICE:  ======================= []
2023-03-09T10:44:50.822150+02:00 |  client ip  | maileva.INFO:  ======================= []
2023-03-09T10:44:50.851253+02:00 |  client ip  | maileva.INFO:  parameters :  []
2023-03-09T10:44:50.851318+02:00 |  client ip  | maileva.INFO:  {"name":"R\u00e9siliation d'un abonnement t\u00e9l\u00e9phonique","custom_id":"01GV2RPEAYQDPCKZ445CD065J7","custom_data":"{}","acknowledgement_of_receipt":true,"acknowledgement_of_receipt_scanning":false,"color_printing":true,"duplex_printing":false,"optional_address_sheet":false,"notification_email":"do_not_reply@maileva.com","sender_address_line_1":"Tsilavina fanomezana","sender_address_line_2":"Tsilavina fanomezana","sender_address_line_3":null,"sender_address_line_4":"40 avenue de Clichy","sender_address_line_5":"","sender_address_line_6":"94673 Charenton-Le-Pont","sender_country_code":"FR","archiving_duration":3} []
2023-03-09T10:44:50.851428+02:00 |  client ip  | maileva.INFO:  ======================= []
2023-03-09T10:44:50.851462+02:00 |  client ip  | maileva.INFO:  connet to MailevaApi ...  :  []
2023-03-09T10:44:50.851500+02:00 |  client ip  | maileva.INFO:  ... []
2023-03-09T10:44:50.851538+02:00 |  client ip  | maileva.INFO:  ======================= []
2023-03-09T10:44:50.851579+02:00 |  client ip  | maileva.INFO:  user infos :  []
2023-03-09T10:44:50.851604+02:00 |  client ip  | maileva.INFO:  annonymous []
2023-03-09T10:44:52.640070+02:00 |  client ip  | maileva.INFO:  ======================= []
2023-03-09T10:44:52.640257+02:00 |  client ip  | maileva.INFO:  response postSending :  []
2023-03-09T10:44:52.640344+02:00 |  client ip  | maileva.INFO:  {"id":"35f9ed35-535a-4d5a-8f6a-3ffb1a9d7936","name":"R\u00e9siliation d'un abonnement t\u00e9l\u00e9phonique","status":"DRAFT","acknowledgement_of_receipt":true,"acknowledgement_of_receipt_scanning":false,"creation_date":"2023-03-09T08:44:52.538Z","documents_count":0,"custom_data":"{}","color_printing":true,"duplex_printing":false,"optional_address_sheet":false,"system_address_sheet":true,"notification_email":"do_not_reply@maileva.com","sender_country_code":"FR","archiving_duration":3,"recipients_counts":{"draft":0,"pending":0,"processed":0,"rejected":0,"total":0},"custom_id":"01GV2RPEAYQDPCKZ445CD065J7","sender_address_line_1":"Tsilavina fanomezana","sender_address_line_2":"Tsilavina fanomezana","sender_address_line_4":"40 avenue de Clichy","sender_address_line_5":"","sender_address_line_6":"94673 Charenton-Le-Pont"} []
2023-03-09T10:44:52.640454+02:00 |  client ip  | maileva.NOTICE:  ======================= []
2023-03-09T10:44:52.640528+02:00 |  client ip  | maileva.NOTICE:  ======================= []
2023-03-09T10:44:56.000083+02:00 |  client ip  | maileva.INFO:  ======================= []
2023-03-09T10:44:56.000260+02:00 |  client ip  | maileva.INFO:  parameters envoi :  []
2023-03-09T10:44:56.000332+02:00 |  client ip  | maileva.INFO:  {} []
2023-03-09T10:44:56.000400+02:00 |  client ip  | maileva.INFO:  ======================= []
2023-03-09T10:44:56.000460+02:00 |  client ip  | maileva.INFO:  connet to MailevaApi ...  :  []
2023-03-09T10:44:56.000515+02:00 |  client ip  | maileva.INFO:  ... []
2023-03-09T10:44:56.000571+02:00 |  client ip  | maileva.INFO:  ======================= []
2023-03-09T10:44:56.000625+02:00 |  client ip  | maileva.INFO:  user infos :  []
2023-03-09T10:44:56.000678+02:00 |  client ip  | maileva.INFO:  annonymous []
2023-03-09T10:44:56.827215+02:00 |  client ip  | maileva.INFO:  ======================= []
2023-03-09T10:44:56.827421+02:00 |  client ip  | maileva.INFO:  response addDocSending :  []
2023-03-09T10:44:56.827516+02:00 |  client ip  | maileva.INFO:  {"id":"a1c12616-2fce-45fb-a9f1-e206cec33b95","name":"lettre_resiliation.pdf","priority":1,"type":"application\/pdf","size":857,"converted_size":0,"pages_count":0,"sheets_count":0} []
2023-03-09T10:44:56.827605+02:00 |  client ip  | maileva.NOTICE:  ======================= []
2023-03-09T10:44:56.827714+02:00 |  client ip  | maileva.NOTICE:  ======================= []
2023-03-09T10:44:58.222510+02:00 |  client ip  | maileva.INFO:  ======================= []
2023-03-09T10:44:58.222628+02:00 |  client ip  | maileva.INFO:  parameters envoi :  []
2023-03-09T10:44:58.222680+02:00 |  client ip  | maileva.INFO:  {} []
2023-03-09T10:44:58.222744+02:00 |  client ip  | maileva.INFO:  ======================= []
2023-03-09T10:44:58.222787+02:00 |  client ip  | maileva.INFO:  connet to MailevaApi ...  :  []
2023-03-09T10:44:58.222827+02:00 |  client ip  | maileva.INFO:  ... []
2023-03-09T10:44:58.222870+02:00 |  client ip  | maileva.INFO:  ======================= []
2023-03-09T10:44:58.222911+02:00 |  client ip  | maileva.INFO:  user infos :  []
2023-03-09T10:44:58.222937+02:00 |  client ip  | maileva.INFO:  annonymous []
2023-03-09T10:44:58.906147+02:00 |  client ip  | maileva.INFO:  ======================= []
2023-03-09T10:44:58.906310+02:00 |  client ip  | maileva.INFO:  response addRecipient :  []
2023-03-09T10:44:58.906383+02:00 |  client ip  | maileva.INFO:  {"errors":[{"code":"ATTRIBUTE_WRONG_PARAMETER","message":"The parameter `pages_range` is wrong."}]} []
2023-03-09T10:44:58.906449+02:00 |  client ip  | maileva.NOTICE:  ======================= []
2023-03-09T10:44:58.906508+02:00 |  client ip  | maileva.NOTICE:  ======================= []
2023-03-09T10:47:15.921728+02:00 |  client ip  | maileva.INFO:  ======================= []
2023-03-09T10:47:15.921939+02:00 |  client ip  | maileva.INFO:  parameters :  []
2023-03-09T10:47:15.922004+02:00 |  client ip  | maileva.INFO:  {"name":"R\u00e9siliation d'un abonnement t\u00e9l\u00e9phonique","custom_id":"01GV2RPEAYQDPCKZ445CD065J7","custom_data":"{}","acknowledgement_of_receipt":true,"acknowledgement_of_receipt_scanning":false,"color_printing":true,"duplex_printing":false,"optional_address_sheet":false,"notification_email":"do_not_reply@maileva.com","sender_address_line_1":"Tsilavina fanomezana","sender_address_line_2":"Tsilavina fanomezana","sender_address_line_3":null,"sender_address_line_4":"40 avenue de Clichy","sender_address_line_5":"","sender_address_line_6":"94673 Charenton-Le-Pont","sender_country_code":"FR","archiving_duration":3} []
2023-03-09T10:47:15.922138+02:00 |  client ip  | maileva.INFO:  ======================= []
2023-03-09T10:47:15.922199+02:00 |  client ip  | maileva.INFO:  connet to MailevaApi ...  :  []
2023-03-09T10:47:15.922248+02:00 |  client ip  | maileva.INFO:  ... []
2023-03-09T10:47:15.922300+02:00 |  client ip  | maileva.INFO:  ======================= []
2023-03-09T10:47:15.922348+02:00 |  client ip  | maileva.INFO:  user infos :  []
2023-03-09T10:47:15.922399+02:00 |  client ip  | maileva.INFO:  annonymous []
2023-03-09T10:47:17.140101+02:00 |  client ip  | maileva.INFO:  ======================= []
2023-03-09T10:47:17.140214+02:00 |  client ip  | maileva.INFO:  response postSending :  []
2023-03-09T10:47:17.140274+02:00 |  client ip  | maileva.INFO:  {"id":"2b271ecd-74f3-40fb-b59a-47fe8cae55e1","name":"R\u00e9siliation d'un abonnement t\u00e9l\u00e9phonique","status":"DRAFT","acknowledgement_of_receipt":true,"acknowledgement_of_receipt_scanning":false,"creation_date":"2023-03-09T08:47:17.039Z","documents_count":0,"custom_data":"{}","color_printing":true,"duplex_printing":false,"optional_address_sheet":false,"system_address_sheet":true,"notification_email":"do_not_reply@maileva.com","sender_country_code":"FR","archiving_duration":3,"recipients_counts":{"draft":0,"pending":0,"processed":0,"rejected":0,"total":0},"custom_id":"01GV2RPEAYQDPCKZ445CD065J7","sender_address_line_1":"Tsilavina fanomezana","sender_address_line_2":"Tsilavina fanomezana","sender_address_line_4":"40 avenue de Clichy","sender_address_line_5":"","sender_address_line_6":"94673 Charenton-Le-Pont"} []
2023-03-09T10:47:17.140325+02:00 |  client ip  | maileva.NOTICE:  ======================= []
2023-03-09T10:47:17.140383+02:00 |  client ip  | maileva.NOTICE:  ======================= []
2023-03-09T10:47:18.318681+02:00 |  client ip  | maileva.INFO:  ======================= []
2023-03-09T10:47:18.318837+02:00 |  client ip  | maileva.INFO:  parameters envoi :  []
2023-03-09T10:47:18.318907+02:00 |  client ip  | maileva.INFO:  {} []
2023-03-09T10:47:18.318972+02:00 |  client ip  | maileva.INFO:  ======================= []
2023-03-09T10:47:18.319027+02:00 |  client ip  | maileva.INFO:  connet to MailevaApi ...  :  []
2023-03-09T10:47:18.319078+02:00 |  client ip  | maileva.INFO:  ... []
2023-03-09T10:47:18.319131+02:00 |  client ip  | maileva.INFO:  ======================= []
2023-03-09T10:47:18.319180+02:00 |  client ip  | maileva.INFO:  user infos :  []
2023-03-09T10:47:18.319229+02:00 |  client ip  | maileva.INFO:  annonymous []
2023-03-09T10:47:19.055675+02:00 |  client ip  | maileva.INFO:  ======================= []
2023-03-09T10:47:19.055868+02:00 |  client ip  | maileva.INFO:  response addDocSending :  []
2023-03-09T10:47:19.055955+02:00 |  client ip  | maileva.INFO:  {"id":"3e5da880-27a7-4911-86e3-a747cfb09f0a","name":"lettre_resiliation.pdf","priority":1,"type":"application\/pdf","size":857,"converted_size":0,"pages_count":0,"sheets_count":0} []
2023-03-09T10:47:19.056033+02:00 |  client ip  | maileva.NOTICE:  ======================= []
2023-03-09T10:47:19.056105+02:00 |  client ip  | maileva.NOTICE:  ======================= []
2023-03-09T10:47:20.197402+02:00 |  client ip  | maileva.INFO:  ======================= []
2023-03-09T10:47:20.197569+02:00 |  client ip  | maileva.INFO:  parameters envoi :  []
2023-03-09T10:47:20.197640+02:00 |  client ip  | maileva.INFO:  {} []
2023-03-09T10:47:20.197710+02:00 |  client ip  | maileva.INFO:  ======================= []
2023-03-09T10:47:20.197770+02:00 |  client ip  | maileva.INFO:  connet to MailevaApi ...  :  []
2023-03-09T10:47:20.197827+02:00 |  client ip  | maileva.INFO:  ... []
2023-03-09T10:47:20.197885+02:00 |  client ip  | maileva.INFO:  ======================= []
2023-03-09T10:47:20.197955+02:00 |  client ip  | maileva.INFO:  user infos :  []
2023-03-09T10:47:20.198011+02:00 |  client ip  | maileva.INFO:  annonymous []
2023-03-09T10:47:20.876427+02:00 |  client ip  | maileva.INFO:  ======================= []
2023-03-09T10:47:20.876712+02:00 |  client ip  | maileva.INFO:  response addRecipient :  []
2023-03-09T10:47:20.876842+02:00 |  client ip  | maileva.INFO:  {"errors":[{"code":"ATTRIBUTE_WRONG_PARAMETER","message":"The parameter `pages_range` is wrong."}]} []
2023-03-09T10:47:20.876961+02:00 |  client ip  | maileva.NOTICE:  ======================= []
2023-03-09T10:47:20.877067+02:00 |  client ip  | maileva.NOTICE:  ======================= []
2023-03-09T10:55:50.320149+02:00 |  client ip  | maileva.INFO:  ======================= []
2023-03-09T10:55:50.325987+02:00 |  client ip  | maileva.INFO:  parameters :  []
2023-03-09T10:55:50.326052+02:00 |  client ip  | maileva.INFO:  {"name":"R\u00e9siliation d'un abonnement t\u00e9l\u00e9phonique","custom_id":"01GV2RPEAYQDPCKZ445CD065J7","custom_data":"{}","acknowledgement_of_receipt":true,"acknowledgement_of_receipt_scanning":false,"color_printing":true,"duplex_printing":false,"optional_address_sheet":false,"notification_email":"do_not_reply@maileva.com","sender_address_line_1":"Tsilavina fanomezana","sender_address_line_2":"Tsilavina fanomezana","sender_address_line_3":null,"sender_address_line_4":"40 avenue de Clichy","sender_address_line_5":"","sender_address_line_6":"94673 Charenton-Le-Pont","sender_country_code":"FR","archiving_duration":3} []
2023-03-09T10:55:50.326148+02:00 |  client ip  | maileva.INFO:  ======================= []
2023-03-09T10:55:50.326192+02:00 |  client ip  | maileva.INFO:  connet to MailevaApi ...  :  []
2023-03-09T10:55:50.326229+02:00 |  client ip  | maileva.INFO:  ... []
2023-03-09T10:55:50.326264+02:00 |  client ip  | maileva.INFO:  ======================= []
2023-03-09T10:55:50.326297+02:00 |  client ip  | maileva.INFO:  user infos :  []
2023-03-09T10:55:50.326330+02:00 |  client ip  | maileva.INFO:  annonymous []
2023-03-09T10:55:51.255749+02:00 |  client ip  | maileva.INFO:  ======================= []
2023-03-09T10:55:51.256318+02:00 |  client ip  | maileva.INFO:  response postSending :  []
2023-03-09T10:55:51.256437+02:00 |  client ip  | maileva.INFO:  {"id":"c3a99e05-4de6-48a8-ac85-68b20b4368fb","name":"R\u00e9siliation d'un abonnement t\u00e9l\u00e9phonique","status":"DRAFT","acknowledgement_of_receipt":true,"acknowledgement_of_receipt_scanning":false,"creation_date":"2023-03-09T08:55:51.130Z","documents_count":0,"custom_data":"{}","color_printing":true,"duplex_printing":false,"optional_address_sheet":false,"system_address_sheet":true,"notification_email":"do_not_reply@maileva.com","sender_country_code":"FR","archiving_duration":3,"recipients_counts":{"draft":0,"pending":0,"processed":0,"rejected":0,"total":0},"custom_id":"01GV2RPEAYQDPCKZ445CD065J7","sender_address_line_1":"Tsilavina fanomezana","sender_address_line_2":"Tsilavina fanomezana","sender_address_line_4":"40 avenue de Clichy","sender_address_line_5":"","sender_address_line_6":"94673 Charenton-Le-Pont"} []
2023-03-09T10:55:51.256540+02:00 |  client ip  | maileva.NOTICE:  ======================= []
2023-03-09T10:55:51.256626+02:00 |  client ip  | maileva.NOTICE:  ======================= []
2023-03-09T10:55:52.538356+02:00 |  client ip  | maileva.INFO:  ======================= []
2023-03-09T10:55:52.538593+02:00 |  client ip  | maileva.INFO:  parameters envoi :  []
2023-03-09T10:55:52.538703+02:00 |  client ip  | maileva.INFO:  {} []
2023-03-09T10:55:52.538801+02:00 |  client ip  | maileva.INFO:  ======================= []
2023-03-09T10:55:52.538885+02:00 |  client ip  | maileva.INFO:  connet to MailevaApi ...  :  []
2023-03-09T10:55:52.538964+02:00 |  client ip  | maileva.INFO:  ... []
2023-03-09T10:55:52.539045+02:00 |  client ip  | maileva.INFO:  ======================= []
2023-03-09T10:55:52.539123+02:00 |  client ip  | maileva.INFO:  user infos :  []
2023-03-09T10:55:52.539200+02:00 |  client ip  | maileva.INFO:  annonymous []
2023-03-09T10:55:53.399523+02:00 |  client ip  | maileva.INFO:  ======================= []
2023-03-09T10:55:53.399715+02:00 |  client ip  | maileva.INFO:  response addDocSending :  []
2023-03-09T10:55:53.399802+02:00 |  client ip  | maileva.INFO:  {"id":"5264b7b1-e04b-42e2-981f-fa430925db07","name":"lettre_resiliation.pdf","priority":1,"type":"application\/pdf","size":857,"converted_size":0,"pages_count":0,"sheets_count":0} []
2023-03-09T10:55:53.399882+02:00 |  client ip  | maileva.NOTICE:  ======================= []
2023-03-09T10:55:53.399954+02:00 |  client ip  | maileva.NOTICE:  ======================= []
2023-03-09T10:55:54.471231+02:00 |  client ip  | maileva.INFO:  ======================= []
2023-03-09T10:55:54.471433+02:00 |  client ip  | maileva.INFO:  parameters envoi :  []
2023-03-09T10:55:54.471527+02:00 |  client ip  | maileva.INFO:  {} []
2023-03-09T10:55:54.471614+02:00 |  client ip  | maileva.INFO:  ======================= []
2023-03-09T10:55:54.471689+02:00 |  client ip  | maileva.INFO:  connet to MailevaApi ...  :  []
2023-03-09T10:55:54.471761+02:00 |  client ip  | maileva.INFO:  ... []
2023-03-09T10:55:54.471841+02:00 |  client ip  | maileva.INFO:  ======================= []
2023-03-09T10:55:54.471924+02:00 |  client ip  | maileva.INFO:  user infos :  []
2023-03-09T10:55:54.472002+02:00 |  client ip  | maileva.INFO:  annonymous []
2023-03-09T10:55:55.143580+02:00 |  client ip  | maileva.INFO:  ======================= []
2023-03-09T10:55:55.143773+02:00 |  client ip  | maileva.INFO:  response addRecipient :  []
2023-03-09T10:55:55.143857+02:00 |  client ip  | maileva.INFO:  {"errors":[{"code":"ATTRIBUTE_WRONG_PARAMETER","message":"The parameter `pages_range` is wrong."}]} []
2023-03-09T10:55:55.143934+02:00 |  client ip  | maileva.NOTICE:  ======================= []
2023-03-09T10:55:55.144003+02:00 |  client ip  | maileva.NOTICE:  ======================= []
